#
# There is insufficient memory for the Java Runtime Environment to continue.
# Native memory allocation (mmap) failed to map 480247808 bytes for G1 virtual space
# Possible reasons:
#   The system is out of physical RAM or swap space
#   The process is running with CompressedOops enabled, and the Java Heap may be blocking the growth of the native heap
# Possible solutions:
#   Reduce memory load on the system
#   Increase physical memory or swap space
#   Check if swap backing store is full
#   Decrease Java heap size (-Xmx/-Xms)
#   Decrease number of Java threads
#   Decrease Java thread stack sizes (-Xss)
#   Set larger code cache with -XX:ReservedCodeCacheSize=
#   JVM is running with Unscaled Compressed Oops mode in which the Java heap is
#     placed in the first 4GB address space. The Java Heap base address is the
#     maximum limit for the native heap growth. Please use -XX:HeapBaseMinAddress
#     to set the Java Heap base and to place the Java Heap above 4GB virtual address.
# This output file may be truncated or incomplete.
#
#  Out of Memory Error (os_windows.cpp:3541), pid=24044, tid=6708
#
# JRE version: OpenJDK Runtime Environment Temurin-17.0.4+8 (17.0.4+8) (build 17.0.4+8)
# Java VM: OpenJDK 64-Bit Server VM Temurin-17.0.4+8 (17.0.4+8, mixed mode, emulated-client, tiered, compressed oops, compressed class ptrs, g1 gc, windows-amd64)
# No core dump will be written. Minidumps are not enabled by default on client versions of Windows
#

---------------  S U M M A R Y ------------

Command Line: -Dsts.lsp.client=vscode -Dsts.log.file=/dev/null -XX:TieredStopAtLevel=1 -Xlog:jni+resolve=off -Dspring.config.location=file:c:\Users\lcdan\.vscode\extensions\pivotal.vscode-spring-boot-1.39.0\language-server\BOOT-INF\classes\application.properties org.springframework.ide.vscode.boot.app.BootLanguageServerBootApp

Host: 11th Gen Intel(R) Core(TM) i7-1165G7 @ 2.80GHz, 8 cores, 7G,  Windows 10 , 64 bit Build 19041 (10.0.19041.1889)
Time: Mon Sep 26 14:23:44 2022 Hora est. Pacífico, Sudamérica elapsed time: 5.180755 seconds (0d 0h 0m 5s)

---------------  T H R E A D  ---------------

Current thread (0x000001516edae620):  VMThread "VM Thread" [stack: 0x0000000dc7e00000,0x0000000dc7f00000] [id=6708]

Stack: [0x0000000dc7e00000,0x0000000dc7f00000]
Native frames: (J=compiled Java code, j=interpreted, Vv=VM code, C=native code)
V  [jvm.dll+0x67733a]
V  [jvm.dll+0x8323c4]
V  [jvm.dll+0x833b6e]
V  [jvm.dll+0x8341d3]
V  [jvm.dll+0x2455e5]
V  [jvm.dll+0x674229]
V  [jvm.dll+0x668ab2]
V  [jvm.dll+0x30458b]
V  [jvm.dll+0x30bad6]
V  [jvm.dll+0x35ba7e]
V  [jvm.dll+0x35bcaf]
V  [jvm.dll+0x2db428]
V  [jvm.dll+0x2d96dc]
V  [jvm.dll+0x2d8cac]
V  [jvm.dll+0x31cc0b]
V  [jvm.dll+0x83867b]
V  [jvm.dll+0x8393b4]
V  [jvm.dll+0x8398cc]
V  [jvm.dll+0x839ca4]
V  [jvm.dll+0x839d70]
V  [jvm.dll+0x7e245a]
V  [jvm.dll+0x6761c5]
C  [ucrtbase.dll+0x21bb2]
C  [KERNEL32.DLL+0x17034]
C  [ntdll.dll+0x526a1]

VM_Operation (0x0000000dca0fe120): G1CollectForAllocation, mode: safepoint, requested by thread 0x00000151719eb1b0


---------------  P R O C E S S  ---------------

Threads class SMR info:
_java_thread_list=0x0000015171d2aea0, length=43, elements={
0x000001516edc8380, 0x000001516edc8d30, 0x000001516f83f130, 0x000001516f83fae0,
0x000001516f8241f0, 0x000001516f827bc0, 0x000001516f828620, 0x000001516f829010,
0x000001516fa40190, 0x000001516fa51090, 0x000001516fa83010, 0x00000151702f6710,
0x00000151702d8ac0, 0x00000151716c54c0, 0x0000015171843c30, 0x0000015171954880,
0x00000151719af2a0, 0x00000151719e2820, 0x00000151719e2cf0, 0x00000151719e31c0,
0x00000151719e8fb0, 0x00000151719e94d0, 0x00000151719eace0, 0x00000151719eb1b0,
0x00000151719ea340, 0x00000151719e99a0, 0x00000151719e9e70, 0x00000151719ea810,
0x00000151719eb680, 0x00000151719ebb50, 0x00000151719ec020, 0x00000151719ec4f0,
0x00000151719ec9c0, 0x00000151719ece90, 0x00000151735fc8d0, 0x00000151735fa720,
0x00000151735f9d80, 0x00000151735f7230, 0x00000151735f80a0, 0x00000151735fbf30,
0x00000151735f8570, 0x00000151735fa250, 0x00000151735f93e0
}

Java Threads: ( => current thread )
  0x000001516edc8380 JavaThread "Reference Handler" daemon [_thread_blocked, id=22968, stack(0x0000000dc7f00000,0x0000000dc8000000)]
  0x000001516edc8d30 JavaThread "Finalizer" daemon [_thread_blocked, id=28852, stack(0x0000000dc8000000,0x0000000dc8100000)]
  0x000001516f83f130 JavaThread "Signal Dispatcher" daemon [_thread_blocked, id=17260, stack(0x0000000dc8100000,0x0000000dc8200000)]
  0x000001516f83fae0 JavaThread "Attach Listener" daemon [_thread_blocked, id=5936, stack(0x0000000dc8200000,0x0000000dc8300000)]
  0x000001516f8241f0 JavaThread "Service Thread" daemon [_thread_blocked, id=24748, stack(0x0000000dc8300000,0x0000000dc8400000)]
  0x000001516f827bc0 JavaThread "Monitor Deflation Thread" daemon [_thread_blocked, id=26764, stack(0x0000000dc8400000,0x0000000dc8500000)]
  0x000001516f828620 JavaThread "C1 CompilerThread0" daemon [_thread_blocked, id=3756, stack(0x0000000dc8500000,0x0000000dc8600000)]
  0x000001516f829010 JavaThread "Sweeper thread" daemon [_thread_blocked, id=12780, stack(0x0000000dc8600000,0x0000000dc8700000)]
  0x000001516fa40190 JavaThread "C1 CompilerThread1" daemon [_thread_blocked, id=16168, stack(0x0000000dc8700000,0x0000000dc8800000)]
  0x000001516fa51090 JavaThread "Notification Thread" daemon [_thread_blocked, id=26268, stack(0x0000000dc8800000,0x0000000dc8900000)]
  0x000001516fa83010 JavaThread "Common-Cleaner" daemon [_thread_blocked, id=23532, stack(0x0000000dc8a00000,0x0000000dc8b00000)]
  0x00000151702f6710 JavaThread "C1 CompilerThread2" daemon [_thread_blocked, id=30380, stack(0x0000000dc8b00000,0x0000000dc8c00000)]
  0x00000151702d8ac0 JavaThread "C1 CompilerThread3" daemon [_thread_blocked, id=1376, stack(0x0000000dc8c00000,0x0000000dc8d00000)]
  0x00000151716c54c0 JavaThread "boundedElastic-evictor-1" daemon [_thread_blocked, id=29072, stack(0x0000000dc9500000,0x0000000dc9600000)]
  0x0000015171843c30 JavaThread "ForkJoinPool.commonPool-worker-1" daemon [_thread_blocked, id=2960, stack(0x0000000dc9700000,0x0000000dc9800000)]
  0x0000015171954880 JavaThread "ClassGraph-worker-0" daemon [_thread_blocked, id=24392, stack(0x0000000dc9800000,0x0000000dc9900000)]
  0x00000151719af2a0 JavaThread "ClassGraph-worker-1" daemon [_thread_blocked, id=28724, stack(0x0000000dc9900000,0x0000000dc9a00000)]
  0x00000151719e2820 JavaThread "ClassGraph-worker-2" daemon [_thread_blocked, id=24644, stack(0x0000000dc9a00000,0x0000000dc9b00000)]
  0x00000151719e2cf0 JavaThread "ClassGraph-worker-3" daemon [_thread_blocked, id=26332, stack(0x0000000dc9b00000,0x0000000dc9c00000)]
  0x00000151719e31c0 JavaThread "ClassGraph-worker-4" daemon [_thread_blocked, id=20596, stack(0x0000000dc9c00000,0x0000000dc9d00000)]
  0x00000151719e8fb0 JavaThread "ClassGraph-worker-5" daemon [_thread_blocked, id=29676, stack(0x0000000dc9d00000,0x0000000dc9e00000)]
  0x00000151719e94d0 JavaThread "ClassGraph-worker-6" daemon [_thread_blocked, id=25208, stack(0x0000000dc9e00000,0x0000000dc9f00000)]
  0x00000151719eace0 JavaThread "ClassGraph-worker-7" daemon [_thread_blocked, id=24160, stack(0x0000000dc9f00000,0x0000000dca000000)]
  0x00000151719eb1b0 JavaThread "ClassGraph-worker-8" daemon [_thread_blocked, id=27748, stack(0x0000000dca000000,0x0000000dca100000)]
  0x00000151719ea340 JavaThread "ClassGraph-worker-9" daemon [_thread_blocked, id=22944, stack(0x0000000dca100000,0x0000000dca200000)]
  0x00000151719e99a0 JavaThread "ClassGraph-worker-10" daemon [_thread_blocked, id=25780, stack(0x0000000dca200000,0x0000000dca300000)]
  0x00000151719e9e70 JavaThread "ClassGraph-worker-11" daemon [_thread_blocked, id=19348, stack(0x0000000dca300000,0x0000000dca400000)]
  0x00000151719ea810 JavaThread "ClassGraph-worker-12" daemon [_thread_blocked, id=25652, stack(0x0000000dca400000,0x0000000dca500000)]
  0x00000151719eb680 JavaThread "ClassGraph-worker-13" daemon [_thread_blocked, id=29952, stack(0x0000000dca500000,0x0000000dca600000)]
  0x00000151719ebb50 JavaThread "pool-9-thread-1" [_thread_blocked, id=27668, stack(0x0000000dca600000,0x0000000dca700000)]
  0x00000151719ec020 JavaThread "LanguageServerApp-lifecycle" [_thread_blocked, id=27788, stack(0x0000000dca700000,0x0000000dca800000)]
  0x00000151719ec4f0 JavaThread "DestroyJavaVM" [_thread_blocked, id=23528, stack(0x0000000dc7800000,0x0000000dc7900000)]
  0x00000151719ec9c0 JavaThread "pool-10-thread-1" [_thread_in_native, id=22476, stack(0x0000000dca800000,0x0000000dca900000)]
  0x00000151719ece90 JavaThread "Simple-Language-Server main thread" daemon [_thread_blocked, id=24256, stack(0x0000000dca900000,0x0000000dcaa00000)]
  0x00000151735fc8d0 JavaThread "pool-7-thread-1" [_thread_blocked, id=28200, stack(0x0000000dcaa00000,0x0000000dcab00000)]
  0x00000151735fa720 JavaThread "parallel-1" daemon [_thread_blocked, id=2672, stack(0x0000000dcab00000,0x0000000dcac00000)]
  0x00000151735f9d80 JavaThread "parallel-2" daemon [_thread_blocked, id=25108, stack(0x0000000dcac00000,0x0000000dcad00000)]
  0x00000151735f7230 JavaThread "parallel-3" daemon [_thread_blocked, id=11872, stack(0x0000000dcad00000,0x0000000dcae00000)]
  0x00000151735f80a0 JavaThread "pool-4-thread-1" [_thread_blocked, id=28532, stack(0x0000000dcae00000,0x0000000dcaf00000)]
  0x00000151735fbf30 JavaThread "ForkJoinPool.commonPool-worker-2" daemon [_thread_blocked, id=7952, stack(0x0000000dcaf00000,0x0000000dcb000000)]
  0x00000151735f8570 JavaThread "pool-4-thread-2" [_thread_blocked, id=7552, stack(0x0000000dcb000000,0x0000000dcb100000)]
  0x00000151735fa250 JavaThread "Reconciler-1" daemon [_thread_blocked, id=28308, stack(0x0000000dcb100000,0x0000000dcb200000)]
  0x00000151735f93e0 JavaThread "parallel-4" daemon [_thread_blocked, id=27956, stack(0x0000000dcb200000,0x0000000dcb300000)]

Other Threads:
=>0x000001516edae620 VMThread "VM Thread" [stack: 0x0000000dc7e00000,0x0000000dc7f00000] [id=6708]
  0x000001516fa71570 WatcherThread [stack: 0x0000000dc8900000,0x0000000dc8a00000] [id=30200]
  0x0000015161c9e1b0 GCTaskThread "GC Thread#0" [stack: 0x0000000dc7900000,0x0000000dc7a00000] [id=26580]
  0x00000151703e7ad0 GCTaskThread "GC Thread#1" [stack: 0x0000000dc8d00000,0x0000000dc8e00000] [id=16684]
  0x00000151703f7290 GCTaskThread "GC Thread#2" [stack: 0x0000000dc8e00000,0x0000000dc8f00000] [id=11948]
  0x00000151703f7540 GCTaskThread "GC Thread#3" [stack: 0x0000000dc8f00000,0x0000000dc9000000] [id=18900]
  0x00000151703f77f0 GCTaskThread "GC Thread#4" [stack: 0x0000000dc9000000,0x0000000dc9100000] [id=19640]
  0x00000151703fbab0 GCTaskThread "GC Thread#5" [stack: 0x0000000dc9100000,0x0000000dc9200000] [id=26172]
  0x00000151703fc170 GCTaskThread "GC Thread#6" [stack: 0x0000000dc9200000,0x0000000dc9300000] [id=29296]
  0x00000151711cd040 GCTaskThread "GC Thread#7" [stack: 0x0000000dc9400000,0x0000000dc9500000] [id=3472]
  0x0000015161cae5f0 ConcurrentGCThread "G1 Main Marker" [stack: 0x0000000dc7a00000,0x0000000dc7b00000] [id=23032]
  0x0000015161cb1020 ConcurrentGCThread "G1 Conc#0" [stack: 0x0000000dc7b00000,0x0000000dc7c00000] [id=11572]
  0x00000151713db5b0 ConcurrentGCThread "G1 Conc#1" [stack: 0x0000000dc9600000,0x0000000dc9700000] [id=22824]
  0x0000015161d1e5c0 ConcurrentGCThread "G1 Refine#0" [stack: 0x0000000dc7c00000,0x0000000dc7d00000] [id=29400]
  0x000001516fd78310 ConcurrentGCThread "G1 Refine#1" [stack: 0x0000000dc9300000,0x0000000dc9400000] [id=21052]
  0x000001516ec0c270 ConcurrentGCThread "G1 Service" [stack: 0x0000000dc7d00000,0x0000000dc7e00000] [id=24352]

Threads with active compile tasks:

VM state: at safepoint (normal execution)

VM Mutex/Monitor currently owned by a thread:  ([mutex/lock_event])
[0x000001515fa55f30] Threads_lock - owner thread: 0x000001516edae620
[0x0000015161c429b0] Heap_lock - owner thread: 0x00000151719eb1b0

Heap address: 0x0000000085800000, size: 1960 MB, Compressed Oops mode: 32-bit

CDS archive(s) not mapped
Compressed class space mapped at: 0x0000000100000000-0x0000000140000000, reserved size: 1073741824
Narrow klass base: 0x0000000000000000, Narrow klass shift: 3, Narrow klass range: 0x140000000

GC Precious Log:
 CPUs: 8 total, 8 available
 Memory: 7834M
 Large Page Support: Disabled
 NUMA Support: Disabled
 Compressed Oops: Enabled (32-bit)
 Heap Region Size: 1M
 Heap Min Capacity: 8M
 Heap Initial Capacity: 124M
 Heap Max Capacity: 1960M
 Pre-touch: Disabled
 Parallel Workers: 8
 Concurrent Workers: 2
 Concurrent Refinement Workers: 8
 Periodic GC: Disabled

Heap:
 garbage-first heap   total 311296K, used 84265K [0x0000000085800000, 0x0000000100000000)
  region size 1024K, 11 young (11264K), 11 survivors (11264K)
 Metaspace       used 38605K, committed 38912K, reserved 1089536K
  class space    used 4905K, committed 5056K, reserved 1048576K

Heap Regions: E=young(eden), S=young(survivor), O=old, HS=humongous(starts), HC=humongous(continues), CS=collection set, F=free, OA=open archive, CA=closed archive, TAMS=top-at-mark-start (previous, next)
|   0|0x0000000085800000, 0x0000000085900000, 0x0000000085900000|100%| O|  |TAMS 0x0000000085900000, 0x0000000085800000| Untracked 
|   1|0x0000000085900000, 0x0000000085a00000, 0x0000000085a00000|100%| O|  |TAMS 0x0000000085a00000, 0x0000000085900000| Untracked 
|   2|0x0000000085a00000, 0x0000000085b00000, 0x0000000085b00000|100%| O|  |TAMS 0x0000000085b00000, 0x0000000085a00000| Untracked 
|   3|0x0000000085b00000, 0x0000000085c00000, 0x0000000085c00000|100%| O|  |TAMS 0x0000000085c00000, 0x0000000085b00000| Untracked 
|   4|0x0000000085c00000, 0x0000000085d00000, 0x0000000085d00000|100%| O|  |TAMS 0x0000000085d00000, 0x0000000085c00000| Untracked 
|   5|0x0000000085d00000, 0x0000000085e00000, 0x0000000085e00000|100%| O|  |TAMS 0x0000000085e00000, 0x0000000085d00000| Untracked 
|   6|0x0000000085e00000, 0x0000000085f00000, 0x0000000085f00000|100%| O|  |TAMS 0x0000000085f00000, 0x0000000085e00000| Untracked 
|   7|0x0000000085f00000, 0x0000000086000000, 0x0000000086000000|100%| O|  |TAMS 0x0000000086000000, 0x0000000085f00000| Untracked 
|   8|0x0000000086000000, 0x0000000086000000, 0x0000000086100000|  0%| F|  |TAMS 0x0000000086000000, 0x0000000086000000| Untracked 
|   9|0x0000000086100000, 0x0000000086200000, 0x0000000086200000|100%| O|  |TAMS 0x0000000086200000, 0x0000000086100000| Untracked 
|  10|0x0000000086200000, 0x0000000086300000, 0x0000000086300000|100%| O|  |TAMS 0x0000000086300000, 0x0000000086200000| Untracked 
|  11|0x0000000086300000, 0x0000000086400000, 0x0000000086400000|100%| O|  |TAMS 0x0000000086400000, 0x0000000086300000| Untracked 
|  12|0x0000000086400000, 0x0000000086500000, 0x0000000086500000|100%| O|  |TAMS 0x0000000086500000, 0x0000000086400000| Untracked 
|  13|0x0000000086500000, 0x0000000086600000, 0x0000000086600000|100%| O|  |TAMS 0x0000000086600000, 0x0000000086500000| Untracked 
|  14|0x0000000086600000, 0x0000000086700000, 0x0000000086700000|100%| O|  |TAMS 0x0000000086700000, 0x0000000086600000| Untracked 
|  15|0x0000000086700000, 0x0000000086800000, 0x0000000086800000|100%| O|  |TAMS 0x0000000086800000, 0x0000000086700000| Untracked 
|  16|0x0000000086800000, 0x0000000086900000, 0x0000000086900000|100%| O|  |TAMS 0x0000000086900000, 0x0000000086800000| Untracked 
|  17|0x0000000086900000, 0x0000000086a00000, 0x0000000086a00000|100%| O|  |TAMS 0x0000000086a00000, 0x0000000086900000| Untracked 
|  18|0x0000000086a00000, 0x0000000086b00000, 0x0000000086b00000|100%| O|  |TAMS 0x0000000086b00000, 0x0000000086a00000| Untracked 
|  19|0x0000000086b00000, 0x0000000086c00000, 0x0000000086c00000|100%| O|  |TAMS 0x0000000086c00000, 0x0000000086b00000| Untracked 
|  20|0x0000000086c00000, 0x0000000086d00000, 0x0000000086d00000|100%| O|  |TAMS 0x0000000086d00000, 0x0000000086c00000| Untracked 
|  21|0x0000000086d00000, 0x0000000086e00000, 0x0000000086e00000|100%| O|  |TAMS 0x0000000086e00000, 0x0000000086d00000| Untracked 
|  22|0x0000000086e00000, 0x0000000086f00000, 0x0000000086f00000|100%| O|  |TAMS 0x0000000086f00000, 0x0000000086e00000| Untracked 
|  23|0x0000000086f00000, 0x0000000087000000, 0x0000000087000000|100%| O|  |TAMS 0x0000000087000000, 0x0000000086f00000| Untracked 
|  24|0x0000000087000000, 0x0000000087100000, 0x0000000087100000|100%| O|  |TAMS 0x0000000087100000, 0x0000000087000000| Untracked 
|  25|0x0000000087100000, 0x0000000087200000, 0x0000000087200000|100%| O|  |TAMS 0x0000000087200000, 0x0000000087100000| Untracked 
|  26|0x0000000087200000, 0x0000000087300000, 0x0000000087300000|100%| O|  |TAMS 0x0000000087300000, 0x0000000087200000| Untracked 
|  27|0x0000000087300000, 0x0000000087400000, 0x0000000087400000|100%| O|  |TAMS 0x0000000087400000, 0x0000000087300000| Untracked 
|  28|0x0000000087400000, 0x0000000087500000, 0x0000000087500000|100%| O|  |TAMS 0x0000000087500000, 0x0000000087400000| Untracked 
|  29|0x0000000087500000, 0x0000000087600000, 0x0000000087600000|100%| O|  |TAMS 0x0000000087600000, 0x0000000087500000| Untracked 
|  30|0x0000000087600000, 0x0000000087700000, 0x0000000087700000|100%| O|  |TAMS 0x0000000087700000, 0x0000000087600000| Untracked 
|  31|0x0000000087700000, 0x0000000087800000, 0x0000000087800000|100%| O|  |TAMS 0x0000000087800000, 0x0000000087700000| Untracked 
|  32|0x0000000087800000, 0x0000000087900000, 0x0000000087900000|100%| O|  |TAMS 0x0000000087900000, 0x0000000087800000| Untracked 
|  33|0x0000000087900000, 0x0000000087a00000, 0x0000000087a00000|100%| O|  |TAMS 0x0000000087a00000, 0x0000000087900000| Untracked 
|  34|0x0000000087a00000, 0x0000000087b00000, 0x0000000087b00000|100%| O|  |TAMS 0x0000000087b00000, 0x0000000087a00000| Untracked 
|  35|0x0000000087b00000, 0x0000000087c00000, 0x0000000087c00000|100%| O|  |TAMS 0x0000000087c00000, 0x0000000087b00000| Untracked 
|  36|0x0000000087c00000, 0x0000000087d00000, 0x0000000087d00000|100%| O|  |TAMS 0x0000000087d00000, 0x0000000087c00000| Untracked 
|  37|0x0000000087d00000, 0x0000000087e00000, 0x0000000087e00000|100%| O|  |TAMS 0x0000000087e00000, 0x0000000087d00000| Untracked 
|  38|0x0000000087e00000, 0x0000000087f00000, 0x0000000087f00000|100%| O|  |TAMS 0x0000000087f00000, 0x0000000087e00000| Untracked 
|  39|0x0000000087f00000, 0x0000000088000000, 0x0000000088000000|100%| O|  |TAMS 0x0000000088000000, 0x0000000087f00000| Untracked 
|  40|0x0000000088000000, 0x0000000088100000, 0x0000000088100000|100%| O|  |TAMS 0x0000000088100000, 0x0000000088000000| Untracked 
|  41|0x0000000088100000, 0x0000000088200000, 0x0000000088200000|100%| O|  |TAMS 0x0000000088200000, 0x0000000088100000| Untracked 
|  42|0x0000000088200000, 0x0000000088300000, 0x0000000088300000|100%| O|  |TAMS 0x0000000088300000, 0x0000000088200000| Untracked 
|  43|0x0000000088300000, 0x0000000088400000, 0x0000000088400000|100%| O|  |TAMS 0x0000000088400000, 0x0000000088300000| Untracked 
|  44|0x0000000088400000, 0x0000000088500000, 0x0000000088500000|100%| O|  |TAMS 0x0000000088500000, 0x0000000088400000| Untracked 
|  45|0x0000000088500000, 0x0000000088600000, 0x0000000088600000|100%| O|  |TAMS 0x0000000088600000, 0x0000000088500000| Untracked 
|  46|0x0000000088600000, 0x0000000088700000, 0x0000000088700000|100%| O|  |TAMS 0x0000000088700000, 0x0000000088600000| Untracked 
|  47|0x0000000088700000, 0x0000000088800000, 0x0000000088800000|100%| O|  |TAMS 0x0000000088800000, 0x0000000088700000| Untracked 
|  48|0x0000000088800000, 0x0000000088900000, 0x0000000088900000|100%| O|  |TAMS 0x0000000088800000, 0x0000000088800000| Untracked 
|  49|0x0000000088900000, 0x0000000088a00000, 0x0000000088a00000|100%|HS|  |TAMS 0x0000000088a00000, 0x0000000088900000| Complete 
|  50|0x0000000088a00000, 0x0000000088a00000, 0x0000000088b00000|  0%| F|  |TAMS 0x0000000088a00000, 0x0000000088a00000| Untracked 
|  51|0x0000000088b00000, 0x0000000088c00000, 0x0000000088c00000|100%| O|  |TAMS 0x0000000088c00000, 0x0000000088b00000| Untracked 
|  52|0x0000000088c00000, 0x0000000088d00000, 0x0000000088d00000|100%| O|  |TAMS 0x0000000088d00000, 0x0000000088c00000| Untracked 
|  53|0x0000000088d00000, 0x0000000088e00000, 0x0000000088e00000|100%| O|  |TAMS 0x0000000088e00000, 0x0000000088d00000| Untracked 
|  54|0x0000000088e00000, 0x0000000088f00000, 0x0000000088f00000|100%| O|  |TAMS 0x0000000088f00000, 0x0000000088e00000| Untracked 
|  55|0x0000000088f00000, 0x0000000089000000, 0x0000000089000000|100%| O|  |TAMS 0x0000000089000000, 0x0000000088f00000| Untracked 
|  56|0x0000000089000000, 0x0000000089100000, 0x0000000089100000|100%| O|  |TAMS 0x0000000089100000, 0x0000000089000000| Untracked 
|  57|0x0000000089100000, 0x0000000089200000, 0x0000000089200000|100%| O|  |TAMS 0x0000000089200000, 0x0000000089100000| Untracked 
|  58|0x0000000089200000, 0x0000000089300000, 0x0000000089300000|100%| O|  |TAMS 0x0000000089300000, 0x0000000089200000| Untracked 
|  59|0x0000000089300000, 0x0000000089400000, 0x0000000089400000|100%| O|  |TAMS 0x0000000089400000, 0x0000000089300000| Untracked 
|  60|0x0000000089400000, 0x0000000089500000, 0x0000000089500000|100%| O|  |TAMS 0x0000000089500000, 0x0000000089400000| Untracked 
|  61|0x0000000089500000, 0x0000000089600000, 0x0000000089600000|100%| O|  |TAMS 0x00000000895f9c00, 0x0000000089500000| Untracked 
|  62|0x0000000089600000, 0x0000000089700000, 0x0000000089700000|100%| O|  |TAMS 0x0000000089600000, 0x0000000089600000| Untracked 
|  63|0x0000000089700000, 0x0000000089800000, 0x0000000089800000|100%| O|  |TAMS 0x0000000089700000, 0x0000000089700000| Untracked 
|  64|0x0000000089800000, 0x0000000089900000, 0x0000000089900000|100%| O|  |TAMS 0x0000000089800000, 0x0000000089800000| Untracked 
|  65|0x0000000089900000, 0x0000000089a00000, 0x0000000089a00000|100%| O|  |TAMS 0x0000000089900000, 0x0000000089900000| Untracked 
|  66|0x0000000089a00000, 0x0000000089b00000, 0x0000000089b00000|100%| O|  |TAMS 0x0000000089a00000, 0x0000000089a00000| Untracked 
|  67|0x0000000089b00000, 0x0000000089c00000, 0x0000000089c00000|100%| O|  |TAMS 0x0000000089b00000, 0x0000000089b00000| Untracked 
|  68|0x0000000089c00000, 0x0000000089d00000, 0x0000000089d00000|100%| O|  |TAMS 0x0000000089c00000, 0x0000000089c00000| Untracked 
|  69|0x0000000089d00000, 0x0000000089e00000, 0x0000000089e00000|100%| O|  |TAMS 0x0000000089d00000, 0x0000000089d00000| Untracked 
|  70|0x0000000089e00000, 0x0000000089f00000, 0x0000000089f00000|100%| O|  |TAMS 0x0000000089e00000, 0x0000000089e00000| Untracked 
|  71|0x0000000089f00000, 0x000000008a000000, 0x000000008a000000|100%| O|  |TAMS 0x0000000089f00000, 0x0000000089f00000| Untracked 
|  72|0x000000008a000000, 0x000000008a100000, 0x000000008a100000|100%| O|  |TAMS 0x000000008a000000, 0x000000008a000000| Untracked 
|  73|0x000000008a100000, 0x000000008a18d200, 0x000000008a200000| 55%| O|  |TAMS 0x000000008a100000, 0x000000008a100000| Untracked 
|  74|0x000000008a200000, 0x000000008a200000, 0x000000008a300000|  0%| F|  |TAMS 0x000000008a200000, 0x000000008a200000| Untracked 
|  75|0x000000008a300000, 0x000000008a300000, 0x000000008a400000|  0%| F|  |TAMS 0x000000008a300000, 0x000000008a300000| Untracked 
|  76|0x000000008a400000, 0x000000008a400000, 0x000000008a500000|  0%| F|  |TAMS 0x000000008a400000, 0x000000008a400000| Untracked 
|  77|0x000000008a500000, 0x000000008a500000, 0x000000008a600000|  0%| F|  |TAMS 0x000000008a500000, 0x000000008a500000| Untracked 
|  78|0x000000008a600000, 0x000000008a600000, 0x000000008a700000|  0%| F|  |TAMS 0x000000008a600000, 0x000000008a600000| Untracked 
|  79|0x000000008a700000, 0x000000008a700000, 0x000000008a800000|  0%| F|  |TAMS 0x000000008a700000, 0x000000008a700000| Untracked 
|  80|0x000000008a800000, 0x000000008a800000, 0x000000008a900000|  0%| F|  |TAMS 0x000000008a800000, 0x000000008a800000| Untracked 
|  81|0x000000008a900000, 0x000000008a900000, 0x000000008aa00000|  0%| F|  |TAMS 0x000000008a900000, 0x000000008a900000| Untracked 
|  82|0x000000008aa00000, 0x000000008aa00000, 0x000000008ab00000|  0%| F|  |TAMS 0x000000008aa00000, 0x000000008aa00000| Untracked 
|  83|0x000000008ab00000, 0x000000008ab00000, 0x000000008ac00000|  0%| F|  |TAMS 0x000000008ab00000, 0x000000008ab00000| Untracked 
|  84|0x000000008ac00000, 0x000000008ac00000, 0x000000008ad00000|  0%| F|  |TAMS 0x000000008ac00000, 0x000000008ac00000| Untracked 
|  85|0x000000008ad00000, 0x000000008ad00000, 0x000000008ae00000|  0%| F|  |TAMS 0x000000008ad00000, 0x000000008ad00000| Untracked 
|  86|0x000000008ae00000, 0x000000008ae00000, 0x000000008af00000|  0%| F|  |TAMS 0x000000008ae00000, 0x000000008ae00000| Untracked 
|  87|0x000000008af00000, 0x000000008af00000, 0x000000008b000000|  0%| F|  |TAMS 0x000000008af00000, 0x000000008af00000| Untracked 
|  88|0x000000008b000000, 0x000000008b000000, 0x000000008b100000|  0%| F|  |TAMS 0x000000008b000000, 0x000000008b000000| Untracked 
|  89|0x000000008b100000, 0x000000008b100000, 0x000000008b200000|  0%| F|  |TAMS 0x000000008b100000, 0x000000008b100000| Untracked 
|  90|0x000000008b200000, 0x000000008b200000, 0x000000008b300000|  0%| F|  |TAMS 0x000000008b200000, 0x000000008b200000| Untracked 
|  91|0x000000008b300000, 0x000000008b300000, 0x000000008b400000|  0%| F|  |TAMS 0x000000008b300000, 0x000000008b300000| Untracked 
|  92|0x000000008b400000, 0x000000008b400000, 0x000000008b500000|  0%| F|  |TAMS 0x000000008b400000, 0x000000008b400000| Untracked 
|  93|0x000000008b500000, 0x000000008b500000, 0x000000008b600000|  0%| F|  |TAMS 0x000000008b500000, 0x000000008b500000| Untracked 
|  94|0x000000008b600000, 0x000000008b600000, 0x000000008b700000|  0%| F|  |TAMS 0x000000008b600000, 0x000000008b600000| Untracked 
|  95|0x000000008b700000, 0x000000008b700000, 0x000000008b800000|  0%| F|  |TAMS 0x000000008b700000, 0x000000008b700000| Untracked 
|  96|0x000000008b800000, 0x000000008b800000, 0x000000008b900000|  0%| F|  |TAMS 0x000000008b800000, 0x000000008b800000| Untracked 
|  97|0x000000008b900000, 0x000000008b900000, 0x000000008ba00000|  0%| F|  |TAMS 0x000000008b900000, 0x000000008b900000| Untracked 
|  98|0x000000008ba00000, 0x000000008ba00000, 0x000000008bb00000|  0%| F|  |TAMS 0x000000008ba00000, 0x000000008ba00000| Untracked 
|  99|0x000000008bb00000, 0x000000008bb00000, 0x000000008bc00000|  0%| F|  |TAMS 0x000000008bb00000, 0x000000008bb00000| Untracked 
| 100|0x000000008bc00000, 0x000000008bc00000, 0x000000008bd00000|  0%| F|  |TAMS 0x000000008bc00000, 0x000000008bc00000| Untracked 
| 101|0x000000008bd00000, 0x000000008bd00000, 0x000000008be00000|  0%| F|  |TAMS 0x000000008bd00000, 0x000000008bd00000| Untracked 
| 102|0x000000008be00000, 0x000000008be00000, 0x000000008bf00000|  0%| F|  |TAMS 0x000000008be00000, 0x000000008be00000| Untracked 
| 103|0x000000008bf00000, 0x000000008bf00000, 0x000000008c000000|  0%| F|  |TAMS 0x000000008bf00000, 0x000000008bf00000| Untracked 
| 104|0x000000008c000000, 0x000000008c000000, 0x000000008c100000|  0%| F|  |TAMS 0x000000008c000000, 0x000000008c000000| Untracked 
| 105|0x000000008c100000, 0x000000008c100000, 0x000000008c200000|  0%| F|  |TAMS 0x000000008c100000, 0x000000008c100000| Untracked 
| 106|0x000000008c200000, 0x000000008c200000, 0x000000008c300000|  0%| F|  |TAMS 0x000000008c200000, 0x000000008c200000| Untracked 
| 107|0x000000008c300000, 0x000000008c300000, 0x000000008c400000|  0%| F|  |TAMS 0x000000008c300000, 0x000000008c300000| Untracked 
| 108|0x000000008c400000, 0x000000008c400000, 0x000000008c500000|  0%| F|  |TAMS 0x000000008c400000, 0x000000008c400000| Untracked 
| 109|0x000000008c500000, 0x000000008c500000, 0x000000008c600000|  0%| F|  |TAMS 0x000000008c500000, 0x000000008c500000| Untracked 
| 110|0x000000008c600000, 0x000000008c600000, 0x000000008c700000|  0%| F|  |TAMS 0x000000008c600000, 0x000000008c600000| Untracked 
| 111|0x000000008c700000, 0x000000008c700000, 0x000000008c800000|  0%| F|  |TAMS 0x000000008c700000, 0x000000008c700000| Untracked 
| 112|0x000000008c800000, 0x000000008c800000, 0x000000008c900000|  0%| F|  |TAMS 0x000000008c800000, 0x000000008c800000| Untracked 
| 113|0x000000008c900000, 0x000000008c900000, 0x000000008ca00000|  0%| F|  |TAMS 0x000000008c900000, 0x000000008c900000| Untracked 
| 114|0x000000008ca00000, 0x000000008ca00000, 0x000000008cb00000|  0%| F|  |TAMS 0x000000008ca00000, 0x000000008ca00000| Untracked 
| 115|0x000000008cb00000, 0x000000008cb00000, 0x000000008cc00000|  0%| F|  |TAMS 0x000000008cb00000, 0x000000008cb00000| Untracked 
| 116|0x000000008cc00000, 0x000000008cc00000, 0x000000008cd00000|  0%| F|  |TAMS 0x000000008cc00000, 0x000000008cc00000| Untracked 
| 117|0x000000008cd00000, 0x000000008cd00000, 0x000000008ce00000|  0%| F|  |TAMS 0x000000008cd00000, 0x000000008cd00000| Untracked 
| 118|0x000000008ce00000, 0x000000008ce00000, 0x000000008cf00000|  0%| F|  |TAMS 0x000000008ce00000, 0x000000008ce00000| Untracked 
| 119|0x000000008cf00000, 0x000000008cfbd5b0, 0x000000008d000000| 73%| S|CS|TAMS 0x000000008cf00000, 0x000000008cf00000| Complete 
| 120|0x000000008d000000, 0x000000008d100000, 0x000000008d100000|100%| S|CS|TAMS 0x000000008d000000, 0x000000008d000000| Complete 
| 121|0x000000008d100000, 0x000000008d200000, 0x000000008d200000|100%| S|CS|TAMS 0x000000008d100000, 0x000000008d100000| Complete 
| 122|0x000000008d200000, 0x000000008d300000, 0x000000008d300000|100%| S|CS|TAMS 0x000000008d200000, 0x000000008d200000| Complete 
| 123|0x000000008d300000, 0x000000008d400000, 0x000000008d400000|100%| S|CS|TAMS 0x000000008d300000, 0x000000008d300000| Complete 
| 124|0x000000008d400000, 0x000000008d500000, 0x000000008d500000|100%| S|CS|TAMS 0x000000008d400000, 0x000000008d400000| Complete 
| 125|0x000000008d500000, 0x000000008d600000, 0x000000008d600000|100%| S|CS|TAMS 0x000000008d500000, 0x000000008d500000| Complete 
| 126|0x000000008d600000, 0x000000008d700000, 0x000000008d700000|100%| S|CS|TAMS 0x000000008d600000, 0x000000008d600000| Complete 
| 127|0x000000008d700000, 0x000000008d800000, 0x000000008d800000|100%| S|CS|TAMS 0x000000008d700000, 0x000000008d700000| Complete 
| 128|0x000000008d800000, 0x000000008d800000, 0x000000008d900000|  0%| F|  |TAMS 0x000000008d800000, 0x000000008d800000| Untracked 
| 129|0x000000008d900000, 0x000000008d900000, 0x000000008da00000|  0%| F|  |TAMS 0x000000008d900000, 0x000000008d900000| Untracked 
| 130|0x000000008da00000, 0x000000008da00000, 0x000000008db00000|  0%| F|  |TAMS 0x000000008da00000, 0x000000008da00000| Untracked 
| 131|0x000000008db00000, 0x000000008db00000, 0x000000008dc00000|  0%| F|  |TAMS 0x000000008db00000, 0x000000008db00000| Untracked 
| 132|0x000000008dc00000, 0x000000008dc00000, 0x000000008dd00000|  0%| F|  |TAMS 0x000000008dc00000, 0x000000008dc00000| Untracked 
| 133|0x000000008dd00000, 0x000000008dd00000, 0x000000008de00000|  0%| F|  |TAMS 0x000000008dd00000, 0x000000008dd00000| Untracked 
| 134|0x000000008de00000, 0x000000008de00000, 0x000000008df00000|  0%| F|  |TAMS 0x000000008de00000, 0x000000008de00000| Untracked 
| 135|0x000000008df00000, 0x000000008e000000, 0x000000008e000000|100%| S|CS|TAMS 0x000000008df00000, 0x000000008df00000| Complete 
| 136|0x000000008e000000, 0x000000008e100000, 0x000000008e100000|100%| S|CS|TAMS 0x000000008e000000, 0x000000008e000000| Complete 
| 137|0x000000008e100000, 0x000000008e100000, 0x000000008e200000|  0%| F|  |TAMS 0x000000008e100000, 0x000000008e100000| Untracked 
| 138|0x000000008e200000, 0x000000008e200000, 0x000000008e300000|  0%| F|  |TAMS 0x000000008e200000, 0x000000008e200000| Untracked 
| 139|0x000000008e300000, 0x000000008e300000, 0x000000008e400000|  0%| F|  |TAMS 0x000000008e300000, 0x000000008e300000| Untracked 
| 140|0x000000008e400000, 0x000000008e400000, 0x000000008e500000|  0%| F|  |TAMS 0x000000008e400000, 0x000000008e400000| Untracked 
| 141|0x000000008e500000, 0x000000008e500000, 0x000000008e600000|  0%| F|  |TAMS 0x000000008e500000, 0x000000008e500000| Untracked 
| 142|0x000000008e600000, 0x000000008e600000, 0x000000008e700000|  0%| F|  |TAMS 0x000000008e600000, 0x000000008e600000| Untracked 
| 143|0x000000008e700000, 0x000000008e700000, 0x000000008e800000|  0%| F|  |TAMS 0x000000008e700000, 0x000000008e700000| Untracked 
| 144|0x000000008e800000, 0x000000008e800000, 0x000000008e900000|  0%| F|  |TAMS 0x000000008e800000, 0x000000008e800000| Untracked 
| 145|0x000000008e900000, 0x000000008e900000, 0x000000008ea00000|  0%| F|  |TAMS 0x000000008e900000, 0x000000008e900000| Untracked 
| 146|0x000000008ea00000, 0x000000008ea00000, 0x000000008eb00000|  0%| F|  |TAMS 0x000000008ea00000, 0x000000008ea00000| Untracked 
| 147|0x000000008eb00000, 0x000000008eb00000, 0x000000008ec00000|  0%| F|  |TAMS 0x000000008eb00000, 0x000000008eb00000| Untracked 
| 148|0x000000008ec00000, 0x000000008ec00000, 0x000000008ed00000|  0%| F|  |TAMS 0x000000008ec00000, 0x000000008ec00000| Untracked 
| 149|0x000000008ed00000, 0x000000008ed00000, 0x000000008ee00000|  0%| F|  |TAMS 0x000000008ed00000, 0x000000008ed00000| Untracked 
| 150|0x000000008ee00000, 0x000000008ee00000, 0x000000008ef00000|  0%| F|  |TAMS 0x000000008ee00000, 0x000000008ee00000| Untracked 
| 151|0x000000008ef00000, 0x000000008ef00000, 0x000000008f000000|  0%| F|  |TAMS 0x000000008ef00000, 0x000000008ef00000| Untracked 
| 152|0x000000008f000000, 0x000000008f000000, 0x000000008f100000|  0%| F|  |TAMS 0x000000008f000000, 0x000000008f000000| Untracked 
| 153|0x000000008f100000, 0x000000008f100000, 0x000000008f200000|  0%| F|  |TAMS 0x000000008f100000, 0x000000008f100000| Untracked 
| 154|0x000000008f200000, 0x000000008f200000, 0x000000008f300000|  0%| F|  |TAMS 0x000000008f200000, 0x000000008f200000| Untracked 
| 155|0x000000008f300000, 0x000000008f300000, 0x000000008f400000|  0%| F|  |TAMS 0x000000008f300000, 0x000000008f300000| Untracked 
| 156|0x000000008f400000, 0x000000008f400000, 0x000000008f500000|  0%| F|  |TAMS 0x000000008f400000, 0x000000008f400000| Untracked 
| 157|0x000000008f500000, 0x000000008f500000, 0x000000008f600000|  0%| F|  |TAMS 0x000000008f500000, 0x000000008f500000| Untracked 
| 158|0x000000008f600000, 0x000000008f600000, 0x000000008f700000|  0%| F|  |TAMS 0x000000008f600000, 0x000000008f600000| Untracked 
| 159|0x000000008f700000, 0x000000008f700000, 0x000000008f800000|  0%| F|  |TAMS 0x000000008f700000, 0x000000008f700000| Untracked 
| 160|0x000000008f800000, 0x000000008f800000, 0x000000008f900000|  0%| F|  |TAMS 0x000000008f800000, 0x000000008f800000| Untracked 
| 161|0x000000008f900000, 0x000000008f900000, 0x000000008fa00000|  0%| F|  |TAMS 0x000000008f900000, 0x000000008f900000| Untracked 
| 162|0x000000008fa00000, 0x000000008fa00000, 0x000000008fb00000|  0%| F|  |TAMS 0x000000008fa00000, 0x000000008fa00000| Untracked 
| 163|0x000000008fb00000, 0x000000008fb00000, 0x000000008fc00000|  0%| F|  |TAMS 0x000000008fb00000, 0x000000008fb00000| Untracked 
| 164|0x000000008fc00000, 0x000000008fc00000, 0x000000008fd00000|  0%| F|  |TAMS 0x000000008fc00000, 0x000000008fc00000| Untracked 
| 165|0x000000008fd00000, 0x000000008fd00000, 0x000000008fe00000|  0%| F|  |TAMS 0x000000008fd00000, 0x000000008fd00000| Untracked 
| 166|0x000000008fe00000, 0x000000008fe00000, 0x000000008ff00000|  0%| F|  |TAMS 0x000000008fe00000, 0x000000008fe00000| Untracked 
| 167|0x000000008ff00000, 0x000000008ff00000, 0x0000000090000000|  0%| F|  |TAMS 0x000000008ff00000, 0x000000008ff00000| Untracked 
| 168|0x0000000090000000, 0x0000000090000000, 0x0000000090100000|  0%| F|  |TAMS 0x0000000090000000, 0x0000000090000000| Untracked 
| 169|0x0000000090100000, 0x0000000090100000, 0x0000000090200000|  0%| F|  |TAMS 0x0000000090100000, 0x0000000090100000| Untracked 
| 170|0x0000000090200000, 0x0000000090200000, 0x0000000090300000|  0%| F|  |TAMS 0x0000000090200000, 0x0000000090200000| Untracked 
| 171|0x0000000090300000, 0x0000000090300000, 0x0000000090400000|  0%| F|  |TAMS 0x0000000090300000, 0x0000000090300000| Untracked 
| 172|0x0000000090400000, 0x0000000090400000, 0x0000000090500000|  0%| F|  |TAMS 0x0000000090400000, 0x0000000090400000| Untracked 
| 173|0x0000000090500000, 0x0000000090500000, 0x0000000090600000|  0%| F|  |TAMS 0x0000000090500000, 0x0000000090500000| Untracked 
| 174|0x0000000090600000, 0x0000000090600000, 0x0000000090700000|  0%| F|  |TAMS 0x0000000090600000, 0x0000000090600000| Untracked 
| 175|0x0000000090700000, 0x0000000090700000, 0x0000000090800000|  0%| F|  |TAMS 0x0000000090700000, 0x0000000090700000| Untracked 
| 176|0x0000000090800000, 0x0000000090800000, 0x0000000090900000|  0%| F|  |TAMS 0x0000000090800000, 0x0000000090800000| Untracked 
| 177|0x0000000090900000, 0x0000000090900000, 0x0000000090a00000|  0%| F|  |TAMS 0x0000000090900000, 0x0000000090900000| Untracked 
| 178|0x0000000090a00000, 0x0000000090a00000, 0x0000000090b00000|  0%| F|  |TAMS 0x0000000090a00000, 0x0000000090a00000| Untracked 
| 179|0x0000000090b00000, 0x0000000090b00000, 0x0000000090c00000|  0%| F|  |TAMS 0x0000000090b00000, 0x0000000090b00000| Untracked 
| 180|0x0000000090c00000, 0x0000000090c00000, 0x0000000090d00000|  0%| F|  |TAMS 0x0000000090c00000, 0x0000000090c00000| Untracked 
| 181|0x0000000090d00000, 0x0000000090d00000, 0x0000000090e00000|  0%| F|  |TAMS 0x0000000090d00000, 0x0000000090d00000| Untracked 
| 182|0x0000000090e00000, 0x0000000090e00000, 0x0000000090f00000|  0%| F|  |TAMS 0x0000000090e00000, 0x0000000090e00000| Untracked 
| 183|0x0000000090f00000, 0x0000000090f00000, 0x0000000091000000|  0%| F|  |TAMS 0x0000000090f00000, 0x0000000090f00000| Untracked 
| 184|0x0000000091000000, 0x0000000091000000, 0x0000000091100000|  0%| F|  |TAMS 0x0000000091000000, 0x0000000091000000| Untracked 
| 185|0x0000000091100000, 0x0000000091100000, 0x0000000091200000|  0%| F|  |TAMS 0x0000000091100000, 0x0000000091100000| Untracked 
| 186|0x0000000091200000, 0x0000000091200000, 0x0000000091300000|  0%| F|  |TAMS 0x0000000091200000, 0x0000000091200000| Untracked 
| 187|0x0000000091300000, 0x0000000091300000, 0x0000000091400000|  0%| F|  |TAMS 0x0000000091300000, 0x0000000091300000| Untracked 
| 188|0x0000000091400000, 0x0000000091400000, 0x0000000091500000|  0%| F|  |TAMS 0x0000000091400000, 0x0000000091400000| Untracked 
| 189|0x0000000091500000, 0x0000000091500000, 0x0000000091600000|  0%| F|  |TAMS 0x0000000091500000, 0x0000000091500000| Untracked 
| 190|0x0000000091600000, 0x0000000091600000, 0x0000000091700000|  0%| F|  |TAMS 0x0000000091600000, 0x0000000091600000| Untracked 
| 191|0x0000000091700000, 0x0000000091700000, 0x0000000091800000|  0%| F|  |TAMS 0x0000000091700000, 0x0000000091700000| Untracked 
| 192|0x0000000091800000, 0x0000000091800000, 0x0000000091900000|  0%| F|  |TAMS 0x0000000091800000, 0x0000000091800000| Untracked 
| 193|0x0000000091900000, 0x0000000091900000, 0x0000000091a00000|  0%| F|  |TAMS 0x0000000091900000, 0x0000000091900000| Untracked 
| 194|0x0000000091a00000, 0x0000000091a00000, 0x0000000091b00000|  0%| F|  |TAMS 0x0000000091a00000, 0x0000000091a00000| Untracked 
| 195|0x0000000091b00000, 0x0000000091b00000, 0x0000000091c00000|  0%| F|  |TAMS 0x0000000091b00000, 0x0000000091b00000| Untracked 
| 196|0x0000000091c00000, 0x0000000091c00000, 0x0000000091d00000|  0%| F|  |TAMS 0x0000000091c00000, 0x0000000091c00000| Untracked 
| 197|0x0000000091d00000, 0x0000000091d00000, 0x0000000091e00000|  0%| F|  |TAMS 0x0000000091d00000, 0x0000000091d00000| Untracked 
| 198|0x0000000091e00000, 0x0000000091e00000, 0x0000000091f00000|  0%| F|  |TAMS 0x0000000091e00000, 0x0000000091e00000| Untracked 
| 199|0x0000000091f00000, 0x0000000091f00000, 0x0000000092000000|  0%| F|  |TAMS 0x0000000091f00000, 0x0000000091f00000| Untracked 
| 200|0x0000000092000000, 0x0000000092000000, 0x0000000092100000|  0%| F|  |TAMS 0x0000000092000000, 0x0000000092000000| Untracked 
| 201|0x0000000092100000, 0x0000000092100000, 0x0000000092200000|  0%| F|  |TAMS 0x0000000092100000, 0x0000000092100000| Untracked 
| 202|0x0000000092200000, 0x0000000092200000, 0x0000000092300000|  0%| F|  |TAMS 0x0000000092200000, 0x0000000092200000| Untracked 
| 203|0x0000000092300000, 0x0000000092300000, 0x0000000092400000|  0%| F|  |TAMS 0x0000000092300000, 0x0000000092300000| Untracked 
| 204|0x0000000092400000, 0x0000000092400000, 0x0000000092500000|  0%| F|  |TAMS 0x0000000092400000, 0x0000000092400000| Untracked 
| 205|0x0000000092500000, 0x0000000092500000, 0x0000000092600000|  0%| F|  |TAMS 0x0000000092500000, 0x0000000092500000| Untracked 
| 206|0x0000000092600000, 0x0000000092600000, 0x0000000092700000|  0%| F|  |TAMS 0x0000000092600000, 0x0000000092600000| Untracked 
| 207|0x0000000092700000, 0x0000000092700000, 0x0000000092800000|  0%| F|  |TAMS 0x0000000092700000, 0x0000000092700000| Untracked 
| 208|0x0000000092800000, 0x0000000092800000, 0x0000000092900000|  0%| F|  |TAMS 0x0000000092800000, 0x0000000092800000| Untracked 
| 209|0x0000000092900000, 0x0000000092900000, 0x0000000092a00000|  0%| F|  |TAMS 0x0000000092900000, 0x0000000092900000| Untracked 
| 210|0x0000000092a00000, 0x0000000092a00000, 0x0000000092b00000|  0%| F|  |TAMS 0x0000000092a00000, 0x0000000092a00000| Untracked 
| 211|0x0000000092b00000, 0x0000000092b00000, 0x0000000092c00000|  0%| F|  |TAMS 0x0000000092b00000, 0x0000000092b00000| Untracked 
| 212|0x0000000092c00000, 0x0000000092c00000, 0x0000000092d00000|  0%| F|  |TAMS 0x0000000092c00000, 0x0000000092c00000| Untracked 
| 213|0x0000000092d00000, 0x0000000092d00000, 0x0000000092e00000|  0%| F|  |TAMS 0x0000000092d00000, 0x0000000092d00000| Untracked 
| 214|0x0000000092e00000, 0x0000000092e00000, 0x0000000092f00000|  0%| F|  |TAMS 0x0000000092e00000, 0x0000000092e00000| Untracked 
| 215|0x0000000092f00000, 0x0000000092f00000, 0x0000000093000000|  0%| F|  |TAMS 0x0000000092f00000, 0x0000000092f00000| Untracked 
| 216|0x0000000093000000, 0x0000000093000000, 0x0000000093100000|  0%| F|  |TAMS 0x0000000093000000, 0x0000000093000000| Untracked 
| 217|0x0000000093100000, 0x0000000093100000, 0x0000000093200000|  0%| F|  |TAMS 0x0000000093100000, 0x0000000093100000| Untracked 
| 218|0x0000000093200000, 0x0000000093200000, 0x0000000093300000|  0%| F|  |TAMS 0x0000000093200000, 0x0000000093200000| Untracked 
| 219|0x0000000093300000, 0x0000000093300000, 0x0000000093400000|  0%| F|  |TAMS 0x0000000093300000, 0x0000000093300000| Untracked 
| 220|0x0000000093400000, 0x0000000093400000, 0x0000000093500000|  0%| F|  |TAMS 0x0000000093400000, 0x0000000093400000| Untracked 
| 221|0x0000000093500000, 0x0000000093500000, 0x0000000093600000|  0%| F|  |TAMS 0x0000000093500000, 0x0000000093500000| Untracked 
| 222|0x0000000093600000, 0x0000000093600000, 0x0000000093700000|  0%| F|  |TAMS 0x0000000093600000, 0x0000000093600000| Untracked 
| 223|0x0000000093700000, 0x0000000093700000, 0x0000000093800000|  0%| F|  |TAMS 0x0000000093700000, 0x0000000093700000| Untracked 
| 224|0x0000000093800000, 0x0000000093800000, 0x0000000093900000|  0%| F|  |TAMS 0x0000000093800000, 0x0000000093800000| Untracked 
| 225|0x0000000093900000, 0x0000000093900000, 0x0000000093a00000|  0%| F|  |TAMS 0x0000000093900000, 0x0000000093900000| Untracked 
| 226|0x0000000093a00000, 0x0000000093a00000, 0x0000000093b00000|  0%| F|  |TAMS 0x0000000093a00000, 0x0000000093a00000| Untracked 
| 227|0x0000000093b00000, 0x0000000093b00000, 0x0000000093c00000|  0%| F|  |TAMS 0x0000000093b00000, 0x0000000093b00000| Untracked 
| 228|0x0000000093c00000, 0x0000000093c00000, 0x0000000093d00000|  0%| F|  |TAMS 0x0000000093c00000, 0x0000000093c00000| Untracked 
| 229|0x0000000093d00000, 0x0000000093d00000, 0x0000000093e00000|  0%| F|  |TAMS 0x0000000093d00000, 0x0000000093d00000| Untracked 
| 230|0x0000000093e00000, 0x0000000093e00000, 0x0000000093f00000|  0%| F|  |TAMS 0x0000000093e00000, 0x0000000093e00000| Untracked 
| 231|0x0000000093f00000, 0x0000000093f00000, 0x0000000094000000|  0%| F|  |TAMS 0x0000000093f00000, 0x0000000093f00000| Untracked 
| 232|0x0000000094000000, 0x0000000094000000, 0x0000000094100000|  0%| F|  |TAMS 0x0000000094000000, 0x0000000094000000| Untracked 
| 233|0x0000000094100000, 0x0000000094100000, 0x0000000094200000|  0%| F|  |TAMS 0x0000000094100000, 0x0000000094100000| Untracked 
| 234|0x0000000094200000, 0x0000000094200000, 0x0000000094300000|  0%| F|  |TAMS 0x0000000094200000, 0x0000000094200000| Untracked 
| 235|0x0000000094300000, 0x0000000094300000, 0x0000000094400000|  0%| F|  |TAMS 0x0000000094300000, 0x0000000094300000| Untracked 
| 236|0x0000000094400000, 0x0000000094400000, 0x0000000094500000|  0%| F|  |TAMS 0x0000000094400000, 0x0000000094400000| Untracked 
| 237|0x0000000094500000, 0x0000000094500000, 0x0000000094600000|  0%| F|  |TAMS 0x0000000094500000, 0x0000000094500000| Untracked 
| 238|0x0000000094600000, 0x0000000094600000, 0x0000000094700000|  0%| F|  |TAMS 0x0000000094600000, 0x0000000094600000| Untracked 
| 239|0x0000000094700000, 0x0000000094700000, 0x0000000094800000|  0%| F|  |TAMS 0x0000000094700000, 0x0000000094700000| Untracked 
| 240|0x0000000094800000, 0x0000000094800000, 0x0000000094900000|  0%| F|  |TAMS 0x0000000094800000, 0x0000000094800000| Untracked 
| 241|0x0000000094900000, 0x0000000094900000, 0x0000000094a00000|  0%| F|  |TAMS 0x0000000094900000, 0x0000000094900000| Untracked 
| 242|0x0000000094a00000, 0x0000000094a00000, 0x0000000094b00000|  0%| F|  |TAMS 0x0000000094a00000, 0x0000000094a00000| Untracked 
| 243|0x0000000094b00000, 0x0000000094b00000, 0x0000000094c00000|  0%| F|  |TAMS 0x0000000094b00000, 0x0000000094b00000| Untracked 
| 244|0x0000000094c00000, 0x0000000094c00000, 0x0000000094d00000|  0%| F|  |TAMS 0x0000000094c00000, 0x0000000094c00000| Untracked 
| 245|0x0000000094d00000, 0x0000000094d00000, 0x0000000094e00000|  0%| F|  |TAMS 0x0000000094d00000, 0x0000000094d00000| Untracked 
| 246|0x0000000094e00000, 0x0000000094e00000, 0x0000000094f00000|  0%| F|  |TAMS 0x0000000094e00000, 0x0000000094e00000| Untracked 
| 247|0x0000000094f00000, 0x0000000094f00000, 0x0000000095000000|  0%| F|  |TAMS 0x0000000094f00000, 0x0000000094f00000| Untracked 
| 248|0x0000000095000000, 0x0000000095000000, 0x0000000095100000|  0%| F|  |TAMS 0x0000000095000000, 0x0000000095000000| Untracked 
| 249|0x0000000095100000, 0x0000000095100000, 0x0000000095200000|  0%| F|  |TAMS 0x0000000095100000, 0x0000000095100000| Untracked 
| 250|0x0000000095200000, 0x0000000095200000, 0x0000000095300000|  0%| F|  |TAMS 0x0000000095200000, 0x0000000095200000| Untracked 
| 251|0x0000000095300000, 0x0000000095300000, 0x0000000095400000|  0%| F|  |TAMS 0x0000000095300000, 0x0000000095300000| Untracked 
| 252|0x0000000095400000, 0x0000000095400000, 0x0000000095500000|  0%| F|  |TAMS 0x0000000095400000, 0x0000000095400000| Untracked 
| 253|0x0000000095500000, 0x0000000095500000, 0x0000000095600000|  0%| F|  |TAMS 0x0000000095500000, 0x0000000095500000| Untracked 
| 254|0x0000000095600000, 0x0000000095600000, 0x0000000095700000|  0%| F|  |TAMS 0x0000000095600000, 0x0000000095600000| Untracked 
| 255|0x0000000095700000, 0x0000000095700000, 0x0000000095800000|  0%| F|  |TAMS 0x0000000095700000, 0x0000000095700000| Untracked 
| 256|0x0000000095800000, 0x0000000095800000, 0x0000000095900000|  0%| F|  |TAMS 0x0000000095800000, 0x0000000095800000| Untracked 
| 257|0x0000000095900000, 0x0000000095900000, 0x0000000095a00000|  0%| F|  |TAMS 0x0000000095900000, 0x0000000095900000| Untracked 
| 258|0x0000000095a00000, 0x0000000095a00000, 0x0000000095b00000|  0%| F|  |TAMS 0x0000000095a00000, 0x0000000095a00000| Untracked 
| 259|0x0000000095b00000, 0x0000000095b00000, 0x0000000095c00000|  0%| F|  |TAMS 0x0000000095b00000, 0x0000000095b00000| Untracked 
| 260|0x0000000095c00000, 0x0000000095c00000, 0x0000000095d00000|  0%| F|  |TAMS 0x0000000095c00000, 0x0000000095c00000| Untracked 
| 261|0x0000000095d00000, 0x0000000095d00000, 0x0000000095e00000|  0%| F|  |TAMS 0x0000000095d00000, 0x0000000095d00000| Untracked 
| 262|0x0000000095e00000, 0x0000000095e00000, 0x0000000095f00000|  0%| F|  |TAMS 0x0000000095e00000, 0x0000000095e00000| Untracked 
| 263|0x0000000095f00000, 0x0000000095f00000, 0x0000000096000000|  0%| F|  |TAMS 0x0000000095f00000, 0x0000000095f00000| Untracked 
| 264|0x0000000096000000, 0x0000000096000000, 0x0000000096100000|  0%| F|  |TAMS 0x0000000096000000, 0x0000000096000000| Untracked 
| 265|0x0000000096100000, 0x0000000096100000, 0x0000000096200000|  0%| F|  |TAMS 0x0000000096100000, 0x0000000096100000| Untracked 
| 266|0x0000000096200000, 0x0000000096200000, 0x0000000096300000|  0%| F|  |TAMS 0x0000000096200000, 0x0000000096200000| Untracked 
| 267|0x0000000096300000, 0x0000000096300000, 0x0000000096400000|  0%| F|  |TAMS 0x0000000096300000, 0x0000000096300000| Untracked 
| 268|0x0000000096400000, 0x0000000096400000, 0x0000000096500000|  0%| F|  |TAMS 0x0000000096400000, 0x0000000096400000| Untracked 
| 269|0x0000000096500000, 0x0000000096500000, 0x0000000096600000|  0%| F|  |TAMS 0x0000000096500000, 0x0000000096500000| Untracked 
| 270|0x0000000096600000, 0x0000000096600000, 0x0000000096700000|  0%| F|  |TAMS 0x0000000096600000, 0x0000000096600000| Untracked 
| 271|0x0000000096700000, 0x0000000096700000, 0x0000000096800000|  0%| F|  |TAMS 0x0000000096700000, 0x0000000096700000| Untracked 
| 272|0x0000000096800000, 0x0000000096800000, 0x0000000096900000|  0%| F|  |TAMS 0x0000000096800000, 0x0000000096800000| Untracked 
| 273|0x0000000096900000, 0x0000000096900000, 0x0000000096a00000|  0%| F|  |TAMS 0x0000000096900000, 0x0000000096900000| Untracked 
| 274|0x0000000096a00000, 0x0000000096a00000, 0x0000000096b00000|  0%| F|  |TAMS 0x0000000096a00000, 0x0000000096a00000| Untracked 
| 275|0x0000000096b00000, 0x0000000096b00000, 0x0000000096c00000|  0%| F|  |TAMS 0x0000000096b00000, 0x0000000096b00000| Untracked 
| 276|0x0000000096c00000, 0x0000000096c00000, 0x0000000096d00000|  0%| F|  |TAMS 0x0000000096c00000, 0x0000000096c00000| Untracked 
| 277|0x0000000096d00000, 0x0000000096d00000, 0x0000000096e00000|  0%| F|  |TAMS 0x0000000096d00000, 0x0000000096d00000| Untracked 
| 278|0x0000000096e00000, 0x0000000096e00000, 0x0000000096f00000|  0%| F|  |TAMS 0x0000000096e00000, 0x0000000096e00000| Untracked 
| 279|0x0000000096f00000, 0x0000000096f00000, 0x0000000097000000|  0%| F|  |TAMS 0x0000000096f00000, 0x0000000096f00000| Untracked 
| 280|0x0000000097000000, 0x0000000097000000, 0x0000000097100000|  0%| F|  |TAMS 0x0000000097000000, 0x0000000097000000| Untracked 
| 281|0x0000000097100000, 0x0000000097100000, 0x0000000097200000|  0%| F|  |TAMS 0x0000000097100000, 0x0000000097100000| Untracked 
| 282|0x0000000097200000, 0x0000000097200000, 0x0000000097300000|  0%| F|  |TAMS 0x0000000097200000, 0x0000000097200000| Untracked 
| 283|0x0000000097300000, 0x0000000097300000, 0x0000000097400000|  0%| F|  |TAMS 0x0000000097300000, 0x0000000097300000| Untracked 
| 284|0x0000000097400000, 0x0000000097400000, 0x0000000097500000|  0%| F|  |TAMS 0x0000000097400000, 0x0000000097400000| Untracked 
| 285|0x0000000097500000, 0x0000000097500000, 0x0000000097600000|  0%| F|  |TAMS 0x0000000097500000, 0x0000000097500000| Untracked 
| 286|0x0000000097600000, 0x0000000097600000, 0x0000000097700000|  0%| F|  |TAMS 0x0000000097600000, 0x0000000097600000| Untracked 
| 287|0x0000000097700000, 0x0000000097700000, 0x0000000097800000|  0%| F|  |TAMS 0x0000000097700000, 0x0000000097700000| Untracked 
| 288|0x0000000097800000, 0x0000000097800000, 0x0000000097900000|  0%| F|  |TAMS 0x0000000097800000, 0x0000000097800000| Untracked 
| 289|0x0000000097900000, 0x0000000097900000, 0x0000000097a00000|  0%| F|  |TAMS 0x0000000097900000, 0x0000000097900000| Untracked 
| 290|0x0000000097a00000, 0x0000000097a00000, 0x0000000097b00000|  0%| F|  |TAMS 0x0000000097a00000, 0x0000000097a00000| Untracked 
| 291|0x0000000097b00000, 0x0000000097b00000, 0x0000000097c00000|  0%| F|  |TAMS 0x0000000097b00000, 0x0000000097b00000| Untracked 
| 292|0x0000000097c00000, 0x0000000097c00000, 0x0000000097d00000|  0%| F|  |TAMS 0x0000000097c00000, 0x0000000097c00000| Untracked 
| 293|0x0000000097d00000, 0x0000000097d00000, 0x0000000097e00000|  0%| F|  |TAMS 0x0000000097d00000, 0x0000000097d00000| Untracked 
| 294|0x0000000097e00000, 0x0000000097e00000, 0x0000000097f00000|  0%| F|  |TAMS 0x0000000097e00000, 0x0000000097e00000| Untracked 
| 295|0x0000000097f00000, 0x0000000097f00000, 0x0000000098000000|  0%| F|  |TAMS 0x0000000097f00000, 0x0000000097f00000| Untracked 
| 296|0x0000000098000000, 0x0000000098000000, 0x0000000098100000|  0%| F|  |TAMS 0x0000000098000000, 0x0000000098000000| Untracked 
| 297|0x0000000098100000, 0x0000000098100000, 0x0000000098200000|  0%| F|  |TAMS 0x0000000098100000, 0x0000000098100000| Untracked 
| 298|0x0000000098200000, 0x0000000098200000, 0x0000000098300000|  0%| F|  |TAMS 0x0000000098200000, 0x0000000098200000| Untracked 
| 299|0x0000000098300000, 0x0000000098300000, 0x0000000098400000|  0%| F|  |TAMS 0x0000000098300000, 0x0000000098300000| Untracked 
| 300|0x0000000098400000, 0x0000000098400000, 0x0000000098500000|  0%| F|  |TAMS 0x0000000098400000, 0x0000000098400000| Untracked 
| 301|0x0000000098500000, 0x0000000098500000, 0x0000000098600000|  0%| F|  |TAMS 0x0000000098500000, 0x0000000098500000| Untracked 
| 302|0x0000000098600000, 0x0000000098600000, 0x0000000098700000|  0%| F|  |TAMS 0x0000000098600000, 0x0000000098600000| Untracked 
| 303|0x0000000098700000, 0x0000000098700000, 0x0000000098800000|  0%| F|  |TAMS 0x0000000098700000, 0x0000000098700000| Untracked 

Card table byte_map: [0x0000015167dd0000,0x00000151681b0000] _byte_map_base: 0x00000151679a4000

Marking Bits (Prev, Next): (CMBitMap*) 0x0000015161c9e7c0, (CMBitMap*) 0x0000015161c9e800
 Prev Bits: [0x0000015168590000, 0x000001516a430000)
 Next Bits: [0x000001516a430000, 0x000001516c2d0000)

Polling page: 0x000001515fc20000

Metaspace:

Usage:
  Non-class:     32.91 MB used.
      Class:      4.79 MB used.
       Both:     37.70 MB used.

Virtual space:
  Non-class space:       40.00 MB reserved,      33.06 MB ( 83%) committed,  5 nodes.
      Class space:        1.00 GB reserved,       4.94 MB ( <1%) committed,  1 nodes.
             Both:        1.04 GB reserved,      38.00 MB (  4%) committed. 

Chunk freelists:
   Non-Class:  2.56 MB
       Class:  2.91 MB
        Both:  5.47 MB

MaxMetaspaceSize: unlimited
CompressedClassSpaceSize: 1.00 GB
Initial GC threshold: 21.00 MB
Current GC threshold: 63.06 MB
CDS: off
MetaspaceReclaimPolicy: balanced
 - commit_granule_bytes: 65536.
 - commit_granule_words: 8192.
 - virtual_space_node_default_size: 1048576.
 - enlarge_chunks_in_place: 1.
 - new_chunks_are_fully_committed: 0.
 - uncommit_free_chunks: 1.
 - use_allocation_guard: 0.
 - handle_deallocations: 1.


Internal statistics:

num_allocs_failed_limit: 5.
num_arena_births: 344.
num_arena_deaths: 0.
num_vsnodes_births: 6.
num_vsnodes_deaths: 0.
num_space_committed: 608.
num_space_uncommitted: 0.
num_chunks_returned_to_freelist: 5.
num_chunks_taken_from_freelist: 1456.
num_chunk_merges: 5.
num_chunk_splits: 1015.
num_chunks_enlarged: 804.
num_purges: 0.
num_inconsistent_stats: 0.

CodeCache: size=49152Kb used=9234Kb max_used=9234Kb free=39917Kb
 bounds [0x00000151648e0000, 0x00000151651f0000, 0x00000151678e0000]
 total_blobs=4340 nmethods=3807 adapters=457
 compilation: enabled
              stopped_count=0, restarted_count=0
 full_count=0

Compilation events (20 events):
Event: 4.994 Thread 0x00000151702f6710 nmethod 3797 0x00000151651e0190 code [0x00000151651e0320, 0x00000151651e03f8]
Event: 4.994 Thread 0x00000151702d8ac0 nmethod 3798 0x00000151651e0490 code [0x00000151651e0620, 0x00000151651e06f8]
Event: 4.995 Thread 0x000001516fa40190 3799       1       java.util.Hashtable$Enumerator::hasMoreElements (53 bytes)
Event: 4.995 Thread 0x00000151702f6710 3800       1       java.util.Hashtable$Enumerator::nextElement (111 bytes)
Event: 4.995 Thread 0x000001516fa40190 nmethod 3799 0x00000151651e0790 code [0x00000151651e0920, 0x00000151651e0a98]
Event: 4.995 Thread 0x000001516f828620 3801       1       java.util.Hashtable$Enumerator::hasNext (5 bytes)
Event: 4.995 Thread 0x00000151702f6710 nmethod 3800 0x00000151651e0b90 code [0x00000151651e0d40, 0x00000151651e1068]
Event: 4.995 Thread 0x00000151702d8ac0 3802       1       java.util.Hashtable$Enumerator::next (27 bytes)
Event: 4.995 Thread 0x000001516f828620 nmethod 3801 0x00000151651e1190 code [0x00000151651e1320, 0x00000151651e1408]
Event: 4.995 Thread 0x00000151702d8ac0 nmethod 3802 0x00000151651e1490 code [0x00000151651e1640, 0x00000151651e17d8]
Event: 4.999 Thread 0x00000151702d8ac0 3803       1       java.lang.invoke.DelegatingMethodHandle::<init> (10 bytes)
Event: 4.999 Thread 0x00000151702d8ac0 nmethod 3803 0x00000151651e1c10 code [0x00000151651e1dc0, 0x00000151651e1f58]
Event: 5.000 Thread 0x00000151702f6710 3804       1       java.lang.invoke.DelegatingMethodHandle::chooseDelegatingForm (24 bytes)
Event: 5.000 Thread 0x00000151702f6710 nmethod 3804 0x00000151651e2090 code [0x00000151651e2240, 0x00000151651e23a8]
Event: 5.014 Thread 0x000001516fa40190 3805  s!   1       jdk.internal.loader.URLClassPath::getLoader (196 bytes)
Event: 5.037 Thread 0x000001516fa40190 nmethod 3805 0x00000151651e2810 code [0x00000151651e2ac0, 0x00000151651e34d8]
Event: 5.128 Thread 0x00000151702d8ac0 3806       1       java.util.concurrent.ConcurrentHashMap::resizeStamp (9 bytes)
Event: 5.128 Thread 0x000001516fa40190 3807       1       java.util.concurrent.ConcurrentHashMap::helpTransfer (123 bytes)
Event: 5.128 Thread 0x00000151702d8ac0 nmethod 3806 0x00000151651e4110 code [0x00000151651e42a0, 0x00000151651e4368]
Event: 5.128 Thread 0x000001516fa40190 nmethod 3807 0x00000151651e4410 code [0x00000151651e45c0, 0x00000151651e4838]

GC Heap History (20 events):
Event: 4.315 GC heap after
{Heap after GC invocations=14 (full 0):
 garbage-first heap   total 98304K, used 44248K [0x0000000085800000, 0x0000000100000000)
  region size 1024K, 5 young (5120K), 5 survivors (5120K)
 Metaspace       used 34531K, committed 34944K, reserved 1081344K
  class space    used 4417K, committed 4608K, reserved 1048576K
}
Event: 4.694 GC heap before
{Heap before GC invocations=14 (full 0):
 garbage-first heap   total 98304K, used 69848K [0x0000000085800000, 0x0000000100000000)
  region size 1024K, 31 young (31744K), 5 survivors (5120K)
 Metaspace       used 36786K, committed 37184K, reserved 1081344K
  class space    used 4767K, committed 4928K, reserved 1048576K
}
Event: 4.701 GC heap after
{Heap after GC invocations=15 (full 0):
 garbage-first heap   total 98304K, used 48108K [0x0000000085800000, 0x0000000100000000)
  region size 1024K, 4 young (4096K), 4 survivors (4096K)
 Metaspace       used 36786K, committed 37184K, reserved 1081344K
  class space    used 4767K, committed 4928K, reserved 1048576K
}
Event: 4.739 GC heap before
{Heap before GC invocations=15 (full 0):
 garbage-first heap   total 98304K, used 53228K [0x0000000085800000, 0x0000000100000000)
  region size 1024K, 11 young (11264K), 4 survivors (4096K)
 Metaspace       used 36960K, committed 37312K, reserved 1081344K
  class space    used 4783K, committed 4928K, reserved 1048576K
}
Event: 4.743 GC heap after
{Heap after GC invocations=16 (full 0):
 garbage-first heap   total 98304K, used 50254K [0x0000000085800000, 0x0000000100000000)
  region size 1024K, 3 young (3072K), 3 survivors (3072K)
 Metaspace       used 36960K, committed 37312K, reserved 1081344K
  class space    used 4783K, committed 4928K, reserved 1048576K
}
Event: 4.845 GC heap before
{Heap before GC invocations=17 (full 0):
 garbage-first heap   total 111616K, used 73806K [0x0000000085800000, 0x0000000100000000)
  region size 1024K, 24 young (24576K), 3 survivors (3072K)
 Metaspace       used 37752K, committed 38080K, reserved 1089536K
  class space    used 4856K, committed 4992K, reserved 1048576K
}
Event: 4.854 GC heap after
{Heap after GC invocations=18 (full 0):
 garbage-first heap   total 111616K, used 61584K [0x0000000085800000, 0x0000000100000000)
  region size 1024K, 3 young (3072K), 3 survivors (3072K)
 Metaspace       used 37752K, committed 38080K, reserved 1089536K
  class space    used 4856K, committed 4992K, reserved 1048576K
}
Event: 4.864 GC heap before
{Heap before GC invocations=18 (full 0):
 garbage-first heap   total 111616K, used 63632K [0x0000000085800000, 0x0000000100000000)
  region size 1024K, 5 young (5120K), 3 survivors (3072K)
 Metaspace       used 37863K, committed 38208K, reserved 1089536K
  class space    used 4862K, committed 4992K, reserved 1048576K
}
Event: 4.877 GC heap after
{Heap after GC invocations=19 (full 0):
 garbage-first heap   total 111616K, used 63463K [0x0000000085800000, 0x0000000100000000)
  region size 1024K, 1 young (1024K), 1 survivors (1024K)
 Metaspace       used 37863K, committed 38208K, reserved 1089536K
  class space    used 4862K, committed 4992K, reserved 1048576K
}
Event: 4.905 GC heap before
{Heap before GC invocations=19 (full 0):
 garbage-first heap   total 111616K, used 81895K [0x0000000085800000, 0x0000000100000000)
  region size 1024K, 20 young (20480K), 1 survivors (1024K)
 Metaspace       used 38247K, committed 38592K, reserved 1089536K
  class space    used 4873K, committed 5056K, reserved 1048576K
}
Event: 4.918 GC heap after
{Heap after GC invocations=20 (full 0):
 garbage-first heap   total 311296K, used 65756K [0x0000000085800000, 0x0000000100000000)
  region size 1024K, 3 young (3072K), 3 survivors (3072K)
 Metaspace       used 38247K, committed 38592K, reserved 1089536K
  class space    used 4873K, committed 5056K, reserved 1048576K
}
Event: 4.982 GC heap before
{Heap before GC invocations=20 (full 0):
 garbage-first heap   total 311296K, used 157916K [0x0000000085800000, 0x0000000100000000)
  region size 1024K, 94 young (96256K), 3 survivors (3072K)
 Metaspace       used 38311K, committed 38656K, reserved 1089536K
  class space    used 4881K, committed 5056K, reserved 1048576K
}
Event: 4.992 GC heap after
{Heap after GC invocations=21 (full 0):
 garbage-first heap   total 311296K, used 69426K [0x0000000085800000, 0x0000000100000000)
  region size 1024K, 7 young (7168K), 7 survivors (7168K)
 Metaspace       used 38311K, committed 38656K, reserved 1089536K
  class space    used 4881K, committed 5056K, reserved 1048576K
}
Event: 5.081 GC heap before
{Heap before GC invocations=22 (full 0):
 garbage-first heap   total 260096K, used 224050K [0x0000000085800000, 0x0000000100000000)
  region size 1024K, 160 young (163840K), 7 survivors (7168K)
 Metaspace       used 38507K, committed 38848K, reserved 1089536K
  class space    used 4900K, committed 5056K, reserved 1048576K
}
Event: 5.089 GC heap after
{Heap after GC invocations=23 (full 0):
 garbage-first heap   total 260096K, used 74351K [0x0000000085800000, 0x0000000100000000)
  region size 1024K, 13 young (13312K), 13 survivors (13312K)
 Metaspace       used 38507K, committed 38848K, reserved 1089536K
  class space    used 4900K, committed 5056K, reserved 1048576K
}
Event: 5.091 GC heap before
{Heap before GC invocations=23 (full 0):
 garbage-first heap   total 260096K, used 75375K [0x0000000085800000, 0x0000000100000000)
  region size 1024K, 15 young (15360K), 13 survivors (13312K)
 Metaspace       used 38509K, committed 38848K, reserved 1089536K
  class space    used 4900K, committed 5056K, reserved 1048576K
}
Event: 5.101 GC heap after
{Heap after GC invocations=24 (full 0):
 garbage-first heap   total 260096K, used 75316K [0x0000000085800000, 0x0000000100000000)
  region size 1024K, 2 young (2048K), 2 survivors (2048K)
 Metaspace       used 38509K, committed 38848K, reserved 1089536K
  class space    used 4900K, committed 5056K, reserved 1048576K
}
Event: 5.134 GC heap before
{Heap before GC invocations=24 (full 0):
 garbage-first heap   total 260096K, used 194100K [0x0000000085800000, 0x0000000100000000)
  region size 1024K, 119 young (121856K), 2 survivors (2048K)
 Metaspace       used 38570K, committed 38912K, reserved 1089536K
  class space    used 4904K, committed 5056K, reserved 1048576K
}
Event: 5.137 GC heap after
{Heap after GC invocations=25 (full 0):
 garbage-first heap   total 260096K, used 79896K [0x0000000085800000, 0x0000000100000000)
  region size 1024K, 7 young (7168K), 7 survivors (7168K)
 Metaspace       used 38570K, committed 38912K, reserved 1089536K
  class space    used 4904K, committed 5056K, reserved 1048576K
}
Event: 5.170 GC heap before
{Heap before GC invocations=25 (full 0):
 garbage-first heap   total 260096K, used 198680K [0x0000000085800000, 0x0000000100000000)
  region size 1024K, 124 young (126976K), 7 survivors (7168K)
 Metaspace       used 38605K, committed 38912K, reserved 1089536K
  class space    used 4905K, committed 5056K, reserved 1048576K
}

Deoptimization events (12 events):
Event: 2.198 Thread 0x0000015161c44e10 DEOPT PACKING pc=0x0000015164e38819 sp=0x0000000dc78fd650
Event: 2.198 Thread 0x0000015161c44e10 DEOPT UNPACKING pc=0x0000015164936763 sp=0x0000000dc78fcb30 mode 3
Event: 3.666 Thread 0x0000015161c44e10 DEOPT PACKING pc=0x0000015164fb0699 sp=0x0000000dc78fca30
Event: 3.666 Thread 0x0000015161c44e10 DEOPT UNPACKING pc=0x0000015164936763 sp=0x0000000dc78fbf10 mode 3
Event: 3.744 Thread 0x0000015171843c30 DEOPT PACKING pc=0x00000151650026ab sp=0x0000000dc97fe680
Event: 3.744 Thread 0x0000015171843c30 DEOPT UNPACKING pc=0x0000015164936763 sp=0x0000000dc97fdbc8 mode 3
Event: 3.924 Thread 0x00000151719ea340 DEOPT PACKING pc=0x0000015164e36401 sp=0x0000000dca1fec00
Event: 3.924 Thread 0x00000151719ea340 DEOPT UNPACKING pc=0x0000015164936763 sp=0x0000000dca1fe090 mode 3
Event: 3.949 Thread 0x00000151719e8fb0 DEOPT PACKING pc=0x0000015164e34617 sp=0x0000000dc9dfee30
Event: 3.949 Thread 0x00000151719e8fb0 DEOPT UNPACKING pc=0x0000015164936763 sp=0x0000000dc9dfe288 mode 3
Event: 4.385 Thread 0x00000151719ece90 DEOPT PACKING pc=0x0000015165166a35 sp=0x0000000dca9fdfe0
Event: 4.385 Thread 0x00000151719ece90 DEOPT UNPACKING pc=0x0000015164936763 sp=0x0000000dca9fd508 mode 3

Classes unloaded (0 events):
No events

Classes redefined (0 events):
No events

Internal exceptions (20 events):
Event: 3.783 Thread 0x00000151719af2a0 Exception <a 'sun/nio/fs/WindowsException'{0x000000008bab5cb8}> (0x000000008bab5cb8) 
thrown [s\src\hotspot\share\prims\jni.cpp, line 516]
Event: 3.783 Thread 0x00000151719af2a0 Exception <a 'sun/nio/fs/WindowsException'{0x000000008bab6078}> (0x000000008bab6078) 
thrown [s\src\hotspot\share\prims\jni.cpp, line 516]
Event: 3.783 Thread 0x00000151719af2a0 Exception <a 'sun/nio/fs/WindowsException'{0x000000008bab6a78}> (0x000000008bab6a78) 
thrown [s\src\hotspot\share\prims\jni.cpp, line 516]
Event: 3.783 Thread 0x00000151719af2a0 Exception <a 'sun/nio/fs/WindowsException'{0x000000008bab6e28}> (0x000000008bab6e28) 
thrown [s\src\hotspot\share\prims\jni.cpp, line 516]
Event: 3.783 Thread 0x00000151719af2a0 Exception <a 'sun/nio/fs/WindowsException'{0x000000008bab7828}> (0x000000008bab7828) 
thrown [s\src\hotspot\share\prims\jni.cpp, line 516]
Event: 3.784 Thread 0x00000151719af2a0 Exception <a 'sun/nio/fs/WindowsException'{0x000000008bab7be8}> (0x000000008bab7be8) 
thrown [s\src\hotspot\share\prims\jni.cpp, line 516]
Event: 3.784 Thread 0x00000151719af2a0 Exception <a 'sun/nio/fs/WindowsException'{0x000000008bab8610}> (0x000000008bab8610) 
thrown [s\src\hotspot\share\prims\jni.cpp, line 516]
Event: 3.784 Thread 0x00000151719af2a0 Exception <a 'sun/nio/fs/WindowsException'{0x000000008bab89f0}> (0x000000008bab89f0) 
thrown [s\src\hotspot\share\prims\jni.cpp, line 516]
Event: 3.784 Thread 0x00000151719af2a0 Exception <a 'sun/nio/fs/WindowsException'{0x000000008bab9428}> (0x000000008bab9428) 
thrown [s\src\hotspot\share\prims\jni.cpp, line 516]
Event: 3.784 Thread 0x00000151719af2a0 Exception <a 'sun/nio/fs/WindowsException'{0x000000008bab9818}> (0x000000008bab9818) 
thrown [s\src\hotspot\share\prims\jni.cpp, line 516]
Event: 3.784 Thread 0x00000151719af2a0 Exception <a 'sun/nio/fs/WindowsException'{0x000000008baba240}> (0x000000008baba240) 
thrown [s\src\hotspot\share\prims\jni.cpp, line 516]
Event: 3.784 Thread 0x00000151719af2a0 Exception <a 'sun/nio/fs/WindowsException'{0x000000008baba630}> (0x000000008baba630) 
thrown [s\src\hotspot\share\prims\jni.cpp, line 516]
Event: 3.870 Thread 0x0000015161c44e10 Exception <a 'java/lang/NoSuchMethodError'{0x000000008d250c10}: 'java.lang.Object java.lang.invoke.DirectMethodHandle$Holder.newInvokeSpecial(java.lang.Object, java.lang.Object, int, java.lang.Object, java.lang.Object)'> (0x000000008d250c10) 
thrown [s\src\hotspot\share\interpreter\linkResolver.cpp, line 759]
Event: 3.873 Thread 0x0000015161c44e10 Exception <a 'java/lang/NoSuchMethodError'{0x000000008d262be0}: 'java.lang.Object java.lang.invoke.DirectMethodHandle$Holder.invokeSpecial(java.lang.Object, java.lang.Object, int, java.lang.Object, int, java.lang.Object)'> (0x000000008d262be0) 
thrown [s\src\hotspot\share\interpreter\linkResolver.cpp, line 759]
Event: 3.874 Thread 0x0000015161c44e10 Exception <a 'java/lang/NoSuchMethodError'{0x000000008d26a9e0}: 'java.lang.Object java.lang.invoke.DirectMethodHandle$Holder.newInvokeSpecial(java.lang.Object, java.lang.Object, int, java.lang.Object, int)'> (0x000000008d26a9e0) 
thrown [s\src\hotspot\share\interpreter\linkResolver.cpp, line 759]
Event: 3.878 Thread 0x0000015161c44e10 Exception <a 'java/lang/NoSuchMethodError'{0x000000008d26eae0}: 'java.lang.Object java.lang.invoke.DirectMethodHandle$Holder.invokeSpecial(java.lang.Object, java.lang.Object, java.lang.Object, int, java.lang.Object, int)'> (0x000000008d26eae0) 
thrown [s\src\hotspot\share\interpreter\linkResolver.cpp, line 759]
Event: 4.379 Thread 0x00000151719ec9c0 Exception <a 'java/lang/NoSuchMethodError'{0x000000008ae9dfb8}: 'java.lang.Object java.lang.invoke.DirectMethodHandle$Holder.invokeStatic(java.lang.Object, java.lang.Object, java.lang.Object, int, java.lang.Object, java.lang.Object)'> (0x000000008ae9dfb8) 
thrown [s\src\hotspot\share\interpreter\linkResolver.cpp, line 759]
Event: 4.380 Thread 0x00000151719ece90 Exception <a 'java/lang/NoSuchMethodError'{0x000000008aeadd88}: 'java.lang.Object java.lang.invoke.DirectMethodHandle$Holder.invokeStatic(java.lang.Object, int, java.lang.Object)'> (0x000000008aeadd88) 
thrown [s\src\hotspot\share\interpreter\linkResolver.cpp, line 759]
Event: 4.561 Thread 0x00000151719ece90 Exception <a 'java/lang/NoSuchMethodError'{0x000000008a653780}: 'int java.lang.invoke.DirectMethodHandle$Holder.invokeStatic(java.lang.Object)'> (0x000000008a653780) 
thrown [s\src\hotspot\share\interpreter\linkResolver.cpp, line 759]
Event: 4.561 Thread 0x00000151719ece90 Exception <a 'java/lang/NoSuchMethodError'{0x000000008a656e68}: 'int java.lang.invoke.DirectMethodHandle$Holder.invokeStaticInit(java.lang.Object)'> (0x000000008a656e68) 
thrown [s\src\hotspot\share\interpreter\linkResolver.cpp, line 759]

VM Operations (20 events):
Event: 4.992 Executing VM operation: G1CollectForAllocation done
Event: 5.000 Executing VM operation: G1Concurrent
Event: 5.005 Executing VM operation: G1Concurrent done
Event: 5.037 Executing VM operation: G1Concurrent
Event: 5.038 Executing VM operation: G1Concurrent done
Event: 5.079 Executing VM operation: G1CollectForAllocation
Event: 5.081 Executing VM operation: G1CollectForAllocation done
Event: 5.081 Executing VM operation: G1CollectForAllocation
Event: 5.089 Executing VM operation: G1CollectForAllocation done
Event: 5.090 Executing VM operation: G1CollectForAllocation
Event: 5.090 Executing VM operation: G1CollectForAllocation done
Event: 5.090 Executing VM operation: G1CollectForAllocation
Event: 5.101 Executing VM operation: G1CollectForAllocation done
Event: 5.134 Executing VM operation: G1CollectForAllocation
Event: 5.134 Executing VM operation: G1CollectForAllocation done
Event: 5.134 Executing VM operation: G1CollectForAllocation
Event: 5.137 Executing VM operation: G1CollectForAllocation done
Event: 5.169 Executing VM operation: G1CollectForAllocation
Event: 5.170 Executing VM operation: G1CollectForAllocation done
Event: 5.170 Executing VM operation: G1CollectForAllocation

Events (20 events):
Event: 4.610 loading class java/util/ServiceConfigurationError
Event: 4.610 loading class java/util/ServiceConfigurationError done
Event: 4.615 loading class java/util/stream/Nodes$SpinedNodeBuilder
Event: 4.616 loading class java/util/stream/Nodes$SpinedNodeBuilder done
Event: 4.737 loading class java/util/zip/GZIPOutputStream
Event: 4.737 loading class java/util/zip/DeflaterOutputStream
Event: 4.737 loading class java/util/zip/DeflaterOutputStream done
Event: 4.737 loading class java/util/zip/GZIPOutputStream done
Event: 4.766 loading class java/util/zip/GZIPInputStream
Event: 4.766 loading class java/util/zip/GZIPInputStream done
Event: 4.773 loading class java/net/SocketTimeoutException
Event: 4.773 loading class java/io/InterruptedIOException
Event: 4.774 loading class java/io/InterruptedIOException done
Event: 4.774 loading class java/net/SocketTimeoutException done
Event: 4.774 loading class java/net/ProtocolException
Event: 4.774 loading class java/net/ProtocolException done
Event: 5.107 loading class java/io/FilenameFilter
Event: 5.107 loading class java/io/FilenameFilter done
Event: 5.107 loading class java/lang/UnsupportedClassVersionError
Event: 5.107 loading class java/lang/UnsupportedClassVersionError done


Dynamic libraries:
0x00007ff6c92d0000 - 0x00007ff6c92de000 	c:\Users\lcdan\.vscode\extensions\redhat.java-1.10.0-win32-x64\jre\17.0.4-win32-x86_64\bin\java.exe
0x00007ffddb6d0000 - 0x00007ffddb8c8000 	C:\WINDOWS\SYSTEM32\ntdll.dll
0x00007ffdd97b0000 - 0x00007ffdd986d000 	C:\WINDOWS\System32\KERNEL32.DLL
0x00007ffdd8df0000 - 0x00007ffdd90be000 	C:\WINDOWS\System32\KERNELBASE.dll
0x00007ffdd92d0000 - 0x00007ffdd93d0000 	C:\WINDOWS\System32\ucrtbase.dll
0x00007ffdc0fc0000 - 0x00007ffdc0fd8000 	c:\Users\lcdan\.vscode\extensions\redhat.java-1.10.0-win32-x64\jre\17.0.4-win32-x86_64\bin\jli.dll
0x00007ffdc0fe0000 - 0x00007ffdc0ff9000 	c:\Users\lcdan\.vscode\extensions\redhat.java-1.10.0-win32-x64\jre\17.0.4-win32-x86_64\bin\VCRUNTIME140.dll
0x00007ffdda170000 - 0x00007ffdda310000 	C:\WINDOWS\System32\USER32.dll
0x00007ffdd95a0000 - 0x00007ffdd95c2000 	C:\WINDOWS\System32\win32u.dll
0x00007ffdb44a0000 - 0x00007ffdb473a000 	C:\WINDOWS\WinSxS\amd64_microsoft.windows.common-controls_6595b64144ccf1df_6.0.19041.1110_none_60b5254171f9507e\COMCTL32.dll
0x00007ffddb5f0000 - 0x00007ffddb68e000 	C:\WINDOWS\System32\msvcrt.dll
0x00007ffddb3e0000 - 0x00007ffddb40a000 	C:\WINDOWS\System32\GDI32.dll
0x00007ffdd95d0000 - 0x00007ffdd96db000 	C:\WINDOWS\System32\gdi32full.dll
0x00007ffdd9200000 - 0x00007ffdd929d000 	C:\WINDOWS\System32\msvcp_win.dll
0x00007ffdd98d0000 - 0x00007ffdd9900000 	C:\WINDOWS\System32\IMM32.DLL
0x00007ffdd18e0000 - 0x00007ffdd18ec000 	c:\Users\lcdan\.vscode\extensions\redhat.java-1.10.0-win32-x64\jre\17.0.4-win32-x86_64\bin\vcruntime140_1.dll
0x00007ffd9c0b0000 - 0x00007ffd9c141000 	c:\Users\lcdan\.vscode\extensions\redhat.java-1.10.0-win32-x64\jre\17.0.4-win32-x86_64\bin\msvcp140.dll
0x00007ffd44810000 - 0x00007ffd45456000 	c:\Users\lcdan\.vscode\extensions\redhat.java-1.10.0-win32-x64\jre\17.0.4-win32-x86_64\bin\server\jvm.dll
0x00007ffdd9900000 - 0x00007ffdd99ae000 	C:\WINDOWS\System32\ADVAPI32.dll
0x00007ffddb140000 - 0x00007ffddb1dc000 	C:\WINDOWS\System32\sechost.dll
0x00007ffdda680000 - 0x00007ffdda7a5000 	C:\WINDOWS\System32\RPCRT4.dll
0x00007ffddb370000 - 0x00007ffddb378000 	C:\WINDOWS\System32\PSAPI.DLL
0x00007ffdb7a80000 - 0x00007ffdb7a89000 	C:\WINDOWS\SYSTEM32\WSOCK32.dll
0x00007ffddb0d0000 - 0x00007ffddb13b000 	C:\WINDOWS\System32\WS2_32.dll
0x00007ffdb5ea0000 - 0x00007ffdb5ec7000 	C:\WINDOWS\SYSTEM32\WINMM.dll
0x00007ffdce730000 - 0x00007ffdce73a000 	C:\WINDOWS\SYSTEM32\VERSION.dll
0x00007ffdd7670000 - 0x00007ffdd7682000 	C:\WINDOWS\SYSTEM32\kernel.appcore.dll
0x00007ffdd00c0000 - 0x00007ffdd00ca000 	c:\Users\lcdan\.vscode\extensions\redhat.java-1.10.0-win32-x64\jre\17.0.4-win32-x86_64\bin\jimage.dll
0x00007ffdd6be0000 - 0x00007ffdd6dc4000 	C:\WINDOWS\SYSTEM32\DBGHELP.DLL
0x00007ffdbc180000 - 0x00007ffdbc1ac000 	C:\WINDOWS\SYSTEM32\dbgcore.DLL
0x00007ffdd90c0000 - 0x00007ffdd9142000 	C:\WINDOWS\System32\bcryptPrimitives.dll
0x00007ffdb7dd0000 - 0x00007ffdb7df5000 	c:\Users\lcdan\.vscode\extensions\redhat.java-1.10.0-win32-x64\jre\17.0.4-win32-x86_64\bin\java.dll
0x00007ffdc0fa0000 - 0x00007ffdc0fb8000 	c:\Users\lcdan\.vscode\extensions\redhat.java-1.10.0-win32-x64\jre\17.0.4-win32-x86_64\bin\zip.dll
0x00007ffdd9a20000 - 0x00007ffdda163000 	C:\WINDOWS\System32\SHELL32.dll
0x00007ffdd6eb0000 - 0x00007ffdd7645000 	C:\WINDOWS\SYSTEM32\windows.storage.dll
0x00007ffdda320000 - 0x00007ffdda674000 	C:\WINDOWS\System32\combase.dll
0x00007ffdd8850000 - 0x00007ffdd8880000 	C:\WINDOWS\SYSTEM32\Wldp.dll
0x00007ffddb1e0000 - 0x00007ffddb28d000 	C:\WINDOWS\System32\SHCORE.dll
0x00007ffddb380000 - 0x00007ffddb3d5000 	C:\WINDOWS\System32\shlwapi.dll
0x00007ffdd8d30000 - 0x00007ffdd8d4f000 	C:\WINDOWS\SYSTEM32\profapi.dll
0x00007ffdb8070000 - 0x00007ffdb8089000 	C:\Users\lcdan\.vscode\extensions\redhat.java-1.10.0-win32-x64\jre\17.0.4-win32-x86_64\bin\net.dll
0x00007ffdd0d30000 - 0x00007ffdd0e3a000 	C:\WINDOWS\SYSTEM32\WINHTTP.dll
0x00007ffdd85b0000 - 0x00007ffdd861a000 	C:\WINDOWS\system32\mswsock.dll
0x00007ffdb6ab0000 - 0x00007ffdb6ac5000 	C:\Users\lcdan\.vscode\extensions\redhat.java-1.10.0-win32-x64\jre\17.0.4-win32-x86_64\bin\nio.dll
0x00007ffdcff00000 - 0x00007ffdcff10000 	c:\Users\lcdan\.vscode\extensions\redhat.java-1.10.0-win32-x64\jre\17.0.4-win32-x86_64\bin\verify.dll
0x00007ffda0bb0000 - 0x00007ffda0bb9000 	C:\Users\lcdan\.vscode\extensions\redhat.java-1.10.0-win32-x64\jre\17.0.4-win32-x86_64\bin\management.dll
0x00007ffd9ce30000 - 0x00007ffd9ce3b000 	C:\Users\lcdan\.vscode\extensions\redhat.java-1.10.0-win32-x64\jre\17.0.4-win32-x86_64\bin\management_ext.dll
0x00007ffdb1ee0000 - 0x00007ffdb1ef7000 	C:\WINDOWS\system32\napinsp.dll
0x00007ffdb1ec0000 - 0x00007ffdb1edb000 	C:\WINDOWS\system32\pnrpnsp.dll
0x00007ffdd1020000 - 0x00007ffdd1035000 	C:\WINDOWS\system32\wshbth.dll
0x00007ffdd14c0000 - 0x00007ffdd14dd000 	C:\WINDOWS\system32\NLAapi.dll
0x00007ffdd8250000 - 0x00007ffdd828b000 	C:\WINDOWS\SYSTEM32\IPHLPAPI.DLL
0x00007ffdd8290000 - 0x00007ffdd835a000 	C:\WINDOWS\SYSTEM32\DNSAPI.dll
0x00007ffdd99b0000 - 0x00007ffdd99b8000 	C:\WINDOWS\System32\NSI.dll
0x00007ffdb1e30000 - 0x00007ffdb1e42000 	C:\WINDOWS\System32\winrnr.dll
0x00007ffdcd0b0000 - 0x00007ffdcd0ba000 	C:\Windows\System32\rasadhlp.dll
0x00007ffdcb080000 - 0x00007ffdcb100000 	C:\WINDOWS\System32\fwpuclnt.dll
0x00007ffdd92a0000 - 0x00007ffdd92c7000 	C:\WINDOWS\System32\bcrypt.dll
0x00007ffdd87a0000 - 0x00007ffdd87b8000 	C:\WINDOWS\SYSTEM32\CRYPTSP.dll
0x00007ffdd7ec0000 - 0x00007ffdd7ef4000 	C:\WINDOWS\system32\rsaenh.dll
0x00007ffdd8cb0000 - 0x00007ffdd8cde000 	C:\WINDOWS\SYSTEM32\USERENV.dll
0x00007ffdd87c0000 - 0x00007ffdd87cc000 	C:\WINDOWS\SYSTEM32\CRYPTBASE.dll
0x00007ffdcd0e0000 - 0x00007ffdcd0f7000 	C:\WINDOWS\SYSTEM32\dhcpcsvc6.DLL
0x00007ffdcd1f0000 - 0x00007ffdcd20d000 	C:\WINDOWS\SYSTEM32\dhcpcsvc.DLL

dbghelp: loaded successfully - version: 4.0.5 - missing functions: none
symbol engine: initialized successfully - sym options: 0x614 - pdb path: .;c:\Users\lcdan\.vscode\extensions\redhat.java-1.10.0-win32-x64\jre\17.0.4-win32-x86_64\bin;C:\WINDOWS\SYSTEM32;C:\WINDOWS\WinSxS\amd64_microsoft.windows.common-controls_6595b64144ccf1df_6.0.19041.1110_none_60b5254171f9507e;c:\Users\lcdan\.vscode\extensions\redhat.java-1.10.0-win32-x64\jre\17.0.4-win32-x86_64\bin\server

VM Arguments:
jvm_args: -Dsts.lsp.client=vscode -Dsts.log.file=/dev/null -XX:TieredStopAtLevel=1 -Xlog:jni+resolve=off -Dspring.config.location=file:c:\Users\lcdan\.vscode\extensions\pivotal.vscode-spring-boot-1.39.0\language-server\BOOT-INF\classes\application.properties 
java_command: org.springframework.ide.vscode.boot.app.BootLanguageServerBootApp
java_class_path (initial): c:\Users\lcdan\.vscode\extensions\pivotal.vscode-spring-boot-1.39.0\language-server\BOOT-INF\classes;c:\Users\lcdan\.vscode\extensions\pivotal.vscode-spring-boot-1.39.0\language-server\BOOT-INF\lib\annotations-23.0.0.jar;c:\Users\lcdan\.vscode\extensions\pivotal.vscode-spring-boot-1.39.0\language-server\BOOT-INF\lib\antlr-runtime-3.5.2.jar;c:\Users\lcdan\.vscode\extensions\pivotal.vscode-spring-boot-1.39.0\language-server\BOOT-INF\lib\antlr4-4.9.3.jar;c:\Users\lcdan\.vscode\extensions\pivotal.vscode-spring-boot-1.39.0\language-server\BOOT-INF\lib\antlr4-runtime-4.9.3.jar;c:\Users\lcdan\.vscode\extensions\pivotal.vscode-spring-boot-1.39.0\language-server\BOOT-INF\lib\asm-9.3.jar;c:\Users\lcdan\.vscode\extensions\pivotal.vscode-spring-boot-1.39.0\language-server\BOOT-INF\lib\asm-analysis-9.3.jar;c:\Users\lcdan\.vscode\extensions\pivotal.vscode-spring-boot-1.39.0\language-server\BOOT-INF\lib\asm-tree-9.3.jar;c:\Users\lcdan\.vscode\extensions\pivotal.vscode-spring-boot-1.39.0\language-server\BOOT-INF\lib\asm-util-9.3.jar;c:\Users\lcdan\.vscode\extensions\pivotal.vscode-spring-boot-1.39.0\language-server\BOOT-INF\lib\byte-buddy-1.12.13.jar;c:\Users\lcdan\.vscode\extensions\pivotal.vscode-spring-boot-1.39.0\language-server\BOOT-INF\lib\caffeine-2.9.3.jar;c:\Users\lcdan\.vscode\extensions\pivotal.vscode-spring-boot-1.39.0\language-server\BOOT-INF\lib\checker-qual-3.12.0.jar;c:\Users\lcdan\.vscode\extensions\pivotal.vscode-spring-boot-1.39.0\language-server\BOOT-INF\lib\classgraph-4.8.149.jar;c:\Users\lcdan\.vscode\extensions\pivotal.vscode-spring-boot-1.39.0\language-server\BOOT-INF\lib\commons-codec-1.15.jar;c:\Users\lcdan\.vscode\extensions\pivotal.vscode-spring-boot-1.39.0\language-server\BOOT-INF\lib\commons-compress-1.21.jar;c:\Users\lcdan\.vscode\extensions\pivotal.vscode-spring-boot-1.39.0\language-server\BOOT-INF\lib\commons-exec-1.3.jar;c:\Users\lcdan\.vscode\extensions\pivotal.vscode-spring-boot-1.39.0\language-server\BOOT-INF\lib\com
Launcher Type: SUN_STANDARD

[Global flags]
     intx CICompilerCount                          = 4                                         {product} {ergonomic}
     uint ConcGCThreads                            = 2                                         {product} {ergonomic}
     uint G1ConcRefinementThreads                  = 8                                         {product} {ergonomic}
   size_t G1HeapRegionSize                         = 1048576                                   {product} {ergonomic}
    uintx GCDrainStackTargetSize                   = 64                                        {product} {ergonomic}
   size_t InitialHeapSize                          = 130023424                                 {product} {ergonomic}
   size_t MarkStackSize                            = 4194304                                   {product} {ergonomic}
   size_t MaxHeapSize                              = 2055208960                                {product} {ergonomic}
   size_t MaxNewSize                               = 1233125376                                {product} {ergonomic}
   size_t MinHeapDeltaBytes                        = 1048576                                   {product} {ergonomic}
   size_t MinHeapSize                              = 8388608                                   {product} {ergonomic}
    uintx NonProfiledCodeHeapSize                  = 0                                      {pd product} {ergonomic}
     bool ProfileInterpreter                       = false                                  {pd product} {command line}
    uintx ProfiledCodeHeapSize                     = 0                                      {pd product} {ergonomic}
   size_t SoftMaxHeapSize                          = 2055208960                             {manageable} {ergonomic}
     intx TieredStopAtLevel                        = 1                                         {product} {command line}
     bool UseCompressedClassPointers               = true                           {product lp64_product} {ergonomic}
     bool UseCompressedOops                        = true                           {product lp64_product} {ergonomic}
     bool UseG1GC                                  = true                                      {product} {ergonomic}
     bool UseLargePagesIndividualAllocation        = false                                  {pd product} {ergonomic}

Logging:
Log output configuration:
 #0: stdout all=warning,jni+resolve=off uptime,level,tags
 #1: stderr all=off uptime,level,tags

Environment Variables:
JAVA_HOME=C:\Program Files\Java\jdk-11.0.13
PATH=C:\Program Files\Common Files\Oracle\Java\javapath;C:\Program Files (x86)\Common Files\Oracle\Java\javapath;C:\WINDOWS\system32;C:\WINDOWS;C:\WINDOWS\System32\Wbem;C:\WINDOWS\System32\WindowsPowerShell\v1.0\;C:\WINDOWS\System32\OpenSSH\;C:\Program Files\nodejs\;C:\Program Files\Git\cmd;C:\Program Files\Git\mingw64\bin;C:\Program Files\Git\usr\bin;C:\Python\Python310\Scripts\;C:\Python\Python310\;C:\Users\lcdan\AppData\Local\Microsoft\WindowsApps;C:\Users\lcdan\AppData\Local\Programs\Microsoft VS Code\bin;C:\Users\lcdan\AppData\Roaming\npm;C:\Program Files\Java\jdk-11.0.13\bin;C:\Program Files\heroku\bin;C:\Users\lcdan\AppData\Local\GitHubDesktop\bin
USERNAME=Daniel
OS=Windows_NT
PROCESSOR_IDENTIFIER=Intel64 Family 6 Model 140 Stepping 1, GenuineIntel
TMP=C:\Users\lcdan\AppData\Local\Temp
TEMP=C:\Users\lcdan\AppData\Local\Temp



---------------  S Y S T E M  ---------------

OS:
 Windows 10 , 64 bit Build 19041 (10.0.19041.1889)
OS uptime: 3 days 12:50 hours

CPU: total 8 (initial active 8) (4 cores per cpu, 2 threads per core) family 6 model 140 stepping 1 microcode 0x8a, cx8, cmov, fxsr, ht, mmx, 3dnowpref, sse, sse2, sse3, ssse3, sse4.1, sse4.2, popcnt, lzcnt, tsc, tscinvbit, avx, avx2, aes, erms, clmul, bmi1, bmi2, adx, avx512f, avx512dq, avx512cd, avx512bw, avx512vl, sha, fma, vzeroupper, avx512_vpopcntdq, avx512_vpclmulqdq, avx512_vaes, avx512_vnni, clflush, clflushopt, clwb, avx512_vbmi2, avx512_vbmi

Memory: 4k page, system-wide physical 7834M (380M free)
TotalPageFile size 31386M (AvailPageFile size 226M)
current process WorkingSet (physical memory assigned to process): 370M, peak: 413M
current process commit charge ("private bytes"): 455M, peak: 913M

vm_info: OpenJDK 64-Bit Server VM (17.0.4+8) for windows-amd64 JRE (17.0.4+8), built on Jul 19 2022 16:05:16 by "temurin" with MS VC++ 16.7 (VS2019)

END.
