#
# There is insufficient memory for the Java Runtime Environment to continue.
# Native memory allocation (mmap) failed to map 480247808 bytes for G1 virtual space
# Possible reasons:
#   The system is out of physical RAM or swap space
#   The process is running with CompressedOops enabled, and the Java Heap may be blocking the growth of the native heap
# Possible solutions:
#   Reduce memory load on the system
#   Increase physical memory or swap space
#   Check if swap backing store is full
#   Decrease Java heap size (-Xmx/-Xms)
#   Decrease number of Java threads
#   Decrease Java thread stack sizes (-Xss)
#   Set larger code cache with -XX:ReservedCodeCacheSize=
#   JVM is running with Unscaled Compressed Oops mode in which the Java heap is
#     placed in the first 4GB address space. The Java Heap base address is the
#     maximum limit for the native heap growth. Please use -XX:HeapBaseMinAddress
#     to set the Java Heap base and to place the Java Heap above 4GB virtual address.
# This output file may be truncated or incomplete.
#
#  Out of Memory Error (os_windows.cpp:3541), pid=24872, tid=11004
#
# JRE version: OpenJDK Runtime Environment Temurin-17.0.4+8 (17.0.4+8) (build 17.0.4+8)
# Java VM: OpenJDK 64-Bit Server VM Temurin-17.0.4+8 (17.0.4+8, mixed mode, emulated-client, tiered, compressed oops, compressed class ptrs, g1 gc, windows-amd64)
# No core dump will be written. Minidumps are not enabled by default on client versions of Windows
#

---------------  S U M M A R Y ------------

Command Line: -Dsts.lsp.client=vscode -Dsts.log.file=/dev/null -XX:TieredStopAtLevel=1 -Xlog:jni+resolve=off -Dspring.config.location=file:c:\Users\lcdan\.vscode\extensions\pivotal.vscode-spring-boot-1.39.0\language-server\BOOT-INF\classes\application.properties org.springframework.ide.vscode.boot.app.BootLanguageServerBootApp

Host: 11th Gen Intel(R) Core(TM) i7-1165G7 @ 2.80GHz, 8 cores, 7G,  Windows 10 , 64 bit Build 19041 (10.0.19041.1889)
Time: Mon Sep 26 14:23:48 2022 Hora est. Pacífico, Sudamérica elapsed time: 3.578450 seconds (0d 0h 0m 3s)

---------------  T H R E A D  ---------------

Current thread (0x00000250edb72be0):  VMThread "VM Thread" [stack: 0x000000629db00000,0x000000629dc00000] [id=11004]

Stack: [0x000000629db00000,0x000000629dc00000]
Native frames: (J=compiled Java code, j=interpreted, Vv=VM code, C=native code)
V  [jvm.dll+0x67733a]
V  [jvm.dll+0x8323c4]
V  [jvm.dll+0x833b6e]
V  [jvm.dll+0x8341d3]
V  [jvm.dll+0x2455e5]
V  [jvm.dll+0x674229]
V  [jvm.dll+0x668ab2]
V  [jvm.dll+0x30458b]
V  [jvm.dll+0x30bad6]
V  [jvm.dll+0x35ba7e]
V  [jvm.dll+0x35bcaf]
V  [jvm.dll+0x2db428]
V  [jvm.dll+0x2d96dc]
V  [jvm.dll+0x2d8cac]
V  [jvm.dll+0x31cc0b]
V  [jvm.dll+0x83867b]
V  [jvm.dll+0x8393b4]
V  [jvm.dll+0x8398cc]
V  [jvm.dll+0x839ca4]
V  [jvm.dll+0x839d70]
V  [jvm.dll+0x7e245a]
V  [jvm.dll+0x6761c5]
C  [ucrtbase.dll+0x21bb2]
C  [KERNEL32.DLL+0x17034]
C  [ntdll.dll+0x526a1]

VM_Operation (0x000000629f4fdf60): G1CollectForAllocation, mode: safepoint, requested by thread 0x00000250f05747c0


---------------  P R O C E S S  ---------------

Threads class SMR info:
_java_thread_list=0x00000250f01fe680, length=43, elements={
0x00000250edb983e0, 0x00000250edb9b550, 0x00000250ee53a410, 0x00000250ee53adc0,
0x00000250ee53bf10, 0x00000250ee53e680, 0x00000250edbc36f0, 0x00000250edbcc0f0,
0x00000250ee741860, 0x00000250ee752230, 0x00000250ee7630c0, 0x00000250ee73efe0,
0x00000250ee742280, 0x00000250f02c0860, 0x00000250f02898d0, 0x00000250f05747c0,
0x00000250efe50570, 0x00000250f04b3050, 0x00000250effae7b0, 0x00000250f05a8d90,
0x00000250f05aab70, 0x00000250f05a9260, 0x00000250f05acd70, 0x00000250f05aba30,
0x00000250f05ad240, 0x00000250f05abf00, 0x00000250f05ab560, 0x00000250f05ad710,
0x00000250f05adbe0, 0x00000250f05aea50, 0x00000250f05ac3d0, 0x00000250f05ab090,
0x00000250f05ae0b0, 0x00000250f05ac8a0, 0x00000250f05ae580, 0x00000250f02cd300,
0x00000250f02cb620, 0x00000250f02cb150, 0x00000250f02c6df0, 0x00000250f02cac80,
0x00000250f02cdca0, 0x00000250f02cbaf0, 0x00000250f02c7790
}

Java Threads: ( => current thread )
  0x00000250edb983e0 JavaThread "Reference Handler" daemon [_thread_blocked, id=21824, stack(0x000000629dc00000,0x000000629dd00000)]
  0x00000250edb9b550 JavaThread "Finalizer" daemon [_thread_blocked, id=12312, stack(0x000000629dd00000,0x000000629de00000)]
  0x00000250ee53a410 JavaThread "Signal Dispatcher" daemon [_thread_blocked, id=12496, stack(0x000000629de00000,0x000000629df00000)]
  0x00000250ee53adc0 JavaThread "Attach Listener" daemon [_thread_blocked, id=29684, stack(0x000000629df00000,0x000000629e000000)]
  0x00000250ee53bf10 JavaThread "Service Thread" daemon [_thread_blocked, id=16852, stack(0x000000629e000000,0x000000629e100000)]
  0x00000250ee53e680 JavaThread "Monitor Deflation Thread" daemon [_thread_blocked, id=23516, stack(0x000000629e100000,0x000000629e200000)]
  0x00000250edbc36f0 JavaThread "C1 CompilerThread0" daemon [_thread_blocked, id=16928, stack(0x000000629e200000,0x000000629e300000)]
  0x00000250edbcc0f0 JavaThread "Sweeper thread" daemon [_thread_blocked, id=12956, stack(0x000000629e300000,0x000000629e400000)]
  0x00000250ee741860 JavaThread "C1 CompilerThread1" daemon [_thread_blocked, id=27312, stack(0x000000629e400000,0x000000629e500000)]
  0x00000250ee752230 JavaThread "Notification Thread" daemon [_thread_blocked, id=11436, stack(0x000000629e500000,0x000000629e600000)]
  0x00000250ee7630c0 JavaThread "Common-Cleaner" daemon [_thread_blocked, id=16760, stack(0x000000629e700000,0x000000629e800000)]
  0x00000250ee73efe0 JavaThread "C1 CompilerThread2" daemon [_thread_blocked, id=14720, stack(0x000000629e800000,0x000000629e900000)]
  0x00000250ee742280 JavaThread "C1 CompilerThread3" daemon [_thread_blocked, id=21756, stack(0x000000629e900000,0x000000629ea00000)]
  0x00000250f02c0860 JavaThread "boundedElastic-evictor-1" daemon [_thread_blocked, id=9000, stack(0x000000629f000000,0x000000629f100000)]
  0x00000250f02898d0 JavaThread "ForkJoinPool.commonPool-worker-1" daemon [_thread_blocked, id=25384, stack(0x000000629f300000,0x000000629f400000)]
  0x00000250f05747c0 JavaThread "ClassGraph-worker-0" daemon [_thread_blocked, id=26372, stack(0x000000629f400000,0x000000629f500000)]
  0x00000250efe50570 JavaThread "ClassGraph-worker-1" daemon [_thread_blocked, id=8916, stack(0x000000629f500000,0x000000629f600000)]
  0x00000250f04b3050 JavaThread "ClassGraph-worker-2" daemon [_thread_blocked, id=23772, stack(0x000000629f600000,0x000000629f700000)]
  0x00000250effae7b0 JavaThread "ClassGraph-worker-3" daemon [_thread_blocked, id=21548, stack(0x000000629f700000,0x000000629f800000)]
  0x00000250f05a8d90 JavaThread "ClassGraph-worker-4" daemon [_thread_blocked, id=27600, stack(0x000000629f800000,0x000000629f900000)]
  0x00000250f05aab70 JavaThread "ClassGraph-worker-5" daemon [_thread_blocked, id=22904, stack(0x000000629f900000,0x000000629fa00000)]
  0x00000250f05a9260 JavaThread "ClassGraph-worker-6" daemon [_thread_blocked, id=28664, stack(0x000000629fa00000,0x000000629fb00000)]
  0x00000250f05acd70 JavaThread "ClassGraph-worker-7" daemon [_thread_blocked, id=12652, stack(0x000000629fb00000,0x000000629fc00000)]
  0x00000250f05aba30 JavaThread "ClassGraph-worker-8" daemon [_thread_blocked, id=26840, stack(0x000000629fc00000,0x000000629fd00000)]
  0x00000250f05ad240 JavaThread "ClassGraph-worker-9" daemon [_thread_blocked, id=16568, stack(0x000000629fd00000,0x000000629fe00000)]
  0x00000250f05abf00 JavaThread "ClassGraph-worker-10" daemon [_thread_blocked, id=27868, stack(0x000000629fe00000,0x000000629ff00000)]
  0x00000250f05ab560 JavaThread "ClassGraph-worker-11" daemon [_thread_blocked, id=27700, stack(0x000000629ff00000,0x00000062a0000000)]
  0x00000250f05ad710 JavaThread "ClassGraph-worker-12" daemon [_thread_blocked, id=27728, stack(0x00000062a0000000,0x00000062a0100000)]
  0x00000250f05adbe0 JavaThread "ClassGraph-worker-13" daemon [_thread_blocked, id=14856, stack(0x00000062a0100000,0x00000062a0200000)]
  0x00000250f05aea50 JavaThread "pool-9-thread-1" [_thread_blocked, id=7476, stack(0x00000062a0200000,0x00000062a0300000)]
  0x00000250f05ac3d0 JavaThread "LanguageServerApp-lifecycle" [_thread_blocked, id=29280, stack(0x00000062a0300000,0x00000062a0400000)]
  0x00000250f05ab090 JavaThread "DestroyJavaVM" [_thread_blocked, id=18384, stack(0x000000629d500000,0x000000629d600000)]
  0x00000250f05ae0b0 JavaThread "pool-10-thread-1" [_thread_in_native, id=28872, stack(0x00000062a0500000,0x00000062a0600000)]
  0x00000250f05ac8a0 JavaThread "Simple-Language-Server main thread" daemon [_thread_blocked, id=17912, stack(0x00000062a0600000,0x00000062a0700000)]
  0x00000250f05ae580 JavaThread "pool-7-thread-1" [_thread_blocked, id=21488, stack(0x00000062a0700000,0x00000062a0800000)]
  0x00000250f02cd300 JavaThread "parallel-1" daemon [_thread_blocked, id=4852, stack(0x00000062a0800000,0x00000062a0900000)]
  0x00000250f02cb620 JavaThread "parallel-2" daemon [_thread_blocked, id=24716, stack(0x00000062a0900000,0x00000062a0a00000)]
  0x00000250f02cb150 JavaThread "parallel-3" daemon [_thread_blocked, id=29604, stack(0x00000062a0a00000,0x00000062a0b00000)]
  0x00000250f02c6df0 JavaThread "pool-4-thread-1" [_thread_blocked, id=23824, stack(0x00000062a0b00000,0x00000062a0c00000)]
  0x00000250f02cac80 JavaThread "ForkJoinPool.commonPool-worker-2" daemon [_thread_blocked, id=19516, stack(0x00000062a0c00000,0x00000062a0d00000)]
  0x00000250f02cdca0 JavaThread "pool-4-thread-2" [_thread_blocked, id=22672, stack(0x00000062a0d00000,0x00000062a0e00000)]
  0x00000250f02cbaf0 JavaThread "parallel-4" daemon [_thread_blocked, id=21020, stack(0x00000062a0e00000,0x00000062a0f00000)]
  0x00000250f02c7790 JavaThread "Reconciler-1" daemon [_thread_blocked, id=30448, stack(0x00000062a0f00000,0x00000062a1000000)]

Other Threads:
=>0x00000250edb72be0 VMThread "VM Thread" [stack: 0x000000629db00000,0x000000629dc00000] [id=11004]
  0x00000250ee753520 WatcherThread [stack: 0x000000629e600000,0x000000629e700000] [id=21536]
  0x00000250e0a9daa0 GCTaskThread "GC Thread#0" [stack: 0x000000629d600000,0x000000629d700000] [id=28704]
  0x00000250eefe4eb0 GCTaskThread "GC Thread#1" [stack: 0x000000629ea00000,0x000000629eb00000] [id=22972]
  0x00000250ef0e3490 GCTaskThread "GC Thread#2" [stack: 0x000000629eb00000,0x000000629ec00000] [id=23852]
  0x00000250ef0e3d60 GCTaskThread "GC Thread#3" [stack: 0x000000629ec00000,0x000000629ed00000] [id=17704]
  0x00000250ef0e4010 GCTaskThread "GC Thread#4" [stack: 0x000000629ed00000,0x000000629ee00000] [id=25396]
  0x00000250ef0e82d0 GCTaskThread "GC Thread#5" [stack: 0x000000629ee00000,0x000000629ef00000] [id=15776]
  0x00000250ef0e8d90 GCTaskThread "GC Thread#6" [stack: 0x000000629ef00000,0x000000629f000000] [id=24164]
  0x00000250efdfedc0 GCTaskThread "GC Thread#7" [stack: 0x000000629f100000,0x000000629f200000] [id=15964]
  0x00000250e0aaf1f0 ConcurrentGCThread "G1 Main Marker" [stack: 0x000000629d700000,0x000000629d800000] [id=10856]
  0x00000250e0ab1b20 ConcurrentGCThread "G1 Conc#0" [stack: 0x000000629d800000,0x000000629d900000] [id=18400]
  0x00000250eff36260 ConcurrentGCThread "G1 Conc#1" [stack: 0x000000629f200000,0x000000629f300000] [id=9112]
  0x00000250ed9e0090 ConcurrentGCThread "G1 Refine#0" [stack: 0x000000629d900000,0x000000629da00000] [id=9980]
  0x00000250f034b080 ConcurrentGCThread "G1 Refine#1" [stack: 0x00000062a0400000,0x00000062a0500000] [id=17636]
  0x00000250ed9e09b0 ConcurrentGCThread "G1 Service" [stack: 0x000000629da00000,0x000000629db00000] [id=12128]

Threads with active compile tasks:

VM state: at safepoint (normal execution)

VM Mutex/Monitor currently owned by a thread:  ([mutex/lock_event])
[0x00000250de8890f0] Threads_lock - owner thread: 0x00000250edb72be0
[0x00000250e0a449a0] Heap_lock - owner thread: 0x00000250f05747c0

Heap address: 0x0000000085800000, size: 1960 MB, Compressed Oops mode: 32-bit

CDS archive(s) not mapped
Compressed class space mapped at: 0x0000000100000000-0x0000000140000000, reserved size: 1073741824
Narrow klass base: 0x0000000000000000, Narrow klass shift: 3, Narrow klass range: 0x140000000

GC Precious Log:
 CPUs: 8 total, 8 available
 Memory: 7834M
 Large Page Support: Disabled
 NUMA Support: Disabled
 Compressed Oops: Enabled (32-bit)
 Heap Region Size: 1M
 Heap Min Capacity: 8M
 Heap Initial Capacity: 124M
 Heap Max Capacity: 1960M
 Pre-touch: Disabled
 Parallel Workers: 8
 Concurrent Workers: 2
 Concurrent Refinement Workers: 8
 Periodic GC: Disabled

Heap:
 garbage-first heap   total 234496K, used 78265K [0x0000000085800000, 0x0000000100000000)
  region size 1024K, 11 young (11264K), 11 survivors (11264K)
 Metaspace       used 37530K, committed 37888K, reserved 1089536K
  class space    used 4848K, committed 4992K, reserved 1048576K

Heap Regions: E=young(eden), S=young(survivor), O=old, HS=humongous(starts), HC=humongous(continues), CS=collection set, F=free, OA=open archive, CA=closed archive, TAMS=top-at-mark-start (previous, next)
|   0|0x0000000085800000, 0x0000000085900000, 0x0000000085900000|100%| O|  |TAMS 0x0000000085900000, 0x0000000085900000| Untracked 
|   1|0x0000000085900000, 0x0000000085a00000, 0x0000000085a00000|100%| O|  |TAMS 0x0000000085a00000, 0x0000000085a00000| Untracked 
|   2|0x0000000085a00000, 0x0000000085b00000, 0x0000000085b00000|100%|HS|  |TAMS 0x0000000085a00000, 0x0000000085a00000| Complete 
|   3|0x0000000085b00000, 0x0000000085c00000, 0x0000000085c00000|100%| O|  |TAMS 0x0000000085c00000, 0x0000000085c00000| Untracked 
|   4|0x0000000085c00000, 0x0000000085d00000, 0x0000000085d00000|100%| O|  |TAMS 0x0000000085d00000, 0x0000000085d00000| Untracked 
|   5|0x0000000085d00000, 0x0000000085e00000, 0x0000000085e00000|100%| O|  |TAMS 0x0000000085e00000, 0x0000000085e00000| Untracked 
|   6|0x0000000085e00000, 0x0000000085f00000, 0x0000000085f00000|100%| O|  |TAMS 0x0000000085f00000, 0x0000000085f00000| Untracked 
|   7|0x0000000085f00000, 0x0000000086000000, 0x0000000086000000|100%| O|  |TAMS 0x0000000086000000, 0x0000000086000000| Untracked 
|   8|0x0000000086000000, 0x00000000860bdc00, 0x0000000086100000| 74%| O|  |TAMS 0x00000000860bdc00, 0x00000000860bdc00| Untracked 
|   9|0x0000000086100000, 0x0000000086200000, 0x0000000086200000|100%| O|  |TAMS 0x0000000086200000, 0x0000000086200000| Untracked 
|  10|0x0000000086200000, 0x0000000086300000, 0x0000000086300000|100%| O|  |TAMS 0x0000000086300000, 0x0000000086300000| Untracked 
|  11|0x0000000086300000, 0x0000000086400000, 0x0000000086400000|100%| O|  |TAMS 0x0000000086400000, 0x0000000086400000| Untracked 
|  12|0x0000000086400000, 0x0000000086500000, 0x0000000086500000|100%| O|  |TAMS 0x0000000086500000, 0x0000000086500000| Untracked 
|  13|0x0000000086500000, 0x0000000086600000, 0x0000000086600000|100%| O|  |TAMS 0x0000000086600000, 0x0000000086600000| Untracked 
|  14|0x0000000086600000, 0x0000000086700000, 0x0000000086700000|100%| O|  |TAMS 0x0000000086700000, 0x0000000086700000| Untracked 
|  15|0x0000000086700000, 0x0000000086800000, 0x0000000086800000|100%| O|  |TAMS 0x0000000086800000, 0x0000000086800000| Untracked 
|  16|0x0000000086800000, 0x0000000086900000, 0x0000000086900000|100%| O|  |TAMS 0x0000000086900000, 0x0000000086900000| Untracked 
|  17|0x0000000086900000, 0x0000000086a00000, 0x0000000086a00000|100%| O|  |TAMS 0x0000000086a00000, 0x0000000086a00000| Untracked 
|  18|0x0000000086a00000, 0x0000000086b00000, 0x0000000086b00000|100%| O|  |TAMS 0x0000000086b00000, 0x0000000086b00000| Untracked 
|  19|0x0000000086b00000, 0x0000000086c00000, 0x0000000086c00000|100%| O|  |TAMS 0x0000000086c00000, 0x0000000086c00000| Untracked 
|  20|0x0000000086c00000, 0x0000000086d00000, 0x0000000086d00000|100%| O|  |TAMS 0x0000000086d00000, 0x0000000086d00000| Untracked 
|  21|0x0000000086d00000, 0x0000000086e00000, 0x0000000086e00000|100%| O|  |TAMS 0x0000000086e00000, 0x0000000086e00000| Untracked 
|  22|0x0000000086e00000, 0x0000000086f00000, 0x0000000086f00000|100%| O|  |TAMS 0x0000000086f00000, 0x0000000086f00000| Untracked 
|  23|0x0000000086f00000, 0x0000000087000000, 0x0000000087000000|100%| O|  |TAMS 0x0000000087000000, 0x0000000087000000| Untracked 
|  24|0x0000000087000000, 0x0000000087100000, 0x0000000087100000|100%| O|  |TAMS 0x0000000087100000, 0x0000000087100000| Untracked 
|  25|0x0000000087100000, 0x0000000087200000, 0x0000000087200000|100%| O|  |TAMS 0x0000000087200000, 0x0000000087200000| Untracked 
|  26|0x0000000087200000, 0x0000000087300000, 0x0000000087300000|100%| O|  |TAMS 0x0000000087300000, 0x0000000087300000| Untracked 
|  27|0x0000000087300000, 0x0000000087400000, 0x0000000087400000|100%| O|  |TAMS 0x0000000087400000, 0x0000000087400000| Untracked 
|  28|0x0000000087400000, 0x0000000087500000, 0x0000000087500000|100%| O|  |TAMS 0x0000000087500000, 0x0000000087500000| Untracked 
|  29|0x0000000087500000, 0x0000000087600000, 0x0000000087600000|100%| O|  |TAMS 0x0000000087600000, 0x0000000087600000| Untracked 
|  30|0x0000000087600000, 0x0000000087700000, 0x0000000087700000|100%| O|  |TAMS 0x0000000087700000, 0x0000000087700000| Untracked 
|  31|0x0000000087700000, 0x0000000087800000, 0x0000000087800000|100%| O|  |TAMS 0x0000000087800000, 0x0000000087800000| Untracked 
|  32|0x0000000087800000, 0x0000000087900000, 0x0000000087900000|100%| O|  |TAMS 0x0000000087900000, 0x0000000087900000| Untracked 
|  33|0x0000000087900000, 0x0000000087a00000, 0x0000000087a00000|100%| O|  |TAMS 0x0000000087a00000, 0x0000000087a00000| Untracked 
|  34|0x0000000087a00000, 0x0000000087b00000, 0x0000000087b00000|100%| O|  |TAMS 0x0000000087b00000, 0x0000000087b00000| Untracked 
|  35|0x0000000087b00000, 0x0000000087c00000, 0x0000000087c00000|100%| O|  |TAMS 0x0000000087b93000, 0x0000000087c00000| Untracked 
|  36|0x0000000087c00000, 0x0000000087d00000, 0x0000000087d00000|100%| O|  |TAMS 0x0000000087c00000, 0x0000000087d00000| Untracked 
|  37|0x0000000087d00000, 0x0000000087e00000, 0x0000000087e00000|100%| O|  |TAMS 0x0000000087d00000, 0x0000000087e00000| Untracked 
|  38|0x0000000087e00000, 0x0000000087f00000, 0x0000000087f00000|100%| O|  |TAMS 0x0000000087e00000, 0x0000000087f00000| Untracked 
|  39|0x0000000087f00000, 0x0000000088000000, 0x0000000088000000|100%| O|  |TAMS 0x0000000087f00000, 0x0000000088000000| Untracked 
|  40|0x0000000088000000, 0x0000000088100000, 0x0000000088100000|100%| O|  |TAMS 0x0000000088000000, 0x0000000088100000| Untracked 
|  41|0x0000000088100000, 0x0000000088200000, 0x0000000088200000|100%| O|  |TAMS 0x0000000088100000, 0x0000000088200000| Untracked 
|  42|0x0000000088200000, 0x0000000088300000, 0x0000000088300000|100%| O|  |TAMS 0x0000000088200000, 0x0000000088300000| Untracked 
|  43|0x0000000088300000, 0x0000000088400000, 0x0000000088400000|100%|HS|  |TAMS 0x0000000088300000, 0x0000000088400000| Complete 
|  44|0x0000000088400000, 0x0000000088500000, 0x0000000088500000|100%| O|  |TAMS 0x0000000088400000, 0x0000000088500000| Untracked 
|  45|0x0000000088500000, 0x0000000088600000, 0x0000000088600000|100%| O|  |TAMS 0x0000000088500000, 0x0000000088600000| Untracked 
|  46|0x0000000088600000, 0x0000000088700000, 0x0000000088700000|100%| O|  |TAMS 0x0000000088600000, 0x0000000088700000| Untracked 
|  47|0x0000000088700000, 0x0000000088800000, 0x0000000088800000|100%| O|  |TAMS 0x0000000088700000, 0x0000000088800000| Untracked 
|  48|0x0000000088800000, 0x0000000088900000, 0x0000000088900000|100%| O|  |TAMS 0x0000000088800000, 0x0000000088900000| Untracked 
|  49|0x0000000088900000, 0x0000000088a00000, 0x0000000088a00000|100%| O|  |TAMS 0x0000000088900000, 0x0000000088a00000| Untracked 
|  50|0x0000000088a00000, 0x0000000088b00000, 0x0000000088b00000|100%| O|  |TAMS 0x0000000088a00000, 0x0000000088b00000| Untracked 
|  51|0x0000000088b00000, 0x0000000088c00000, 0x0000000088c00000|100%| O|  |TAMS 0x0000000088b00000, 0x0000000088c00000| Untracked 
|  52|0x0000000088c00000, 0x0000000088d00000, 0x0000000088d00000|100%| O|  |TAMS 0x0000000088c00000, 0x0000000088d00000| Untracked 
|  53|0x0000000088d00000, 0x0000000088e00000, 0x0000000088e00000|100%| O|  |TAMS 0x0000000088d00000, 0x0000000088e00000| Untracked 
|  54|0x0000000088e00000, 0x0000000088f00000, 0x0000000088f00000|100%| O|  |TAMS 0x0000000088e00000, 0x0000000088f00000| Untracked 
|  55|0x0000000088f00000, 0x0000000089000000, 0x0000000089000000|100%| O|  |TAMS 0x0000000088f00000, 0x0000000089000000| Untracked 
|  56|0x0000000089000000, 0x0000000089100000, 0x0000000089100000|100%| O|  |TAMS 0x0000000089000000, 0x0000000089100000| Untracked 
|  57|0x0000000089100000, 0x0000000089200000, 0x0000000089200000|100%| O|  |TAMS 0x0000000089100000, 0x0000000089200000| Untracked 
|  58|0x0000000089200000, 0x0000000089300000, 0x0000000089300000|100%| O|  |TAMS 0x0000000089200000, 0x0000000089233c00| Untracked 
|  59|0x0000000089300000, 0x0000000089400000, 0x0000000089400000|100%| O|  |TAMS 0x0000000089300000, 0x0000000089300000| Untracked 
|  60|0x0000000089400000, 0x0000000089500000, 0x0000000089500000|100%| O|  |TAMS 0x0000000089400000, 0x0000000089400000| Untracked 
|  61|0x0000000089500000, 0x0000000089600000, 0x0000000089600000|100%| O|  |TAMS 0x0000000089500000, 0x0000000089500000| Untracked 
|  62|0x0000000089600000, 0x0000000089700000, 0x0000000089700000|100%| O|  |TAMS 0x0000000089600000, 0x0000000089600000| Untracked 
|  63|0x0000000089700000, 0x0000000089800000, 0x0000000089800000|100%| O|  |TAMS 0x0000000089700000, 0x0000000089700000| Untracked 
|  64|0x0000000089800000, 0x0000000089900000, 0x0000000089900000|100%| O|  |TAMS 0x0000000089800000, 0x0000000089800000| Untracked 
|  65|0x0000000089900000, 0x0000000089a00000, 0x0000000089a00000|100%| O|  |TAMS 0x0000000089900000, 0x0000000089900000| Untracked 
|  66|0x0000000089a00000, 0x0000000089a41e00, 0x0000000089b00000| 25%| O|  |TAMS 0x0000000089a00000, 0x0000000089a00000| Untracked 
|  67|0x0000000089b00000, 0x0000000089b00000, 0x0000000089c00000|  0%| F|  |TAMS 0x0000000089b00000, 0x0000000089b00000| Untracked 
|  68|0x0000000089c00000, 0x0000000089c00000, 0x0000000089d00000|  0%| F|  |TAMS 0x0000000089c00000, 0x0000000089c00000| Untracked 
|  69|0x0000000089d00000, 0x0000000089d00000, 0x0000000089e00000|  0%| F|  |TAMS 0x0000000089d00000, 0x0000000089d00000| Untracked 
|  70|0x0000000089e00000, 0x0000000089e00000, 0x0000000089f00000|  0%| F|  |TAMS 0x0000000089e00000, 0x0000000089e00000| Untracked 
|  71|0x0000000089f00000, 0x0000000089f00000, 0x000000008a000000|  0%| F|  |TAMS 0x0000000089f00000, 0x0000000089f00000| Untracked 
|  72|0x000000008a000000, 0x000000008a000000, 0x000000008a100000|  0%| F|  |TAMS 0x000000008a000000, 0x000000008a000000| Untracked 
|  73|0x000000008a100000, 0x000000008a100000, 0x000000008a200000|  0%| F|  |TAMS 0x000000008a100000, 0x000000008a100000| Untracked 
|  74|0x000000008a200000, 0x000000008a200000, 0x000000008a300000|  0%| F|  |TAMS 0x000000008a200000, 0x000000008a200000| Untracked 
|  75|0x000000008a300000, 0x000000008a300000, 0x000000008a400000|  0%| F|  |TAMS 0x000000008a300000, 0x000000008a300000| Untracked 
|  76|0x000000008a400000, 0x000000008a400000, 0x000000008a500000|  0%| F|  |TAMS 0x000000008a400000, 0x000000008a400000| Untracked 
|  77|0x000000008a500000, 0x000000008a500000, 0x000000008a600000|  0%| F|  |TAMS 0x000000008a500000, 0x000000008a500000| Untracked 
|  78|0x000000008a600000, 0x000000008a600000, 0x000000008a700000|  0%| F|  |TAMS 0x000000008a600000, 0x000000008a600000| Untracked 
|  79|0x000000008a700000, 0x000000008a700000, 0x000000008a800000|  0%| F|  |TAMS 0x000000008a700000, 0x000000008a700000| Untracked 
|  80|0x000000008a800000, 0x000000008a800000, 0x000000008a900000|  0%| F|  |TAMS 0x000000008a800000, 0x000000008a800000| Untracked 
|  81|0x000000008a900000, 0x000000008a900000, 0x000000008aa00000|  0%| F|  |TAMS 0x000000008a900000, 0x000000008a900000| Untracked 
|  82|0x000000008aa00000, 0x000000008aa00000, 0x000000008ab00000|  0%| F|  |TAMS 0x000000008aa00000, 0x000000008aa00000| Untracked 
|  83|0x000000008ab00000, 0x000000008ab00000, 0x000000008ac00000|  0%| F|  |TAMS 0x000000008ab00000, 0x000000008ab00000| Untracked 
|  84|0x000000008ac00000, 0x000000008ac00000, 0x000000008ad00000|  0%| F|  |TAMS 0x000000008ac00000, 0x000000008ac00000| Untracked 
|  85|0x000000008ad00000, 0x000000008ad00000, 0x000000008ae00000|  0%| F|  |TAMS 0x000000008ad00000, 0x000000008ad00000| Untracked 
|  86|0x000000008ae00000, 0x000000008ae00000, 0x000000008af00000|  0%| F|  |TAMS 0x000000008ae00000, 0x000000008ae00000| Untracked 
|  87|0x000000008af00000, 0x000000008af00000, 0x000000008b000000|  0%| F|  |TAMS 0x000000008af00000, 0x000000008af00000| Untracked 
|  88|0x000000008b000000, 0x000000008b000000, 0x000000008b100000|  0%| F|  |TAMS 0x000000008b000000, 0x000000008b000000| Untracked 
|  89|0x000000008b100000, 0x000000008b100000, 0x000000008b200000|  0%| F|  |TAMS 0x000000008b100000, 0x000000008b100000| Untracked 
|  90|0x000000008b200000, 0x000000008b200000, 0x000000008b300000|  0%| F|  |TAMS 0x000000008b200000, 0x000000008b200000| Untracked 
|  91|0x000000008b300000, 0x000000008b300000, 0x000000008b400000|  0%| F|  |TAMS 0x000000008b300000, 0x000000008b300000| Untracked 
|  92|0x000000008b400000, 0x000000008b400000, 0x000000008b500000|  0%| F|  |TAMS 0x000000008b400000, 0x000000008b400000| Untracked 
|  93|0x000000008b500000, 0x000000008b500000, 0x000000008b600000|  0%| F|  |TAMS 0x000000008b500000, 0x000000008b500000| Untracked 
|  94|0x000000008b600000, 0x000000008b600000, 0x000000008b700000|  0%| F|  |TAMS 0x000000008b600000, 0x000000008b600000| Untracked 
|  95|0x000000008b700000, 0x000000008b700000, 0x000000008b800000|  0%| F|  |TAMS 0x000000008b700000, 0x000000008b700000| Untracked 
|  96|0x000000008b800000, 0x000000008b800000, 0x000000008b900000|  0%| F|  |TAMS 0x000000008b800000, 0x000000008b800000| Untracked 
|  97|0x000000008b900000, 0x000000008b900000, 0x000000008ba00000|  0%| F|  |TAMS 0x000000008b900000, 0x000000008b900000| Untracked 
|  98|0x000000008ba00000, 0x000000008ba00000, 0x000000008bb00000|  0%| F|  |TAMS 0x000000008ba00000, 0x000000008ba00000| Untracked 
|  99|0x000000008bb00000, 0x000000008bb00000, 0x000000008bc00000|  0%| F|  |TAMS 0x000000008bb00000, 0x000000008bb00000| Untracked 
| 100|0x000000008bc00000, 0x000000008bc00000, 0x000000008bd00000|  0%| F|  |TAMS 0x000000008bc00000, 0x000000008bc00000| Untracked 
| 101|0x000000008bd00000, 0x000000008bd00000, 0x000000008be00000|  0%| F|  |TAMS 0x000000008bd00000, 0x000000008bd00000| Untracked 
| 102|0x000000008be00000, 0x000000008be00000, 0x000000008bf00000|  0%| F|  |TAMS 0x000000008be00000, 0x000000008be00000| Untracked 
| 103|0x000000008bf00000, 0x000000008bf00000, 0x000000008c000000|  0%| F|  |TAMS 0x000000008bf00000, 0x000000008bf00000| Untracked 
| 104|0x000000008c000000, 0x000000008c000000, 0x000000008c100000|  0%| F|  |TAMS 0x000000008c000000, 0x000000008c000000| Untracked 
| 105|0x000000008c100000, 0x000000008c100000, 0x000000008c200000|  0%| F|  |TAMS 0x000000008c100000, 0x000000008c100000| Untracked 
| 106|0x000000008c200000, 0x000000008c200000, 0x000000008c300000|  0%| F|  |TAMS 0x000000008c200000, 0x000000008c200000| Untracked 
| 107|0x000000008c300000, 0x000000008c300000, 0x000000008c400000|  0%| F|  |TAMS 0x000000008c300000, 0x000000008c300000| Untracked 
| 108|0x000000008c400000, 0x000000008c400000, 0x000000008c500000|  0%| F|  |TAMS 0x000000008c400000, 0x000000008c400000| Untracked 
| 109|0x000000008c500000, 0x000000008c500000, 0x000000008c600000|  0%| F|  |TAMS 0x000000008c500000, 0x000000008c500000| Untracked 
| 110|0x000000008c600000, 0x000000008c600000, 0x000000008c700000|  0%| F|  |TAMS 0x000000008c600000, 0x000000008c600000| Untracked 
| 111|0x000000008c700000, 0x000000008c700000, 0x000000008c800000|  0%| F|  |TAMS 0x000000008c700000, 0x000000008c700000| Untracked 
| 112|0x000000008c800000, 0x000000008c800000, 0x000000008c900000|  0%| F|  |TAMS 0x000000008c800000, 0x000000008c800000| Untracked 
| 113|0x000000008c900000, 0x000000008c900000, 0x000000008ca00000|  0%| F|  |TAMS 0x000000008c900000, 0x000000008c900000| Untracked 
| 114|0x000000008ca00000, 0x000000008ca00000, 0x000000008cb00000|  0%| F|  |TAMS 0x000000008ca00000, 0x000000008ca00000| Untracked 
| 115|0x000000008cb00000, 0x000000008cb6ea60, 0x000000008cc00000| 43%| S|CS|TAMS 0x000000008cb00000, 0x000000008cb00000| Complete 
| 116|0x000000008cc00000, 0x000000008cd00000, 0x000000008cd00000|100%| S|CS|TAMS 0x000000008cc00000, 0x000000008cc00000| Complete 
| 117|0x000000008cd00000, 0x000000008ce00000, 0x000000008ce00000|100%| S|CS|TAMS 0x000000008cd00000, 0x000000008cd00000| Complete 
| 118|0x000000008ce00000, 0x000000008cf00000, 0x000000008cf00000|100%| S|CS|TAMS 0x000000008ce00000, 0x000000008ce00000| Complete 
| 119|0x000000008cf00000, 0x000000008d000000, 0x000000008d000000|100%| S|CS|TAMS 0x000000008cf00000, 0x000000008cf00000| Complete 
| 120|0x000000008d000000, 0x000000008d100000, 0x000000008d100000|100%| S|CS|TAMS 0x000000008d000000, 0x000000008d000000| Complete 
| 121|0x000000008d100000, 0x000000008d200000, 0x000000008d200000|100%| S|CS|TAMS 0x000000008d100000, 0x000000008d100000| Complete 
| 122|0x000000008d200000, 0x000000008d300000, 0x000000008d300000|100%| S|CS|TAMS 0x000000008d200000, 0x000000008d200000| Complete 
| 123|0x000000008d300000, 0x000000008d400000, 0x000000008d400000|100%| S|CS|TAMS 0x000000008d300000, 0x000000008d300000| Complete 
| 124|0x000000008d400000, 0x000000008d500000, 0x000000008d500000|100%| S|CS|TAMS 0x000000008d400000, 0x000000008d400000| Complete 
| 125|0x000000008d500000, 0x000000008d600000, 0x000000008d600000|100%| S|CS|TAMS 0x000000008d500000, 0x000000008d500000| Complete 
| 126|0x000000008d600000, 0x000000008d600000, 0x000000008d700000|  0%| F|  |TAMS 0x000000008d600000, 0x000000008d600000| Untracked 
| 127|0x000000008d700000, 0x000000008d700000, 0x000000008d800000|  0%| F|  |TAMS 0x000000008d700000, 0x000000008d700000| Untracked 
| 128|0x000000008d800000, 0x000000008d800000, 0x000000008d900000|  0%| F|  |TAMS 0x000000008d800000, 0x000000008d800000| Untracked 
| 129|0x000000008d900000, 0x000000008d900000, 0x000000008da00000|  0%| F|  |TAMS 0x000000008d900000, 0x000000008d900000| Untracked 
| 130|0x000000008da00000, 0x000000008da00000, 0x000000008db00000|  0%| F|  |TAMS 0x000000008da00000, 0x000000008da00000| Untracked 
| 131|0x000000008db00000, 0x000000008db00000, 0x000000008dc00000|  0%| F|  |TAMS 0x000000008db00000, 0x000000008db00000| Untracked 
| 132|0x000000008dc00000, 0x000000008dc00000, 0x000000008dd00000|  0%| F|  |TAMS 0x000000008dc00000, 0x000000008dc00000| Untracked 
| 133|0x000000008dd00000, 0x000000008dd00000, 0x000000008de00000|  0%| F|  |TAMS 0x000000008dd00000, 0x000000008dd00000| Untracked 
| 134|0x000000008de00000, 0x000000008de00000, 0x000000008df00000|  0%| F|  |TAMS 0x000000008de00000, 0x000000008de00000| Untracked 
| 135|0x000000008df00000, 0x000000008df00000, 0x000000008e000000|  0%| F|  |TAMS 0x000000008df00000, 0x000000008df00000| Untracked 
| 136|0x000000008e000000, 0x000000008e000000, 0x000000008e100000|  0%| F|  |TAMS 0x000000008e000000, 0x000000008e000000| Untracked 
| 137|0x000000008e100000, 0x000000008e100000, 0x000000008e200000|  0%| F|  |TAMS 0x000000008e100000, 0x000000008e100000| Untracked 
| 138|0x000000008e200000, 0x000000008e200000, 0x000000008e300000|  0%| F|  |TAMS 0x000000008e200000, 0x000000008e200000| Untracked 
| 139|0x000000008e300000, 0x000000008e300000, 0x000000008e400000|  0%| F|  |TAMS 0x000000008e300000, 0x000000008e300000| Untracked 
| 140|0x000000008e400000, 0x000000008e400000, 0x000000008e500000|  0%| F|  |TAMS 0x000000008e400000, 0x000000008e400000| Untracked 
| 141|0x000000008e500000, 0x000000008e500000, 0x000000008e600000|  0%| F|  |TAMS 0x000000008e500000, 0x000000008e500000| Untracked 
| 142|0x000000008e600000, 0x000000008e600000, 0x000000008e700000|  0%| F|  |TAMS 0x000000008e600000, 0x000000008e600000| Untracked 
| 143|0x000000008e700000, 0x000000008e700000, 0x000000008e800000|  0%| F|  |TAMS 0x000000008e700000, 0x000000008e700000| Untracked 
| 144|0x000000008e800000, 0x000000008e800000, 0x000000008e900000|  0%| F|  |TAMS 0x000000008e800000, 0x000000008e800000| Untracked 
| 145|0x000000008e900000, 0x000000008e900000, 0x000000008ea00000|  0%| F|  |TAMS 0x000000008e900000, 0x000000008e900000| Untracked 
| 146|0x000000008ea00000, 0x000000008ea00000, 0x000000008eb00000|  0%| F|  |TAMS 0x000000008ea00000, 0x000000008ea00000| Untracked 
| 147|0x000000008eb00000, 0x000000008eb00000, 0x000000008ec00000|  0%| F|  |TAMS 0x000000008eb00000, 0x000000008eb00000| Untracked 
| 148|0x000000008ec00000, 0x000000008ec00000, 0x000000008ed00000|  0%| F|  |TAMS 0x000000008ec00000, 0x000000008ec00000| Untracked 
| 149|0x000000008ed00000, 0x000000008ed00000, 0x000000008ee00000|  0%| F|  |TAMS 0x000000008ed00000, 0x000000008ed00000| Untracked 
| 150|0x000000008ee00000, 0x000000008ee00000, 0x000000008ef00000|  0%| F|  |TAMS 0x000000008ee00000, 0x000000008ee00000| Untracked 
| 151|0x000000008ef00000, 0x000000008ef00000, 0x000000008f000000|  0%| F|  |TAMS 0x000000008ef00000, 0x000000008ef00000| Untracked 
| 152|0x000000008f000000, 0x000000008f000000, 0x000000008f100000|  0%| F|  |TAMS 0x000000008f000000, 0x000000008f000000| Untracked 
| 153|0x000000008f100000, 0x000000008f100000, 0x000000008f200000|  0%| F|  |TAMS 0x000000008f100000, 0x000000008f100000| Untracked 
| 154|0x000000008f200000, 0x000000008f200000, 0x000000008f300000|  0%| F|  |TAMS 0x000000008f200000, 0x000000008f200000| Untracked 
| 155|0x000000008f300000, 0x000000008f300000, 0x000000008f400000|  0%| F|  |TAMS 0x000000008f300000, 0x000000008f300000| Untracked 
| 156|0x000000008f400000, 0x000000008f400000, 0x000000008f500000|  0%| F|  |TAMS 0x000000008f400000, 0x000000008f400000| Untracked 
| 157|0x000000008f500000, 0x000000008f500000, 0x000000008f600000|  0%| F|  |TAMS 0x000000008f500000, 0x000000008f500000| Untracked 
| 158|0x000000008f600000, 0x000000008f600000, 0x000000008f700000|  0%| F|  |TAMS 0x000000008f600000, 0x000000008f600000| Untracked 
| 159|0x000000008f700000, 0x000000008f700000, 0x000000008f800000|  0%| F|  |TAMS 0x000000008f700000, 0x000000008f700000| Untracked 
| 160|0x000000008f800000, 0x000000008f800000, 0x000000008f900000|  0%| F|  |TAMS 0x000000008f800000, 0x000000008f800000| Untracked 
| 161|0x000000008f900000, 0x000000008f900000, 0x000000008fa00000|  0%| F|  |TAMS 0x000000008f900000, 0x000000008f900000| Untracked 
| 162|0x000000008fa00000, 0x000000008fa00000, 0x000000008fb00000|  0%| F|  |TAMS 0x000000008fa00000, 0x000000008fa00000| Untracked 
| 163|0x000000008fb00000, 0x000000008fb00000, 0x000000008fc00000|  0%| F|  |TAMS 0x000000008fb00000, 0x000000008fb00000| Untracked 
| 164|0x000000008fc00000, 0x000000008fc00000, 0x000000008fd00000|  0%| F|  |TAMS 0x000000008fc00000, 0x000000008fc00000| Untracked 
| 165|0x000000008fd00000, 0x000000008fd00000, 0x000000008fe00000|  0%| F|  |TAMS 0x000000008fd00000, 0x000000008fd00000| Untracked 
| 166|0x000000008fe00000, 0x000000008fe00000, 0x000000008ff00000|  0%| F|  |TAMS 0x000000008fe00000, 0x000000008fe00000| Untracked 
| 167|0x000000008ff00000, 0x000000008ff00000, 0x0000000090000000|  0%| F|  |TAMS 0x000000008ff00000, 0x000000008ff00000| Untracked 
| 168|0x0000000090000000, 0x0000000090000000, 0x0000000090100000|  0%| F|  |TAMS 0x0000000090000000, 0x0000000090000000| Untracked 
| 169|0x0000000090100000, 0x0000000090100000, 0x0000000090200000|  0%| F|  |TAMS 0x0000000090100000, 0x0000000090100000| Untracked 
| 170|0x0000000090200000, 0x0000000090200000, 0x0000000090300000|  0%| F|  |TAMS 0x0000000090200000, 0x0000000090200000| Untracked 
| 171|0x0000000090300000, 0x0000000090300000, 0x0000000090400000|  0%| F|  |TAMS 0x0000000090300000, 0x0000000090300000| Untracked 
| 172|0x0000000090400000, 0x0000000090400000, 0x0000000090500000|  0%| F|  |TAMS 0x0000000090400000, 0x0000000090400000| Untracked 
| 173|0x0000000090500000, 0x0000000090500000, 0x0000000090600000|  0%| F|  |TAMS 0x0000000090500000, 0x0000000090500000| Untracked 
| 174|0x0000000090600000, 0x0000000090600000, 0x0000000090700000|  0%| F|  |TAMS 0x0000000090600000, 0x0000000090600000| Untracked 
| 175|0x0000000090700000, 0x0000000090700000, 0x0000000090800000|  0%| F|  |TAMS 0x0000000090700000, 0x0000000090700000| Untracked 
| 176|0x0000000090800000, 0x0000000090800000, 0x0000000090900000|  0%| F|  |TAMS 0x0000000090800000, 0x0000000090800000| Untracked 
| 177|0x0000000090900000, 0x0000000090900000, 0x0000000090a00000|  0%| F|  |TAMS 0x0000000090900000, 0x0000000090900000| Untracked 
| 178|0x0000000090a00000, 0x0000000090a00000, 0x0000000090b00000|  0%| F|  |TAMS 0x0000000090a00000, 0x0000000090a00000| Untracked 
| 179|0x0000000090b00000, 0x0000000090b00000, 0x0000000090c00000|  0%| F|  |TAMS 0x0000000090b00000, 0x0000000090b00000| Untracked 
| 180|0x0000000090c00000, 0x0000000090c00000, 0x0000000090d00000|  0%| F|  |TAMS 0x0000000090c00000, 0x0000000090c00000| Untracked 
| 181|0x0000000090d00000, 0x0000000090d00000, 0x0000000090e00000|  0%| F|  |TAMS 0x0000000090d00000, 0x0000000090d00000| Untracked 
| 182|0x0000000090e00000, 0x0000000090e00000, 0x0000000090f00000|  0%| F|  |TAMS 0x0000000090e00000, 0x0000000090e00000| Untracked 
| 183|0x0000000090f00000, 0x0000000090f00000, 0x0000000091000000|  0%| F|  |TAMS 0x0000000090f00000, 0x0000000090f00000| Untracked 
| 184|0x0000000091000000, 0x0000000091000000, 0x0000000091100000|  0%| F|  |TAMS 0x0000000091000000, 0x0000000091000000| Untracked 
| 185|0x0000000091100000, 0x0000000091100000, 0x0000000091200000|  0%| F|  |TAMS 0x0000000091100000, 0x0000000091100000| Untracked 
| 186|0x0000000091200000, 0x0000000091200000, 0x0000000091300000|  0%| F|  |TAMS 0x0000000091200000, 0x0000000091200000| Untracked 
| 187|0x0000000091300000, 0x0000000091300000, 0x0000000091400000|  0%| F|  |TAMS 0x0000000091300000, 0x0000000091300000| Untracked 
| 188|0x0000000091400000, 0x0000000091400000, 0x0000000091500000|  0%| F|  |TAMS 0x0000000091400000, 0x0000000091400000| Untracked 
| 189|0x0000000091500000, 0x0000000091500000, 0x0000000091600000|  0%| F|  |TAMS 0x0000000091500000, 0x0000000091500000| Untracked 
| 190|0x0000000091600000, 0x0000000091600000, 0x0000000091700000|  0%| F|  |TAMS 0x0000000091600000, 0x0000000091600000| Untracked 
| 191|0x0000000091700000, 0x0000000091700000, 0x0000000091800000|  0%| F|  |TAMS 0x0000000091700000, 0x0000000091700000| Untracked 
| 192|0x0000000091800000, 0x0000000091800000, 0x0000000091900000|  0%| F|  |TAMS 0x0000000091800000, 0x0000000091800000| Untracked 
| 193|0x0000000091900000, 0x0000000091900000, 0x0000000091a00000|  0%| F|  |TAMS 0x0000000091900000, 0x0000000091900000| Untracked 
| 194|0x0000000091a00000, 0x0000000091a00000, 0x0000000091b00000|  0%| F|  |TAMS 0x0000000091a00000, 0x0000000091a00000| Untracked 
| 195|0x0000000091b00000, 0x0000000091b00000, 0x0000000091c00000|  0%| F|  |TAMS 0x0000000091b00000, 0x0000000091b00000| Untracked 
| 196|0x0000000091c00000, 0x0000000091c00000, 0x0000000091d00000|  0%| F|  |TAMS 0x0000000091c00000, 0x0000000091c00000| Untracked 
| 197|0x0000000091d00000, 0x0000000091d00000, 0x0000000091e00000|  0%| F|  |TAMS 0x0000000091d00000, 0x0000000091d00000| Untracked 
| 198|0x0000000091e00000, 0x0000000091e00000, 0x0000000091f00000|  0%| F|  |TAMS 0x0000000091e00000, 0x0000000091e00000| Untracked 
| 199|0x0000000091f00000, 0x0000000091f00000, 0x0000000092000000|  0%| F|  |TAMS 0x0000000091f00000, 0x0000000091f00000| Untracked 
| 200|0x0000000092000000, 0x0000000092000000, 0x0000000092100000|  0%| F|  |TAMS 0x0000000092000000, 0x0000000092000000| Untracked 
| 201|0x0000000092100000, 0x0000000092100000, 0x0000000092200000|  0%| F|  |TAMS 0x0000000092100000, 0x0000000092100000| Untracked 
| 202|0x0000000092200000, 0x0000000092200000, 0x0000000092300000|  0%| F|  |TAMS 0x0000000092200000, 0x0000000092200000| Untracked 
| 203|0x0000000092300000, 0x0000000092300000, 0x0000000092400000|  0%| F|  |TAMS 0x0000000092300000, 0x0000000092300000| Untracked 
| 204|0x0000000092400000, 0x0000000092400000, 0x0000000092500000|  0%| F|  |TAMS 0x0000000092400000, 0x0000000092400000| Untracked 
| 205|0x0000000092500000, 0x0000000092500000, 0x0000000092600000|  0%| F|  |TAMS 0x0000000092500000, 0x0000000092500000| Untracked 
| 206|0x0000000092600000, 0x0000000092600000, 0x0000000092700000|  0%| F|  |TAMS 0x0000000092600000, 0x0000000092600000| Untracked 
| 207|0x0000000092700000, 0x0000000092700000, 0x0000000092800000|  0%| F|  |TAMS 0x0000000092700000, 0x0000000092700000| Untracked 
| 208|0x0000000092800000, 0x0000000092800000, 0x0000000092900000|  0%| F|  |TAMS 0x0000000092800000, 0x0000000092800000| Untracked 
| 209|0x0000000092900000, 0x0000000092900000, 0x0000000092a00000|  0%| F|  |TAMS 0x0000000092900000, 0x0000000092900000| Untracked 
| 210|0x0000000092a00000, 0x0000000092a00000, 0x0000000092b00000|  0%| F|  |TAMS 0x0000000092a00000, 0x0000000092a00000| Untracked 
| 211|0x0000000092b00000, 0x0000000092b00000, 0x0000000092c00000|  0%| F|  |TAMS 0x0000000092b00000, 0x0000000092b00000| Untracked 
| 212|0x0000000092c00000, 0x0000000092c00000, 0x0000000092d00000|  0%| F|  |TAMS 0x0000000092c00000, 0x0000000092c00000| Untracked 
| 213|0x0000000092d00000, 0x0000000092d00000, 0x0000000092e00000|  0%| F|  |TAMS 0x0000000092d00000, 0x0000000092d00000| Untracked 
| 214|0x0000000092e00000, 0x0000000092e00000, 0x0000000092f00000|  0%| F|  |TAMS 0x0000000092e00000, 0x0000000092e00000| Untracked 
| 215|0x0000000092f00000, 0x0000000092f00000, 0x0000000093000000|  0%| F|  |TAMS 0x0000000092f00000, 0x0000000092f00000| Untracked 
| 216|0x0000000093000000, 0x0000000093000000, 0x0000000093100000|  0%| F|  |TAMS 0x0000000093000000, 0x0000000093000000| Untracked 
| 217|0x0000000093100000, 0x0000000093100000, 0x0000000093200000|  0%| F|  |TAMS 0x0000000093100000, 0x0000000093100000| Untracked 
| 218|0x0000000093200000, 0x0000000093200000, 0x0000000093300000|  0%| F|  |TAMS 0x0000000093200000, 0x0000000093200000| Untracked 
| 219|0x0000000093300000, 0x0000000093300000, 0x0000000093400000|  0%| F|  |TAMS 0x0000000093300000, 0x0000000093300000| Untracked 
| 220|0x0000000093400000, 0x0000000093400000, 0x0000000093500000|  0%| F|  |TAMS 0x0000000093400000, 0x0000000093400000| Untracked 
| 221|0x0000000093500000, 0x0000000093500000, 0x0000000093600000|  0%| F|  |TAMS 0x0000000093500000, 0x0000000093500000| Untracked 
| 222|0x0000000093600000, 0x0000000093600000, 0x0000000093700000|  0%| F|  |TAMS 0x0000000093600000, 0x0000000093600000| Untracked 
| 223|0x0000000093700000, 0x0000000093700000, 0x0000000093800000|  0%| F|  |TAMS 0x0000000093700000, 0x0000000093700000| Untracked 
| 224|0x0000000093800000, 0x0000000093800000, 0x0000000093900000|  0%| F|  |TAMS 0x0000000093800000, 0x0000000093800000| Untracked 
| 225|0x0000000093900000, 0x0000000093900000, 0x0000000093a00000|  0%| F|  |TAMS 0x0000000093900000, 0x0000000093900000| Untracked 
| 226|0x0000000093a00000, 0x0000000093a00000, 0x0000000093b00000|  0%| F|  |TAMS 0x0000000093a00000, 0x0000000093a00000| Untracked 
| 227|0x0000000093b00000, 0x0000000093b00000, 0x0000000093c00000|  0%| F|  |TAMS 0x0000000093b00000, 0x0000000093b00000| Untracked 
| 228|0x0000000093c00000, 0x0000000093c00000, 0x0000000093d00000|  0%| F|  |TAMS 0x0000000093c00000, 0x0000000093c00000| Untracked 

Card table byte_map: [0x00000250e6bd0000,0x00000250e6fb0000] _byte_map_base: 0x00000250e67a4000

Marking Bits (Prev, Next): (CMBitMap*) 0x00000250e0a9f3c0, (CMBitMap*) 0x00000250e0a9f400
 Prev Bits: [0x00000250e7390000, 0x00000250e9230000)
 Next Bits: [0x00000250e9230000, 0x00000250eb0d0000)

Polling page: 0x00000250de850000

Metaspace:

Usage:
  Non-class:     31.92 MB used.
      Class:      4.73 MB used.
       Both:     36.65 MB used.

Virtual space:
  Non-class space:       40.00 MB reserved,      32.12 MB ( 80%) committed,  5 nodes.
      Class space:        1.00 GB reserved,       4.88 MB ( <1%) committed,  1 nodes.
             Both:        1.04 GB reserved,      37.00 MB (  3%) committed. 

Chunk freelists:
   Non-Class:  3.55 MB
       Class:  2.95 MB
        Both:  6.50 MB

MaxMetaspaceSize: unlimited
CompressedClassSpaceSize: 1.00 GB
Initial GC threshold: 21.00 MB
Current GC threshold: 59.38 MB
CDS: off
MetaspaceReclaimPolicy: balanced
 - commit_granule_bytes: 65536.
 - commit_granule_words: 8192.
 - virtual_space_node_default_size: 1048576.
 - enlarge_chunks_in_place: 1.
 - new_chunks_are_fully_committed: 0.
 - uncommit_free_chunks: 1.
 - use_allocation_guard: 0.
 - handle_deallocations: 1.


Internal statistics:

num_allocs_failed_limit: 9.
num_arena_births: 344.
num_arena_deaths: 0.
num_vsnodes_births: 6.
num_vsnodes_deaths: 0.
num_space_committed: 592.
num_space_uncommitted: 0.
num_chunks_returned_to_freelist: 9.
num_chunks_taken_from_freelist: 1416.
num_chunk_merges: 9.
num_chunk_splits: 983.
num_chunks_enlarged: 772.
num_purges: 0.
num_inconsistent_stats: 0.

CodeCache: size=49152Kb used=9222Kb max_used=9222Kb free=39930Kb
 bounds [0x00000250e36e0000, 0x00000250e3ff0000, 0x00000250e66e0000]
 total_blobs=4324 nmethods=3794 adapters=453
 compilation: enabled
              stopped_count=0, restarted_count=0
 full_count=0

Compilation events (20 events):
Event: 3.531 Thread 0x00000250ee741860 nmethod 3787 0x00000250e3fd8d10 code [0x00000250e3fd8ea0, 0x00000250e3fd9078]
Event: 3.531 Thread 0x00000250ee741860 3791   !   1       io.github.classgraph.Resource::close (24 bytes)
Event: 3.531 Thread 0x00000250ee73efe0 nmethod 3780 0x00000250e3fd9110 code [0x00000250e3fd9320, 0x00000250e3fd98e8]
Event: 3.531 Thread 0x00000250edbc36f0 nmethod 3711 0x00000250e3fd9c10 code [0x00000250e3fd9da0, 0x00000250e3fd9e88]
Event: 3.531 Thread 0x00000250ee73efe0 3716       1       jdk.internal.jimage.decompressor.CompressedResourceHeader::getDecompressorNameOffset (5 bytes)
Event: 3.531 Thread 0x00000250edbc36f0 3767       1       jdk.internal.jimage.decompressor.ZipDecompressor::decompress (10 bytes)
Event: 3.531 Thread 0x00000250ee73efe0 nmethod 3716 0x00000250e3fd9f90 code [0x00000250e3fda120, 0x00000250e3fda1f8]
Event: 3.531 Thread 0x00000250ee741860 nmethod 3791 0x00000250e3fda290 code [0x00000250e3fda420, 0x00000250e3fda568]
Event: 3.531 Thread 0x00000250ee73efe0 3717       1       jdk.internal.jimage.decompressor.CompressedResourceHeader::getUncompressedSize (5 bytes)
Event: 3.531 Thread 0x00000250ee741860 3742       1       java.util.zip.Inflater::<init> (28 bytes)
Event: 3.531 Thread 0x00000250edbc36f0 nmethod 3767 0x00000250e3fda610 code [0x00000250e3fda7a0, 0x00000250e3fda888]
Event: 3.531 Thread 0x00000250edbc36f0 3748       1       java.io.ByteArrayOutputStream::close (1 bytes)
Event: 3.531 Thread 0x00000250ee73efe0 nmethod 3717 0x00000250e3fda910 code [0x00000250e3fdaaa0, 0x00000250e3fdab78]
Event: 3.531 Thread 0x00000250ee73efe0 3768       1       java.util.zip.Inflater::<init> (6 bytes)
Event: 3.531 Thread 0x00000250edbc36f0 nmethod 3748 0x00000250e3fdac10 code [0x00000250e3fdada0, 0x00000250e3fdae58]
Event: 3.531 Thread 0x00000250edbc36f0 3698       1       java.util.concurrent.ConcurrentLinkedQueue$Node::<init> (13 bytes)
Event: 3.531 Thread 0x00000250ee742280 nmethod 3775 0x00000250e3fdaf10 code [0x00000250e3fdb740, 0x00000250e3fde288]
Event: 3.531 Thread 0x00000250ee741860 nmethod 3742 0x00000250e3fdfd10 code [0x00000250e3fdfee0, 0x00000250e3fe0278]
Event: 3.531 Thread 0x00000250ee73efe0 nmethod 3768 0x00000250e3fe0410 code [0x00000250e3fe05e0, 0x00000250e3fe0978]
Event: 3.532 Thread 0x00000250edbc36f0 nmethod 3698 0x00000250e3fe0b10 code [0x00000250e3fe0ce0, 0x00000250e3fe1018]

GC Heap History (20 events):
Event: 2.900 GC heap after
{Heap after GC invocations=10 (full 0):
 garbage-first heap   total 61440K, used 30040K [0x0000000085800000, 0x0000000100000000)
  region size 1024K, 3 young (3072K), 3 survivors (3072K)
 Metaspace       used 33926K, committed 34240K, reserved 1081344K
  class space    used 4326K, committed 4480K, reserved 1048576K
}
Event: 2.941 GC heap before
{Heap before GC invocations=10 (full 0):
 garbage-first heap   total 61440K, used 45400K [0x0000000085800000, 0x0000000100000000)
  region size 1024K, 19 young (19456K), 3 survivors (3072K)
 Metaspace       used 34200K, committed 34496K, reserved 1081344K
  class space    used 4361K, committed 4544K, reserved 1048576K
}
Event: 2.944 GC heap after
{Heap after GC invocations=11 (full 0):
 garbage-first heap   total 100352K, used 32719K [0x0000000085800000, 0x0000000100000000)
  region size 1024K, 3 young (3072K), 3 survivors (3072K)
 Metaspace       used 34200K, committed 34496K, reserved 1081344K
  class space    used 4361K, committed 4544K, reserved 1048576K
}
Event: 3.035 GC heap before
{Heap before GC invocations=11 (full 0):
 garbage-first heap   total 100352K, used 71631K [0x0000000085800000, 0x0000000100000000)
  region size 1024K, 41 young (41984K), 3 survivors (3072K)
 Metaspace       used 34640K, committed 35008K, reserved 1081344K
  class space    used 4424K, committed 4608K, reserved 1048576K
}
Event: 3.043 GC heap after
{Heap after GC invocations=12 (full 0):
 garbage-first heap   total 100352K, used 42307K [0x0000000085800000, 0x0000000100000000)
  region size 1024K, 6 young (6144K), 6 survivors (6144K)
 Metaspace       used 34640K, committed 35008K, reserved 1081344K
  class space    used 4424K, committed 4608K, reserved 1048576K
}
Event: 3.183 GC heap before
{Heap before GC invocations=12 (full 0):
 garbage-first heap   total 100352K, used 68931K [0x0000000085800000, 0x0000000100000000)
  region size 1024K, 33 young (33792K), 6 survivors (6144K)
 Metaspace       used 35830K, committed 36096K, reserved 1081344K
  class space    used 4646K, committed 4800K, reserved 1048576K
}
Event: 3.189 GC heap after
{Heap after GC invocations=13 (full 0):
 garbage-first heap   total 100352K, used 47918K [0x0000000085800000, 0x0000000100000000)
  region size 1024K, 5 young (5120K), 5 survivors (5120K)
 Metaspace       used 35830K, committed 36096K, reserved 1081344K
  class space    used 4646K, committed 4800K, reserved 1048576K
}
Event: 3.321 GC heap before
{Heap before GC invocations=14 (full 0):
 garbage-first heap   total 100352K, used 73518K [0x0000000085800000, 0x0000000100000000)
  region size 1024K, 30 young (30720K), 5 survivors (5120K)
 Metaspace       used 36769K, committed 37120K, reserved 1081344K
  class space    used 4763K, committed 4928K, reserved 1048576K
}
Event: 3.330 GC heap after
{Heap after GC invocations=15 (full 0):
 garbage-first heap   total 100352K, used 58103K [0x0000000085800000, 0x0000000100000000)
  region size 1024K, 4 young (4096K), 4 survivors (4096K)
 Metaspace       used 36769K, committed 37120K, reserved 1081344K
  class space    used 4763K, committed 4928K, reserved 1048576K
}
Event: 3.335 GC heap before
{Heap before GC invocations=15 (full 0):
 garbage-first heap   total 100352K, used 59127K [0x0000000085800000, 0x0000000100000000)
  region size 1024K, 5 young (5120K), 4 survivors (4096K)
 Metaspace       used 36786K, committed 37120K, reserved 1081344K
  class space    used 4766K, committed 4928K, reserved 1048576K
}
Event: 3.339 GC heap after
{Heap after GC invocations=16 (full 0):
 garbage-first heap   total 100352K, used 59273K [0x0000000085800000, 0x0000000100000000)
  region size 1024K, 1 young (1024K), 1 survivors (1024K)
 Metaspace       used 36786K, committed 37120K, reserved 1081344K
  class space    used 4766K, committed 4928K, reserved 1048576K
}
Event: 3.342 GC heap before
{Heap before GC invocations=16 (full 0):
 garbage-first heap   total 100352K, used 60297K [0x0000000085800000, 0x0000000100000000)
  region size 1024K, 3 young (3072K), 1 survivors (1024K)
 Metaspace       used 36798K, committed 37184K, reserved 1081344K
  class space    used 4769K, committed 4928K, reserved 1048576K
}
Event: 3.346 GC heap after
{Heap after GC invocations=17 (full 0):
 garbage-first heap   total 234496K, used 59856K [0x0000000085800000, 0x0000000100000000)
  region size 1024K, 2 young (2048K), 2 survivors (2048K)
 Metaspace       used 36798K, committed 37184K, reserved 1081344K
  class space    used 4769K, committed 4928K, reserved 1048576K
}
Event: 3.429 GC heap before
{Heap before GC invocations=17 (full 0):
 garbage-first heap   total 234496K, used 134608K [0x0000000085800000, 0x0000000100000000)
  region size 1024K, 75 young (76800K), 2 survivors (2048K)
 Metaspace       used 37237K, committed 37632K, reserved 1089536K
  class space    used 4809K, committed 4992K, reserved 1048576K
}
Event: 3.450 GC heap after
{Heap after GC invocations=18 (full 0):
 garbage-first heap   total 234496K, used 67854K [0x0000000085800000, 0x0000000100000000)
  region size 1024K, 9 young (9216K), 9 survivors (9216K)
 Metaspace       used 37237K, committed 37632K, reserved 1089536K
  class space    used 4809K, committed 4992K, reserved 1048576K
}
Event: 3.483 GC heap before
{Heap before GC invocations=18 (full 0):
 garbage-first heap   total 234496K, used 145678K [0x0000000085800000, 0x0000000100000000)
  region size 1024K, 86 young (88064K), 9 survivors (9216K)
 Metaspace       used 37257K, committed 37632K, reserved 1089536K
  class space    used 4813K, committed 4992K, reserved 1048576K
}
Event: 3.503 GC heap after
{Heap after GC invocations=19 (full 0):
 garbage-first heap   total 234496K, used 71280K [0x0000000085800000, 0x0000000100000000)
  region size 1024K, 4 young (4096K), 4 survivors (4096K)
 Metaspace       used 37257K, committed 37632K, reserved 1089536K
  class space    used 4813K, committed 4992K, reserved 1048576K
}
Event: 3.534 GC heap before
{Heap before GC invocations=19 (full 0):
 garbage-first heap   total 234496K, used 162416K [0x0000000085800000, 0x0000000100000000)
  region size 1024K, 94 young (96256K), 4 survivors (4096K)
 Metaspace       used 37346K, committed 37696K, reserved 1089536K
  class space    used 4825K, committed 4992K, reserved 1048576K
}
Event: 3.539 GC heap after
{Heap after GC invocations=20 (full 0):
 garbage-first heap   total 234496K, used 74508K [0x0000000085800000, 0x0000000100000000)
  region size 1024K, 7 young (7168K), 7 survivors (7168K)
 Metaspace       used 37346K, committed 37696K, reserved 1089536K
  class space    used 4825K, committed 4992K, reserved 1048576K
}
Event: 3.565 GC heap before
{Heap before GC invocations=20 (full 0):
 garbage-first heap   total 234496K, used 171788K [0x0000000085800000, 0x0000000100000000)
  region size 1024K, 103 young (105472K), 7 survivors (7168K)
 Metaspace       used 37530K, committed 37888K, reserved 1089536K
  class space    used 4848K, committed 4992K, reserved 1048576K
}

Deoptimization events (12 events):
Event: 1.471 Thread 0x00000250e0a46320 DEOPT PACKING pc=0x00000250e3c37e99 sp=0x000000629d5fd320
Event: 1.471 Thread 0x00000250e0a46320 DEOPT UNPACKING pc=0x00000250e3736763 sp=0x000000629d5fc800 mode 3
Event: 2.614 Thread 0x00000250e0a46320 DEOPT PACKING pc=0x00000250e3dac219 sp=0x000000629d5fc700
Event: 2.614 Thread 0x00000250e0a46320 DEOPT UNPACKING pc=0x00000250e3736763 sp=0x000000629d5fbbe0 mode 3
Event: 2.684 Thread 0x00000250f02898d0 DEOPT PACKING pc=0x00000250e3e001ab sp=0x000000629f3fe300
Event: 2.684 Thread 0x00000250f02898d0 DEOPT UNPACKING pc=0x00000250e3736763 sp=0x000000629f3fd848 mode 3
Event: 2.800 Thread 0x00000250f05ab560 DEOPT PACKING pc=0x00000250e3c35f01 sp=0x000000629fffee40
Event: 2.800 Thread 0x00000250f05ab560 DEOPT UNPACKING pc=0x00000250e3736763 sp=0x000000629fffe2d0 mode 3
Event: 2.812 Thread 0x00000250f05adbe0 DEOPT PACKING pc=0x00000250e3c33917 sp=0x00000062a01fedc0
Event: 2.812 Thread 0x00000250f05adbe0 DEOPT UNPACKING pc=0x00000250e3736763 sp=0x00000062a01fe218 mode 3
Event: 3.093 Thread 0x00000250f05ac8a0 DEOPT PACKING pc=0x00000250e3f6d035 sp=0x00000062a06fd1a0
Event: 3.093 Thread 0x00000250f05ac8a0 DEOPT UNPACKING pc=0x00000250e3736763 sp=0x00000062a06fc6c8 mode 3

Classes unloaded (0 events):
No events

Classes redefined (0 events):
No events

Internal exceptions (20 events):
Event: 2.713 Thread 0x00000250efe50570 Exception <a 'sun/nio/fs/WindowsException'{0x000000008be23758}> (0x000000008be23758) 
thrown [s\src\hotspot\share\prims\jni.cpp, line 516]
Event: 2.713 Thread 0x00000250efe50570 Exception <a 'sun/nio/fs/WindowsException'{0x000000008be23b18}> (0x000000008be23b18) 
thrown [s\src\hotspot\share\prims\jni.cpp, line 516]
Event: 2.713 Thread 0x00000250efe50570 Exception <a 'sun/nio/fs/WindowsException'{0x000000008be24518}> (0x000000008be24518) 
thrown [s\src\hotspot\share\prims\jni.cpp, line 516]
Event: 2.713 Thread 0x00000250efe50570 Exception <a 'sun/nio/fs/WindowsException'{0x000000008be248c8}> (0x000000008be248c8) 
thrown [s\src\hotspot\share\prims\jni.cpp, line 516]
Event: 2.713 Thread 0x00000250efe50570 Exception <a 'sun/nio/fs/WindowsException'{0x000000008be252c8}> (0x000000008be252c8) 
thrown [s\src\hotspot\share\prims\jni.cpp, line 516]
Event: 2.713 Thread 0x00000250efe50570 Exception <a 'sun/nio/fs/WindowsException'{0x000000008be25688}> (0x000000008be25688) 
thrown [s\src\hotspot\share\prims\jni.cpp, line 516]
Event: 2.713 Thread 0x00000250efe50570 Exception <a 'sun/nio/fs/WindowsException'{0x000000008be260b0}> (0x000000008be260b0) 
thrown [s\src\hotspot\share\prims\jni.cpp, line 516]
Event: 2.713 Thread 0x00000250efe50570 Exception <a 'sun/nio/fs/WindowsException'{0x000000008be26490}> (0x000000008be26490) 
thrown [s\src\hotspot\share\prims\jni.cpp, line 516]
Event: 2.713 Thread 0x00000250efe50570 Exception <a 'sun/nio/fs/WindowsException'{0x000000008be26ec8}> (0x000000008be26ec8) 
thrown [s\src\hotspot\share\prims\jni.cpp, line 516]
Event: 2.713 Thread 0x00000250efe50570 Exception <a 'sun/nio/fs/WindowsException'{0x000000008be272b8}> (0x000000008be272b8) 
thrown [s\src\hotspot\share\prims\jni.cpp, line 516]
Event: 2.714 Thread 0x00000250efe50570 Exception <a 'sun/nio/fs/WindowsException'{0x000000008be27ce0}> (0x000000008be27ce0) 
thrown [s\src\hotspot\share\prims\jni.cpp, line 516]
Event: 2.714 Thread 0x00000250efe50570 Exception <a 'sun/nio/fs/WindowsException'{0x000000008be280d0}> (0x000000008be280d0) 
thrown [s\src\hotspot\share\prims\jni.cpp, line 516]
Event: 2.723 Thread 0x00000250e0a46320 Exception <a 'java/lang/NoSuchMethodError'{0x000000008bda7640}: 'java.lang.Object java.lang.invoke.DirectMethodHandle$Holder.newInvokeSpecial(java.lang.Object, java.lang.Object, int, java.lang.Object, java.lang.Object)'> (0x000000008bda7640) 
thrown [s\src\hotspot\share\interpreter\linkResolver.cpp, line 759]
Event: 2.725 Thread 0x00000250e0a46320 Exception <a 'java/lang/NoSuchMethodError'{0x0000000088b99770}: 'java.lang.Object java.lang.invoke.DirectMethodHandle$Holder.invokeSpecial(java.lang.Object, java.lang.Object, int, java.lang.Object, int, java.lang.Object)'> (0x0000000088b99770) 
thrown [s\src\hotspot\share\interpreter\linkResolver.cpp, line 759]
Event: 2.725 Thread 0x00000250e0a46320 Exception <a 'java/lang/NoSuchMethodError'{0x0000000088ba1570}: 'java.lang.Object java.lang.invoke.DirectMethodHandle$Holder.newInvokeSpecial(java.lang.Object, java.lang.Object, int, java.lang.Object, int)'> (0x0000000088ba1570) 
thrown [s\src\hotspot\share\interpreter\linkResolver.cpp, line 759]
Event: 2.726 Thread 0x00000250e0a46320 Exception <a 'java/lang/NoSuchMethodError'{0x0000000088ba5670}: 'java.lang.Object java.lang.invoke.DirectMethodHandle$Holder.invokeSpecial(java.lang.Object, java.lang.Object, java.lang.Object, int, java.lang.Object, int)'> (0x0000000088ba5670) 
thrown [s\src\hotspot\share\interpreter\linkResolver.cpp, line 759]
Event: 3.087 Thread 0x00000250f05ae0b0 Exception <a 'java/lang/NoSuchMethodError'{0x000000008a896a68}: 'java.lang.Object java.lang.invoke.DirectMethodHandle$Holder.invokeStatic(java.lang.Object, java.lang.Object, java.lang.Object, int, java.lang.Object, java.lang.Object)'> (0x000000008a896a68) 
thrown [s\src\hotspot\share\interpreter\linkResolver.cpp, line 759]
Event: 3.089 Thread 0x00000250f05ac8a0 Exception <a 'java/lang/NoSuchMethodError'{0x000000008a7168c0}: 'java.lang.Object java.lang.invoke.DirectMethodHandle$Holder.invokeStatic(java.lang.Object, int, java.lang.Object)'> (0x000000008a7168c0) 
thrown [s\src\hotspot\share\interpreter\linkResolver.cpp, line 759]
Event: 3.209 Thread 0x00000250f05ac8a0 Exception <a 'java/lang/NoSuchMethodError'{0x000000008d2346b0}: 'int java.lang.invoke.DirectMethodHandle$Holder.invokeStatic(java.lang.Object)'> (0x000000008d2346b0) 
thrown [s\src\hotspot\share\interpreter\linkResolver.cpp, line 759]
Event: 3.209 Thread 0x00000250f05ac8a0 Exception <a 'java/lang/NoSuchMethodError'{0x000000008d237d58}: 'int java.lang.invoke.DirectMethodHandle$Holder.invokeStaticInit(java.lang.Object)'> (0x000000008d237d58) 
thrown [s\src\hotspot\share\interpreter\linkResolver.cpp, line 759]

VM Operations (20 events):
Event: 3.339 Executing VM operation: G1CollectForAllocation done
Event: 3.342 Executing VM operation: G1TryInitiateConcMark
Event: 3.346 Executing VM operation: G1TryInitiateConcMark done
Event: 3.427 Executing VM operation: G1CollectForAllocation
Event: 3.429 Executing VM operation: G1CollectForAllocation done
Event: 3.429 Executing VM operation: G1CollectForAllocation
Event: 3.450 Executing VM operation: G1CollectForAllocation done
Event: 3.480 Executing VM operation: HandshakeAllThreads
Event: 3.482 Executing VM operation: HandshakeAllThreads done
Event: 3.483 Executing VM operation: G1CollectForAllocation
Event: 3.503 Executing VM operation: G1CollectForAllocation done
Event: 3.507 Executing VM operation: HandshakeAllThreads
Event: 3.509 Executing VM operation: HandshakeAllThreads done
Event: 3.533 Executing VM operation: G1CollectForAllocation
Event: 3.534 Executing VM operation: G1CollectForAllocation done
Event: 3.534 Executing VM operation: G1CollectForAllocation
Event: 3.539 Executing VM operation: G1CollectForAllocation done
Event: 3.565 Executing VM operation: G1CollectForAllocation
Event: 3.565 Executing VM operation: G1CollectForAllocation done
Event: 3.565 Executing VM operation: G1CollectForAllocation

Events (20 events):
Event: 3.234 loading class jdk/internal/vm/annotation/ForceInline
Event: 3.234 loading class jdk/internal/vm/annotation/ForceInline done
Event: 3.241 loading class sun/nio/cs/StringUTF16
Event: 3.241 loading class sun/nio/cs/StringUTF16 done
Event: 3.253 loading class java/util/ServiceConfigurationError
Event: 3.253 loading class java/util/ServiceConfigurationError done
Event: 3.256 loading class java/util/stream/Nodes$SpinedNodeBuilder
Event: 3.256 loading class java/util/stream/Nodes$SpinedNodeBuilder done
Event: 3.372 loading class java/util/zip/GZIPOutputStream
Event: 3.372 loading class java/util/zip/DeflaterOutputStream
Event: 3.373 loading class java/util/zip/DeflaterOutputStream done
Event: 3.373 loading class java/util/zip/GZIPOutputStream done
Event: 3.533 loading class java/util/zip/GZIPInputStream
Event: 3.533 loading class java/util/zip/GZIPInputStream done
Event: 3.554 loading class java/net/SocketTimeoutException
Event: 3.554 loading class java/io/InterruptedIOException
Event: 3.554 loading class java/io/InterruptedIOException done
Event: 3.554 loading class java/net/SocketTimeoutException done
Event: 3.554 loading class java/net/ProtocolException
Event: 3.554 loading class java/net/ProtocolException done


Dynamic libraries:
0x00007ff6c92d0000 - 0x00007ff6c92de000 	c:\Users\lcdan\.vscode\extensions\redhat.java-1.10.0-win32-x64\jre\17.0.4-win32-x86_64\bin\java.exe
0x00007ffddb6d0000 - 0x00007ffddb8c8000 	C:\WINDOWS\SYSTEM32\ntdll.dll
0x00007ffdd97b0000 - 0x00007ffdd986d000 	C:\WINDOWS\System32\KERNEL32.DLL
0x00007ffdd8df0000 - 0x00007ffdd90be000 	C:\WINDOWS\System32\KERNELBASE.dll
0x00007ffdd92d0000 - 0x00007ffdd93d0000 	C:\WINDOWS\System32\ucrtbase.dll
0x00007ffdc0fe0000 - 0x00007ffdc0ff9000 	c:\Users\lcdan\.vscode\extensions\redhat.java-1.10.0-win32-x64\jre\17.0.4-win32-x86_64\bin\VCRUNTIME140.dll
0x00007ffdc0fc0000 - 0x00007ffdc0fd8000 	c:\Users\lcdan\.vscode\extensions\redhat.java-1.10.0-win32-x64\jre\17.0.4-win32-x86_64\bin\jli.dll
0x00007ffdda170000 - 0x00007ffdda310000 	C:\WINDOWS\System32\USER32.dll
0x00007ffdd95a0000 - 0x00007ffdd95c2000 	C:\WINDOWS\System32\win32u.dll
0x00007ffdb44a0000 - 0x00007ffdb473a000 	C:\WINDOWS\WinSxS\amd64_microsoft.windows.common-controls_6595b64144ccf1df_6.0.19041.1110_none_60b5254171f9507e\COMCTL32.dll
0x00007ffddb3e0000 - 0x00007ffddb40a000 	C:\WINDOWS\System32\GDI32.dll
0x00007ffddb5f0000 - 0x00007ffddb68e000 	C:\WINDOWS\System32\msvcrt.dll
0x00007ffdd95d0000 - 0x00007ffdd96db000 	C:\WINDOWS\System32\gdi32full.dll
0x00007ffdd9200000 - 0x00007ffdd929d000 	C:\WINDOWS\System32\msvcp_win.dll
0x00007ffdd98d0000 - 0x00007ffdd9900000 	C:\WINDOWS\System32\IMM32.DLL
0x00007ffdd18e0000 - 0x00007ffdd18ec000 	c:\Users\lcdan\.vscode\extensions\redhat.java-1.10.0-win32-x64\jre\17.0.4-win32-x86_64\bin\vcruntime140_1.dll
0x00007ffd9c0b0000 - 0x00007ffd9c141000 	c:\Users\lcdan\.vscode\extensions\redhat.java-1.10.0-win32-x64\jre\17.0.4-win32-x86_64\bin\msvcp140.dll
0x00007ffd44810000 - 0x00007ffd45456000 	c:\Users\lcdan\.vscode\extensions\redhat.java-1.10.0-win32-x64\jre\17.0.4-win32-x86_64\bin\server\jvm.dll
0x00007ffdd9900000 - 0x00007ffdd99ae000 	C:\WINDOWS\System32\ADVAPI32.dll
0x00007ffddb140000 - 0x00007ffddb1dc000 	C:\WINDOWS\System32\sechost.dll
0x00007ffdda680000 - 0x00007ffdda7a5000 	C:\WINDOWS\System32\RPCRT4.dll
0x00007ffddb370000 - 0x00007ffddb378000 	C:\WINDOWS\System32\PSAPI.DLL
0x00007ffdb5ea0000 - 0x00007ffdb5ec7000 	C:\WINDOWS\SYSTEM32\WINMM.dll
0x00007ffdce730000 - 0x00007ffdce73a000 	C:\WINDOWS\SYSTEM32\VERSION.dll
0x00007ffdb7a80000 - 0x00007ffdb7a89000 	C:\WINDOWS\SYSTEM32\WSOCK32.dll
0x00007ffddb0d0000 - 0x00007ffddb13b000 	C:\WINDOWS\System32\WS2_32.dll
0x00007ffdd7670000 - 0x00007ffdd7682000 	C:\WINDOWS\SYSTEM32\kernel.appcore.dll
0x00007ffdd00c0000 - 0x00007ffdd00ca000 	c:\Users\lcdan\.vscode\extensions\redhat.java-1.10.0-win32-x64\jre\17.0.4-win32-x86_64\bin\jimage.dll
0x00007ffdd6be0000 - 0x00007ffdd6dc4000 	C:\WINDOWS\SYSTEM32\DBGHELP.DLL
0x00007ffdbc180000 - 0x00007ffdbc1ac000 	C:\WINDOWS\SYSTEM32\dbgcore.DLL
0x00007ffdd90c0000 - 0x00007ffdd9142000 	C:\WINDOWS\System32\bcryptPrimitives.dll
0x00007ffdb7dd0000 - 0x00007ffdb7df5000 	c:\Users\lcdan\.vscode\extensions\redhat.java-1.10.0-win32-x64\jre\17.0.4-win32-x86_64\bin\java.dll
0x00007ffdc0fa0000 - 0x00007ffdc0fb8000 	c:\Users\lcdan\.vscode\extensions\redhat.java-1.10.0-win32-x64\jre\17.0.4-win32-x86_64\bin\zip.dll
0x00007ffdd9a20000 - 0x00007ffdda163000 	C:\WINDOWS\System32\SHELL32.dll
0x00007ffdd6eb0000 - 0x00007ffdd7645000 	C:\WINDOWS\SYSTEM32\windows.storage.dll
0x00007ffdda320000 - 0x00007ffdda674000 	C:\WINDOWS\System32\combase.dll
0x00007ffdd8850000 - 0x00007ffdd8880000 	C:\WINDOWS\SYSTEM32\Wldp.dll
0x00007ffddb1e0000 - 0x00007ffddb28d000 	C:\WINDOWS\System32\SHCORE.dll
0x00007ffddb380000 - 0x00007ffddb3d5000 	C:\WINDOWS\System32\shlwapi.dll
0x00007ffdd8d30000 - 0x00007ffdd8d4f000 	C:\WINDOWS\SYSTEM32\profapi.dll
0x00007ffdb8070000 - 0x00007ffdb8089000 	C:\Users\lcdan\.vscode\extensions\redhat.java-1.10.0-win32-x64\jre\17.0.4-win32-x86_64\bin\net.dll
0x00007ffdd0d30000 - 0x00007ffdd0e3a000 	C:\WINDOWS\SYSTEM32\WINHTTP.dll
0x00007ffdd85b0000 - 0x00007ffdd861a000 	C:\WINDOWS\system32\mswsock.dll
0x00007ffdb6ab0000 - 0x00007ffdb6ac5000 	C:\Users\lcdan\.vscode\extensions\redhat.java-1.10.0-win32-x64\jre\17.0.4-win32-x86_64\bin\nio.dll
0x00007ffdcff00000 - 0x00007ffdcff10000 	c:\Users\lcdan\.vscode\extensions\redhat.java-1.10.0-win32-x64\jre\17.0.4-win32-x86_64\bin\verify.dll
0x00007ffdd00e0000 - 0x00007ffdd00e9000 	C:\Users\lcdan\.vscode\extensions\redhat.java-1.10.0-win32-x64\jre\17.0.4-win32-x86_64\bin\management.dll
0x00007ffdd00d0000 - 0x00007ffdd00db000 	C:\Users\lcdan\.vscode\extensions\redhat.java-1.10.0-win32-x64\jre\17.0.4-win32-x86_64\bin\management_ext.dll
0x00007ffdb1ee0000 - 0x00007ffdb1ef7000 	C:\WINDOWS\system32\napinsp.dll
0x00007ffdb1ec0000 - 0x00007ffdb1edb000 	C:\WINDOWS\system32\pnrpnsp.dll
0x00007ffdd1020000 - 0x00007ffdd1035000 	C:\WINDOWS\system32\wshbth.dll
0x00007ffdd14c0000 - 0x00007ffdd14dd000 	C:\WINDOWS\system32\NLAapi.dll
0x00007ffdd8250000 - 0x00007ffdd828b000 	C:\WINDOWS\SYSTEM32\IPHLPAPI.DLL
0x00007ffdd8290000 - 0x00007ffdd835a000 	C:\WINDOWS\SYSTEM32\DNSAPI.dll
0x00007ffdd99b0000 - 0x00007ffdd99b8000 	C:\WINDOWS\System32\NSI.dll
0x00007ffdb1e30000 - 0x00007ffdb1e42000 	C:\WINDOWS\System32\winrnr.dll
0x00007ffdcd0b0000 - 0x00007ffdcd0ba000 	C:\Windows\System32\rasadhlp.dll
0x00007ffdcb080000 - 0x00007ffdcb100000 	C:\WINDOWS\System32\fwpuclnt.dll
0x00007ffdd92a0000 - 0x00007ffdd92c7000 	C:\WINDOWS\System32\bcrypt.dll
0x00007ffdd87a0000 - 0x00007ffdd87b8000 	C:\WINDOWS\SYSTEM32\CRYPTSP.dll
0x00007ffdd7ec0000 - 0x00007ffdd7ef4000 	C:\WINDOWS\system32\rsaenh.dll
0x00007ffdd8cb0000 - 0x00007ffdd8cde000 	C:\WINDOWS\SYSTEM32\USERENV.dll
0x00007ffdd87c0000 - 0x00007ffdd87cc000 	C:\WINDOWS\SYSTEM32\CRYPTBASE.dll
0x00007ffdcd0e0000 - 0x00007ffdcd0f7000 	C:\WINDOWS\SYSTEM32\dhcpcsvc6.DLL
0x00007ffdcd1f0000 - 0x00007ffdcd20d000 	C:\WINDOWS\SYSTEM32\dhcpcsvc.DLL

dbghelp: loaded successfully - version: 4.0.5 - missing functions: none
symbol engine: initialized successfully - sym options: 0x614 - pdb path: .;c:\Users\lcdan\.vscode\extensions\redhat.java-1.10.0-win32-x64\jre\17.0.4-win32-x86_64\bin;C:\WINDOWS\SYSTEM32;C:\WINDOWS\WinSxS\amd64_microsoft.windows.common-controls_6595b64144ccf1df_6.0.19041.1110_none_60b5254171f9507e;c:\Users\lcdan\.vscode\extensions\redhat.java-1.10.0-win32-x64\jre\17.0.4-win32-x86_64\bin\server

VM Arguments:
jvm_args: -Dsts.lsp.client=vscode -Dsts.log.file=/dev/null -XX:TieredStopAtLevel=1 -Xlog:jni+resolve=off -Dspring.config.location=file:c:\Users\lcdan\.vscode\extensions\pivotal.vscode-spring-boot-1.39.0\language-server\BOOT-INF\classes\application.properties 
java_command: org.springframework.ide.vscode.boot.app.BootLanguageServerBootApp
java_class_path (initial): c:\Users\lcdan\.vscode\extensions\pivotal.vscode-spring-boot-1.39.0\language-server\BOOT-INF\classes;c:\Users\lcdan\.vscode\extensions\pivotal.vscode-spring-boot-1.39.0\language-server\BOOT-INF\lib\annotations-23.0.0.jar;c:\Users\lcdan\.vscode\extensions\pivotal.vscode-spring-boot-1.39.0\language-server\BOOT-INF\lib\antlr-runtime-3.5.2.jar;c:\Users\lcdan\.vscode\extensions\pivotal.vscode-spring-boot-1.39.0\language-server\BOOT-INF\lib\antlr4-4.9.3.jar;c:\Users\lcdan\.vscode\extensions\pivotal.vscode-spring-boot-1.39.0\language-server\BOOT-INF\lib\antlr4-runtime-4.9.3.jar;c:\Users\lcdan\.vscode\extensions\pivotal.vscode-spring-boot-1.39.0\language-server\BOOT-INF\lib\asm-9.3.jar;c:\Users\lcdan\.vscode\extensions\pivotal.vscode-spring-boot-1.39.0\language-server\BOOT-INF\lib\asm-analysis-9.3.jar;c:\Users\lcdan\.vscode\extensions\pivotal.vscode-spring-boot-1.39.0\language-server\BOOT-INF\lib\asm-tree-9.3.jar;c:\Users\lcdan\.vscode\extensions\pivotal.vscode-spring-boot-1.39.0\language-server\BOOT-INF\lib\asm-util-9.3.jar;c:\Users\lcdan\.vscode\extensions\pivotal.vscode-spring-boot-1.39.0\language-server\BOOT-INF\lib\byte-buddy-1.12.13.jar;c:\Users\lcdan\.vscode\extensions\pivotal.vscode-spring-boot-1.39.0\language-server\BOOT-INF\lib\caffeine-2.9.3.jar;c:\Users\lcdan\.vscode\extensions\pivotal.vscode-spring-boot-1.39.0\language-server\BOOT-INF\lib\checker-qual-3.12.0.jar;c:\Users\lcdan\.vscode\extensions\pivotal.vscode-spring-boot-1.39.0\language-server\BOOT-INF\lib\classgraph-4.8.149.jar;c:\Users\lcdan\.vscode\extensions\pivotal.vscode-spring-boot-1.39.0\language-server\BOOT-INF\lib\commons-codec-1.15.jar;c:\Users\lcdan\.vscode\extensions\pivotal.vscode-spring-boot-1.39.0\language-server\BOOT-INF\lib\commons-compress-1.21.jar;c:\Users\lcdan\.vscode\extensions\pivotal.vscode-spring-boot-1.39.0\language-server\BOOT-INF\lib\commons-exec-1.3.jar;c:\Users\lcdan\.vscode\extensions\pivotal.vscode-spring-boot-1.39.0\language-server\BOOT-INF\lib\com
Launcher Type: SUN_STANDARD

[Global flags]
     intx CICompilerCount                          = 4                                         {product} {ergonomic}
     uint ConcGCThreads                            = 2                                         {product} {ergonomic}
     uint G1ConcRefinementThreads                  = 8                                         {product} {ergonomic}
   size_t G1HeapRegionSize                         = 1048576                                   {product} {ergonomic}
    uintx GCDrainStackTargetSize                   = 64                                        {product} {ergonomic}
   size_t InitialHeapSize                          = 130023424                                 {product} {ergonomic}
   size_t MarkStackSize                            = 4194304                                   {product} {ergonomic}
   size_t MaxHeapSize                              = 2055208960                                {product} {ergonomic}
   size_t MaxNewSize                               = 1233125376                                {product} {ergonomic}
   size_t MinHeapDeltaBytes                        = 1048576                                   {product} {ergonomic}
   size_t MinHeapSize                              = 8388608                                   {product} {ergonomic}
    uintx NonProfiledCodeHeapSize                  = 0                                      {pd product} {ergonomic}
     bool ProfileInterpreter                       = false                                  {pd product} {command line}
    uintx ProfiledCodeHeapSize                     = 0                                      {pd product} {ergonomic}
   size_t SoftMaxHeapSize                          = 2055208960                             {manageable} {ergonomic}
     intx TieredStopAtLevel                        = 1                                         {product} {command line}
     bool UseCompressedClassPointers               = true                           {product lp64_product} {ergonomic}
     bool UseCompressedOops                        = true                           {product lp64_product} {ergonomic}
     bool UseG1GC                                  = true                                      {product} {ergonomic}
     bool UseLargePagesIndividualAllocation        = false                                  {pd product} {ergonomic}

Logging:
Log output configuration:
 #0: stdout all=warning,jni+resolve=off uptime,level,tags
 #1: stderr all=off uptime,level,tags

Environment Variables:
JAVA_HOME=C:\Program Files\Java\jdk-11.0.13
PATH=C:\Program Files\Common Files\Oracle\Java\javapath;C:\Program Files (x86)\Common Files\Oracle\Java\javapath;C:\WINDOWS\system32;C:\WINDOWS;C:\WINDOWS\System32\Wbem;C:\WINDOWS\System32\WindowsPowerShell\v1.0\;C:\WINDOWS\System32\OpenSSH\;C:\Program Files\nodejs\;C:\Program Files\Git\cmd;C:\Program Files\Git\mingw64\bin;C:\Program Files\Git\usr\bin;C:\Python\Python310\Scripts\;C:\Python\Python310\;C:\Users\lcdan\AppData\Local\Microsoft\WindowsApps;C:\Users\lcdan\AppData\Local\Programs\Microsoft VS Code\bin;C:\Users\lcdan\AppData\Roaming\npm;C:\Program Files\Java\jdk-11.0.13\bin;C:\Program Files\heroku\bin;C:\Users\lcdan\AppData\Local\GitHubDesktop\bin
USERNAME=Daniel
OS=Windows_NT
PROCESSOR_IDENTIFIER=Intel64 Family 6 Model 140 Stepping 1, GenuineIntel
TMP=C:\Users\lcdan\AppData\Local\Temp
TEMP=C:\Users\lcdan\AppData\Local\Temp



---------------  S Y S T E M  ---------------

OS:
 Windows 10 , 64 bit Build 19041 (10.0.19041.1889)
OS uptime: 3 days 12:50 hours

CPU: total 8 (initial active 8) (4 cores per cpu, 2 threads per core) family 6 model 140 stepping 1 microcode 0x8a, cx8, cmov, fxsr, ht, mmx, 3dnowpref, sse, sse2, sse3, ssse3, sse4.1, sse4.2, popcnt, lzcnt, tsc, tscinvbit, avx, avx2, aes, erms, clmul, bmi1, bmi2, adx, avx512f, avx512dq, avx512cd, avx512bw, avx512vl, sha, fma, vzeroupper, avx512_vpopcntdq, avx512_vpclmulqdq, avx512_vaes, avx512_vnni, clflush, clflushopt, clwb, avx512_vbmi2, avx512_vbmi

Memory: 4k page, system-wide physical 7834M (432M free)
TotalPageFile size 31386M (AvailPageFile size 370M)
current process WorkingSet (physical memory assigned to process): 318M, peak: 318M
current process commit charge ("private bytes"): 376M, peak: 834M

vm_info: OpenJDK 64-Bit Server VM (17.0.4+8) for windows-amd64 JRE (17.0.4+8), built on Jul 19 2022 16:05:16 by "temurin" with MS VC++ 16.7 (VS2019)

END.
