#
# There is insufficient memory for the Java Runtime Environment to continue.
# Native memory allocation (mmap) failed to map 210763776 bytes for G1 virtual space
# Possible reasons:
#   The system is out of physical RAM or swap space
#   The process is running with CompressedOops enabled, and the Java Heap may be blocking the growth of the native heap
# Possible solutions:
#   Reduce memory load on the system
#   Increase physical memory or swap space
#   Check if swap backing store is full
#   Decrease Java heap size (-Xmx/-Xms)
#   Decrease number of Java threads
#   Decrease Java thread stack sizes (-Xss)
#   Set larger code cache with -XX:ReservedCodeCacheSize=
#   JVM is running with Unscaled Compressed Oops mode in which the Java heap is
#     placed in the first 4GB address space. The Java Heap base address is the
#     maximum limit for the native heap growth. Please use -XX:HeapBaseMinAddress
#     to set the Java Heap base and to place the Java Heap above 4GB virtual address.
# This output file may be truncated or incomplete.
#
#  Out of Memory Error (os_windows.cpp:3541), pid=12248, tid=17144
#
# JRE version: OpenJDK Runtime Environment Temurin-17.0.4+8 (17.0.4+8) (build 17.0.4+8)
# Java VM: OpenJDK 64-Bit Server VM Temurin-17.0.4+8 (17.0.4+8, mixed mode, emulated-client, tiered, compressed oops, compressed class ptrs, g1 gc, windows-amd64)
# No core dump will be written. Minidumps are not enabled by default on client versions of Windows
#

---------------  S U M M A R Y ------------

Command Line: -Dsts.lsp.client=vscode -Dsts.log.file=/dev/null -XX:TieredStopAtLevel=1 -Xlog:jni+resolve=off -Dspring.config.location=file:c:\Users\lcdan\.vscode\extensions\pivotal.vscode-spring-boot-1.39.0\language-server\BOOT-INF\classes\application.properties org.springframework.ide.vscode.boot.app.BootLanguageServerBootApp

Host: 11th Gen Intel(R) Core(TM) i7-1165G7 @ 2.80GHz, 8 cores, 7G,  Windows 10 , 64 bit Build 19041 (10.0.19041.1889)
Time: Mon Sep 26 14:23:33 2022 Hora est. Pacífico, Sudamérica elapsed time: 5.914877 seconds (0d 0h 0m 5s)

---------------  T H R E A D  ---------------

Current thread (0x00000194a5bd5e60):  VMThread "VM Thread" [stack: 0x00000023d7e00000,0x00000023d7f00000] [id=17144]

Stack: [0x00000023d7e00000,0x00000023d7f00000]
Native frames: (J=compiled Java code, j=interpreted, Vv=VM code, C=native code)
V  [jvm.dll+0x67733a]
V  [jvm.dll+0x8323c4]
V  [jvm.dll+0x833b6e]
V  [jvm.dll+0x8341d3]
V  [jvm.dll+0x2455e5]
V  [jvm.dll+0x674229]
V  [jvm.dll+0x668ab2]
V  [jvm.dll+0x30458b]
V  [jvm.dll+0x30bad6]
V  [jvm.dll+0x35ba7e]
V  [jvm.dll+0x35bcaf]
V  [jvm.dll+0x2db428]
V  [jvm.dll+0x2d96dc]
V  [jvm.dll+0x2d8cac]
V  [jvm.dll+0x31cc0b]
V  [jvm.dll+0x83867b]
V  [jvm.dll+0x8393b4]
V  [jvm.dll+0x8398cc]
V  [jvm.dll+0x839ca4]
V  [jvm.dll+0x839d70]
V  [jvm.dll+0x7e245a]
V  [jvm.dll+0x6761c5]
C  [ucrtbase.dll+0x21bb2]
C  [KERNEL32.DLL+0x17034]
C  [ntdll.dll+0x526a1]

VM_Operation (0x00000023d9efdc00): G1CollectForAllocation, mode: safepoint, requested by thread 0x00000194a8341d40


---------------  P R O C E S S  ---------------

Threads class SMR info:
_java_thread_list=0x00000194a865ead0, length=43, elements={
0x00000194a5bef380, 0x00000194a5befc40, 0x00000194a5c07000, 0x00000194a5c1dd60,
0x00000194a5c1e620, 0x00000194a68078b0, 0x00000194a682a190, 0x00000194a682aa90,
0x00000194a6a2a770, 0x00000194a6a43e60, 0x00000194a6a4c9e0, 0x00000194a72a91a0,
0x00000194a8281c00, 0x00000194a827cfa0, 0x00000194a8570850, 0x00000194a85e6ca0,
0x00000194a85e7170, 0x00000194a85a8f30, 0x00000194a85aa410, 0x00000194a85c2d90,
0x00000194a8340a00, 0x00000194a8341d40, 0x00000194a8343550, 0x00000194a83413a0,
0x00000194a83426e0, 0x00000194a8342bb0, 0x00000194a8343a20, 0x00000194a8340ed0,
0x00000194a8343080, 0x00000194a8341870, 0x00000194a8340060, 0x00000194a8340530,
0x00000194aa1d9930, 0x00000194aa1db610, 0x00000194aa1dbae0, 0x00000194aa1d8120,
0x00000194aa1d9460, 0x00000194aa1d85f0, 0x00000194aa1d9e00, 0x00000194aa1da2d0,
0x00000194aa1d8ac0, 0x00000194aa1d8f90, 0x00000194aa185550
}

Java Threads: ( => current thread )
  0x00000194a5bef380 JavaThread "Reference Handler" daemon [_thread_blocked, id=22896, stack(0x00000023d7f00000,0x00000023d8000000)]
  0x00000194a5befc40 JavaThread "Finalizer" daemon [_thread_blocked, id=2448, stack(0x00000023d8000000,0x00000023d8100000)]
  0x00000194a5c07000 JavaThread "Signal Dispatcher" daemon [_thread_blocked, id=29760, stack(0x00000023d8100000,0x00000023d8200000)]
  0x00000194a5c1dd60 JavaThread "Attach Listener" daemon [_thread_blocked, id=1032, stack(0x00000023d8200000,0x00000023d8300000)]
  0x00000194a5c1e620 JavaThread "Service Thread" daemon [_thread_blocked, id=11892, stack(0x00000023d8300000,0x00000023d8400000)]
  0x00000194a68078b0 JavaThread "Monitor Deflation Thread" daemon [_thread_blocked, id=5256, stack(0x00000023d8400000,0x00000023d8500000)]
  0x00000194a682a190 JavaThread "C1 CompilerThread0" daemon [_thread_blocked, id=30592, stack(0x00000023d8500000,0x00000023d8600000)]
  0x00000194a682aa90 JavaThread "Sweeper thread" daemon [_thread_blocked, id=7164, stack(0x00000023d8600000,0x00000023d8700000)]
  0x00000194a6a2a770 JavaThread "C1 CompilerThread1" daemon [_thread_blocked, id=4396, stack(0x00000023d8700000,0x00000023d8800000)]
  0x00000194a6a43e60 JavaThread "Notification Thread" daemon [_thread_blocked, id=16416, stack(0x00000023d8800000,0x00000023d8900000)]
  0x00000194a6a4c9e0 JavaThread "Common-Cleaner" daemon [_thread_blocked, id=23388, stack(0x00000023d8a00000,0x00000023d8b00000)]
  0x00000194a72a91a0 JavaThread "C1 CompilerThread2" daemon [_thread_blocked, id=25352, stack(0x00000023d8b00000,0x00000023d8c00000)]
  0x00000194a8281c00 JavaThread "boundedElastic-evictor-1" daemon [_thread_blocked, id=4732, stack(0x00000023d9400000,0x00000023d9500000)]
  0x00000194a827cfa0 JavaThread "ForkJoinPool.commonPool-worker-1" daemon [_thread_blocked, id=20560, stack(0x00000023d9600000,0x00000023d9700000)]
  0x00000194a8570850 JavaThread "ClassGraph-worker-0" daemon [_thread_blocked, id=18056, stack(0x00000023d9700000,0x00000023d9800000)]
  0x00000194a85e6ca0 JavaThread "ClassGraph-worker-1" daemon [_thread_blocked, id=17360, stack(0x00000023d9800000,0x00000023d9900000)]
  0x00000194a85e7170 JavaThread "ClassGraph-worker-2" daemon [_thread_blocked, id=17292, stack(0x00000023d9900000,0x00000023d9a00000)]
  0x00000194a85a8f30 JavaThread "ClassGraph-worker-3" daemon [_thread_blocked, id=20624, stack(0x00000023d9a00000,0x00000023d9b00000)]
  0x00000194a85aa410 JavaThread "ClassGraph-worker-4" daemon [_thread_blocked, id=812, stack(0x00000023d9b00000,0x00000023d9c00000)]
  0x00000194a85c2d90 JavaThread "ClassGraph-worker-5" daemon [_thread_blocked, id=16192, stack(0x00000023d9c00000,0x00000023d9d00000)]
  0x00000194a8340a00 JavaThread "ClassGraph-worker-6" daemon [_thread_blocked, id=6836, stack(0x00000023d9d00000,0x00000023d9e00000)]
  0x00000194a8341d40 JavaThread "ClassGraph-worker-7" daemon [_thread_blocked, id=30696, stack(0x00000023d9e00000,0x00000023d9f00000)]
  0x00000194a8343550 JavaThread "ClassGraph-worker-8" daemon [_thread_blocked, id=25584, stack(0x00000023d9f00000,0x00000023da000000)]
  0x00000194a83413a0 JavaThread "ClassGraph-worker-9" daemon [_thread_blocked, id=14312, stack(0x00000023da000000,0x00000023da100000)]
  0x00000194a83426e0 JavaThread "ClassGraph-worker-10" daemon [_thread_blocked, id=10164, stack(0x00000023da100000,0x00000023da200000)]
  0x00000194a8342bb0 JavaThread "ClassGraph-worker-11" daemon [_thread_blocked, id=7568, stack(0x00000023da200000,0x00000023da300000)]
  0x00000194a8343a20 JavaThread "ClassGraph-worker-12" daemon [_thread_blocked, id=26376, stack(0x00000023da300000,0x00000023da400000)]
  0x00000194a8340ed0 JavaThread "ClassGraph-worker-13" daemon [_thread_blocked, id=15448, stack(0x00000023da400000,0x00000023da500000)]
  0x00000194a8343080 JavaThread "pool-9-thread-1" [_thread_blocked, id=21636, stack(0x00000023da500000,0x00000023da600000)]
  0x00000194a8341870 JavaThread "LanguageServerApp-lifecycle" [_thread_blocked, id=22372, stack(0x00000023da600000,0x00000023da700000)]
  0x00000194a8340060 JavaThread "DestroyJavaVM" [_thread_blocked, id=29144, stack(0x00000023d7800000,0x00000023d7900000)]
  0x00000194a8340530 JavaThread "pool-10-thread-1" [_thread_in_native, id=816, stack(0x00000023da700000,0x00000023da800000)]
  0x00000194aa1d9930 JavaThread "Simple-Language-Server main thread" daemon [_thread_blocked, id=7684, stack(0x00000023da800000,0x00000023da900000)]
  0x00000194aa1db610 JavaThread "pool-7-thread-1" [_thread_blocked, id=22228, stack(0x00000023da900000,0x00000023daa00000)]
  0x00000194aa1dbae0 JavaThread "parallel-1" daemon [_thread_blocked, id=18472, stack(0x00000023daa00000,0x00000023dab00000)]
  0x00000194aa1d8120 JavaThread "parallel-2" daemon [_thread_blocked, id=27612, stack(0x00000023dab00000,0x00000023dac00000)]
  0x00000194aa1d9460 JavaThread "parallel-3" daemon [_thread_blocked, id=21704, stack(0x00000023dac00000,0x00000023dad00000)]
  0x00000194aa1d85f0 JavaThread "pool-4-thread-1" [_thread_blocked, id=13576, stack(0x00000023dad00000,0x00000023dae00000)]
  0x00000194aa1d9e00 JavaThread "ForkJoinPool.commonPool-worker-2" daemon [_thread_blocked, id=21812, stack(0x00000023dae00000,0x00000023daf00000)]
  0x00000194aa1da2d0 JavaThread "pool-4-thread-2" [_thread_blocked, id=27456, stack(0x00000023daf00000,0x00000023db000000)]
  0x00000194aa1d8ac0 JavaThread "Reconciler-1" daemon [_thread_blocked, id=17304, stack(0x00000023db000000,0x00000023db100000)]
  0x00000194aa1d8f90 JavaThread "parallel-4" daemon [_thread_blocked, id=9184, stack(0x00000023db100000,0x00000023db200000)]
  0x00000194aa185550 JavaThread "pool-5-thread-1" [_thread_blocked, id=29356, stack(0x00000023db200000,0x00000023db300000)]

Other Threads:
=>0x00000194a5bd5e60 VMThread "VM Thread" [stack: 0x00000023d7e00000,0x00000023d7f00000] [id=17144]
  0x00000194a6a44330 WatcherThread [stack: 0x00000023d8900000,0x00000023d8a00000] [id=3260]
  0x0000019496b4e720 GCTaskThread "GC Thread#0" [stack: 0x00000023d7900000,0x00000023d7a00000] [id=25436]
  0x00000194a72e52c0 GCTaskThread "GC Thread#1" [stack: 0x00000023d8c00000,0x00000023d8d00000] [id=14576]
  0x00000194a73e7000 GCTaskThread "GC Thread#2" [stack: 0x00000023d8d00000,0x00000023d8e00000] [id=22912]
  0x00000194a73e72b0 GCTaskThread "GC Thread#3" [stack: 0x00000023d8e00000,0x00000023d8f00000] [id=18636]
  0x00000194a73e7560 GCTaskThread "GC Thread#4" [stack: 0x00000023d8f00000,0x00000023d9000000] [id=7876]
  0x00000194a73e7810 GCTaskThread "GC Thread#5" [stack: 0x00000023d9000000,0x00000023d9100000] [id=13604]
  0x00000194a7d777a0 GCTaskThread "GC Thread#6" [stack: 0x00000023d9200000,0x00000023d9300000] [id=4384]
  0x00000194a7d77a50 GCTaskThread "GC Thread#7" [stack: 0x00000023d9300000,0x00000023d9400000] [id=13176]
  0x0000019496b5ea70 ConcurrentGCThread "G1 Main Marker" [stack: 0x00000023d7a00000,0x00000023d7b00000] [id=30080]
  0x0000019496b603a0 ConcurrentGCThread "G1 Conc#0" [stack: 0x00000023d7b00000,0x00000023d7c00000] [id=12568]
  0x00000194a7e46cf0 ConcurrentGCThread "G1 Conc#1" [stack: 0x00000023d9500000,0x00000023d9600000] [id=25344]
  0x00000194a5a30090 ConcurrentGCThread "G1 Refine#0" [stack: 0x00000023d7c00000,0x00000023d7d00000] [id=19820]
  0x00000194a70f9a80 ConcurrentGCThread "G1 Refine#1" [stack: 0x00000023d9100000,0x00000023d9200000] [id=9444]
  0x00000194a5a309c0 ConcurrentGCThread "G1 Service" [stack: 0x00000023d7d00000,0x00000023d7e00000] [id=29440]

Threads with active compile tasks:

VM state: at safepoint (normal execution)

VM Mutex/Monitor currently owned by a thread:  ([mutex/lock_event])
[0x00000194969584d0] Threads_lock - owner thread: 0x00000194a5bd5e60
[0x0000019496af25f0] Heap_lock - owner thread: 0x00000194a8341d40

Heap address: 0x0000000085800000, size: 1960 MB, Compressed Oops mode: 32-bit

CDS archive(s) not mapped
Compressed class space mapped at: 0x0000000100000000-0x0000000140000000, reserved size: 1073741824
Narrow klass base: 0x0000000000000000, Narrow klass shift: 3, Narrow klass range: 0x140000000

GC Precious Log:
 CPUs: 8 total, 8 available
 Memory: 7834M
 Large Page Support: Disabled
 NUMA Support: Disabled
 Compressed Oops: Enabled (32-bit)
 Heap Region Size: 1M
 Heap Min Capacity: 8M
 Heap Initial Capacity: 124M
 Heap Max Capacity: 1960M
 Pre-touch: Disabled
 Parallel Workers: 8
 Concurrent Workers: 2
 Concurrent Refinement Workers: 8
 Periodic GC: Disabled

Heap:
 garbage-first heap   total 314368K, used 109458K [0x0000000085800000, 0x0000000100000000)
  region size 1024K, 17 young (17408K), 17 survivors (17408K)
 Metaspace       used 39704K, committed 40128K, reserved 1089536K
  class space    used 5042K, committed 5248K, reserved 1048576K

Heap Regions: E=young(eden), S=young(survivor), O=old, HS=humongous(starts), HC=humongous(continues), CS=collection set, F=free, OA=open archive, CA=closed archive, TAMS=top-at-mark-start (previous, next)
|   0|0x0000000085800000, 0x0000000085900000, 0x0000000085900000|100%| O|  |TAMS 0x0000000085900000, 0x0000000085800000| Untracked 
|   1|0x0000000085900000, 0x0000000085a00000, 0x0000000085a00000|100%| O|  |TAMS 0x0000000085a00000, 0x0000000085900000| Untracked 
|   2|0x0000000085a00000, 0x0000000085b00000, 0x0000000085b00000|100%| O|  |TAMS 0x0000000085b00000, 0x0000000085a00000| Untracked 
|   3|0x0000000085b00000, 0x0000000085c00000, 0x0000000085c00000|100%| O|  |TAMS 0x0000000085c00000, 0x0000000085b00000| Untracked 
|   4|0x0000000085c00000, 0x0000000085d00000, 0x0000000085d00000|100%| O|  |TAMS 0x0000000085d00000, 0x0000000085c00000| Untracked 
|   5|0x0000000085d00000, 0x0000000085e00000, 0x0000000085e00000|100%| O|  |TAMS 0x0000000085e00000, 0x0000000085d00000| Untracked 
|   6|0x0000000085e00000, 0x0000000085f00000, 0x0000000085f00000|100%| O|  |TAMS 0x0000000085f00000, 0x0000000085e00000| Untracked 
|   7|0x0000000085f00000, 0x0000000086000000, 0x0000000086000000|100%| O|  |TAMS 0x0000000086000000, 0x0000000085f00000| Untracked 
|   8|0x0000000086000000, 0x0000000086100000, 0x0000000086100000|100%| O|  |TAMS 0x0000000086100000, 0x0000000086000000| Untracked 
|   9|0x0000000086100000, 0x0000000086200000, 0x0000000086200000|100%| O|  |TAMS 0x0000000086200000, 0x0000000086100000| Untracked 
|  10|0x0000000086200000, 0x0000000086300000, 0x0000000086300000|100%| O|  |TAMS 0x0000000086300000, 0x0000000086200000| Untracked 
|  11|0x0000000086300000, 0x0000000086400000, 0x0000000086400000|100%| O|  |TAMS 0x0000000086400000, 0x0000000086300000| Untracked 
|  12|0x0000000086400000, 0x0000000086500000, 0x0000000086500000|100%| O|  |TAMS 0x0000000086500000, 0x0000000086400000| Untracked 
|  13|0x0000000086500000, 0x0000000086600000, 0x0000000086600000|100%| O|  |TAMS 0x0000000086600000, 0x0000000086500000| Untracked 
|  14|0x0000000086600000, 0x0000000086700000, 0x0000000086700000|100%| O|  |TAMS 0x0000000086700000, 0x0000000086600000| Untracked 
|  15|0x0000000086700000, 0x0000000086800000, 0x0000000086800000|100%| O|  |TAMS 0x0000000086800000, 0x0000000086700000| Untracked 
|  16|0x0000000086800000, 0x0000000086900000, 0x0000000086900000|100%| O|  |TAMS 0x0000000086900000, 0x0000000086800000| Untracked 
|  17|0x0000000086900000, 0x0000000086a00000, 0x0000000086a00000|100%| O|  |TAMS 0x0000000086a00000, 0x0000000086900000| Untracked 
|  18|0x0000000086a00000, 0x0000000086b00000, 0x0000000086b00000|100%| O|  |TAMS 0x0000000086b00000, 0x0000000086a00000| Untracked 
|  19|0x0000000086b00000, 0x0000000086c00000, 0x0000000086c00000|100%| O|  |TAMS 0x0000000086c00000, 0x0000000086b00000| Untracked 
|  20|0x0000000086c00000, 0x0000000086d00000, 0x0000000086d00000|100%| O|  |TAMS 0x0000000086d00000, 0x0000000086c00000| Untracked 
|  21|0x0000000086d00000, 0x0000000086e00000, 0x0000000086e00000|100%| O|  |TAMS 0x0000000086e00000, 0x0000000086d00000| Untracked 
|  22|0x0000000086e00000, 0x0000000086f00000, 0x0000000086f00000|100%| O|  |TAMS 0x0000000086f00000, 0x0000000086e00000| Untracked 
|  23|0x0000000086f00000, 0x0000000087000000, 0x0000000087000000|100%| O|  |TAMS 0x0000000087000000, 0x0000000086f00000| Untracked 
|  24|0x0000000087000000, 0x0000000087100000, 0x0000000087100000|100%| O|  |TAMS 0x0000000087100000, 0x0000000087000000| Untracked 
|  25|0x0000000087100000, 0x0000000087200000, 0x0000000087200000|100%| O|  |TAMS 0x0000000087200000, 0x0000000087100000| Untracked 
|  26|0x0000000087200000, 0x0000000087300000, 0x0000000087300000|100%| O|  |TAMS 0x0000000087300000, 0x0000000087200000| Untracked 
|  27|0x0000000087300000, 0x0000000087400000, 0x0000000087400000|100%| O|  |TAMS 0x0000000087400000, 0x0000000087300000| Untracked 
|  28|0x0000000087400000, 0x0000000087500000, 0x0000000087500000|100%| O|  |TAMS 0x0000000087500000, 0x0000000087400000| Untracked 
|  29|0x0000000087500000, 0x0000000087600000, 0x0000000087600000|100%| O|  |TAMS 0x0000000087600000, 0x0000000087500000| Untracked 
|  30|0x0000000087600000, 0x0000000087700000, 0x0000000087700000|100%| O|  |TAMS 0x0000000087700000, 0x0000000087600000| Untracked 
|  31|0x0000000087700000, 0x0000000087800000, 0x0000000087800000|100%| O|  |TAMS 0x0000000087800000, 0x0000000087700000| Untracked 
|  32|0x0000000087800000, 0x0000000087900000, 0x0000000087900000|100%| O|  |TAMS 0x0000000087900000, 0x0000000087800000| Untracked 
|  33|0x0000000087900000, 0x0000000087a00000, 0x0000000087a00000|100%| O|  |TAMS 0x0000000087a00000, 0x0000000087900000| Untracked 
|  34|0x0000000087a00000, 0x0000000087b00000, 0x0000000087b00000|100%| O|  |TAMS 0x0000000087b00000, 0x0000000087a00000| Untracked 
|  35|0x0000000087b00000, 0x0000000087c00000, 0x0000000087c00000|100%| O|  |TAMS 0x0000000087c00000, 0x0000000087b00000| Untracked 
|  36|0x0000000087c00000, 0x0000000087d00000, 0x0000000087d00000|100%| O|  |TAMS 0x0000000087d00000, 0x0000000087c00000| Untracked 
|  37|0x0000000087d00000, 0x0000000087e00000, 0x0000000087e00000|100%| O|  |TAMS 0x0000000087e00000, 0x0000000087d00000| Untracked 
|  38|0x0000000087e00000, 0x0000000087f00000, 0x0000000087f00000|100%| O|  |TAMS 0x0000000087f00000, 0x0000000087e00000| Untracked 
|  39|0x0000000087f00000, 0x0000000088000000, 0x0000000088000000|100%| O|  |TAMS 0x0000000087f2e200, 0x0000000087f00000| Untracked 
|  40|0x0000000088000000, 0x0000000088100000, 0x0000000088100000|100%| O|  |TAMS 0x0000000088000000, 0x0000000088000000| Untracked 
|  41|0x0000000088100000, 0x0000000088200000, 0x0000000088200000|100%|HS|  |TAMS 0x0000000088200000, 0x0000000088100000| Complete 
|  42|0x0000000088200000, 0x0000000088300000, 0x0000000088300000|100%| O|  |TAMS 0x0000000088200000, 0x0000000088200000| Untracked 
|  43|0x0000000088300000, 0x0000000088400000, 0x0000000088400000|100%| O|  |TAMS 0x0000000088300000, 0x0000000088300000| Untracked 
|  44|0x0000000088400000, 0x0000000088500000, 0x0000000088500000|100%| O|  |TAMS 0x0000000088400000, 0x0000000088400000| Untracked 
|  45|0x0000000088500000, 0x0000000088600000, 0x0000000088600000|100%| O|  |TAMS 0x0000000088500000, 0x0000000088500000| Untracked 
|  46|0x0000000088600000, 0x0000000088700000, 0x0000000088700000|100%| O|  |TAMS 0x0000000088600000, 0x0000000088600000| Untracked 
|  47|0x0000000088700000, 0x0000000088800000, 0x0000000088800000|100%| O|  |TAMS 0x0000000088700000, 0x0000000088700000| Untracked 
|  48|0x0000000088800000, 0x0000000088900000, 0x0000000088900000|100%| O|  |TAMS 0x0000000088800000, 0x0000000088800000| Untracked 
|  49|0x0000000088900000, 0x0000000088a00000, 0x0000000088a00000|100%| O|  |TAMS 0x0000000088900000, 0x0000000088900000| Untracked 
|  50|0x0000000088a00000, 0x0000000088b00000, 0x0000000088b00000|100%| O|  |TAMS 0x0000000088a00000, 0x0000000088a00000| Untracked 
|  51|0x0000000088b00000, 0x0000000088c00000, 0x0000000088c00000|100%| O|  |TAMS 0x0000000088b00000, 0x0000000088b00000| Untracked 
|  52|0x0000000088c00000, 0x0000000088d00000, 0x0000000088d00000|100%| O|  |TAMS 0x0000000088c00000, 0x0000000088c00000| Untracked 
|  53|0x0000000088d00000, 0x0000000088e00000, 0x0000000088e00000|100%| O|  |TAMS 0x0000000088d00000, 0x0000000088d00000| Untracked 
|  54|0x0000000088e00000, 0x0000000088f00000, 0x0000000088f00000|100%| O|  |TAMS 0x0000000088e00000, 0x0000000088e00000| Untracked 
|  55|0x0000000088f00000, 0x0000000089000000, 0x0000000089000000|100%| O|  |TAMS 0x0000000088f00000, 0x0000000088f00000| Untracked 
|  56|0x0000000089000000, 0x0000000089100000, 0x0000000089100000|100%| O|  |TAMS 0x0000000089000000, 0x0000000089000000| Untracked 
|  57|0x0000000089100000, 0x0000000089200000, 0x0000000089200000|100%| O|  |TAMS 0x0000000089100000, 0x0000000089100000| Untracked 
|  58|0x0000000089200000, 0x0000000089300000, 0x0000000089300000|100%| O|  |TAMS 0x0000000089200000, 0x0000000089200000| Untracked 
|  59|0x0000000089300000, 0x0000000089400000, 0x0000000089400000|100%| O|  |TAMS 0x0000000089300000, 0x0000000089300000| Untracked 
|  60|0x0000000089400000, 0x0000000089500000, 0x0000000089500000|100%| O|  |TAMS 0x0000000089400000, 0x0000000089400000| Untracked 
|  61|0x0000000089500000, 0x0000000089600000, 0x0000000089600000|100%| O|  |TAMS 0x0000000089500000, 0x0000000089500000| Untracked 
|  62|0x0000000089600000, 0x0000000089700000, 0x0000000089700000|100%| O|  |TAMS 0x0000000089600000, 0x0000000089600000| Untracked 
|  63|0x0000000089700000, 0x0000000089800000, 0x0000000089800000|100%| O|  |TAMS 0x0000000089700000, 0x0000000089700000| Untracked 
|  64|0x0000000089800000, 0x0000000089900000, 0x0000000089900000|100%| O|  |TAMS 0x0000000089800000, 0x0000000089800000| Untracked 
|  65|0x0000000089900000, 0x0000000089a00000, 0x0000000089a00000|100%| O|  |TAMS 0x0000000089900000, 0x0000000089900000| Untracked 
|  66|0x0000000089a00000, 0x0000000089b00000, 0x0000000089b00000|100%| O|  |TAMS 0x0000000089a00000, 0x0000000089a00000| Untracked 
|  67|0x0000000089b00000, 0x0000000089c00000, 0x0000000089c00000|100%| O|  |TAMS 0x0000000089b00000, 0x0000000089b00000| Untracked 
|  68|0x0000000089c00000, 0x0000000089d00000, 0x0000000089d00000|100%| O|  |TAMS 0x0000000089c00000, 0x0000000089c00000| Untracked 
|  69|0x0000000089d00000, 0x0000000089e00000, 0x0000000089e00000|100%| O|  |TAMS 0x0000000089d00000, 0x0000000089d00000| Untracked 
|  70|0x0000000089e00000, 0x0000000089effff8, 0x0000000089f00000| 99%| O|  |TAMS 0x0000000089e00000, 0x0000000089e00000| Untracked 
|  71|0x0000000089f00000, 0x000000008a000000, 0x000000008a000000|100%| O|  |TAMS 0x0000000089f00000, 0x0000000089f00000| Untracked 
|  72|0x000000008a000000, 0x000000008a100000, 0x000000008a100000|100%| O|  |TAMS 0x000000008a000000, 0x000000008a000000| Untracked 
|  73|0x000000008a100000, 0x000000008a200000, 0x000000008a200000|100%| O|  |TAMS 0x000000008a100000, 0x000000008a100000| Untracked 
|  74|0x000000008a200000, 0x000000008a300000, 0x000000008a300000|100%| O|  |TAMS 0x000000008a200000, 0x000000008a200000| Untracked 
|  75|0x000000008a300000, 0x000000008a400000, 0x000000008a400000|100%| O|  |TAMS 0x000000008a300000, 0x000000008a300000| Untracked 
|  76|0x000000008a400000, 0x000000008a500000, 0x000000008a500000|100%| O|  |TAMS 0x000000008a400000, 0x000000008a400000| Untracked 
|  77|0x000000008a500000, 0x000000008a600000, 0x000000008a600000|100%| O|  |TAMS 0x000000008a500000, 0x000000008a500000| Untracked 
|  78|0x000000008a600000, 0x000000008a700000, 0x000000008a700000|100%| O|  |TAMS 0x000000008a600000, 0x000000008a600000| Untracked 
|  79|0x000000008a700000, 0x000000008a800000, 0x000000008a800000|100%| O|  |TAMS 0x000000008a700000, 0x000000008a700000| Untracked 
|  80|0x000000008a800000, 0x000000008a900000, 0x000000008a900000|100%| O|  |TAMS 0x000000008a800000, 0x000000008a800000| Untracked 
|  81|0x000000008a900000, 0x000000008aa00000, 0x000000008aa00000|100%|HS|  |TAMS 0x000000008a900000, 0x000000008a900000| Complete 
|  82|0x000000008aa00000, 0x000000008ab00000, 0x000000008ab00000|100%| O|  |TAMS 0x000000008aa00000, 0x000000008aa00000| Untracked 
|  83|0x000000008ab00000, 0x000000008ac00000, 0x000000008ac00000|100%| O|  |TAMS 0x000000008ab00000, 0x000000008ab00000| Untracked 
|  84|0x000000008ac00000, 0x000000008ad00000, 0x000000008ad00000|100%| O|  |TAMS 0x000000008ac00000, 0x000000008ac00000| Untracked 
|  85|0x000000008ad00000, 0x000000008ae00000, 0x000000008ae00000|100%| O|  |TAMS 0x000000008ad00000, 0x000000008ad00000| Untracked 
|  86|0x000000008ae00000, 0x000000008af00000, 0x000000008af00000|100%| O|  |TAMS 0x000000008ae00000, 0x000000008ae00000| Untracked 
|  87|0x000000008af00000, 0x000000008b000000, 0x000000008b000000|100%| O|  |TAMS 0x000000008af00000, 0x000000008af00000| Untracked 
|  88|0x000000008b000000, 0x000000008b100000, 0x000000008b100000|100%| O|  |TAMS 0x000000008b000000, 0x000000008b000000| Untracked 
|  89|0x000000008b100000, 0x000000008b200000, 0x000000008b200000|100%| O|  |TAMS 0x000000008b100000, 0x000000008b100000| Untracked 
|  90|0x000000008b200000, 0x000000008b226400, 0x000000008b300000| 14%| O|  |TAMS 0x000000008b200000, 0x000000008b200000| Untracked 
|  91|0x000000008b300000, 0x000000008b300000, 0x000000008b400000|  0%| F|  |TAMS 0x000000008b300000, 0x000000008b300000| Untracked 
|  92|0x000000008b400000, 0x000000008b400000, 0x000000008b500000|  0%| F|  |TAMS 0x000000008b400000, 0x000000008b400000| Untracked 
|  93|0x000000008b500000, 0x000000008b500000, 0x000000008b600000|  0%| F|  |TAMS 0x000000008b500000, 0x000000008b500000| Untracked 
|  94|0x000000008b600000, 0x000000008b600000, 0x000000008b700000|  0%| F|  |TAMS 0x000000008b600000, 0x000000008b600000| Untracked 
|  95|0x000000008b700000, 0x000000008b700000, 0x000000008b800000|  0%| F|  |TAMS 0x000000008b700000, 0x000000008b700000| Untracked 
|  96|0x000000008b800000, 0x000000008b800000, 0x000000008b900000|  0%| F|  |TAMS 0x000000008b800000, 0x000000008b800000| Untracked 
|  97|0x000000008b900000, 0x000000008b900000, 0x000000008ba00000|  0%| F|  |TAMS 0x000000008b900000, 0x000000008b900000| Untracked 
|  98|0x000000008ba00000, 0x000000008ba00000, 0x000000008bb00000|  0%| F|  |TAMS 0x000000008ba00000, 0x000000008ba00000| Untracked 
|  99|0x000000008bb00000, 0x000000008bb00000, 0x000000008bc00000|  0%| F|  |TAMS 0x000000008bb00000, 0x000000008bb00000| Untracked 
| 100|0x000000008bc00000, 0x000000008bc00000, 0x000000008bd00000|  0%| F|  |TAMS 0x000000008bc00000, 0x000000008bc00000| Untracked 
| 101|0x000000008bd00000, 0x000000008bd00000, 0x000000008be00000|  0%| F|  |TAMS 0x000000008bd00000, 0x000000008bd00000| Untracked 
| 102|0x000000008be00000, 0x000000008be00000, 0x000000008bf00000|  0%| F|  |TAMS 0x000000008be00000, 0x000000008be00000| Untracked 
| 103|0x000000008bf00000, 0x000000008bf00000, 0x000000008c000000|  0%| F|  |TAMS 0x000000008bf00000, 0x000000008bf00000| Untracked 
| 104|0x000000008c000000, 0x000000008c000000, 0x000000008c100000|  0%| F|  |TAMS 0x000000008c000000, 0x000000008c000000| Untracked 
| 105|0x000000008c100000, 0x000000008c100000, 0x000000008c200000|  0%| F|  |TAMS 0x000000008c100000, 0x000000008c100000| Untracked 
| 106|0x000000008c200000, 0x000000008c200000, 0x000000008c300000|  0%| F|  |TAMS 0x000000008c200000, 0x000000008c200000| Untracked 
| 107|0x000000008c300000, 0x000000008c300000, 0x000000008c400000|  0%| F|  |TAMS 0x000000008c300000, 0x000000008c300000| Untracked 
| 108|0x000000008c400000, 0x000000008c400000, 0x000000008c500000|  0%| F|  |TAMS 0x000000008c400000, 0x000000008c400000| Untracked 
| 109|0x000000008c500000, 0x000000008c500000, 0x000000008c600000|  0%| F|  |TAMS 0x000000008c500000, 0x000000008c500000| Untracked 
| 110|0x000000008c600000, 0x000000008c600000, 0x000000008c700000|  0%| F|  |TAMS 0x000000008c600000, 0x000000008c600000| Untracked 
| 111|0x000000008c700000, 0x000000008c700000, 0x000000008c800000|  0%| F|  |TAMS 0x000000008c700000, 0x000000008c700000| Untracked 
| 112|0x000000008c800000, 0x000000008c800000, 0x000000008c900000|  0%| F|  |TAMS 0x000000008c800000, 0x000000008c800000| Untracked 
| 113|0x000000008c900000, 0x000000008c900000, 0x000000008ca00000|  0%| F|  |TAMS 0x000000008c900000, 0x000000008c900000| Untracked 
| 114|0x000000008ca00000, 0x000000008ca00000, 0x000000008cb00000|  0%| F|  |TAMS 0x000000008ca00000, 0x000000008ca00000| Untracked 
| 115|0x000000008cb00000, 0x000000008cb00000, 0x000000008cc00000|  0%| F|  |TAMS 0x000000008cb00000, 0x000000008cb00000| Untracked 
| 116|0x000000008cc00000, 0x000000008cc00000, 0x000000008cd00000|  0%| F|  |TAMS 0x000000008cc00000, 0x000000008cc00000| Untracked 
| 117|0x000000008cd00000, 0x000000008cd00000, 0x000000008ce00000|  0%| F|  |TAMS 0x000000008cd00000, 0x000000008cd00000| Untracked 
| 118|0x000000008ce00000, 0x000000008ce00000, 0x000000008cf00000|  0%| F|  |TAMS 0x000000008ce00000, 0x000000008ce00000| Untracked 
| 119|0x000000008cf00000, 0x000000008cf00000, 0x000000008d000000|  0%| F|  |TAMS 0x000000008cf00000, 0x000000008cf00000| Untracked 
| 120|0x000000008d000000, 0x000000008d000000, 0x000000008d100000|  0%| F|  |TAMS 0x000000008d000000, 0x000000008d000000| Untracked 
| 121|0x000000008d100000, 0x000000008d100000, 0x000000008d200000|  0%| F|  |TAMS 0x000000008d100000, 0x000000008d100000| Untracked 
| 122|0x000000008d200000, 0x000000008d200000, 0x000000008d300000|  0%| F|  |TAMS 0x000000008d200000, 0x000000008d200000| Untracked 
| 123|0x000000008d300000, 0x000000008d3be5e0, 0x000000008d400000| 74%| S|CS|TAMS 0x000000008d300000, 0x000000008d300000| Complete 
| 124|0x000000008d400000, 0x000000008d500000, 0x000000008d500000|100%| S|CS|TAMS 0x000000008d400000, 0x000000008d400000| Complete 
| 125|0x000000008d500000, 0x000000008d600000, 0x000000008d600000|100%| S|CS|TAMS 0x000000008d500000, 0x000000008d500000| Complete 
| 126|0x000000008d600000, 0x000000008d700000, 0x000000008d700000|100%| S|CS|TAMS 0x000000008d600000, 0x000000008d600000| Complete 
| 127|0x000000008d700000, 0x000000008d800000, 0x000000008d800000|100%| S|CS|TAMS 0x000000008d700000, 0x000000008d700000| Complete 
| 128|0x000000008d800000, 0x000000008d900000, 0x000000008d900000|100%| S|CS|TAMS 0x000000008d800000, 0x000000008d800000| Complete 
| 129|0x000000008d900000, 0x000000008da00000, 0x000000008da00000|100%| S|CS|TAMS 0x000000008d900000, 0x000000008d900000| Complete 
| 130|0x000000008da00000, 0x000000008db00000, 0x000000008db00000|100%| S|CS|TAMS 0x000000008da00000, 0x000000008da00000| Complete 
| 131|0x000000008db00000, 0x000000008dc00000, 0x000000008dc00000|100%| S|CS|TAMS 0x000000008db00000, 0x000000008db00000| Complete 
| 132|0x000000008dc00000, 0x000000008dd00000, 0x000000008dd00000|100%| S|CS|TAMS 0x000000008dc00000, 0x000000008dc00000| Complete 
| 133|0x000000008dd00000, 0x000000008dd00000, 0x000000008de00000|  0%| F|  |TAMS 0x000000008dd00000, 0x000000008dd00000| Untracked 
| 134|0x000000008de00000, 0x000000008de00000, 0x000000008df00000|  0%| F|  |TAMS 0x000000008de00000, 0x000000008de00000| Untracked 
| 135|0x000000008df00000, 0x000000008df00000, 0x000000008e000000|  0%| F|  |TAMS 0x000000008df00000, 0x000000008df00000| Untracked 
| 136|0x000000008e000000, 0x000000008e000000, 0x000000008e100000|  0%| F|  |TAMS 0x000000008e000000, 0x000000008e000000| Untracked 
| 137|0x000000008e100000, 0x000000008e100000, 0x000000008e200000|  0%| F|  |TAMS 0x000000008e100000, 0x000000008e100000| Untracked 
| 138|0x000000008e200000, 0x000000008e200000, 0x000000008e300000|  0%| F|  |TAMS 0x000000008e200000, 0x000000008e200000| Untracked 
| 139|0x000000008e300000, 0x000000008e300000, 0x000000008e400000|  0%| F|  |TAMS 0x000000008e300000, 0x000000008e300000| Untracked 
| 140|0x000000008e400000, 0x000000008e500000, 0x000000008e500000|100%| S|CS|TAMS 0x000000008e400000, 0x000000008e400000| Complete 
| 141|0x000000008e500000, 0x000000008e600000, 0x000000008e600000|100%| S|CS|TAMS 0x000000008e500000, 0x000000008e500000| Complete 
| 142|0x000000008e600000, 0x000000008e600000, 0x000000008e700000|  0%| F|  |TAMS 0x000000008e600000, 0x000000008e600000| Untracked 
| 143|0x000000008e700000, 0x000000008e700000, 0x000000008e800000|  0%| F|  |TAMS 0x000000008e700000, 0x000000008e700000| Untracked 
| 144|0x000000008e800000, 0x000000008e800000, 0x000000008e900000|  0%| F|  |TAMS 0x000000008e800000, 0x000000008e800000| Untracked 
| 145|0x000000008e900000, 0x000000008e900000, 0x000000008ea00000|  0%| F|  |TAMS 0x000000008e900000, 0x000000008e900000| Untracked 
| 146|0x000000008ea00000, 0x000000008ea00000, 0x000000008eb00000|  0%| F|  |TAMS 0x000000008ea00000, 0x000000008ea00000| Untracked 
| 147|0x000000008eb00000, 0x000000008ec00000, 0x000000008ec00000|100%| S|CS|TAMS 0x000000008eb00000, 0x000000008eb00000| Complete 
| 148|0x000000008ec00000, 0x000000008ed00000, 0x000000008ed00000|100%| S|CS|TAMS 0x000000008ec00000, 0x000000008ec00000| Complete 
| 149|0x000000008ed00000, 0x000000008ee00000, 0x000000008ee00000|100%| S|CS|TAMS 0x000000008ed00000, 0x000000008ed00000| Complete 
| 150|0x000000008ee00000, 0x000000008ef00000, 0x000000008ef00000|100%| S|CS|TAMS 0x000000008ee00000, 0x000000008ee00000| Complete 
| 151|0x000000008ef00000, 0x000000008f000000, 0x000000008f000000|100%| S|CS|TAMS 0x000000008ef00000, 0x000000008ef00000| Complete 
| 152|0x000000008f000000, 0x000000008f000000, 0x000000008f100000|  0%| F|  |TAMS 0x000000008f000000, 0x000000008f000000| Untracked 
| 153|0x000000008f100000, 0x000000008f100000, 0x000000008f200000|  0%| F|  |TAMS 0x000000008f100000, 0x000000008f100000| Untracked 
| 154|0x000000008f200000, 0x000000008f200000, 0x000000008f300000|  0%| F|  |TAMS 0x000000008f200000, 0x000000008f200000| Untracked 
| 155|0x000000008f300000, 0x000000008f300000, 0x000000008f400000|  0%| F|  |TAMS 0x000000008f300000, 0x000000008f300000| Untracked 
| 156|0x000000008f400000, 0x000000008f400000, 0x000000008f500000|  0%| F|  |TAMS 0x000000008f400000, 0x000000008f400000| Untracked 
| 157|0x000000008f500000, 0x000000008f500000, 0x000000008f600000|  0%| F|  |TAMS 0x000000008f500000, 0x000000008f500000| Untracked 
| 158|0x000000008f600000, 0x000000008f600000, 0x000000008f700000|  0%| F|  |TAMS 0x000000008f600000, 0x000000008f600000| Untracked 
| 159|0x000000008f700000, 0x000000008f700000, 0x000000008f800000|  0%| F|  |TAMS 0x000000008f700000, 0x000000008f700000| Untracked 
| 160|0x000000008f800000, 0x000000008f800000, 0x000000008f900000|  0%| F|  |TAMS 0x000000008f800000, 0x000000008f800000| Untracked 
| 161|0x000000008f900000, 0x000000008f900000, 0x000000008fa00000|  0%| F|  |TAMS 0x000000008f900000, 0x000000008f900000| Untracked 
| 162|0x000000008fa00000, 0x000000008fa00000, 0x000000008fb00000|  0%| F|  |TAMS 0x000000008fa00000, 0x000000008fa00000| Untracked 
| 163|0x000000008fb00000, 0x000000008fb00000, 0x000000008fc00000|  0%| F|  |TAMS 0x000000008fb00000, 0x000000008fb00000| Untracked 
| 164|0x000000008fc00000, 0x000000008fc00000, 0x000000008fd00000|  0%| F|  |TAMS 0x000000008fc00000, 0x000000008fc00000| Untracked 
| 165|0x000000008fd00000, 0x000000008fd00000, 0x000000008fe00000|  0%| F|  |TAMS 0x000000008fd00000, 0x000000008fd00000| Untracked 
| 166|0x000000008fe00000, 0x000000008fe00000, 0x000000008ff00000|  0%| F|  |TAMS 0x000000008fe00000, 0x000000008fe00000| Untracked 
| 167|0x000000008ff00000, 0x000000008ff00000, 0x0000000090000000|  0%| F|  |TAMS 0x000000008ff00000, 0x000000008ff00000| Untracked 
| 168|0x0000000090000000, 0x0000000090000000, 0x0000000090100000|  0%| F|  |TAMS 0x0000000090000000, 0x0000000090000000| Untracked 
| 169|0x0000000090100000, 0x0000000090100000, 0x0000000090200000|  0%| F|  |TAMS 0x0000000090100000, 0x0000000090100000| Untracked 
| 170|0x0000000090200000, 0x0000000090200000, 0x0000000090300000|  0%| F|  |TAMS 0x0000000090200000, 0x0000000090200000| Untracked 
| 171|0x0000000090300000, 0x0000000090300000, 0x0000000090400000|  0%| F|  |TAMS 0x0000000090300000, 0x0000000090300000| Untracked 
| 172|0x0000000090400000, 0x0000000090400000, 0x0000000090500000|  0%| F|  |TAMS 0x0000000090400000, 0x0000000090400000| Untracked 
| 173|0x0000000090500000, 0x0000000090500000, 0x0000000090600000|  0%| F|  |TAMS 0x0000000090500000, 0x0000000090500000| Untracked 
| 174|0x0000000090600000, 0x0000000090600000, 0x0000000090700000|  0%| F|  |TAMS 0x0000000090600000, 0x0000000090600000| Untracked 
| 175|0x0000000090700000, 0x0000000090700000, 0x0000000090800000|  0%| F|  |TAMS 0x0000000090700000, 0x0000000090700000| Untracked 
| 176|0x0000000090800000, 0x0000000090800000, 0x0000000090900000|  0%| F|  |TAMS 0x0000000090800000, 0x0000000090800000| Untracked 
| 177|0x0000000090900000, 0x0000000090900000, 0x0000000090a00000|  0%| F|  |TAMS 0x0000000090900000, 0x0000000090900000| Untracked 
| 178|0x0000000090a00000, 0x0000000090a00000, 0x0000000090b00000|  0%| F|  |TAMS 0x0000000090a00000, 0x0000000090a00000| Untracked 
| 179|0x0000000090b00000, 0x0000000090b00000, 0x0000000090c00000|  0%| F|  |TAMS 0x0000000090b00000, 0x0000000090b00000| Untracked 
| 180|0x0000000090c00000, 0x0000000090c00000, 0x0000000090d00000|  0%| F|  |TAMS 0x0000000090c00000, 0x0000000090c00000| Untracked 
| 181|0x0000000090d00000, 0x0000000090d00000, 0x0000000090e00000|  0%| F|  |TAMS 0x0000000090d00000, 0x0000000090d00000| Untracked 
| 182|0x0000000090e00000, 0x0000000090e00000, 0x0000000090f00000|  0%| F|  |TAMS 0x0000000090e00000, 0x0000000090e00000| Untracked 
| 183|0x0000000090f00000, 0x0000000090f00000, 0x0000000091000000|  0%| F|  |TAMS 0x0000000090f00000, 0x0000000090f00000| Untracked 
| 184|0x0000000091000000, 0x0000000091000000, 0x0000000091100000|  0%| F|  |TAMS 0x0000000091000000, 0x0000000091000000| Untracked 
| 185|0x0000000091100000, 0x0000000091100000, 0x0000000091200000|  0%| F|  |TAMS 0x0000000091100000, 0x0000000091100000| Untracked 
| 186|0x0000000091200000, 0x0000000091200000, 0x0000000091300000|  0%| F|  |TAMS 0x0000000091200000, 0x0000000091200000| Untracked 
| 187|0x0000000091300000, 0x0000000091300000, 0x0000000091400000|  0%| F|  |TAMS 0x0000000091300000, 0x0000000091300000| Untracked 
| 188|0x0000000091400000, 0x0000000091400000, 0x0000000091500000|  0%| F|  |TAMS 0x0000000091400000, 0x0000000091400000| Untracked 
| 189|0x0000000091500000, 0x0000000091500000, 0x0000000091600000|  0%| F|  |TAMS 0x0000000091500000, 0x0000000091500000| Untracked 
| 190|0x0000000091600000, 0x0000000091600000, 0x0000000091700000|  0%| F|  |TAMS 0x0000000091600000, 0x0000000091600000| Untracked 
| 191|0x0000000091700000, 0x0000000091700000, 0x0000000091800000|  0%| F|  |TAMS 0x0000000091700000, 0x0000000091700000| Untracked 
| 192|0x0000000091800000, 0x0000000091800000, 0x0000000091900000|  0%| F|  |TAMS 0x0000000091800000, 0x0000000091800000| Untracked 
| 193|0x0000000091900000, 0x0000000091900000, 0x0000000091a00000|  0%| F|  |TAMS 0x0000000091900000, 0x0000000091900000| Untracked 
| 194|0x0000000091a00000, 0x0000000091a00000, 0x0000000091b00000|  0%| F|  |TAMS 0x0000000091a00000, 0x0000000091a00000| Untracked 
| 195|0x0000000091b00000, 0x0000000091b00000, 0x0000000091c00000|  0%| F|  |TAMS 0x0000000091b00000, 0x0000000091b00000| Untracked 
| 196|0x0000000091c00000, 0x0000000091c00000, 0x0000000091d00000|  0%| F|  |TAMS 0x0000000091c00000, 0x0000000091c00000| Untracked 
| 197|0x0000000091d00000, 0x0000000091d00000, 0x0000000091e00000|  0%| F|  |TAMS 0x0000000091d00000, 0x0000000091d00000| Untracked 
| 198|0x0000000091e00000, 0x0000000091e00000, 0x0000000091f00000|  0%| F|  |TAMS 0x0000000091e00000, 0x0000000091e00000| Untracked 
| 199|0x0000000091f00000, 0x0000000091f00000, 0x0000000092000000|  0%| F|  |TAMS 0x0000000091f00000, 0x0000000091f00000| Untracked 
| 200|0x0000000092000000, 0x0000000092000000, 0x0000000092100000|  0%| F|  |TAMS 0x0000000092000000, 0x0000000092000000| Untracked 
| 201|0x0000000092100000, 0x0000000092100000, 0x0000000092200000|  0%| F|  |TAMS 0x0000000092100000, 0x0000000092100000| Untracked 
| 202|0x0000000092200000, 0x0000000092200000, 0x0000000092300000|  0%| F|  |TAMS 0x0000000092200000, 0x0000000092200000| Untracked 
| 203|0x0000000092300000, 0x0000000092300000, 0x0000000092400000|  0%| F|  |TAMS 0x0000000092300000, 0x0000000092300000| Untracked 
| 204|0x0000000092400000, 0x0000000092400000, 0x0000000092500000|  0%| F|  |TAMS 0x0000000092400000, 0x0000000092400000| Untracked 
| 205|0x0000000092500000, 0x0000000092500000, 0x0000000092600000|  0%| F|  |TAMS 0x0000000092500000, 0x0000000092500000| Untracked 
| 206|0x0000000092600000, 0x0000000092600000, 0x0000000092700000|  0%| F|  |TAMS 0x0000000092600000, 0x0000000092600000| Untracked 
| 207|0x0000000092700000, 0x0000000092700000, 0x0000000092800000|  0%| F|  |TAMS 0x0000000092700000, 0x0000000092700000| Untracked 
| 208|0x0000000092800000, 0x0000000092800000, 0x0000000092900000|  0%| F|  |TAMS 0x0000000092800000, 0x0000000092800000| Untracked 
| 209|0x0000000092900000, 0x0000000092900000, 0x0000000092a00000|  0%| F|  |TAMS 0x0000000092900000, 0x0000000092900000| Untracked 
| 210|0x0000000092a00000, 0x0000000092a00000, 0x0000000092b00000|  0%| F|  |TAMS 0x0000000092a00000, 0x0000000092a00000| Untracked 
| 211|0x0000000092b00000, 0x0000000092b00000, 0x0000000092c00000|  0%| F|  |TAMS 0x0000000092b00000, 0x0000000092b00000| Untracked 
| 212|0x0000000092c00000, 0x0000000092c00000, 0x0000000092d00000|  0%| F|  |TAMS 0x0000000092c00000, 0x0000000092c00000| Untracked 
| 213|0x0000000092d00000, 0x0000000092d00000, 0x0000000092e00000|  0%| F|  |TAMS 0x0000000092d00000, 0x0000000092d00000| Untracked 
| 214|0x0000000092e00000, 0x0000000092e00000, 0x0000000092f00000|  0%| F|  |TAMS 0x0000000092e00000, 0x0000000092e00000| Untracked 
| 215|0x0000000092f00000, 0x0000000092f00000, 0x0000000093000000|  0%| F|  |TAMS 0x0000000092f00000, 0x0000000092f00000| Untracked 
| 216|0x0000000093000000, 0x0000000093000000, 0x0000000093100000|  0%| F|  |TAMS 0x0000000093000000, 0x0000000093000000| Untracked 
| 217|0x0000000093100000, 0x0000000093100000, 0x0000000093200000|  0%| F|  |TAMS 0x0000000093100000, 0x0000000093100000| Untracked 
| 218|0x0000000093200000, 0x0000000093200000, 0x0000000093300000|  0%| F|  |TAMS 0x0000000093200000, 0x0000000093200000| Untracked 
| 219|0x0000000093300000, 0x0000000093300000, 0x0000000093400000|  0%| F|  |TAMS 0x0000000093300000, 0x0000000093300000| Untracked 
| 220|0x0000000093400000, 0x0000000093400000, 0x0000000093500000|  0%| F|  |TAMS 0x0000000093400000, 0x0000000093400000| Untracked 
| 221|0x0000000093500000, 0x0000000093500000, 0x0000000093600000|  0%| F|  |TAMS 0x0000000093500000, 0x0000000093500000| Untracked 
| 222|0x0000000093600000, 0x0000000093600000, 0x0000000093700000|  0%| F|  |TAMS 0x0000000093600000, 0x0000000093600000| Untracked 
| 223|0x0000000093700000, 0x0000000093700000, 0x0000000093800000|  0%| F|  |TAMS 0x0000000093700000, 0x0000000093700000| Untracked 
| 224|0x0000000093800000, 0x0000000093800000, 0x0000000093900000|  0%| F|  |TAMS 0x0000000093800000, 0x0000000093800000| Untracked 
| 225|0x0000000093900000, 0x0000000093900000, 0x0000000093a00000|  0%| F|  |TAMS 0x0000000093900000, 0x0000000093900000| Untracked 
| 226|0x0000000093a00000, 0x0000000093a00000, 0x0000000093b00000|  0%| F|  |TAMS 0x0000000093a00000, 0x0000000093a00000| Untracked 
| 227|0x0000000093b00000, 0x0000000093b00000, 0x0000000093c00000|  0%| F|  |TAMS 0x0000000093b00000, 0x0000000093b00000| Untracked 
| 228|0x0000000093c00000, 0x0000000093c00000, 0x0000000093d00000|  0%| F|  |TAMS 0x0000000093c00000, 0x0000000093c00000| Untracked 
| 229|0x0000000093d00000, 0x0000000093d00000, 0x0000000093e00000|  0%| F|  |TAMS 0x0000000093d00000, 0x0000000093d00000| Untracked 
| 230|0x0000000093e00000, 0x0000000093e00000, 0x0000000093f00000|  0%| F|  |TAMS 0x0000000093e00000, 0x0000000093e00000| Untracked 
| 231|0x0000000093f00000, 0x0000000093f00000, 0x0000000094000000|  0%| F|  |TAMS 0x0000000093f00000, 0x0000000093f00000| Untracked 
| 232|0x0000000094000000, 0x0000000094000000, 0x0000000094100000|  0%| F|  |TAMS 0x0000000094000000, 0x0000000094000000| Untracked 
| 233|0x0000000094100000, 0x0000000094100000, 0x0000000094200000|  0%| F|  |TAMS 0x0000000094100000, 0x0000000094100000| Untracked 
| 234|0x0000000094200000, 0x0000000094200000, 0x0000000094300000|  0%| F|  |TAMS 0x0000000094200000, 0x0000000094200000| Untracked 
| 235|0x0000000094300000, 0x0000000094300000, 0x0000000094400000|  0%| F|  |TAMS 0x0000000094300000, 0x0000000094300000| Untracked 
| 236|0x0000000094400000, 0x0000000094400000, 0x0000000094500000|  0%| F|  |TAMS 0x0000000094400000, 0x0000000094400000| Untracked 
| 237|0x0000000094500000, 0x0000000094500000, 0x0000000094600000|  0%| F|  |TAMS 0x0000000094500000, 0x0000000094500000| Untracked 
| 238|0x0000000094600000, 0x0000000094600000, 0x0000000094700000|  0%| F|  |TAMS 0x0000000094600000, 0x0000000094600000| Untracked 
| 239|0x0000000094700000, 0x0000000094700000, 0x0000000094800000|  0%| F|  |TAMS 0x0000000094700000, 0x0000000094700000| Untracked 
| 240|0x0000000094800000, 0x0000000094800000, 0x0000000094900000|  0%| F|  |TAMS 0x0000000094800000, 0x0000000094800000| Untracked 
| 241|0x0000000094900000, 0x0000000094900000, 0x0000000094a00000|  0%| F|  |TAMS 0x0000000094900000, 0x0000000094900000| Untracked 
| 242|0x0000000094a00000, 0x0000000094a00000, 0x0000000094b00000|  0%| F|  |TAMS 0x0000000094a00000, 0x0000000094a00000| Untracked 
| 243|0x0000000094b00000, 0x0000000094b00000, 0x0000000094c00000|  0%| F|  |TAMS 0x0000000094b00000, 0x0000000094b00000| Untracked 
| 244|0x0000000094c00000, 0x0000000094c00000, 0x0000000094d00000|  0%| F|  |TAMS 0x0000000094c00000, 0x0000000094c00000| Untracked 
| 245|0x0000000094d00000, 0x0000000094d00000, 0x0000000094e00000|  0%| F|  |TAMS 0x0000000094d00000, 0x0000000094d00000| Untracked 
| 246|0x0000000094e00000, 0x0000000094e00000, 0x0000000094f00000|  0%| F|  |TAMS 0x0000000094e00000, 0x0000000094e00000| Untracked 
| 247|0x0000000094f00000, 0x0000000094f00000, 0x0000000095000000|  0%| F|  |TAMS 0x0000000094f00000, 0x0000000094f00000| Untracked 
| 248|0x0000000095000000, 0x0000000095000000, 0x0000000095100000|  0%| F|  |TAMS 0x0000000095000000, 0x0000000095000000| Untracked 
| 249|0x0000000095100000, 0x0000000095100000, 0x0000000095200000|  0%| F|  |TAMS 0x0000000095100000, 0x0000000095100000| Untracked 
| 250|0x0000000095200000, 0x0000000095200000, 0x0000000095300000|  0%| F|  |TAMS 0x0000000095200000, 0x0000000095200000| Untracked 
| 251|0x0000000095300000, 0x0000000095300000, 0x0000000095400000|  0%| F|  |TAMS 0x0000000095300000, 0x0000000095300000| Untracked 
| 252|0x0000000095400000, 0x0000000095400000, 0x0000000095500000|  0%| F|  |TAMS 0x0000000095400000, 0x0000000095400000| Untracked 
| 253|0x0000000095500000, 0x0000000095500000, 0x0000000095600000|  0%| F|  |TAMS 0x0000000095500000, 0x0000000095500000| Untracked 
| 254|0x0000000095600000, 0x0000000095600000, 0x0000000095700000|  0%| F|  |TAMS 0x0000000095600000, 0x0000000095600000| Untracked 
| 255|0x0000000095700000, 0x0000000095700000, 0x0000000095800000|  0%| F|  |TAMS 0x0000000095700000, 0x0000000095700000| Untracked 
| 256|0x0000000095800000, 0x0000000095800000, 0x0000000095900000|  0%| F|  |TAMS 0x0000000095800000, 0x0000000095800000| Untracked 
| 257|0x0000000095900000, 0x0000000095900000, 0x0000000095a00000|  0%| F|  |TAMS 0x0000000095900000, 0x0000000095900000| Untracked 
| 258|0x0000000095a00000, 0x0000000095a00000, 0x0000000095b00000|  0%| F|  |TAMS 0x0000000095a00000, 0x0000000095a00000| Untracked 
| 259|0x0000000095b00000, 0x0000000095b00000, 0x0000000095c00000|  0%| F|  |TAMS 0x0000000095b00000, 0x0000000095b00000| Untracked 
| 260|0x0000000095c00000, 0x0000000095c00000, 0x0000000095d00000|  0%| F|  |TAMS 0x0000000095c00000, 0x0000000095c00000| Untracked 
| 261|0x0000000095d00000, 0x0000000095d00000, 0x0000000095e00000|  0%| F|  |TAMS 0x0000000095d00000, 0x0000000095d00000| Untracked 
| 262|0x0000000095e00000, 0x0000000095e00000, 0x0000000095f00000|  0%| F|  |TAMS 0x0000000095e00000, 0x0000000095e00000| Untracked 
| 263|0x0000000095f00000, 0x0000000095f00000, 0x0000000096000000|  0%| F|  |TAMS 0x0000000095f00000, 0x0000000095f00000| Untracked 
| 264|0x0000000096000000, 0x0000000096000000, 0x0000000096100000|  0%| F|  |TAMS 0x0000000096000000, 0x0000000096000000| Untracked 
| 265|0x0000000096100000, 0x0000000096100000, 0x0000000096200000|  0%| F|  |TAMS 0x0000000096100000, 0x0000000096100000| Untracked 
| 266|0x0000000096200000, 0x0000000096200000, 0x0000000096300000|  0%| F|  |TAMS 0x0000000096200000, 0x0000000096200000| Untracked 
| 267|0x0000000096300000, 0x0000000096300000, 0x0000000096400000|  0%| F|  |TAMS 0x0000000096300000, 0x0000000096300000| Untracked 
| 268|0x0000000096400000, 0x0000000096400000, 0x0000000096500000|  0%| F|  |TAMS 0x0000000096400000, 0x0000000096400000| Untracked 
| 269|0x0000000096500000, 0x0000000096500000, 0x0000000096600000|  0%| F|  |TAMS 0x0000000096500000, 0x0000000096500000| Untracked 
| 270|0x0000000096600000, 0x0000000096600000, 0x0000000096700000|  0%| F|  |TAMS 0x0000000096600000, 0x0000000096600000| Untracked 
| 271|0x0000000096700000, 0x0000000096700000, 0x0000000096800000|  0%| F|  |TAMS 0x0000000096700000, 0x0000000096700000| Untracked 
| 272|0x0000000096800000, 0x0000000096800000, 0x0000000096900000|  0%| F|  |TAMS 0x0000000096800000, 0x0000000096800000| Untracked 
| 273|0x0000000096900000, 0x0000000096900000, 0x0000000096a00000|  0%| F|  |TAMS 0x0000000096900000, 0x0000000096900000| Untracked 
| 274|0x0000000096a00000, 0x0000000096a00000, 0x0000000096b00000|  0%| F|  |TAMS 0x0000000096a00000, 0x0000000096a00000| Untracked 
| 275|0x0000000096b00000, 0x0000000096b00000, 0x0000000096c00000|  0%| F|  |TAMS 0x0000000096b00000, 0x0000000096b00000| Untracked 
| 276|0x0000000096c00000, 0x0000000096c00000, 0x0000000096d00000|  0%| F|  |TAMS 0x0000000096c00000, 0x0000000096c00000| Untracked 
| 277|0x0000000096d00000, 0x0000000096d00000, 0x0000000096e00000|  0%| F|  |TAMS 0x0000000096d00000, 0x0000000096d00000| Untracked 
| 278|0x0000000096e00000, 0x0000000096e00000, 0x0000000096f00000|  0%| F|  |TAMS 0x0000000096e00000, 0x0000000096e00000| Untracked 
| 279|0x0000000096f00000, 0x0000000096f00000, 0x0000000097000000|  0%| F|  |TAMS 0x0000000096f00000, 0x0000000096f00000| Untracked 
| 280|0x0000000097000000, 0x0000000097000000, 0x0000000097100000|  0%| F|  |TAMS 0x0000000097000000, 0x0000000097000000| Untracked 
| 281|0x0000000097100000, 0x0000000097100000, 0x0000000097200000|  0%| F|  |TAMS 0x0000000097100000, 0x0000000097100000| Untracked 
| 282|0x0000000097200000, 0x0000000097200000, 0x0000000097300000|  0%| F|  |TAMS 0x0000000097200000, 0x0000000097200000| Untracked 
| 283|0x0000000097300000, 0x0000000097300000, 0x0000000097400000|  0%| F|  |TAMS 0x0000000097300000, 0x0000000097300000| Untracked 
| 284|0x0000000097400000, 0x0000000097400000, 0x0000000097500000|  0%| F|  |TAMS 0x0000000097400000, 0x0000000097400000| Untracked 
| 285|0x0000000097500000, 0x0000000097500000, 0x0000000097600000|  0%| F|  |TAMS 0x0000000097500000, 0x0000000097500000| Untracked 
| 286|0x0000000097600000, 0x0000000097600000, 0x0000000097700000|  0%| F|  |TAMS 0x0000000097600000, 0x0000000097600000| Untracked 
| 287|0x0000000097700000, 0x0000000097700000, 0x0000000097800000|  0%| F|  |TAMS 0x0000000097700000, 0x0000000097700000| Untracked 
| 288|0x0000000097800000, 0x0000000097800000, 0x0000000097900000|  0%| F|  |TAMS 0x0000000097800000, 0x0000000097800000| Untracked 
| 289|0x0000000097900000, 0x0000000097900000, 0x0000000097a00000|  0%| F|  |TAMS 0x0000000097900000, 0x0000000097900000| Untracked 
| 290|0x0000000097a00000, 0x0000000097a00000, 0x0000000097b00000|  0%| F|  |TAMS 0x0000000097a00000, 0x0000000097a00000| Untracked 
| 291|0x0000000097b00000, 0x0000000097b00000, 0x0000000097c00000|  0%| F|  |TAMS 0x0000000097b00000, 0x0000000097b00000| Untracked 
| 292|0x0000000097c00000, 0x0000000097c00000, 0x0000000097d00000|  0%| F|  |TAMS 0x0000000097c00000, 0x0000000097c00000| Untracked 
| 293|0x0000000097d00000, 0x0000000097d00000, 0x0000000097e00000|  0%| F|  |TAMS 0x0000000097d00000, 0x0000000097d00000| Untracked 
| 294|0x0000000097e00000, 0x0000000097e00000, 0x0000000097f00000|  0%| F|  |TAMS 0x0000000097e00000, 0x0000000097e00000| Untracked 
| 295|0x0000000097f00000, 0x0000000097f00000, 0x0000000098000000|  0%| F|  |TAMS 0x0000000097f00000, 0x0000000097f00000| Untracked 
| 296|0x0000000098000000, 0x0000000098000000, 0x0000000098100000|  0%| F|  |TAMS 0x0000000098000000, 0x0000000098000000| Untracked 
| 297|0x0000000098100000, 0x0000000098100000, 0x0000000098200000|  0%| F|  |TAMS 0x0000000098100000, 0x0000000098100000| Untracked 
| 298|0x0000000098200000, 0x0000000098200000, 0x0000000098300000|  0%| F|  |TAMS 0x0000000098200000, 0x0000000098200000| Untracked 
| 299|0x0000000098300000, 0x0000000098300000, 0x0000000098400000|  0%| F|  |TAMS 0x0000000098300000, 0x0000000098300000| Untracked 
| 300|0x0000000098400000, 0x0000000098400000, 0x0000000098500000|  0%| F|  |TAMS 0x0000000098400000, 0x0000000098400000| Untracked 
| 301|0x0000000098500000, 0x0000000098500000, 0x0000000098600000|  0%| F|  |TAMS 0x0000000098500000, 0x0000000098500000| Untracked 
| 302|0x0000000098600000, 0x0000000098600000, 0x0000000098700000|  0%| F|  |TAMS 0x0000000098600000, 0x0000000098600000| Untracked 
| 303|0x0000000098700000, 0x0000000098700000, 0x0000000098800000|  0%| F|  |TAMS 0x0000000098700000, 0x0000000098700000| Untracked 
| 304|0x0000000098800000, 0x0000000098800000, 0x0000000098900000|  0%| F|  |TAMS 0x0000000098800000, 0x0000000098800000| Untracked 
| 305|0x0000000098900000, 0x0000000098900000, 0x0000000098a00000|  0%| F|  |TAMS 0x0000000098900000, 0x0000000098900000| Untracked 
| 306|0x0000000098a00000, 0x0000000098a00000, 0x0000000098b00000|  0%| F|  |TAMS 0x0000000098a00000, 0x0000000098a00000| Untracked 

Card table byte_map: [0x000001949ec20000,0x000001949f000000] _byte_map_base: 0x000001949e7f4000

Marking Bits (Prev, Next): (CMBitMap*) 0x0000019496b4ec80, (CMBitMap*) 0x0000019496b4ec40
 Prev Bits: [0x00000194a1280000, 0x00000194a3120000)
 Next Bits: [0x000001949f3e0000, 0x00000194a1280000)

Polling page: 0x0000019496bd0000

Metaspace:

Usage:
  Non-class:     33.85 MB used.
      Class:      4.92 MB used.
       Both:     38.77 MB used.

Virtual space:
  Non-class space:       40.00 MB reserved,      34.06 MB ( 85%) committed,  5 nodes.
      Class space:        1.00 GB reserved,       5.12 MB ( <1%) committed,  1 nodes.
             Both:        1.04 GB reserved,      39.19 MB (  4%) committed. 

Chunk freelists:
   Non-Class:  1.78 MB
       Class:  2.79 MB
        Both:  4.57 MB

MaxMetaspaceSize: unlimited
CompressedClassSpaceSize: 1.00 GB
Initial GC threshold: 21.00 MB
Current GC threshold: 61.38 MB
CDS: off
MetaspaceReclaimPolicy: balanced
 - commit_granule_bytes: 65536.
 - commit_granule_words: 8192.
 - virtual_space_node_default_size: 1048576.
 - enlarge_chunks_in_place: 1.
 - new_chunks_are_fully_committed: 0.
 - uncommit_free_chunks: 1.
 - use_allocation_guard: 0.
 - handle_deallocations: 1.


Internal statistics:

num_allocs_failed_limit: 11.
num_arena_births: 390.
num_arena_deaths: 0.
num_vsnodes_births: 6.
num_vsnodes_deaths: 0.
num_space_committed: 627.
num_space_uncommitted: 0.
num_chunks_returned_to_freelist: 11.
num_chunks_taken_from_freelist: 1575.
num_chunk_merges: 11.
num_chunk_splits: 1084.
num_chunks_enlarged: 828.
num_purges: 0.
num_inconsistent_stats: 0.

CodeCache: size=49152Kb used=9167Kb max_used=9167Kb free=39985Kb
 bounds [0x000001949af60000, 0x000001949b860000, 0x000001949df60000]
 total_blobs=4660 nmethods=4121 adapters=464
 compilation: enabled
              stopped_count=0, restarted_count=0
 full_count=0

Compilation events (20 events):
Event: 5.868 Thread 0x00000194a682a190 nmethod 4111 0x000001949b84e790 code [0x000001949b84e920, 0x000001949b84e9f8]
Event: 5.868 Thread 0x00000194a72a91a0 nmethod 4112 0x000001949b84ea90 code [0x000001949b84ec20, 0x000001949b84ecf8]
Event: 5.868 Thread 0x00000194a72a91a0 4113       1       org.eclipse.jdt.internal.compiler.classfmt.ModuleInfo::requires (5 bytes)
Event: 5.868 Thread 0x00000194a72a91a0 nmethod 4113 0x000001949b84ed90 code [0x000001949b84ef20, 0x000001949b84eff8]
Event: 5.869 Thread 0x00000194a72a91a0 4114       1       java.util.zip.ZipFile$Source::initCEN (591 bytes)
Event: 5.872 Thread 0x00000194a72a91a0 nmethod 4114 0x000001949b84f090 code [0x000001949b84f3e0, 0x000001949b8509e8]
Event: 5.881 Thread 0x00000194a72a91a0 4115   !   1       java.nio.DirectLongBufferU::get (36 bytes)
Event: 5.881 Thread 0x00000194a6a2a770 4116   !   1       jdk.internal.misc.ScopedMemoryAccess::getLong (20 bytes)
Event: 5.881 Thread 0x00000194a682a190 4117   !   1       jdk.internal.misc.ScopedMemoryAccess::getLongInternal (36 bytes)
Event: 5.881 Thread 0x00000194a682a190 nmethod 4117 0x000001949b851690 code [0x000001949b851820, 0x000001949b851948]
Event: 5.881 Thread 0x00000194a6a2a770 nmethod 4116 0x000001949b851a10 code [0x000001949b851bc0, 0x000001949b851db8]
Event: 5.881 Thread 0x00000194a682a190 4118   !   1       java.nio.DirectLongBufferU::put (39 bytes)
Event: 5.881 Thread 0x00000194a6a2a770 4119   !   1       jdk.internal.misc.ScopedMemoryAccess::putLong (25 bytes)
Event: 5.881 Thread 0x00000194a6a2a770 nmethod 4119 0x000001949b851f10 code [0x000001949b8520c0, 0x000001949b8522d8]
Event: 5.881 Thread 0x00000194a6a2a770 4120   !   1       jdk.internal.misc.ScopedMemoryAccess::putLongInternal (37 bytes)
Event: 5.881 Thread 0x00000194a72a91a0 nmethod 4115 0x000001949b852410 code [0x000001949b8525e0, 0x000001949b8528a8]
Event: 5.881 Thread 0x00000194a6a2a770 nmethod 4120 0x000001949b852b90 code [0x000001949b852d20, 0x000001949b852e68]
Event: 5.881 Thread 0x00000194a682a190 nmethod 4118 0x000001949b852f10 code [0x000001949b8530e0, 0x000001949b8533a8]
Event: 5.888 Thread 0x00000194a682a190 4121       1       java.util.zip.ZipFile$Source$Key::hashCode (46 bytes)
Event: 5.888 Thread 0x00000194a682a190 nmethod 4121 0x000001949b853690 code [0x000001949b853860, 0x000001949b853a38]

GC Heap History (20 events):
Event: 4.244 GC heap after
{Heap after GC invocations=14 (full 0):
 garbage-first heap   total 145408K, used 46198K [0x0000000085800000, 0x0000000100000000)
  region size 1024K, 6 young (6144K), 6 survivors (6144K)
 Metaspace       used 35907K, committed 36160K, reserved 1081344K
  class space    used 4664K, committed 4800K, reserved 1048576K
}
Event: 4.518 GC heap before
{Heap before GC invocations=15 (full 0):
 garbage-first heap   total 145408K, used 100470K [0x0000000085800000, 0x0000000100000000)
  region size 1024K, 58 young (59392K), 6 survivors (6144K)
 Metaspace       used 37191K, committed 37568K, reserved 1089536K
  class space    used 4805K, committed 4992K, reserved 1048576K
}
Event: 4.553 GC heap after
{Heap after GC invocations=16 (full 0):
 garbage-first heap   total 145408K, used 62628K [0x0000000085800000, 0x0000000100000000)
  region size 1024K, 8 young (8192K), 8 survivors (8192K)
 Metaspace       used 37191K, committed 37568K, reserved 1089536K
  class space    used 4805K, committed 4992K, reserved 1048576K
}
Event: 4.600 GC heap before
{Heap before GC invocations=16 (full 0):
 garbage-first heap   total 145408K, used 99492K [0x0000000085800000, 0x0000000100000000)
  region size 1024K, 45 young (46080K), 8 survivors (8192K)
 Metaspace       used 37340K, committed 37696K, reserved 1089536K
  class space    used 4822K, committed 4992K, reserved 1048576K
}
Event: 4.606 GC heap after
{Heap after GC invocations=17 (full 0):
 garbage-first heap   total 145408K, used 66262K [0x0000000085800000, 0x0000000100000000)
  region size 1024K, 3 young (3072K), 3 survivors (3072K)
 Metaspace       used 37340K, committed 37696K, reserved 1089536K
  class space    used 4822K, committed 4992K, reserved 1048576K
}
Event: 4.701 GC heap before
{Heap before GC invocations=18 (full 0):
 garbage-first heap   total 145408K, used 102102K [0x0000000085800000, 0x0000000100000000)
  region size 1024K, 40 young (40960K), 3 survivors (3072K)
 Metaspace       used 37519K, committed 37824K, reserved 1089536K
  class space    used 4846K, committed 4992K, reserved 1048576K
}
Event: 4.703 GC heap after
{Heap after GC invocations=19 (full 0):
 garbage-first heap   total 145408K, used 65836K [0x0000000085800000, 0x0000000100000000)
  region size 1024K, 4 young (4096K), 4 survivors (4096K)
 Metaspace       used 37519K, committed 37824K, reserved 1089536K
  class space    used 4846K, committed 4992K, reserved 1048576K
}
Event: 4.738 GC heap before
{Heap before GC invocations=19 (full 0):
 garbage-first heap   total 145408K, used 104748K [0x0000000085800000, 0x0000000100000000)
  region size 1024K, 43 young (44032K), 4 survivors (4096K)
 Metaspace       used 37649K, committed 37952K, reserved 1089536K
  class space    used 4860K, committed 4992K, reserved 1048576K
}
Event: 4.741 GC heap after
{Heap after GC invocations=20 (full 0):
 garbage-first heap   total 145408K, used 67546K [0x0000000085800000, 0x0000000100000000)
  region size 1024K, 5 young (5120K), 5 survivors (5120K)
 Metaspace       used 37649K, committed 37952K, reserved 1089536K
  class space    used 4860K, committed 4992K, reserved 1048576K
}
Event: 4.771 GC heap before
{Heap before GC invocations=20 (full 0):
 garbage-first heap   total 145408K, used 109530K [0x0000000085800000, 0x0000000100000000)
  region size 1024K, 47 young (48128K), 5 survivors (5120K)
 Metaspace       used 37708K, committed 38016K, reserved 1089536K
  class space    used 4863K, committed 4992K, reserved 1048576K
}
Event: 4.777 GC heap after
{Heap after GC invocations=21 (full 0):
 garbage-first heap   total 314368K, used 69148K [0x0000000085800000, 0x0000000100000000)
  region size 1024K, 4 young (4096K), 4 survivors (4096K)
 Metaspace       used 37708K, committed 38016K, reserved 1089536K
  class space    used 4863K, committed 4992K, reserved 1048576K
}
Event: 5.156 GC heap before
{Heap before GC invocations=21 (full 0):
 garbage-first heap   total 314368K, used 246300K [0x0000000085800000, 0x0000000100000000)
  region size 1024K, 178 young (182272K), 4 survivors (4096K)
 Metaspace       used 38388K, committed 38720K, reserved 1089536K
  class space    used 4886K, committed 5056K, reserved 1048576K
}
Event: 5.160 GC heap after
{Heap after GC invocations=22 (full 0):
 garbage-first heap   total 314368K, used 75769K [0x0000000085800000, 0x0000000100000000)
  region size 1024K, 11 young (11264K), 11 survivors (11264K)
 Metaspace       used 38388K, committed 38720K, reserved 1089536K
  class space    used 4886K, committed 5056K, reserved 1048576K
}
Event: 5.409 GC heap before
{Heap before GC invocations=22 (full 0):
 garbage-first heap   total 314368K, used 245753K [0x0000000085800000, 0x0000000100000000)
  region size 1024K, 178 young (182272K), 11 survivors (11264K)
 Metaspace       used 38405K, committed 38784K, reserved 1089536K
  class space    used 4889K, committed 5056K, reserved 1048576K
}
Event: 5.417 GC heap after
{Heap after GC invocations=23 (full 0):
 garbage-first heap   total 314368K, used 83268K [0x0000000085800000, 0x0000000100000000)
  region size 1024K, 18 young (18432K), 18 survivors (18432K)
 Metaspace       used 38405K, committed 38784K, reserved 1089536K
  class space    used 4889K, committed 5056K, reserved 1048576K
}
Event: 5.611 GC heap before
{Heap before GC invocations=23 (full 0):
 garbage-first heap   total 314368K, used 251204K [0x0000000085800000, 0x0000000100000000)
  region size 1024K, 183 young (187392K), 18 survivors (18432K)
 Metaspace       used 38966K, committed 39232K, reserved 1089536K
  class space    used 4943K, committed 5056K, reserved 1048576K
}
Event: 5.622 GC heap after
{Heap after GC invocations=24 (full 0):
 garbage-first heap   total 314368K, used 91930K [0x0000000085800000, 0x0000000100000000)
  region size 1024K, 16 young (16384K), 16 survivors (16384K)
 Metaspace       used 38966K, committed 39232K, reserved 1089536K
  class space    used 4943K, committed 5056K, reserved 1048576K
}
Event: 5.779 GC heap before
{Heap before GC invocations=24 (full 0):
 garbage-first heap   total 314368K, used 254746K [0x0000000085800000, 0x0000000100000000)
  region size 1024K, 176 young (180224K), 16 survivors (16384K)
 Metaspace       used 39425K, committed 39744K, reserved 1089536K
  class space    used 5007K, committed 5184K, reserved 1048576K
}
Event: 5.791 GC heap after
{Heap after GC invocations=25 (full 0):
 garbage-first heap   total 314368K, used 99546K [0x0000000085800000, 0x0000000100000000)
  region size 1024K, 17 young (17408K), 17 survivors (17408K)
 Metaspace       used 39425K, committed 39744K, reserved 1089536K
  class space    used 5007K, committed 5184K, reserved 1048576K
}
Event: 5.902 GC heap before
{Heap before GC invocations=25 (full 0):
 garbage-first heap   total 314368K, used 258266K [0x0000000085800000, 0x0000000100000000)
  region size 1024K, 172 young (176128K), 17 survivors (17408K)
 Metaspace       used 39704K, committed 40128K, reserved 1089536K
  class space    used 5042K, committed 5248K, reserved 1048576K
}

Deoptimization events (14 events):
Event: 2.236 Thread 0x0000019496af5500 DEOPT PACKING pc=0x000001949b428e99 sp=0x00000023d78fd5a0
Event: 2.236 Thread 0x0000019496af5500 DEOPT UNPACKING pc=0x000001949afb6763 sp=0x00000023d78fca80 mode 3
Event: 3.561 Thread 0x0000019496af5500 DEOPT PACKING pc=0x000001949b59bc19 sp=0x00000023d78fc980
Event: 3.561 Thread 0x0000019496af5500 DEOPT UNPACKING pc=0x000001949afb6763 sp=0x00000023d78fbe60 mode 3
Event: 3.619 Thread 0x00000194a827cfa0 DEOPT PACKING pc=0x000001949b5f032b sp=0x00000023d96feac0
Event: 3.619 Thread 0x00000194a827cfa0 DEOPT UNPACKING pc=0x000001949afb6763 sp=0x00000023d96fe008 mode 3
Event: 3.763 Thread 0x00000194a8342bb0 DEOPT PACKING pc=0x000001949b427901 sp=0x00000023da2fea60
Event: 3.763 Thread 0x00000194a8342bb0 DEOPT UNPACKING pc=0x000001949afb6763 sp=0x00000023da2fdef0 mode 3
Event: 3.764 Thread 0x00000194a83426e0 DEOPT PACKING pc=0x000001949b425317 sp=0x00000023da1fee20
Event: 3.764 Thread 0x00000194a83426e0 DEOPT UNPACKING pc=0x000001949afb6763 sp=0x00000023da1fe278 mode 3
Event: 3.764 Thread 0x00000194a8342bb0 DEOPT PACKING pc=0x000001949b425317 sp=0x00000023da2fec60
Event: 3.764 Thread 0x00000194a8342bb0 DEOPT UNPACKING pc=0x000001949afb6763 sp=0x00000023da2fe0b8 mode 3
Event: 4.102 Thread 0x00000194aa1d9930 DEOPT PACKING pc=0x000001949b7541b5 sp=0x00000023da8fd200
Event: 4.102 Thread 0x00000194aa1d9930 DEOPT UNPACKING pc=0x000001949afb6763 sp=0x00000023da8fc718 mode 3

Classes unloaded (0 events):
No events

Classes redefined (0 events):
No events

Internal exceptions (20 events):
Event: 3.651 Thread 0x00000194a85e6ca0 Exception <a 'sun/nio/fs/WindowsException'{0x000000008b7d9458}> (0x000000008b7d9458) 
thrown [s\src\hotspot\share\prims\jni.cpp, line 516]
Event: 3.651 Thread 0x00000194a85e6ca0 Exception <a 'sun/nio/fs/WindowsException'{0x000000008b7d9e58}> (0x000000008b7d9e58) 
thrown [s\src\hotspot\share\prims\jni.cpp, line 516]
Event: 3.651 Thread 0x00000194a85e6ca0 Exception <a 'sun/nio/fs/WindowsException'{0x000000008b7da218}> (0x000000008b7da218) 
thrown [s\src\hotspot\share\prims\jni.cpp, line 516]
Event: 3.651 Thread 0x00000194a85e6ca0 Exception <a 'sun/nio/fs/WindowsException'{0x000000008b7dac40}> (0x000000008b7dac40) 
thrown [s\src\hotspot\share\prims\jni.cpp, line 516]
Event: 3.651 Thread 0x00000194a85e6ca0 Exception <a 'sun/nio/fs/WindowsException'{0x000000008b7db020}> (0x000000008b7db020) 
thrown [s\src\hotspot\share\prims\jni.cpp, line 516]
Event: 3.651 Thread 0x00000194a85e6ca0 Exception <a 'sun/nio/fs/WindowsException'{0x000000008b7dba58}> (0x000000008b7dba58) 
thrown [s\src\hotspot\share\prims\jni.cpp, line 516]
Event: 3.651 Thread 0x00000194a85e6ca0 Exception <a 'sun/nio/fs/WindowsException'{0x000000008b7dbe48}> (0x000000008b7dbe48) 
thrown [s\src\hotspot\share\prims\jni.cpp, line 516]
Event: 3.652 Thread 0x00000194a85e6ca0 Exception <a 'sun/nio/fs/WindowsException'{0x000000008b7dc870}> (0x000000008b7dc870) 
thrown [s\src\hotspot\share\prims\jni.cpp, line 516]
Event: 3.652 Thread 0x00000194a85e6ca0 Exception <a 'sun/nio/fs/WindowsException'{0x000000008b7dcc60}> (0x000000008b7dcc60) 
thrown [s\src\hotspot\share\prims\jni.cpp, line 516]
Event: 3.692 Thread 0x0000019496af5500 Exception <a 'java/lang/NoSuchMethodError'{0x000000008d3dc368}: 'java.lang.Object java.lang.invoke.DirectMethodHandle$Holder.newInvokeSpecial(java.lang.Object, java.lang.Object, int, java.lang.Object, java.lang.Object)'> (0x000000008d3dc368) 
thrown [s\src\hotspot\share\interpreter\linkResolver.cpp, line 759]
Event: 3.694 Thread 0x0000019496af5500 Exception <a 'java/lang/NoSuchMethodError'{0x000000008d3ee338}: 'java.lang.Object java.lang.invoke.DirectMethodHandle$Holder.invokeSpecial(java.lang.Object, java.lang.Object, int, java.lang.Object, int, java.lang.Object)'> (0x000000008d3ee338) 
thrown [s\src\hotspot\share\interpreter\linkResolver.cpp, line 759]
Event: 3.694 Thread 0x0000019496af5500 Exception <a 'java/lang/NoSuchMethodError'{0x000000008d3f6138}: 'java.lang.Object java.lang.invoke.DirectMethodHandle$Holder.newInvokeSpecial(java.lang.Object, java.lang.Object, int, java.lang.Object, int)'> (0x000000008d3f6138) 
thrown [s\src\hotspot\share\interpreter\linkResolver.cpp, line 759]
Event: 3.695 Thread 0x0000019496af5500 Exception <a 'java/lang/NoSuchMethodError'{0x000000008d3fa238}: 'java.lang.Object java.lang.invoke.DirectMethodHandle$Holder.invokeSpecial(java.lang.Object, java.lang.Object, java.lang.Object, int, java.lang.Object, int)'> (0x000000008d3fa238) 
thrown [s\src\hotspot\share\interpreter\linkResolver.cpp, line 759]
Event: 4.076 Thread 0x00000194a8340530 Exception <a 'java/lang/NoSuchMethodError'{0x000000008e543888}: 'java.lang.Object java.lang.invoke.DirectMethodHandle$Holder.invokeStatic(java.lang.Object, java.lang.Object, java.lang.Object, int, java.lang.Object, java.lang.Object)'> (0x000000008e543888) 
thrown [s\src\hotspot\share\interpreter\linkResolver.cpp, line 759]
Event: 4.095 Thread 0x00000194aa1d9930 Exception <a 'java/lang/NoSuchMethodError'{0x000000008e1e74a8}: 'java.lang.Object java.lang.invoke.DirectMethodHandle$Holder.invokeStatic(java.lang.Object, int, java.lang.Object)'> (0x000000008e1e74a8) 
thrown [s\src\hotspot\share\interpreter\linkResolver.cpp, line 759]
Event: 4.252 Thread 0x00000194aa1d9930 Exception <a 'java/lang/NoSuchMethodError'{0x000000008e565428}: 'int java.lang.invoke.DirectMethodHandle$Holder.invokeStatic(java.lang.Object)'> (0x000000008e565428) 
thrown [s\src\hotspot\share\interpreter\linkResolver.cpp, line 759]
Event: 4.252 Thread 0x00000194aa1d9930 Exception <a 'java/lang/NoSuchMethodError'{0x000000008e568ad0}: 'int java.lang.invoke.DirectMethodHandle$Holder.invokeStaticInit(java.lang.Object)'> (0x000000008e568ad0) 
thrown [s\src\hotspot\share\interpreter\linkResolver.cpp, line 759]
Event: 5.667 Thread 0x00000194aa1d9930 Exception <a 'java/lang/NoSuchMethodError'{0x0000000097048098}: 'java.lang.Object java.lang.invoke.Invokers$Holder.invoke_MT(java.lang.Object, java.lang.Object, java.lang.Object)'> (0x0000000097048098) 
thrown [s\src\hotspot\share\interpreter\linkResolver.cpp, line 759]
Event: 5.821 Thread 0x00000194aa1d9930 Exception <a 'java/lang/NoSuchMethodError'{0x0000000095ce4bb8}: 'java.lang.Object java.lang.invoke.DirectMethodHandle$Holder.newInvokeSpecial(java.lang.Object, java.lang.Object, int)'> (0x0000000095ce4bb8) 
thrown [s\src\hotspot\share\interpreter\linkResolver.cpp, line 759]
Event: 5.833 Thread 0x00000194aa185550 Exception <a 'java/lang/NoSuchMethodError'{0x00000000950ce7f0}: 'java.lang.Object java.lang.invoke.Invokers$Holder.linkToTargetMethod(java.lang.Object, long, java.lang.Object)'> (0x00000000950ce7f0) 
thrown [s\src\hotspot\share\interpreter\linkResolver.cpp, line 759]

VM Operations (20 events):
Event: 5.160 Executing VM operation: G1CollectForAllocation done
Event: 5.407 Executing VM operation: G1CollectForAllocation
Event: 5.409 Executing VM operation: G1CollectForAllocation done
Event: 5.409 Executing VM operation: G1CollectForAllocation
Event: 5.417 Executing VM operation: G1CollectForAllocation done
Event: 5.596 Executing VM operation: G1CollectForAllocation
Event: 5.623 Executing VM operation: G1CollectForAllocation done
Event: 5.631 Executing VM operation: HandshakeAllThreads
Event: 5.642 Executing VM operation: HandshakeAllThreads done
Event: 5.644 Executing VM operation: HandshakeAllThreads
Event: 5.657 Executing VM operation: HandshakeAllThreads done
Event: 5.712 Executing VM operation: HandshakeAllThreads
Event: 5.719 Executing VM operation: HandshakeAllThreads done
Event: 5.778 Executing VM operation: G1CollectForAllocation
Event: 5.779 Executing VM operation: G1CollectForAllocation done
Event: 5.779 Executing VM operation: G1CollectForAllocation
Event: 5.791 Executing VM operation: G1CollectForAllocation done
Event: 5.901 Executing VM operation: G1CollectForAllocation
Event: 5.902 Executing VM operation: G1CollectForAllocation done
Event: 5.902 Executing VM operation: G1CollectForAllocation

Events (20 events):
Event: 5.720 loading class java/nio/file/Files$3 done
Event: 5.720 loading class java/nio/file/FileVisitResult
Event: 5.721 loading class java/nio/file/FileVisitResult done
Event: 5.751 loading class java/nio/channels/Channels$ReadableByteChannelImpl
Event: 5.751 loading class java/nio/channels/Channels$ReadableByteChannelImpl done
Event: 5.752 loading class java/nio/channels/NonWritableChannelException
Event: 5.752 loading class java/nio/channels/NonWritableChannelException done
Event: 5.818 loading class java/util/WeakHashMap$EntrySet
Event: 5.818 loading class java/util/WeakHashMap$EntrySet done
Event: 5.818 loading class java/util/WeakHashMap$EntryIterator
Event: 5.818 loading class java/util/WeakHashMap$HashIterator
Event: 5.818 loading class java/util/WeakHashMap$HashIterator done
Event: 5.818 loading class java/util/WeakHashMap$EntryIterator done
Event: 5.823 Thread 0x00000194aa185550 Thread added: 0x00000194aa185550
Event: 5.837 loading class java/security/NoSuchAlgorithmException
Event: 5.837 loading class java/security/NoSuchAlgorithmException done
Event: 5.839 loading class sun/security/provider/MD5
Event: 5.839 loading class sun/security/provider/MD5 done
Event: 5.839 loading class sun/security/provider/ByteArrayAccess$LE
Event: 5.839 loading class sun/security/provider/ByteArrayAccess$LE done


Dynamic libraries:
0x00007ff6c92d0000 - 0x00007ff6c92de000 	c:\Users\lcdan\.vscode\extensions\redhat.java-1.10.0-win32-x64\jre\17.0.4-win32-x86_64\bin\java.exe
0x00007ffddb6d0000 - 0x00007ffddb8c8000 	C:\WINDOWS\SYSTEM32\ntdll.dll
0x00007ffdd97b0000 - 0x00007ffdd986d000 	C:\WINDOWS\System32\KERNEL32.DLL
0x00007ffdd8df0000 - 0x00007ffdd90be000 	C:\WINDOWS\System32\KERNELBASE.dll
0x00007ffdd92d0000 - 0x00007ffdd93d0000 	C:\WINDOWS\System32\ucrtbase.dll
0x00007ffdc0fc0000 - 0x00007ffdc0fd8000 	c:\Users\lcdan\.vscode\extensions\redhat.java-1.10.0-win32-x64\jre\17.0.4-win32-x86_64\bin\jli.dll
0x00007ffdc0fe0000 - 0x00007ffdc0ff9000 	c:\Users\lcdan\.vscode\extensions\redhat.java-1.10.0-win32-x64\jre\17.0.4-win32-x86_64\bin\VCRUNTIME140.dll
0x00007ffdda170000 - 0x00007ffdda310000 	C:\WINDOWS\System32\USER32.dll
0x00007ffdd95a0000 - 0x00007ffdd95c2000 	C:\WINDOWS\System32\win32u.dll
0x00007ffddb3e0000 - 0x00007ffddb40a000 	C:\WINDOWS\System32\GDI32.dll
0x00007ffdb44a0000 - 0x00007ffdb473a000 	C:\WINDOWS\WinSxS\amd64_microsoft.windows.common-controls_6595b64144ccf1df_6.0.19041.1110_none_60b5254171f9507e\COMCTL32.dll
0x00007ffdd95d0000 - 0x00007ffdd96db000 	C:\WINDOWS\System32\gdi32full.dll
0x00007ffddb5f0000 - 0x00007ffddb68e000 	C:\WINDOWS\System32\msvcrt.dll
0x00007ffdd9200000 - 0x00007ffdd929d000 	C:\WINDOWS\System32\msvcp_win.dll
0x00007ffdd98d0000 - 0x00007ffdd9900000 	C:\WINDOWS\System32\IMM32.DLL
0x00007ffdd18e0000 - 0x00007ffdd18ec000 	c:\Users\lcdan\.vscode\extensions\redhat.java-1.10.0-win32-x64\jre\17.0.4-win32-x86_64\bin\vcruntime140_1.dll
0x00007ffd9c0b0000 - 0x00007ffd9c141000 	c:\Users\lcdan\.vscode\extensions\redhat.java-1.10.0-win32-x64\jre\17.0.4-win32-x86_64\bin\msvcp140.dll
0x00007ffd44810000 - 0x00007ffd45456000 	c:\Users\lcdan\.vscode\extensions\redhat.java-1.10.0-win32-x64\jre\17.0.4-win32-x86_64\bin\server\jvm.dll
0x00007ffdd9900000 - 0x00007ffdd99ae000 	C:\WINDOWS\System32\ADVAPI32.dll
0x00007ffddb140000 - 0x00007ffddb1dc000 	C:\WINDOWS\System32\sechost.dll
0x00007ffdda680000 - 0x00007ffdda7a5000 	C:\WINDOWS\System32\RPCRT4.dll
0x00007ffddb370000 - 0x00007ffddb378000 	C:\WINDOWS\System32\PSAPI.DLL
0x00007ffdb7a80000 - 0x00007ffdb7a89000 	C:\WINDOWS\SYSTEM32\WSOCK32.dll
0x00007ffdce730000 - 0x00007ffdce73a000 	C:\WINDOWS\SYSTEM32\VERSION.dll
0x00007ffdb5ea0000 - 0x00007ffdb5ec7000 	C:\WINDOWS\SYSTEM32\WINMM.dll
0x00007ffddb0d0000 - 0x00007ffddb13b000 	C:\WINDOWS\System32\WS2_32.dll
0x00007ffdd7670000 - 0x00007ffdd7682000 	C:\WINDOWS\SYSTEM32\kernel.appcore.dll
0x00007ffdd00c0000 - 0x00007ffdd00ca000 	c:\Users\lcdan\.vscode\extensions\redhat.java-1.10.0-win32-x64\jre\17.0.4-win32-x86_64\bin\jimage.dll
0x00007ffdd6be0000 - 0x00007ffdd6dc4000 	C:\WINDOWS\SYSTEM32\DBGHELP.DLL
0x00007ffdbc180000 - 0x00007ffdbc1ac000 	C:\WINDOWS\SYSTEM32\dbgcore.DLL
0x00007ffdd90c0000 - 0x00007ffdd9142000 	C:\WINDOWS\System32\bcryptPrimitives.dll
0x00007ffdb7dd0000 - 0x00007ffdb7df5000 	c:\Users\lcdan\.vscode\extensions\redhat.java-1.10.0-win32-x64\jre\17.0.4-win32-x86_64\bin\java.dll
0x00007ffdc0fa0000 - 0x00007ffdc0fb8000 	c:\Users\lcdan\.vscode\extensions\redhat.java-1.10.0-win32-x64\jre\17.0.4-win32-x86_64\bin\zip.dll
0x00007ffdd9a20000 - 0x00007ffdda163000 	C:\WINDOWS\System32\SHELL32.dll
0x00007ffdd6eb0000 - 0x00007ffdd7645000 	C:\WINDOWS\SYSTEM32\windows.storage.dll
0x00007ffdda320000 - 0x00007ffdda674000 	C:\WINDOWS\System32\combase.dll
0x00007ffdd8850000 - 0x00007ffdd8880000 	C:\WINDOWS\SYSTEM32\Wldp.dll
0x00007ffddb1e0000 - 0x00007ffddb28d000 	C:\WINDOWS\System32\SHCORE.dll
0x00007ffddb380000 - 0x00007ffddb3d5000 	C:\WINDOWS\System32\shlwapi.dll
0x00007ffdd8d30000 - 0x00007ffdd8d4f000 	C:\WINDOWS\SYSTEM32\profapi.dll
0x00007ffdb8070000 - 0x00007ffdb8089000 	C:\Users\lcdan\.vscode\extensions\redhat.java-1.10.0-win32-x64\jre\17.0.4-win32-x86_64\bin\net.dll
0x00007ffdd0d30000 - 0x00007ffdd0e3a000 	C:\WINDOWS\SYSTEM32\WINHTTP.dll
0x00007ffdd85b0000 - 0x00007ffdd861a000 	C:\WINDOWS\system32\mswsock.dll
0x00007ffdb6ab0000 - 0x00007ffdb6ac5000 	C:\Users\lcdan\.vscode\extensions\redhat.java-1.10.0-win32-x64\jre\17.0.4-win32-x86_64\bin\nio.dll
0x00007ffdcff00000 - 0x00007ffdcff10000 	c:\Users\lcdan\.vscode\extensions\redhat.java-1.10.0-win32-x64\jre\17.0.4-win32-x86_64\bin\verify.dll
0x00007ffdd00e0000 - 0x00007ffdd00e9000 	C:\Users\lcdan\.vscode\extensions\redhat.java-1.10.0-win32-x64\jre\17.0.4-win32-x86_64\bin\management.dll
0x00007ffdd00d0000 - 0x00007ffdd00db000 	C:\Users\lcdan\.vscode\extensions\redhat.java-1.10.0-win32-x64\jre\17.0.4-win32-x86_64\bin\management_ext.dll
0x00007ffdb1ee0000 - 0x00007ffdb1ef7000 	C:\WINDOWS\system32\napinsp.dll
0x00007ffdb1ec0000 - 0x00007ffdb1edb000 	C:\WINDOWS\system32\pnrpnsp.dll
0x00007ffdd1020000 - 0x00007ffdd1035000 	C:\WINDOWS\system32\wshbth.dll
0x00007ffdd14c0000 - 0x00007ffdd14dd000 	C:\WINDOWS\system32\NLAapi.dll
0x00007ffdd8250000 - 0x00007ffdd828b000 	C:\WINDOWS\SYSTEM32\IPHLPAPI.DLL
0x00007ffdd8290000 - 0x00007ffdd835a000 	C:\WINDOWS\SYSTEM32\DNSAPI.dll
0x00007ffdd99b0000 - 0x00007ffdd99b8000 	C:\WINDOWS\System32\NSI.dll
0x00007ffdb1e30000 - 0x00007ffdb1e42000 	C:\WINDOWS\System32\winrnr.dll
0x00007ffdcd0b0000 - 0x00007ffdcd0ba000 	C:\Windows\System32\rasadhlp.dll
0x00007ffdcb080000 - 0x00007ffdcb100000 	C:\WINDOWS\System32\fwpuclnt.dll
0x00007ffdd92a0000 - 0x00007ffdd92c7000 	C:\WINDOWS\System32\bcrypt.dll
0x00007ffdd87a0000 - 0x00007ffdd87b8000 	C:\WINDOWS\SYSTEM32\CRYPTSP.dll
0x00007ffdd7ec0000 - 0x00007ffdd7ef4000 	C:\WINDOWS\system32\rsaenh.dll
0x00007ffdd8cb0000 - 0x00007ffdd8cde000 	C:\WINDOWS\SYSTEM32\USERENV.dll
0x00007ffdd87c0000 - 0x00007ffdd87cc000 	C:\WINDOWS\SYSTEM32\CRYPTBASE.dll
0x00007ffdcd0e0000 - 0x00007ffdcd0f7000 	C:\WINDOWS\SYSTEM32\dhcpcsvc6.DLL
0x00007ffdcd1f0000 - 0x00007ffdcd20d000 	C:\WINDOWS\SYSTEM32\dhcpcsvc.DLL

dbghelp: loaded successfully - version: 4.0.5 - missing functions: none
symbol engine: initialized successfully - sym options: 0x614 - pdb path: .;c:\Users\lcdan\.vscode\extensions\redhat.java-1.10.0-win32-x64\jre\17.0.4-win32-x86_64\bin;C:\WINDOWS\SYSTEM32;C:\WINDOWS\WinSxS\amd64_microsoft.windows.common-controls_6595b64144ccf1df_6.0.19041.1110_none_60b5254171f9507e;c:\Users\lcdan\.vscode\extensions\redhat.java-1.10.0-win32-x64\jre\17.0.4-win32-x86_64\bin\server

VM Arguments:
jvm_args: -Dsts.lsp.client=vscode -Dsts.log.file=/dev/null -XX:TieredStopAtLevel=1 -Xlog:jni+resolve=off -Dspring.config.location=file:c:\Users\lcdan\.vscode\extensions\pivotal.vscode-spring-boot-1.39.0\language-server\BOOT-INF\classes\application.properties 
java_command: org.springframework.ide.vscode.boot.app.BootLanguageServerBootApp
java_class_path (initial): c:\Users\lcdan\.vscode\extensions\pivotal.vscode-spring-boot-1.39.0\language-server\BOOT-INF\classes;c:\Users\lcdan\.vscode\extensions\pivotal.vscode-spring-boot-1.39.0\language-server\BOOT-INF\lib\annotations-23.0.0.jar;c:\Users\lcdan\.vscode\extensions\pivotal.vscode-spring-boot-1.39.0\language-server\BOOT-INF\lib\antlr-runtime-3.5.2.jar;c:\Users\lcdan\.vscode\extensions\pivotal.vscode-spring-boot-1.39.0\language-server\BOOT-INF\lib\antlr4-4.9.3.jar;c:\Users\lcdan\.vscode\extensions\pivotal.vscode-spring-boot-1.39.0\language-server\BOOT-INF\lib\antlr4-runtime-4.9.3.jar;c:\Users\lcdan\.vscode\extensions\pivotal.vscode-spring-boot-1.39.0\language-server\BOOT-INF\lib\asm-9.3.jar;c:\Users\lcdan\.vscode\extensions\pivotal.vscode-spring-boot-1.39.0\language-server\BOOT-INF\lib\asm-analysis-9.3.jar;c:\Users\lcdan\.vscode\extensions\pivotal.vscode-spring-boot-1.39.0\language-server\BOOT-INF\lib\asm-tree-9.3.jar;c:\Users\lcdan\.vscode\extensions\pivotal.vscode-spring-boot-1.39.0\language-server\BOOT-INF\lib\asm-util-9.3.jar;c:\Users\lcdan\.vscode\extensions\pivotal.vscode-spring-boot-1.39.0\language-server\BOOT-INF\lib\byte-buddy-1.12.13.jar;c:\Users\lcdan\.vscode\extensions\pivotal.vscode-spring-boot-1.39.0\language-server\BOOT-INF\lib\caffeine-2.9.3.jar;c:\Users\lcdan\.vscode\extensions\pivotal.vscode-spring-boot-1.39.0\language-server\BOOT-INF\lib\checker-qual-3.12.0.jar;c:\Users\lcdan\.vscode\extensions\pivotal.vscode-spring-boot-1.39.0\language-server\BOOT-INF\lib\classgraph-4.8.149.jar;c:\Users\lcdan\.vscode\extensions\pivotal.vscode-spring-boot-1.39.0\language-server\BOOT-INF\lib\commons-codec-1.15.jar;c:\Users\lcdan\.vscode\extensions\pivotal.vscode-spring-boot-1.39.0\language-server\BOOT-INF\lib\commons-compress-1.21.jar;c:\Users\lcdan\.vscode\extensions\pivotal.vscode-spring-boot-1.39.0\language-server\BOOT-INF\lib\commons-exec-1.3.jar;c:\Users\lcdan\.vscode\extensions\pivotal.vscode-spring-boot-1.39.0\language-server\BOOT-INF\lib\com
Launcher Type: SUN_STANDARD

[Global flags]
     intx CICompilerCount                          = 4                                         {product} {ergonomic}
     uint ConcGCThreads                            = 2                                         {product} {ergonomic}
     uint G1ConcRefinementThreads                  = 8                                         {product} {ergonomic}
   size_t G1HeapRegionSize                         = 1048576                                   {product} {ergonomic}
    uintx GCDrainStackTargetSize                   = 64                                        {product} {ergonomic}
   size_t InitialHeapSize                          = 130023424                                 {product} {ergonomic}
   size_t MarkStackSize                            = 4194304                                   {product} {ergonomic}
   size_t MaxHeapSize                              = 2055208960                                {product} {ergonomic}
   size_t MaxNewSize                               = 1233125376                                {product} {ergonomic}
   size_t MinHeapDeltaBytes                        = 1048576                                   {product} {ergonomic}
   size_t MinHeapSize                              = 8388608                                   {product} {ergonomic}
    uintx NonProfiledCodeHeapSize                  = 0                                      {pd product} {ergonomic}
     bool ProfileInterpreter                       = false                                  {pd product} {command line}
    uintx ProfiledCodeHeapSize                     = 0                                      {pd product} {ergonomic}
   size_t SoftMaxHeapSize                          = 2055208960                             {manageable} {ergonomic}
     intx TieredStopAtLevel                        = 1                                         {product} {command line}
     bool UseCompressedClassPointers               = true                           {product lp64_product} {ergonomic}
     bool UseCompressedOops                        = true                           {product lp64_product} {ergonomic}
     bool UseG1GC                                  = true                                      {product} {ergonomic}
     bool UseLargePagesIndividualAllocation        = false                                  {pd product} {ergonomic}

Logging:
Log output configuration:
 #0: stdout all=warning,jni+resolve=off uptime,level,tags
 #1: stderr all=off uptime,level,tags

Environment Variables:
JAVA_HOME=C:\Program Files\Java\jdk-11.0.13
PATH=C:\Program Files\Common Files\Oracle\Java\javapath;C:\Program Files (x86)\Common Files\Oracle\Java\javapath;C:\WINDOWS\system32;C:\WINDOWS;C:\WINDOWS\System32\Wbem;C:\WINDOWS\System32\WindowsPowerShell\v1.0\;C:\WINDOWS\System32\OpenSSH\;C:\Program Files\nodejs\;C:\Program Files\Git\cmd;C:\Program Files\Git\mingw64\bin;C:\Program Files\Git\usr\bin;C:\Python\Python310\Scripts\;C:\Python\Python310\;C:\Users\lcdan\AppData\Local\Microsoft\WindowsApps;C:\Users\lcdan\AppData\Local\Programs\Microsoft VS Code\bin;C:\Users\lcdan\AppData\Roaming\npm;C:\Program Files\Java\jdk-11.0.13\bin;C:\Program Files\heroku\bin;C:\Users\lcdan\AppData\Local\GitHubDesktop\bin
USERNAME=Daniel
OS=Windows_NT
PROCESSOR_IDENTIFIER=Intel64 Family 6 Model 140 Stepping 1, GenuineIntel
TMP=C:\Users\lcdan\AppData\Local\Temp
TEMP=C:\Users\lcdan\AppData\Local\Temp



---------------  S Y S T E M  ---------------

OS:
 Windows 10 , 64 bit Build 19041 (10.0.19041.1889)
OS uptime: 3 days 12:50 hours

CPU: total 8 (initial active 8) (4 cores per cpu, 2 threads per core) family 6 model 140 stepping 1 microcode 0x8a, cx8, cmov, fxsr, ht, mmx, 3dnowpref, sse, sse2, sse3, ssse3, sse4.1, sse4.2, popcnt, lzcnt, tsc, tscinvbit, avx, avx2, aes, erms, clmul, bmi1, bmi2, adx, avx512f, avx512dq, avx512cd, avx512bw, avx512vl, sha, fma, vzeroupper, avx512_vpopcntdq, avx512_vpclmulqdq, avx512_vaes, avx512_vnni, clflush, clflushopt, clwb, avx512_vbmi2, avx512_vbmi

Memory: 4k page, system-wide physical 7834M (234M free)
TotalPageFile size 31386M (AvailPageFile size 143M)
current process WorkingSet (physical memory assigned to process): 427M, peak: 427M
current process commit charge ("private bytes"): 457M, peak: 658M

vm_info: OpenJDK 64-Bit Server VM (17.0.4+8) for windows-amd64 JRE (17.0.4+8), built on Jul 19 2022 16:05:16 by "temurin" with MS VC++ 16.7 (VS2019)

END.
