#
# There is insufficient memory for the Java Runtime Environment to continue.
# Native memory allocation (mmap) failed to map 467664896 bytes for G1 virtual space
# Possible reasons:
#   The system is out of physical RAM or swap space
#   The process is running with CompressedOops enabled, and the Java Heap may be blocking the growth of the native heap
# Possible solutions:
#   Reduce memory load on the system
#   Increase physical memory or swap space
#   Check if swap backing store is full
#   Decrease Java heap size (-Xmx/-Xms)
#   Decrease number of Java threads
#   Decrease Java thread stack sizes (-Xss)
#   Set larger code cache with -XX:ReservedCodeCacheSize=
#   JVM is running with Unscaled Compressed Oops mode in which the Java heap is
#     placed in the first 4GB address space. The Java Heap base address is the
#     maximum limit for the native heap growth. Please use -XX:HeapBaseMinAddress
#     to set the Java Heap base and to place the Java Heap above 4GB virtual address.
# This output file may be truncated or incomplete.
#
#  Out of Memory Error (os_windows.cpp:3541), pid=17016, tid=8464
#
# JRE version: OpenJDK Runtime Environment Temurin-17.0.4+8 (17.0.4+8) (build 17.0.4+8)
# Java VM: OpenJDK 64-Bit Server VM Temurin-17.0.4+8 (17.0.4+8, mixed mode, emulated-client, tiered, compressed oops, compressed class ptrs, g1 gc, windows-amd64)
# No core dump will be written. Minidumps are not enabled by default on client versions of Windows
#

---------------  S U M M A R Y ------------

Command Line: -Dsts.lsp.client=vscode -Dsts.log.file=/dev/null -XX:TieredStopAtLevel=1 -Xlog:jni+resolve=off -Dspring.config.location=file:c:\Users\lcdan\.vscode\extensions\pivotal.vscode-spring-boot-1.39.0\language-server\BOOT-INF\classes\application.properties org.springframework.ide.vscode.boot.app.BootLanguageServerBootApp

Host: 11th Gen Intel(R) Core(TM) i7-1165G7 @ 2.80GHz, 8 cores, 7G,  Windows 10 , 64 bit Build 19041 (10.0.19041.1889)
Time: Mon Sep 26 14:23:39 2022 Hora est. Pacífico, Sudamérica elapsed time: 5.512985 seconds (0d 0h 0m 5s)

---------------  T H R E A D  ---------------

Current thread (0x0000022606762d60):  VMThread "VM Thread" [stack: 0x0000008ee1700000,0x0000008ee1800000] [id=8464]

Stack: [0x0000008ee1700000,0x0000008ee1800000]
Native frames: (J=compiled Java code, j=interpreted, Vv=VM code, C=native code)
V  [jvm.dll+0x67733a]
V  [jvm.dll+0x8323c4]
V  [jvm.dll+0x833b6e]
V  [jvm.dll+0x8341d3]
V  [jvm.dll+0x2455e5]
V  [jvm.dll+0x674229]
V  [jvm.dll+0x668ab2]
V  [jvm.dll+0x30458b]
V  [jvm.dll+0x30bad6]
V  [jvm.dll+0x35ba7e]
V  [jvm.dll+0x35bcaf]
V  [jvm.dll+0x2db428]
V  [jvm.dll+0x2d96dc]
V  [jvm.dll+0x2d8cac]
V  [jvm.dll+0x31cc0b]
V  [jvm.dll+0x83867b]
V  [jvm.dll+0x8393b4]
V  [jvm.dll+0x8398cc]
V  [jvm.dll+0x839ca4]
V  [jvm.dll+0x839d70]
V  [jvm.dll+0x7e245a]
V  [jvm.dll+0x6761c5]
C  [ucrtbase.dll+0x21bb2]
C  [KERNEL32.DLL+0x17034]
C  [ntdll.dll+0x526a1]

VM_Operation (0x0000008ee33fdfb0): G1CollectForAllocation, mode: safepoint, requested by thread 0x00000226090b0850


---------------  P R O C E S S  ---------------

Threads class SMR info:
_java_thread_list=0x00000226097636b0, length=43, elements={
0x00000226067883e0, 0x000002260678b550, 0x00000226067b5170, 0x000002260712c080,
0x000002260712e8f0, 0x00000226071333f0, 0x0000022607134150, 0x000002260713e440,
0x0000022607331d30, 0x0000022607340290, 0x0000022607340db0, 0x0000022607341ad0,
0x0000022607baf020, 0x0000022608e2eb10, 0x0000022608f71f10, 0x00000226090b35d0,
0x0000022608bec7d0, 0x00000226090c0140, 0x00000226090b0850, 0x0000022608f723e0,
0x0000022609167e60, 0x0000022609111310, 0x0000022609110e40, 0x0000022609112180,
0x00000226091117e0, 0x0000022609111cb0, 0x0000022609112650, 0x000002260916b570,
0x000002260916abd0, 0x0000022609170c10, 0x000002260916dbf0, 0x000002260916ea60,
0x0000022609171a80, 0x000002260916d250, 0x000002260916b0a0, 0x00000226091715b0,
0x000002260916ef30, 0x000002260916ba40, 0x000002260916c3e0, 0x0000022609170740,
0x000002260916cd80, 0x000002260916c8b0, 0x000002260916e0c0
}

Java Threads: ( => current thread )
  0x00000226067883e0 JavaThread "Reference Handler" daemon [_thread_blocked, id=23064, stack(0x0000008ee1800000,0x0000008ee1900000)]
  0x000002260678b550 JavaThread "Finalizer" daemon [_thread_blocked, id=17452, stack(0x0000008ee1900000,0x0000008ee1a00000)]
  0x00000226067b5170 JavaThread "Signal Dispatcher" daemon [_thread_blocked, id=16364, stack(0x0000008ee1a00000,0x0000008ee1b00000)]
  0x000002260712c080 JavaThread "Attach Listener" daemon [_thread_blocked, id=30456, stack(0x0000008ee1b00000,0x0000008ee1c00000)]
  0x000002260712e8f0 JavaThread "Service Thread" daemon [_thread_blocked, id=6044, stack(0x0000008ee1c00000,0x0000008ee1d00000)]
  0x00000226071333f0 JavaThread "Monitor Deflation Thread" daemon [_thread_blocked, id=29764, stack(0x0000008ee1d00000,0x0000008ee1e00000)]
  0x0000022607134150 JavaThread "C1 CompilerThread0" daemon [_thread_blocked, id=14908, stack(0x0000008ee1e00000,0x0000008ee1f00000)]
  0x000002260713e440 JavaThread "Sweeper thread" daemon [_thread_blocked, id=22096, stack(0x0000008ee1f00000,0x0000008ee2000000)]
  0x0000022607331d30 JavaThread "C1 CompilerThread1" daemon [_thread_blocked, id=28692, stack(0x0000008ee2000000,0x0000008ee2100000)]
  0x0000022607340290 JavaThread "C1 CompilerThread2" daemon [_thread_blocked, id=17536, stack(0x0000008ee2100000,0x0000008ee2200000)]
  0x0000022607340db0 JavaThread "Notification Thread" daemon [_thread_blocked, id=14568, stack(0x0000008ee2200000,0x0000008ee2300000)]
  0x0000022607341ad0 JavaThread "Common-Cleaner" daemon [_thread_blocked, id=12148, stack(0x0000008ee2400000,0x0000008ee2500000)]
  0x0000022607baf020 JavaThread "C1 CompilerThread3" daemon [_thread_blocked, id=22700, stack(0x0000008ee2500000,0x0000008ee2600000)]
  0x0000022608e2eb10 JavaThread "boundedElastic-evictor-1" daemon [_thread_blocked, id=24564, stack(0x0000008ee2d00000,0x0000008ee2e00000)]
  0x0000022608f71f10 JavaThread "ForkJoinPool.commonPool-worker-1" daemon [_thread_blocked, id=17932, stack(0x0000008ee2f00000,0x0000008ee3000000)]
  0x00000226090b35d0 JavaThread "ClassGraph-worker-0" daemon [_thread_blocked, id=24880, stack(0x0000008ee3000000,0x0000008ee3100000)]
  0x0000022608bec7d0 JavaThread "ClassGraph-worker-1" daemon [_thread_blocked, id=4856, stack(0x0000008ee3100000,0x0000008ee3200000)]
  0x00000226090c0140 JavaThread "ClassGraph-worker-2" daemon [_thread_blocked, id=28624, stack(0x0000008ee3200000,0x0000008ee3300000)]
  0x00000226090b0850 JavaThread "ClassGraph-worker-3" daemon [_thread_blocked, id=20600, stack(0x0000008ee3300000,0x0000008ee3400000)]
  0x0000022608f723e0 JavaThread "ClassGraph-worker-4" daemon [_thread_blocked, id=22616, stack(0x0000008ee3400000,0x0000008ee3500000)]
  0x0000022609167e60 JavaThread "ClassGraph-worker-5" daemon [_thread_blocked, id=19768, stack(0x0000008ee3500000,0x0000008ee3600000)]
  0x0000022609111310 JavaThread "ClassGraph-worker-6" daemon [_thread_blocked, id=19076, stack(0x0000008ee3600000,0x0000008ee3700000)]
  0x0000022609110e40 JavaThread "ClassGraph-worker-7" daemon [_thread_blocked, id=26908, stack(0x0000008ee3700000,0x0000008ee3800000)]
  0x0000022609112180 JavaThread "ClassGraph-worker-8" daemon [_thread_blocked, id=28160, stack(0x0000008ee3800000,0x0000008ee3900000)]
  0x00000226091117e0 JavaThread "ClassGraph-worker-9" daemon [_thread_blocked, id=24016, stack(0x0000008ee3900000,0x0000008ee3a00000)]
  0x0000022609111cb0 JavaThread "ClassGraph-worker-10" daemon [_thread_blocked, id=12668, stack(0x0000008ee3a00000,0x0000008ee3b00000)]
  0x0000022609112650 JavaThread "ClassGraph-worker-11" daemon [_thread_blocked, id=22724, stack(0x0000008ee3b00000,0x0000008ee3c00000)]
  0x000002260916b570 JavaThread "ClassGraph-worker-12" daemon [_thread_blocked, id=12100, stack(0x0000008ee3c00000,0x0000008ee3d00000)]
  0x000002260916abd0 JavaThread "ClassGraph-worker-13" daemon [_thread_blocked, id=12212, stack(0x0000008ee3d00000,0x0000008ee3e00000)]
  0x0000022609170c10 JavaThread "pool-9-thread-1" [_thread_blocked, id=8516, stack(0x0000008ee3e00000,0x0000008ee3f00000)]
  0x000002260916dbf0 JavaThread "LanguageServerApp-lifecycle" [_thread_blocked, id=15104, stack(0x0000008ee3f00000,0x0000008ee4000000)]
  0x000002260916ea60 JavaThread "DestroyJavaVM" [_thread_blocked, id=3152, stack(0x0000008ee1100000,0x0000008ee1200000)]
  0x0000022609171a80 JavaThread "pool-10-thread-1" [_thread_in_native, id=19992, stack(0x0000008ee4200000,0x0000008ee4300000)]
  0x000002260916d250 JavaThread "Simple-Language-Server main thread" daemon [_thread_blocked, id=11100, stack(0x0000008ee4300000,0x0000008ee4400000)]
  0x000002260916b0a0 JavaThread "pool-7-thread-1" [_thread_blocked, id=15620, stack(0x0000008ee4400000,0x0000008ee4500000)]
  0x00000226091715b0 JavaThread "parallel-1" daemon [_thread_blocked, id=30500, stack(0x0000008ee4500000,0x0000008ee4600000)]
  0x000002260916ef30 JavaThread "parallel-2" daemon [_thread_blocked, id=28652, stack(0x0000008ee4600000,0x0000008ee4700000)]
  0x000002260916ba40 JavaThread "parallel-3" daemon [_thread_blocked, id=26124, stack(0x0000008ee4700000,0x0000008ee4800000)]
  0x000002260916c3e0 JavaThread "pool-4-thread-1" [_thread_blocked, id=26116, stack(0x0000008ee4800000,0x0000008ee4900000)]
  0x0000022609170740 JavaThread "ForkJoinPool.commonPool-worker-2" daemon [_thread_blocked, id=2608, stack(0x0000008ee4900000,0x0000008ee4a00000)]
  0x000002260916cd80 JavaThread "pool-4-thread-2" [_thread_blocked, id=19304, stack(0x0000008ee4a00000,0x0000008ee4b00000)]
  0x000002260916c8b0 JavaThread "Reconciler-1" daemon [_thread_blocked, id=25360, stack(0x0000008ee4b00000,0x0000008ee4c00000)]
  0x000002260916e0c0 JavaThread "parallel-4" daemon [_thread_blocked, id=25328, stack(0x0000008ee4c00000,0x0000008ee4d00000)]

Other Threads:
=>0x0000022606762d60 VMThread "VM Thread" [stack: 0x0000008ee1700000,0x0000008ee1800000] [id=8464]
  0x0000022607341280 WatcherThread [stack: 0x0000008ee2300000,0x0000008ee2400000] [id=20500]
  0x000002267968daa0 GCTaskThread "GC Thread#0" [stack: 0x0000008ee1200000,0x0000008ee1300000] [id=22816]
  0x0000022607c5ac30 GCTaskThread "GC Thread#1" [stack: 0x0000008ee2600000,0x0000008ee2700000] [id=17956]
  0x0000022607c5e990 GCTaskThread "GC Thread#2" [stack: 0x0000008ee2700000,0x0000008ee2800000] [id=19220]
  0x0000022607ca2ad0 GCTaskThread "GC Thread#3" [stack: 0x0000008ee2800000,0x0000008ee2900000] [id=29388]
  0x0000022607ca2d80 GCTaskThread "GC Thread#4" [stack: 0x0000008ee2900000,0x0000008ee2a00000] [id=21652]
  0x0000022607caf050 GCTaskThread "GC Thread#5" [stack: 0x0000008ee2a00000,0x0000008ee2b00000] [id=14372]
  0x0000022608950550 GCTaskThread "GC Thread#6" [stack: 0x0000008ee2b00000,0x0000008ee2c00000] [id=24660]
  0x0000022608950800 GCTaskThread "GC Thread#7" [stack: 0x0000008ee2c00000,0x0000008ee2d00000] [id=5472]
  0x000002267969edf0 ConcurrentGCThread "G1 Main Marker" [stack: 0x0000008ee1300000,0x0000008ee1400000] [id=16496]
  0x00000226796a12b0 ConcurrentGCThread "G1 Conc#0" [stack: 0x0000008ee1400000,0x0000008ee1500000] [id=8972]
  0x0000022608b68510 ConcurrentGCThread "G1 Conc#1" [stack: 0x0000008ee2e00000,0x0000008ee2f00000] [id=23264]
  0x00000226065d0490 ConcurrentGCThread "G1 Refine#0" [stack: 0x0000008ee1500000,0x0000008ee1600000] [id=12940]
  0x0000022609034d40 ConcurrentGCThread "G1 Refine#1" [stack: 0x0000008ee4000000,0x0000008ee4100000] [id=17484]
  0x0000022609524870 ConcurrentGCThread "G1 Refine#2" [stack: 0x0000008ee4100000,0x0000008ee4200000] [id=19036]
  0x00000226065d0db0 ConcurrentGCThread "G1 Service" [stack: 0x0000008ee1600000,0x0000008ee1700000] [id=7548]

Threads with active compile tasks:

VM state: at safepoint (normal execution)

VM Mutex/Monitor currently owned by a thread:  ([mutex/lock_event])
[0x0000022677409210] Threads_lock - owner thread: 0x0000022606762d60
[0x0000022679633940] Heap_lock - owner thread: 0x00000226090b0850

Heap address: 0x0000000085800000, size: 1960 MB, Compressed Oops mode: 32-bit

CDS archive(s) not mapped
Compressed class space mapped at: 0x0000000100000000-0x0000000140000000, reserved size: 1073741824
Narrow klass base: 0x0000000000000000, Narrow klass shift: 3, Narrow klass range: 0x140000000

GC Precious Log:
 CPUs: 8 total, 8 available
 Memory: 7834M
 Large Page Support: Disabled
 NUMA Support: Disabled
 Compressed Oops: Enabled (32-bit)
 Heap Region Size: 1M
 Heap Min Capacity: 8M
 Heap Initial Capacity: 124M
 Heap Max Capacity: 1960M
 Pre-touch: Disabled
 Parallel Workers: 8
 Concurrent Workers: 2
 Concurrent Refinement Workers: 8
 Periodic GC: Disabled

Heap:
 garbage-first heap   total 245760K, used 85000K [0x0000000085800000, 0x0000000100000000)
  region size 1024K, 11 young (11264K), 11 survivors (11264K)
 Metaspace       used 38517K, committed 38848K, reserved 1089536K
  class space    used 4904K, committed 5056K, reserved 1048576K

Heap Regions: E=young(eden), S=young(survivor), O=old, HS=humongous(starts), HC=humongous(continues), CS=collection set, F=free, OA=open archive, CA=closed archive, TAMS=top-at-mark-start (previous, next)
|   0|0x0000000085800000, 0x0000000085900000, 0x0000000085900000|100%| O|  |TAMS 0x0000000085900000, 0x0000000085800000| Untracked 
|   1|0x0000000085900000, 0x0000000085a00000, 0x0000000085a00000|100%| O|  |TAMS 0x0000000085a00000, 0x0000000085900000| Untracked 
|   2|0x0000000085a00000, 0x0000000085b00000, 0x0000000085b00000|100%| O|  |TAMS 0x0000000085b00000, 0x0000000085a00000| Untracked 
|   3|0x0000000085b00000, 0x0000000085c00000, 0x0000000085c00000|100%| O|  |TAMS 0x0000000085c00000, 0x0000000085b00000| Untracked 
|   4|0x0000000085c00000, 0x0000000085d00000, 0x0000000085d00000|100%| O|  |TAMS 0x0000000085d00000, 0x0000000085c00000| Untracked 
|   5|0x0000000085d00000, 0x0000000085e00000, 0x0000000085e00000|100%| O|  |TAMS 0x0000000085e00000, 0x0000000085d00000| Untracked 
|   6|0x0000000085e00000, 0x0000000085f00000, 0x0000000085f00000|100%| O|  |TAMS 0x0000000085f00000, 0x0000000085e00000| Untracked 
|   7|0x0000000085f00000, 0x0000000086000000, 0x0000000086000000|100%| O|  |TAMS 0x0000000086000000, 0x0000000085f00000| Untracked 
|   8|0x0000000086000000, 0x0000000086100000, 0x0000000086100000|100%| O|  |TAMS 0x0000000086100000, 0x0000000086000000| Untracked 
|   9|0x0000000086100000, 0x0000000086200000, 0x0000000086200000|100%| O|  |TAMS 0x0000000086200000, 0x0000000086100000| Untracked 
|  10|0x0000000086200000, 0x0000000086300000, 0x0000000086300000|100%| O|  |TAMS 0x0000000086300000, 0x0000000086200000| Untracked 
|  11|0x0000000086300000, 0x0000000086400000, 0x0000000086400000|100%| O|  |TAMS 0x0000000086400000, 0x0000000086300000| Untracked 
|  12|0x0000000086400000, 0x0000000086500000, 0x0000000086500000|100%| O|  |TAMS 0x0000000086500000, 0x0000000086400000| Untracked 
|  13|0x0000000086500000, 0x0000000086600000, 0x0000000086600000|100%| O|  |TAMS 0x0000000086600000, 0x0000000086500000| Untracked 
|  14|0x0000000086600000, 0x0000000086700000, 0x0000000086700000|100%| O|  |TAMS 0x0000000086700000, 0x0000000086600000| Untracked 
|  15|0x0000000086700000, 0x0000000086800000, 0x0000000086800000|100%| O|  |TAMS 0x0000000086800000, 0x0000000086700000| Untracked 
|  16|0x0000000086800000, 0x0000000086900000, 0x0000000086900000|100%| O|  |TAMS 0x0000000086900000, 0x0000000086800000| Untracked 
|  17|0x0000000086900000, 0x0000000086a00000, 0x0000000086a00000|100%| O|  |TAMS 0x0000000086a00000, 0x0000000086900000| Untracked 
|  18|0x0000000086a00000, 0x0000000086b00000, 0x0000000086b00000|100%| O|  |TAMS 0x0000000086b00000, 0x0000000086a00000| Untracked 
|  19|0x0000000086b00000, 0x0000000086c00000, 0x0000000086c00000|100%| O|  |TAMS 0x0000000086c00000, 0x0000000086b00000| Untracked 
|  20|0x0000000086c00000, 0x0000000086d00000, 0x0000000086d00000|100%| O|  |TAMS 0x0000000086d00000, 0x0000000086c00000| Untracked 
|  21|0x0000000086d00000, 0x0000000086e00000, 0x0000000086e00000|100%| O|  |TAMS 0x0000000086e00000, 0x0000000086d00000| Untracked 
|  22|0x0000000086e00000, 0x0000000086f00000, 0x0000000086f00000|100%| O|  |TAMS 0x0000000086f00000, 0x0000000086e00000| Untracked 
|  23|0x0000000086f00000, 0x0000000087000000, 0x0000000087000000|100%| O|  |TAMS 0x0000000087000000, 0x0000000086f00000| Untracked 
|  24|0x0000000087000000, 0x0000000087100000, 0x0000000087100000|100%| O|  |TAMS 0x0000000087100000, 0x0000000087000000| Untracked 
|  25|0x0000000087100000, 0x0000000087200000, 0x0000000087200000|100%| O|  |TAMS 0x0000000087200000, 0x0000000087100000| Untracked 
|  26|0x0000000087200000, 0x0000000087300000, 0x0000000087300000|100%| O|  |TAMS 0x0000000087300000, 0x0000000087200000| Untracked 
|  27|0x0000000087300000, 0x0000000087400000, 0x0000000087400000|100%| O|  |TAMS 0x0000000087400000, 0x0000000087300000| Untracked 
|  28|0x0000000087400000, 0x0000000087500000, 0x0000000087500000|100%| O|  |TAMS 0x0000000087500000, 0x0000000087400000| Untracked 
|  29|0x0000000087500000, 0x0000000087600000, 0x0000000087600000|100%| O|  |TAMS 0x0000000087600000, 0x0000000087500000| Untracked 
|  30|0x0000000087600000, 0x0000000087700000, 0x0000000087700000|100%| O|  |TAMS 0x0000000087700000, 0x0000000087600000| Untracked 
|  31|0x0000000087700000, 0x0000000087800000, 0x0000000087800000|100%| O|  |TAMS 0x0000000087800000, 0x0000000087700000| Untracked 
|  32|0x0000000087800000, 0x0000000087900000, 0x0000000087900000|100%| O|  |TAMS 0x0000000087900000, 0x0000000087800000| Untracked 
|  33|0x0000000087900000, 0x0000000087a00000, 0x0000000087a00000|100%| O|  |TAMS 0x0000000087a00000, 0x0000000087900000| Untracked 
|  34|0x0000000087a00000, 0x0000000087b00000, 0x0000000087b00000|100%| O|  |TAMS 0x0000000087b00000, 0x0000000087a00000| Untracked 
|  35|0x0000000087b00000, 0x0000000087c00000, 0x0000000087c00000|100%| O|  |TAMS 0x0000000087c00000, 0x0000000087b00000| Untracked 
|  36|0x0000000087c00000, 0x0000000087d00000, 0x0000000087d00000|100%| O|  |TAMS 0x0000000087c00000, 0x0000000087c00000| Untracked 
|  37|0x0000000087d00000, 0x0000000087e00000, 0x0000000087e00000|100%| O|  |TAMS 0x0000000087e00000, 0x0000000087d00000| Untracked 
|  38|0x0000000087e00000, 0x0000000087f00000, 0x0000000087f00000|100%| O|  |TAMS 0x0000000087f00000, 0x0000000087e00000| Untracked 
|  39|0x0000000087f00000, 0x0000000088000000, 0x0000000088000000|100%| O|  |TAMS 0x0000000088000000, 0x0000000087f00000| Untracked 
|  40|0x0000000088000000, 0x0000000088100000, 0x0000000088100000|100%| O|  |TAMS 0x0000000088100000, 0x0000000088000000| Untracked 
|  41|0x0000000088100000, 0x0000000088200000, 0x0000000088200000|100%| O|  |TAMS 0x00000000881b7800, 0x0000000088100000| Untracked 
|  42|0x0000000088200000, 0x0000000088300000, 0x0000000088300000|100%| O|  |TAMS 0x0000000088200000, 0x0000000088200000| Untracked 
|  43|0x0000000088300000, 0x0000000088400000, 0x0000000088400000|100%|HS|  |TAMS 0x0000000088400000, 0x0000000088300000| Complete 
|  44|0x0000000088400000, 0x0000000088500000, 0x0000000088500000|100%| O|  |TAMS 0x0000000088400000, 0x0000000088400000| Untracked 
|  45|0x0000000088500000, 0x0000000088600000, 0x0000000088600000|100%| O|  |TAMS 0x0000000088500000, 0x0000000088500000| Untracked 
|  46|0x0000000088600000, 0x0000000088700000, 0x0000000088700000|100%| O|  |TAMS 0x0000000088600000, 0x0000000088600000| Untracked 
|  47|0x0000000088700000, 0x0000000088800000, 0x0000000088800000|100%| O|  |TAMS 0x0000000088700000, 0x0000000088700000| Untracked 
|  48|0x0000000088800000, 0x0000000088900000, 0x0000000088900000|100%| O|  |TAMS 0x0000000088800000, 0x0000000088800000| Untracked 
|  49|0x0000000088900000, 0x0000000088a00000, 0x0000000088a00000|100%| O|  |TAMS 0x0000000088900000, 0x0000000088900000| Untracked 
|  50|0x0000000088a00000, 0x0000000088b00000, 0x0000000088b00000|100%| O|  |TAMS 0x0000000088a00000, 0x0000000088a00000| Untracked 
|  51|0x0000000088b00000, 0x0000000088c00000, 0x0000000088c00000|100%| O|  |TAMS 0x0000000088b00000, 0x0000000088b00000| Untracked 
|  52|0x0000000088c00000, 0x0000000088d00000, 0x0000000088d00000|100%| O|  |TAMS 0x0000000088c00000, 0x0000000088c00000| Untracked 
|  53|0x0000000088d00000, 0x0000000088e00000, 0x0000000088e00000|100%| O|  |TAMS 0x0000000088d00000, 0x0000000088d00000| Untracked 
|  54|0x0000000088e00000, 0x0000000088f00000, 0x0000000088f00000|100%| O|  |TAMS 0x0000000088e00000, 0x0000000088e00000| Untracked 
|  55|0x0000000088f00000, 0x0000000089000000, 0x0000000089000000|100%| O|  |TAMS 0x0000000088f00000, 0x0000000088f00000| Untracked 
|  56|0x0000000089000000, 0x0000000089100000, 0x0000000089100000|100%| O|  |TAMS 0x0000000089000000, 0x0000000089000000| Untracked 
|  57|0x0000000089100000, 0x0000000089200000, 0x0000000089200000|100%| O|  |TAMS 0x0000000089100000, 0x0000000089100000| Untracked 
|  58|0x0000000089200000, 0x0000000089300000, 0x0000000089300000|100%| O|  |TAMS 0x0000000089200000, 0x0000000089200000| Untracked 
|  59|0x0000000089300000, 0x0000000089400000, 0x0000000089400000|100%| O|  |TAMS 0x0000000089300000, 0x0000000089300000| Untracked 
|  60|0x0000000089400000, 0x0000000089500000, 0x0000000089500000|100%| O|  |TAMS 0x0000000089400000, 0x0000000089400000| Untracked 
|  61|0x0000000089500000, 0x0000000089600000, 0x0000000089600000|100%| O|  |TAMS 0x0000000089500000, 0x0000000089500000| Untracked 
|  62|0x0000000089600000, 0x0000000089700000, 0x0000000089700000|100%| O|  |TAMS 0x0000000089600000, 0x0000000089600000| Untracked 
|  63|0x0000000089700000, 0x0000000089800000, 0x0000000089800000|100%| O|  |TAMS 0x0000000089700000, 0x0000000089700000| Untracked 
|  64|0x0000000089800000, 0x0000000089900000, 0x0000000089900000|100%| O|  |TAMS 0x0000000089800000, 0x0000000089800000| Untracked 
|  65|0x0000000089900000, 0x0000000089a00000, 0x0000000089a00000|100%| O|  |TAMS 0x0000000089900000, 0x0000000089900000| Untracked 
|  66|0x0000000089a00000, 0x0000000089b00000, 0x0000000089b00000|100%| O|  |TAMS 0x0000000089a00000, 0x0000000089a00000| Untracked 
|  67|0x0000000089b00000, 0x0000000089c00000, 0x0000000089c00000|100%| O|  |TAMS 0x0000000089b00000, 0x0000000089b00000| Untracked 
|  68|0x0000000089c00000, 0x0000000089d00000, 0x0000000089d00000|100%| O|  |TAMS 0x0000000089c00000, 0x0000000089c00000| Untracked 
|  69|0x0000000089d00000, 0x0000000089e00000, 0x0000000089e00000|100%| O|  |TAMS 0x0000000089d00000, 0x0000000089d00000| Untracked 
|  70|0x0000000089e00000, 0x0000000089f00000, 0x0000000089f00000|100%| O|  |TAMS 0x0000000089e00000, 0x0000000089e00000| Untracked 
|  71|0x0000000089f00000, 0x000000008a000000, 0x000000008a000000|100%| O|  |TAMS 0x0000000089f00000, 0x0000000089f00000| Untracked 
|  72|0x000000008a000000, 0x000000008a09da00, 0x000000008a100000| 61%| O|  |TAMS 0x000000008a000000, 0x000000008a000000| Untracked 
|  73|0x000000008a100000, 0x000000008a100000, 0x000000008a200000|  0%| F|  |TAMS 0x000000008a100000, 0x000000008a100000| Untracked 
|  74|0x000000008a200000, 0x000000008a200000, 0x000000008a300000|  0%| F|  |TAMS 0x000000008a200000, 0x000000008a200000| Untracked 
|  75|0x000000008a300000, 0x000000008a300000, 0x000000008a400000|  0%| F|  |TAMS 0x000000008a300000, 0x000000008a300000| Untracked 
|  76|0x000000008a400000, 0x000000008a400000, 0x000000008a500000|  0%| F|  |TAMS 0x000000008a400000, 0x000000008a400000| Untracked 
|  77|0x000000008a500000, 0x000000008a500000, 0x000000008a600000|  0%| F|  |TAMS 0x000000008a500000, 0x000000008a500000| Untracked 
|  78|0x000000008a600000, 0x000000008a600000, 0x000000008a700000|  0%| F|  |TAMS 0x000000008a600000, 0x000000008a600000| Untracked 
|  79|0x000000008a700000, 0x000000008a700000, 0x000000008a800000|  0%| F|  |TAMS 0x000000008a700000, 0x000000008a700000| Untracked 
|  80|0x000000008a800000, 0x000000008a800000, 0x000000008a900000|  0%| F|  |TAMS 0x000000008a800000, 0x000000008a800000| Untracked 
|  81|0x000000008a900000, 0x000000008a900000, 0x000000008aa00000|  0%| F|  |TAMS 0x000000008a900000, 0x000000008a900000| Untracked 
|  82|0x000000008aa00000, 0x000000008aa00000, 0x000000008ab00000|  0%| F|  |TAMS 0x000000008aa00000, 0x000000008aa00000| Untracked 
|  83|0x000000008ab00000, 0x000000008ab00000, 0x000000008ac00000|  0%| F|  |TAMS 0x000000008ab00000, 0x000000008ab00000| Untracked 
|  84|0x000000008ac00000, 0x000000008ac00000, 0x000000008ad00000|  0%| F|  |TAMS 0x000000008ac00000, 0x000000008ac00000| Untracked 
|  85|0x000000008ad00000, 0x000000008ad00000, 0x000000008ae00000|  0%| F|  |TAMS 0x000000008ad00000, 0x000000008ad00000| Untracked 
|  86|0x000000008ae00000, 0x000000008ae00000, 0x000000008af00000|  0%| F|  |TAMS 0x000000008ae00000, 0x000000008ae00000| Untracked 
|  87|0x000000008af00000, 0x000000008af00000, 0x000000008b000000|  0%| F|  |TAMS 0x000000008af00000, 0x000000008af00000| Untracked 
|  88|0x000000008b000000, 0x000000008b000000, 0x000000008b100000|  0%| F|  |TAMS 0x000000008b000000, 0x000000008b000000| Untracked 
|  89|0x000000008b100000, 0x000000008b100000, 0x000000008b200000|  0%| F|  |TAMS 0x000000008b100000, 0x000000008b100000| Untracked 
|  90|0x000000008b200000, 0x000000008b200000, 0x000000008b300000|  0%| F|  |TAMS 0x000000008b200000, 0x000000008b200000| Untracked 
|  91|0x000000008b300000, 0x000000008b300000, 0x000000008b400000|  0%| F|  |TAMS 0x000000008b300000, 0x000000008b300000| Untracked 
|  92|0x000000008b400000, 0x000000008b400000, 0x000000008b500000|  0%| F|  |TAMS 0x000000008b400000, 0x000000008b400000| Untracked 
|  93|0x000000008b500000, 0x000000008b500000, 0x000000008b600000|  0%| F|  |TAMS 0x000000008b500000, 0x000000008b500000| Untracked 
|  94|0x000000008b600000, 0x000000008b600000, 0x000000008b700000|  0%| F|  |TAMS 0x000000008b600000, 0x000000008b600000| Untracked 
|  95|0x000000008b700000, 0x000000008b700000, 0x000000008b800000|  0%| F|  |TAMS 0x000000008b700000, 0x000000008b700000| Untracked 
|  96|0x000000008b800000, 0x000000008b800000, 0x000000008b900000|  0%| F|  |TAMS 0x000000008b800000, 0x000000008b800000| Untracked 
|  97|0x000000008b900000, 0x000000008b900000, 0x000000008ba00000|  0%| F|  |TAMS 0x000000008b900000, 0x000000008b900000| Untracked 
|  98|0x000000008ba00000, 0x000000008ba00000, 0x000000008bb00000|  0%| F|  |TAMS 0x000000008ba00000, 0x000000008ba00000| Untracked 
|  99|0x000000008bb00000, 0x000000008bb00000, 0x000000008bc00000|  0%| F|  |TAMS 0x000000008bb00000, 0x000000008bb00000| Untracked 
| 100|0x000000008bc00000, 0x000000008bc00000, 0x000000008bd00000|  0%| F|  |TAMS 0x000000008bc00000, 0x000000008bc00000| Untracked 
| 101|0x000000008bd00000, 0x000000008bd00000, 0x000000008be00000|  0%| F|  |TAMS 0x000000008bd00000, 0x000000008bd00000| Untracked 
| 102|0x000000008be00000, 0x000000008be00000, 0x000000008bf00000|  0%| F|  |TAMS 0x000000008be00000, 0x000000008be00000| Untracked 
| 103|0x000000008bf00000, 0x000000008bf64700, 0x000000008c000000| 39%| S|CS|TAMS 0x000000008bf00000, 0x000000008bf00000| Complete 
| 104|0x000000008c000000, 0x000000008c100000, 0x000000008c100000|100%| S|CS|TAMS 0x000000008c000000, 0x000000008c000000| Complete 
| 105|0x000000008c100000, 0x000000008c200000, 0x000000008c200000|100%| S|CS|TAMS 0x000000008c100000, 0x000000008c100000| Complete 
| 106|0x000000008c200000, 0x000000008c300000, 0x000000008c300000|100%| S|CS|TAMS 0x000000008c200000, 0x000000008c200000| Complete 
| 107|0x000000008c300000, 0x000000008c300000, 0x000000008c400000|  0%| F|  |TAMS 0x000000008c300000, 0x000000008c300000| Untracked 
| 108|0x000000008c400000, 0x000000008c400000, 0x000000008c500000|  0%| F|  |TAMS 0x000000008c400000, 0x000000008c400000| Untracked 
| 109|0x000000008c500000, 0x000000008c500000, 0x000000008c600000|  0%| F|  |TAMS 0x000000008c500000, 0x000000008c500000| Untracked 
| 110|0x000000008c600000, 0x000000008c600000, 0x000000008c700000|  0%| F|  |TAMS 0x000000008c600000, 0x000000008c600000| Untracked 
| 111|0x000000008c700000, 0x000000008c700000, 0x000000008c800000|  0%| F|  |TAMS 0x000000008c700000, 0x000000008c700000| Untracked 
| 112|0x000000008c800000, 0x000000008c800000, 0x000000008c900000|  0%| F|  |TAMS 0x000000008c800000, 0x000000008c800000| Untracked 
| 113|0x000000008c900000, 0x000000008c900000, 0x000000008ca00000|  0%| F|  |TAMS 0x000000008c900000, 0x000000008c900000| Untracked 
| 114|0x000000008ca00000, 0x000000008ca00000, 0x000000008cb00000|  0%| F|  |TAMS 0x000000008ca00000, 0x000000008ca00000| Untracked 
| 115|0x000000008cb00000, 0x000000008cb00000, 0x000000008cc00000|  0%| F|  |TAMS 0x000000008cb00000, 0x000000008cb00000| Untracked 
| 116|0x000000008cc00000, 0x000000008cc00000, 0x000000008cd00000|  0%| F|  |TAMS 0x000000008cc00000, 0x000000008cc00000| Untracked 
| 117|0x000000008cd00000, 0x000000008ce00000, 0x000000008ce00000|100%| S|CS|TAMS 0x000000008cd00000, 0x000000008cd00000| Complete 
| 118|0x000000008ce00000, 0x000000008cf00000, 0x000000008cf00000|100%| S|CS|TAMS 0x000000008ce00000, 0x000000008ce00000| Complete 
| 119|0x000000008cf00000, 0x000000008d000000, 0x000000008d000000|100%| S|CS|TAMS 0x000000008cf00000, 0x000000008cf00000| Complete 
| 120|0x000000008d000000, 0x000000008d100000, 0x000000008d100000|100%| S|CS|TAMS 0x000000008d000000, 0x000000008d000000| Complete 
| 121|0x000000008d100000, 0x000000008d200000, 0x000000008d200000|100%| S|CS|TAMS 0x000000008d100000, 0x000000008d100000| Complete 
| 122|0x000000008d200000, 0x000000008d300000, 0x000000008d300000|100%| S|CS|TAMS 0x000000008d200000, 0x000000008d200000| Complete 
| 123|0x000000008d300000, 0x000000008d400000, 0x000000008d400000|100%| S|CS|TAMS 0x000000008d300000, 0x000000008d300000| Complete 
| 124|0x000000008d400000, 0x000000008d400000, 0x000000008d500000|  0%| F|  |TAMS 0x000000008d400000, 0x000000008d400000| Untracked 
| 125|0x000000008d500000, 0x000000008d500000, 0x000000008d600000|  0%| F|  |TAMS 0x000000008d500000, 0x000000008d500000| Untracked 
| 126|0x000000008d600000, 0x000000008d600000, 0x000000008d700000|  0%| F|  |TAMS 0x000000008d600000, 0x000000008d600000| Untracked 
| 127|0x000000008d700000, 0x000000008d700000, 0x000000008d800000|  0%| F|  |TAMS 0x000000008d700000, 0x000000008d700000| Untracked 
| 128|0x000000008d800000, 0x000000008d800000, 0x000000008d900000|  0%| F|  |TAMS 0x000000008d800000, 0x000000008d800000| Untracked 
| 129|0x000000008d900000, 0x000000008d900000, 0x000000008da00000|  0%| F|  |TAMS 0x000000008d900000, 0x000000008d900000| Untracked 
| 130|0x000000008da00000, 0x000000008da00000, 0x000000008db00000|  0%| F|  |TAMS 0x000000008da00000, 0x000000008da00000| Untracked 
| 131|0x000000008db00000, 0x000000008db00000, 0x000000008dc00000|  0%| F|  |TAMS 0x000000008db00000, 0x000000008db00000| Untracked 
| 132|0x000000008dc00000, 0x000000008dc00000, 0x000000008dd00000|  0%| F|  |TAMS 0x000000008dc00000, 0x000000008dc00000| Untracked 
| 133|0x000000008dd00000, 0x000000008dd00000, 0x000000008de00000|  0%| F|  |TAMS 0x000000008dd00000, 0x000000008dd00000| Untracked 
| 134|0x000000008de00000, 0x000000008de00000, 0x000000008df00000|  0%| F|  |TAMS 0x000000008de00000, 0x000000008de00000| Untracked 
| 135|0x000000008df00000, 0x000000008df00000, 0x000000008e000000|  0%| F|  |TAMS 0x000000008df00000, 0x000000008df00000| Untracked 
| 136|0x000000008e000000, 0x000000008e000000, 0x000000008e100000|  0%| F|  |TAMS 0x000000008e000000, 0x000000008e000000| Untracked 
| 137|0x000000008e100000, 0x000000008e100000, 0x000000008e200000|  0%| F|  |TAMS 0x000000008e100000, 0x000000008e100000| Untracked 
| 138|0x000000008e200000, 0x000000008e200000, 0x000000008e300000|  0%| F|  |TAMS 0x000000008e200000, 0x000000008e200000| Untracked 
| 139|0x000000008e300000, 0x000000008e300000, 0x000000008e400000|  0%| F|  |TAMS 0x000000008e300000, 0x000000008e300000| Untracked 
| 140|0x000000008e400000, 0x000000008e400000, 0x000000008e500000|  0%| F|  |TAMS 0x000000008e400000, 0x000000008e400000| Untracked 
| 141|0x000000008e500000, 0x000000008e500000, 0x000000008e600000|  0%| F|  |TAMS 0x000000008e500000, 0x000000008e500000| Untracked 
| 142|0x000000008e600000, 0x000000008e600000, 0x000000008e700000|  0%| F|  |TAMS 0x000000008e600000, 0x000000008e600000| Untracked 
| 143|0x000000008e700000, 0x000000008e700000, 0x000000008e800000|  0%| F|  |TAMS 0x000000008e700000, 0x000000008e700000| Untracked 
| 144|0x000000008e800000, 0x000000008e800000, 0x000000008e900000|  0%| F|  |TAMS 0x000000008e800000, 0x000000008e800000| Untracked 
| 145|0x000000008e900000, 0x000000008e900000, 0x000000008ea00000|  0%| F|  |TAMS 0x000000008e900000, 0x000000008e900000| Untracked 
| 146|0x000000008ea00000, 0x000000008ea00000, 0x000000008eb00000|  0%| F|  |TAMS 0x000000008ea00000, 0x000000008ea00000| Untracked 
| 147|0x000000008eb00000, 0x000000008eb00000, 0x000000008ec00000|  0%| F|  |TAMS 0x000000008eb00000, 0x000000008eb00000| Untracked 
| 148|0x000000008ec00000, 0x000000008ec00000, 0x000000008ed00000|  0%| F|  |TAMS 0x000000008ec00000, 0x000000008ec00000| Untracked 
| 149|0x000000008ed00000, 0x000000008ed00000, 0x000000008ee00000|  0%| F|  |TAMS 0x000000008ed00000, 0x000000008ed00000| Untracked 
| 150|0x000000008ee00000, 0x000000008ee00000, 0x000000008ef00000|  0%| F|  |TAMS 0x000000008ee00000, 0x000000008ee00000| Untracked 
| 151|0x000000008ef00000, 0x000000008ef00000, 0x000000008f000000|  0%| F|  |TAMS 0x000000008ef00000, 0x000000008ef00000| Untracked 
| 152|0x000000008f000000, 0x000000008f000000, 0x000000008f100000|  0%| F|  |TAMS 0x000000008f000000, 0x000000008f000000| Untracked 
| 153|0x000000008f100000, 0x000000008f100000, 0x000000008f200000|  0%| F|  |TAMS 0x000000008f100000, 0x000000008f100000| Untracked 
| 154|0x000000008f200000, 0x000000008f200000, 0x000000008f300000|  0%| F|  |TAMS 0x000000008f200000, 0x000000008f200000| Untracked 
| 155|0x000000008f300000, 0x000000008f300000, 0x000000008f400000|  0%| F|  |TAMS 0x000000008f300000, 0x000000008f300000| Untracked 
| 156|0x000000008f400000, 0x000000008f400000, 0x000000008f500000|  0%| F|  |TAMS 0x000000008f400000, 0x000000008f400000| Untracked 
| 157|0x000000008f500000, 0x000000008f500000, 0x000000008f600000|  0%| F|  |TAMS 0x000000008f500000, 0x000000008f500000| Untracked 
| 158|0x000000008f600000, 0x000000008f600000, 0x000000008f700000|  0%| F|  |TAMS 0x000000008f600000, 0x000000008f600000| Untracked 
| 159|0x000000008f700000, 0x000000008f700000, 0x000000008f800000|  0%| F|  |TAMS 0x000000008f700000, 0x000000008f700000| Untracked 
| 160|0x000000008f800000, 0x000000008f800000, 0x000000008f900000|  0%| F|  |TAMS 0x000000008f800000, 0x000000008f800000| Untracked 
| 161|0x000000008f900000, 0x000000008f900000, 0x000000008fa00000|  0%| F|  |TAMS 0x000000008f900000, 0x000000008f900000| Untracked 
| 162|0x000000008fa00000, 0x000000008fa00000, 0x000000008fb00000|  0%| F|  |TAMS 0x000000008fa00000, 0x000000008fa00000| Untracked 
| 163|0x000000008fb00000, 0x000000008fb00000, 0x000000008fc00000|  0%| F|  |TAMS 0x000000008fb00000, 0x000000008fb00000| Untracked 
| 164|0x000000008fc00000, 0x000000008fc00000, 0x000000008fd00000|  0%| F|  |TAMS 0x000000008fc00000, 0x000000008fc00000| Untracked 
| 165|0x000000008fd00000, 0x000000008fd00000, 0x000000008fe00000|  0%| F|  |TAMS 0x000000008fd00000, 0x000000008fd00000| Untracked 
| 166|0x000000008fe00000, 0x000000008fe00000, 0x000000008ff00000|  0%| F|  |TAMS 0x000000008fe00000, 0x000000008fe00000| Untracked 
| 167|0x000000008ff00000, 0x000000008ff00000, 0x0000000090000000|  0%| F|  |TAMS 0x000000008ff00000, 0x000000008ff00000| Untracked 
| 168|0x0000000090000000, 0x0000000090000000, 0x0000000090100000|  0%| F|  |TAMS 0x0000000090000000, 0x0000000090000000| Untracked 
| 169|0x0000000090100000, 0x0000000090100000, 0x0000000090200000|  0%| F|  |TAMS 0x0000000090100000, 0x0000000090100000| Untracked 
| 170|0x0000000090200000, 0x0000000090200000, 0x0000000090300000|  0%| F|  |TAMS 0x0000000090200000, 0x0000000090200000| Untracked 
| 171|0x0000000090300000, 0x0000000090300000, 0x0000000090400000|  0%| F|  |TAMS 0x0000000090300000, 0x0000000090300000| Untracked 
| 172|0x0000000090400000, 0x0000000090400000, 0x0000000090500000|  0%| F|  |TAMS 0x0000000090400000, 0x0000000090400000| Untracked 
| 173|0x0000000090500000, 0x0000000090500000, 0x0000000090600000|  0%| F|  |TAMS 0x0000000090500000, 0x0000000090500000| Untracked 
| 174|0x0000000090600000, 0x0000000090600000, 0x0000000090700000|  0%| F|  |TAMS 0x0000000090600000, 0x0000000090600000| Untracked 
| 175|0x0000000090700000, 0x0000000090700000, 0x0000000090800000|  0%| F|  |TAMS 0x0000000090700000, 0x0000000090700000| Untracked 
| 176|0x0000000090800000, 0x0000000090800000, 0x0000000090900000|  0%| F|  |TAMS 0x0000000090800000, 0x0000000090800000| Untracked 
| 177|0x0000000090900000, 0x0000000090900000, 0x0000000090a00000|  0%| F|  |TAMS 0x0000000090900000, 0x0000000090900000| Untracked 
| 178|0x0000000090a00000, 0x0000000090a00000, 0x0000000090b00000|  0%| F|  |TAMS 0x0000000090a00000, 0x0000000090a00000| Untracked 
| 179|0x0000000090b00000, 0x0000000090b00000, 0x0000000090c00000|  0%| F|  |TAMS 0x0000000090b00000, 0x0000000090b00000| Untracked 
| 180|0x0000000090c00000, 0x0000000090c00000, 0x0000000090d00000|  0%| F|  |TAMS 0x0000000090c00000, 0x0000000090c00000| Untracked 
| 181|0x0000000090d00000, 0x0000000090d00000, 0x0000000090e00000|  0%| F|  |TAMS 0x0000000090d00000, 0x0000000090d00000| Untracked 
| 182|0x0000000090e00000, 0x0000000090e00000, 0x0000000090f00000|  0%| F|  |TAMS 0x0000000090e00000, 0x0000000090e00000| Untracked 
| 183|0x0000000090f00000, 0x0000000090f00000, 0x0000000091000000|  0%| F|  |TAMS 0x0000000090f00000, 0x0000000090f00000| Untracked 
| 184|0x0000000091000000, 0x0000000091000000, 0x0000000091100000|  0%| F|  |TAMS 0x0000000091000000, 0x0000000091000000| Untracked 
| 185|0x0000000091100000, 0x0000000091100000, 0x0000000091200000|  0%| F|  |TAMS 0x0000000091100000, 0x0000000091100000| Untracked 
| 186|0x0000000091200000, 0x0000000091200000, 0x0000000091300000|  0%| F|  |TAMS 0x0000000091200000, 0x0000000091200000| Untracked 
| 187|0x0000000091300000, 0x0000000091300000, 0x0000000091400000|  0%| F|  |TAMS 0x0000000091300000, 0x0000000091300000| Untracked 
| 188|0x0000000091400000, 0x0000000091400000, 0x0000000091500000|  0%| F|  |TAMS 0x0000000091400000, 0x0000000091400000| Untracked 
| 189|0x0000000091500000, 0x0000000091500000, 0x0000000091600000|  0%| F|  |TAMS 0x0000000091500000, 0x0000000091500000| Untracked 
| 190|0x0000000091600000, 0x0000000091600000, 0x0000000091700000|  0%| F|  |TAMS 0x0000000091600000, 0x0000000091600000| Untracked 
| 191|0x0000000091700000, 0x0000000091700000, 0x0000000091800000|  0%| F|  |TAMS 0x0000000091700000, 0x0000000091700000| Untracked 
| 192|0x0000000091800000, 0x0000000091800000, 0x0000000091900000|  0%| F|  |TAMS 0x0000000091800000, 0x0000000091800000| Untracked 
| 193|0x0000000091900000, 0x0000000091900000, 0x0000000091a00000|  0%| F|  |TAMS 0x0000000091900000, 0x0000000091900000| Untracked 
| 194|0x0000000091a00000, 0x0000000091a00000, 0x0000000091b00000|  0%| F|  |TAMS 0x0000000091a00000, 0x0000000091a00000| Untracked 
| 195|0x0000000091b00000, 0x0000000091b00000, 0x0000000091c00000|  0%| F|  |TAMS 0x0000000091b00000, 0x0000000091b00000| Untracked 
| 196|0x0000000091c00000, 0x0000000091c00000, 0x0000000091d00000|  0%| F|  |TAMS 0x0000000091c00000, 0x0000000091c00000| Untracked 
| 197|0x0000000091d00000, 0x0000000091d00000, 0x0000000091e00000|  0%| F|  |TAMS 0x0000000091d00000, 0x0000000091d00000| Untracked 
| 198|0x0000000091e00000, 0x0000000091e00000, 0x0000000091f00000|  0%| F|  |TAMS 0x0000000091e00000, 0x0000000091e00000| Untracked 
| 199|0x0000000091f00000, 0x0000000091f00000, 0x0000000092000000|  0%| F|  |TAMS 0x0000000091f00000, 0x0000000091f00000| Untracked 
| 200|0x0000000092000000, 0x0000000092000000, 0x0000000092100000|  0%| F|  |TAMS 0x0000000092000000, 0x0000000092000000| Untracked 
| 201|0x0000000092100000, 0x0000000092100000, 0x0000000092200000|  0%| F|  |TAMS 0x0000000092100000, 0x0000000092100000| Untracked 
| 202|0x0000000092200000, 0x0000000092200000, 0x0000000092300000|  0%| F|  |TAMS 0x0000000092200000, 0x0000000092200000| Untracked 
| 203|0x0000000092300000, 0x0000000092300000, 0x0000000092400000|  0%| F|  |TAMS 0x0000000092300000, 0x0000000092300000| Untracked 
| 204|0x0000000092400000, 0x0000000092400000, 0x0000000092500000|  0%| F|  |TAMS 0x0000000092400000, 0x0000000092400000| Untracked 
| 205|0x0000000092500000, 0x0000000092500000, 0x0000000092600000|  0%| F|  |TAMS 0x0000000092500000, 0x0000000092500000| Untracked 
| 206|0x0000000092600000, 0x0000000092600000, 0x0000000092700000|  0%| F|  |TAMS 0x0000000092600000, 0x0000000092600000| Untracked 
| 207|0x0000000092700000, 0x0000000092700000, 0x0000000092800000|  0%| F|  |TAMS 0x0000000092700000, 0x0000000092700000| Untracked 
| 208|0x0000000092800000, 0x0000000092800000, 0x0000000092900000|  0%| F|  |TAMS 0x0000000092800000, 0x0000000092800000| Untracked 
| 209|0x0000000092900000, 0x0000000092900000, 0x0000000092a00000|  0%| F|  |TAMS 0x0000000092900000, 0x0000000092900000| Untracked 
| 210|0x0000000092a00000, 0x0000000092a00000, 0x0000000092b00000|  0%| F|  |TAMS 0x0000000092a00000, 0x0000000092a00000| Untracked 
| 211|0x0000000092b00000, 0x0000000092b00000, 0x0000000092c00000|  0%| F|  |TAMS 0x0000000092b00000, 0x0000000092b00000| Untracked 
| 212|0x0000000092c00000, 0x0000000092c00000, 0x0000000092d00000|  0%| F|  |TAMS 0x0000000092c00000, 0x0000000092c00000| Untracked 
| 213|0x0000000092d00000, 0x0000000092d00000, 0x0000000092e00000|  0%| F|  |TAMS 0x0000000092d00000, 0x0000000092d00000| Untracked 
| 214|0x0000000092e00000, 0x0000000092e00000, 0x0000000092f00000|  0%| F|  |TAMS 0x0000000092e00000, 0x0000000092e00000| Untracked 
| 215|0x0000000092f00000, 0x0000000092f00000, 0x0000000093000000|  0%| F|  |TAMS 0x0000000092f00000, 0x0000000092f00000| Untracked 
| 216|0x0000000093000000, 0x0000000093000000, 0x0000000093100000|  0%| F|  |TAMS 0x0000000093000000, 0x0000000093000000| Untracked 
| 217|0x0000000093100000, 0x0000000093100000, 0x0000000093200000|  0%| F|  |TAMS 0x0000000093100000, 0x0000000093100000| Untracked 
| 218|0x0000000093200000, 0x0000000093200000, 0x0000000093300000|  0%| F|  |TAMS 0x0000000093200000, 0x0000000093200000| Untracked 
| 219|0x0000000093300000, 0x0000000093300000, 0x0000000093400000|  0%| F|  |TAMS 0x0000000093300000, 0x0000000093300000| Untracked 
| 220|0x0000000093400000, 0x0000000093400000, 0x0000000093500000|  0%| F|  |TAMS 0x0000000093400000, 0x0000000093400000| Untracked 
| 221|0x0000000093500000, 0x0000000093500000, 0x0000000093600000|  0%| F|  |TAMS 0x0000000093500000, 0x0000000093500000| Untracked 
| 222|0x0000000093600000, 0x0000000093600000, 0x0000000093700000|  0%| F|  |TAMS 0x0000000093600000, 0x0000000093600000| Untracked 
| 223|0x0000000093700000, 0x0000000093700000, 0x0000000093800000|  0%| F|  |TAMS 0x0000000093700000, 0x0000000093700000| Untracked 
| 224|0x0000000093800000, 0x0000000093800000, 0x0000000093900000|  0%| F|  |TAMS 0x0000000093800000, 0x0000000093800000| Untracked 
| 225|0x0000000093900000, 0x0000000093900000, 0x0000000093a00000|  0%| F|  |TAMS 0x0000000093900000, 0x0000000093900000| Untracked 
| 226|0x0000000093a00000, 0x0000000093a00000, 0x0000000093b00000|  0%| F|  |TAMS 0x0000000093a00000, 0x0000000093a00000| Untracked 
| 227|0x0000000093b00000, 0x0000000093b00000, 0x0000000093c00000|  0%| F|  |TAMS 0x0000000093b00000, 0x0000000093b00000| Untracked 
| 228|0x0000000093c00000, 0x0000000093c00000, 0x0000000093d00000|  0%| F|  |TAMS 0x0000000093c00000, 0x0000000093c00000| Untracked 
| 229|0x0000000093d00000, 0x0000000093d00000, 0x0000000093e00000|  0%| F|  |TAMS 0x0000000093d00000, 0x0000000093d00000| Untracked 
| 230|0x0000000093e00000, 0x0000000093e00000, 0x0000000093f00000|  0%| F|  |TAMS 0x0000000093e00000, 0x0000000093e00000| Untracked 
| 231|0x0000000093f00000, 0x0000000093f00000, 0x0000000094000000|  0%| F|  |TAMS 0x0000000093f00000, 0x0000000093f00000| Untracked 
| 232|0x0000000094000000, 0x0000000094000000, 0x0000000094100000|  0%| F|  |TAMS 0x0000000094000000, 0x0000000094000000| Untracked 
| 233|0x0000000094100000, 0x0000000094100000, 0x0000000094200000|  0%| F|  |TAMS 0x0000000094100000, 0x0000000094100000| Untracked 
| 234|0x0000000094200000, 0x0000000094200000, 0x0000000094300000|  0%| F|  |TAMS 0x0000000094200000, 0x0000000094200000| Untracked 
| 235|0x0000000094300000, 0x0000000094300000, 0x0000000094400000|  0%| F|  |TAMS 0x0000000094300000, 0x0000000094300000| Untracked 
| 236|0x0000000094400000, 0x0000000094400000, 0x0000000094500000|  0%| F|  |TAMS 0x0000000094400000, 0x0000000094400000| Untracked 
| 237|0x0000000094500000, 0x0000000094500000, 0x0000000094600000|  0%| F|  |TAMS 0x0000000094500000, 0x0000000094500000| Untracked 
| 238|0x0000000094600000, 0x0000000094600000, 0x0000000094700000|  0%| F|  |TAMS 0x0000000094600000, 0x0000000094600000| Untracked 
| 239|0x0000000094700000, 0x0000000094700000, 0x0000000094800000|  0%| F|  |TAMS 0x0000000094700000, 0x0000000094700000| Untracked 

Card table byte_map: [0x000002267f7c0000,0x000002267fba0000] _byte_map_base: 0x000002267f394000

Marking Bits (Prev, Next): (CMBitMap*) 0x000002267968f000, (CMBitMap*) 0x000002267968efc0
 Prev Bits: [0x0000022601ea0000, 0x0000022603d40000)
 Next Bits: [0x0000022600000000, 0x0000022601ea0000)

Polling page: 0x0000022678e10000

Metaspace:

Usage:
  Non-class:     32.83 MB used.
      Class:      4.79 MB used.
       Both:     37.62 MB used.

Virtual space:
  Non-class space:       40.00 MB reserved,      33.00 MB ( 82%) committed,  5 nodes.
      Class space:        1.00 GB reserved,       4.94 MB ( <1%) committed,  1 nodes.
             Both:        1.04 GB reserved,      37.94 MB (  4%) committed. 

Chunk freelists:
   Non-Class:  2.64 MB
       Class:  2.91 MB
        Both:  5.55 MB

MaxMetaspaceSize: unlimited
CompressedClassSpaceSize: 1.00 GB
Initial GC threshold: 21.00 MB
Current GC threshold: 61.38 MB
CDS: off
MetaspaceReclaimPolicy: balanced
 - commit_granule_bytes: 65536.
 - commit_granule_words: 8192.
 - virtual_space_node_default_size: 1048576.
 - enlarge_chunks_in_place: 1.
 - new_chunks_are_fully_committed: 0.
 - uncommit_free_chunks: 1.
 - use_allocation_guard: 0.
 - handle_deallocations: 1.


Internal statistics:

num_allocs_failed_limit: 11.
num_arena_births: 344.
num_arena_deaths: 0.
num_vsnodes_births: 6.
num_vsnodes_deaths: 0.
num_space_committed: 607.
num_space_uncommitted: 0.
num_chunks_returned_to_freelist: 11.
num_chunks_taken_from_freelist: 1477.
num_chunk_merges: 11.
num_chunk_splits: 1027.
num_chunks_enlarged: 786.
num_purges: 0.
num_inconsistent_stats: 0.

CodeCache: size=49152Kb used=9223Kb max_used=9223Kb free=39928Kb
 bounds [0x000002267c2d0000, 0x000002267cbe0000, 0x000002267f2d0000]
 total_blobs=4326 nmethods=3794 adapters=456
 compilation: enabled
              stopped_count=0, restarted_count=0
 full_count=0

Compilation events (20 events):
Event: 5.367 Thread 0x0000022607331d30 3785       1       sun.security.rsa.RSAPublicKeyImpl::getAlgorithm (8 bytes)
Event: 5.367 Thread 0x0000022607331d30 nmethod 3785 0x000002267cbce810 code [0x000002267cbce9a0, 0x000002267cbcea78]
Event: 5.367 Thread 0x0000022607340290 3786       1       sun.security.util.SignatureFileVerifier::updateSigners (132 bytes)
Event: 5.368 Thread 0x0000022607340290 nmethod 3786 0x000002267cbceb10 code [0x000002267cbced40, 0x000002267cbcf2b8]
Event: 5.476 Thread 0x0000022607340290 3787       1       java.util.Hashtable$Entry::getKey (5 bytes)
Event: 5.476 Thread 0x0000022607134150 3788       1       java.util.Hashtable$Entry::getValue (5 bytes)
Event: 5.476 Thread 0x0000022607331d30 3789       1       java.util.Hashtable$Enumerator::hasMoreElements (53 bytes)
Event: 5.476 Thread 0x0000022607baf020 3790       1       java.util.Hashtable$Enumerator::nextElement (111 bytes)
Event: 5.476 Thread 0x0000022607340290 nmethod 3787 0x000002267cbcfc10 code [0x000002267cbcfda0, 0x000002267cbcfe78]
Event: 5.477 Thread 0x0000022607134150 nmethod 3788 0x000002267cbcff10 code [0x000002267cbd00a0, 0x000002267cbd0178]
Event: 5.477 Thread 0x0000022607340290 3791       1       java.util.Hashtable$Enumerator::hasNext (5 bytes)
Event: 5.477 Thread 0x0000022607134150 3792       1       java.util.Hashtable$Enumerator::next (27 bytes)
Event: 5.477 Thread 0x0000022607340290 nmethod 3791 0x000002267cbd0210 code [0x000002267cbd03a0, 0x000002267cbd0488]
Event: 5.477 Thread 0x0000022607331d30 nmethod 3789 0x000002267cbd0510 code [0x000002267cbd06a0, 0x000002267cbd0818]
Event: 5.477 Thread 0x0000022607134150 nmethod 3792 0x000002267cbd0910 code [0x000002267cbd0ac0, 0x000002267cbd0c58]
Event: 5.477 Thread 0x0000022607baf020 nmethod 3790 0x000002267cbd0d90 code [0x000002267cbd0f40, 0x000002267cbd1268]
Event: 5.482 Thread 0x0000022607baf020 3793       1       java.lang.invoke.DelegatingMethodHandle::<init> (10 bytes)
Event: 5.482 Thread 0x0000022607134150 3794       1       java.lang.invoke.DelegatingMethodHandle::chooseDelegatingForm (24 bytes)
Event: 5.482 Thread 0x0000022607134150 nmethod 3794 0x000002267cbd1690 code [0x000002267cbd1840, 0x000002267cbd19a8]
Event: 5.482 Thread 0x0000022607baf020 nmethod 3793 0x000002267cbd1a90 code [0x000002267cbd1c40, 0x000002267cbd1dd8]

GC Heap History (20 events):
Event: 4.733 GC heap after
{Heap after GC invocations=14 (full 0):
 garbage-first heap   total 117760K, used 41951K [0x0000000085800000, 0x0000000100000000)
  region size 1024K, 4 young (4096K), 4 survivors (4096K)
 Metaspace       used 34724K, committed 35072K, reserved 1081344K
  class space    used 4437K, committed 4608K, reserved 1048576K
}
Event: 4.937 GC heap before
{Heap before GC invocations=14 (full 0):
 garbage-first heap   total 117760K, used 62431K [0x0000000085800000, 0x0000000100000000)
  region size 1024K, 26 young (26624K), 4 survivors (4096K)
 Metaspace       used 35912K, committed 36160K, reserved 1081344K
  class space    used 4668K, committed 4800K, reserved 1048576K
}
Event: 4.944 GC heap after
{Heap after GC invocations=15 (full 0):
 garbage-first heap   total 117760K, used 46814K [0x0000000085800000, 0x0000000100000000)
  region size 1024K, 4 young (4096K), 4 survivors (4096K)
 Metaspace       used 35912K, committed 36160K, reserved 1081344K
  class space    used 4668K, committed 4800K, reserved 1048576K
}
Event: 5.169 GC heap before
{Heap before GC invocations=16 (full 0):
 garbage-first heap   total 117760K, used 85726K [0x0000000085800000, 0x0000000100000000)
  region size 1024K, 41 young (41984K), 4 survivors (4096K)
 Metaspace       used 37291K, committed 37696K, reserved 1089536K
  class space    used 4820K, committed 4992K, reserved 1048576K
}
Event: 5.201 GC heap after
{Heap after GC invocations=17 (full 0):
 garbage-first heap   total 117760K, used 63130K [0x0000000085800000, 0x0000000100000000)
  region size 1024K, 6 young (6144K), 6 survivors (6144K)
 Metaspace       used 37291K, committed 37696K, reserved 1089536K
  class space    used 4820K, committed 4992K, reserved 1048576K
}
Event: 5.217 GC heap before
{Heap before GC invocations=17 (full 0):
 garbage-first heap   total 117760K, used 84634K [0x0000000085800000, 0x0000000100000000)
  region size 1024K, 28 young (28672K), 6 survivors (6144K)
 Metaspace       used 37319K, committed 37696K, reserved 1089536K
  class space    used 4821K, committed 4992K, reserved 1048576K
}
Event: 5.221 GC heap after
{Heap after GC invocations=18 (full 0):
 garbage-first heap   total 117760K, used 65799K [0x0000000085800000, 0x0000000100000000)
  region size 1024K, 2 young (2048K), 2 survivors (2048K)
 Metaspace       used 37319K, committed 37696K, reserved 1089536K
  class space    used 4821K, committed 4992K, reserved 1048576K
}
Event: 5.236 GC heap before
{Heap before GC invocations=18 (full 0):
 garbage-first heap   total 117760K, used 87303K [0x0000000085800000, 0x0000000100000000)
  region size 1024K, 24 young (24576K), 2 survivors (2048K)
 Metaspace       used 37332K, committed 37696K, reserved 1089536K
  class space    used 4823K, committed 4992K, reserved 1048576K
}
Event: 5.238 GC heap after
{Heap after GC invocations=19 (full 0):
 garbage-first heap   total 117760K, used 66110K [0x0000000085800000, 0x0000000100000000)
  region size 1024K, 3 young (3072K), 3 survivors (3072K)
 Metaspace       used 37332K, committed 37696K, reserved 1089536K
  class space    used 4823K, committed 4992K, reserved 1048576K
}
Event: 5.250 GC heap before
{Heap before GC invocations=19 (full 0):
 garbage-first heap   total 117760K, used 88638K [0x0000000085800000, 0x0000000100000000)
  region size 1024K, 26 young (26624K), 3 survivors (3072K)
 Metaspace       used 37332K, committed 37696K, reserved 1089536K
  class space    used 4823K, committed 4992K, reserved 1048576K
}
Event: 5.252 GC heap after
{Heap after GC invocations=20 (full 0):
 garbage-first heap   total 245760K, used 67130K [0x0000000085800000, 0x0000000100000000)
  region size 1024K, 4 young (4096K), 4 survivors (4096K)
 Metaspace       used 37332K, committed 37696K, reserved 1089536K
  class space    used 4823K, committed 4992K, reserved 1048576K
}
Event: 5.316 GC heap before
{Heap before GC invocations=21 (full 0):
 garbage-first heap   total 245760K, used 181818K [0x0000000085800000, 0x0000000100000000)
  region size 1024K, 118 young (120832K), 4 survivors (4096K)
 Metaspace       used 37530K, committed 37888K, reserved 1089536K
  class space    used 4851K, committed 4992K, reserved 1048576K
}
Event: 5.321 GC heap after
{Heap after GC invocations=22 (full 0):
 garbage-first heap   total 245760K, used 70501K [0x0000000085800000, 0x0000000100000000)
  region size 1024K, 8 young (8192K), 8 survivors (8192K)
 Metaspace       used 37530K, committed 37888K, reserved 1089536K
  class space    used 4851K, committed 4992K, reserved 1048576K
}
Event: 5.323 GC heap before
{Heap before GC invocations=22 (full 0):
 garbage-first heap   total 245760K, used 73573K [0x0000000085800000, 0x0000000100000000)
  region size 1024K, 12 young (12288K), 8 survivors (8192K)
 Metaspace       used 37531K, committed 37888K, reserved 1089536K
  class space    used 4851K, committed 4992K, reserved 1048576K
}
Event: 5.328 GC heap after
{Heap after GC invocations=23 (full 0):
 garbage-first heap   total 245760K, used 70889K [0x0000000085800000, 0x0000000100000000)
  region size 1024K, 1 young (1024K), 1 survivors (1024K)
 Metaspace       used 37531K, committed 37888K, reserved 1089536K
  class space    used 4851K, committed 4992K, reserved 1048576K
}
Event: 5.381 GC heap before
{Heap before GC invocations=23 (full 0):
 garbage-first heap   total 245760K, used 189673K [0x0000000085800000, 0x0000000100000000)
  region size 1024K, 118 young (120832K), 1 survivors (1024K)
 Metaspace       used 37741K, committed 38080K, reserved 1089536K
  class space    used 4868K, committed 4992K, reserved 1048576K
}
Event: 5.384 GC heap after
{Heap after GC invocations=24 (full 0):
 garbage-first heap   total 245760K, used 74601K [0x0000000085800000, 0x0000000100000000)
  region size 1024K, 5 young (5120K), 5 survivors (5120K)
 Metaspace       used 37741K, committed 38080K, reserved 1089536K
  class space    used 4868K, committed 4992K, reserved 1048576K
}
Event: 5.436 GC heap before
{Heap before GC invocations=24 (full 0):
 garbage-first heap   total 245760K, used 194409K [0x0000000085800000, 0x0000000100000000)
  region size 1024K, 123 young (125952K), 5 survivors (5120K)
 Metaspace       used 38171K, committed 38528K, reserved 1089536K
  class space    used 4887K, committed 5056K, reserved 1048576K
}
Event: 5.442 GC heap after
{Heap after GC invocations=25 (full 0):
 garbage-first heap   total 245760K, used 79922K [0x0000000085800000, 0x0000000100000000)
  region size 1024K, 10 young (10240K), 10 survivors (10240K)
 Metaspace       used 38171K, committed 38528K, reserved 1089536K
  class space    used 4887K, committed 5056K, reserved 1048576K
}
Event: 5.502 GC heap before
{Heap before GC invocations=25 (full 0):
 garbage-first heap   total 245760K, used 197682K [0x0000000085800000, 0x0000000100000000)
  region size 1024K, 126 young (129024K), 10 survivors (10240K)
 Metaspace       used 38517K, committed 38848K, reserved 1089536K
  class space    used 4904K, committed 5056K, reserved 1048576K
}

Deoptimization events (14 events):
Event: 2.317 Thread 0x0000022679636320 DEOPT PACKING pc=0x000002267c82c119 sp=0x0000008ee11fd250
Event: 2.317 Thread 0x0000022679636320 DEOPT UNPACKING pc=0x000002267c326763 sp=0x0000008ee11fc730 mode 3
Event: 4.014 Thread 0x0000022679636320 DEOPT PACKING pc=0x000002267c99ee19 sp=0x0000008ee11fc630
Event: 4.014 Thread 0x0000022679636320 DEOPT UNPACKING pc=0x000002267c326763 sp=0x0000008ee11fbb10 mode 3
Event: 4.094 Thread 0x0000022608f71f10 DEOPT PACKING pc=0x000002267c9ef4ab sp=0x0000008ee2ffe8d0
Event: 4.095 Thread 0x0000022608f71f10 DEOPT UNPACKING pc=0x000002267c326763 sp=0x0000008ee2ffde18 mode 3
Event: 4.394 Thread 0x0000022609111cb0 DEOPT PACKING pc=0x000002267c82ab01 sp=0x0000008ee3afee00
Event: 4.394 Thread 0x0000022609111cb0 DEOPT UNPACKING pc=0x000002267c326763 sp=0x0000008ee3afe290 mode 3
Event: 4.640 Thread 0x00000226090c0140 DEOPT PACKING pc=0x000002267cac168c sp=0x0000008ee32fea90
Event: 4.640 Thread 0x00000226090c0140 DEOPT UNPACKING pc=0x000002267c326763 sp=0x0000008ee32fe060 mode 0
Event: 4.803 Thread 0x000002260916d250 DEOPT PACKING pc=0x000002267cb52f35 sp=0x0000008ee43fdef0
Event: 4.803 Thread 0x000002260916d250 DEOPT UNPACKING pc=0x000002267c326763 sp=0x0000008ee43fd418 mode 3
Event: 4.830 Thread 0x000002260916b0a0 DEOPT PACKING pc=0x000002267c828497 sp=0x0000008ee44fef70
Event: 4.830 Thread 0x000002260916b0a0 DEOPT UNPACKING pc=0x000002267c326763 sp=0x0000008ee44fe3c8 mode 3

Classes unloaded (0 events):
No events

Classes redefined (0 events):
No events

Internal exceptions (20 events):
Event: 4.146 Thread 0x00000226090b35d0 Exception <a 'sun/nio/fs/WindowsException'{0x00000000877e4158}> (0x00000000877e4158) 
thrown [s\src\hotspot\share\prims\jni.cpp, line 516]
Event: 4.147 Thread 0x00000226090b35d0 Exception <a 'sun/nio/fs/WindowsException'{0x00000000877e4518}> (0x00000000877e4518) 
thrown [s\src\hotspot\share\prims\jni.cpp, line 516]
Event: 4.147 Thread 0x00000226090b35d0 Exception <a 'sun/nio/fs/WindowsException'{0x00000000877e4f18}> (0x00000000877e4f18) 
thrown [s\src\hotspot\share\prims\jni.cpp, line 516]
Event: 4.147 Thread 0x00000226090b35d0 Exception <a 'sun/nio/fs/WindowsException'{0x00000000877e52c8}> (0x00000000877e52c8) 
thrown [s\src\hotspot\share\prims\jni.cpp, line 516]
Event: 4.147 Thread 0x00000226090b35d0 Exception <a 'sun/nio/fs/WindowsException'{0x00000000877e5cc8}> (0x00000000877e5cc8) 
thrown [s\src\hotspot\share\prims\jni.cpp, line 516]
Event: 4.148 Thread 0x00000226090b35d0 Exception <a 'sun/nio/fs/WindowsException'{0x00000000877e6088}> (0x00000000877e6088) 
thrown [s\src\hotspot\share\prims\jni.cpp, line 516]
Event: 4.149 Thread 0x00000226090b35d0 Exception <a 'sun/nio/fs/WindowsException'{0x00000000877e6ab0}> (0x00000000877e6ab0) 
thrown [s\src\hotspot\share\prims\jni.cpp, line 516]
Event: 4.149 Thread 0x00000226090b35d0 Exception <a 'sun/nio/fs/WindowsException'{0x00000000877e6e90}> (0x00000000877e6e90) 
thrown [s\src\hotspot\share\prims\jni.cpp, line 516]
Event: 4.150 Thread 0x00000226090b35d0 Exception <a 'sun/nio/fs/WindowsException'{0x00000000877e78c8}> (0x00000000877e78c8) 
thrown [s\src\hotspot\share\prims\jni.cpp, line 516]
Event: 4.150 Thread 0x00000226090b35d0 Exception <a 'sun/nio/fs/WindowsException'{0x00000000877e7cb8}> (0x00000000877e7cb8) 
thrown [s\src\hotspot\share\prims\jni.cpp, line 516]
Event: 4.151 Thread 0x00000226090b35d0 Exception <a 'sun/nio/fs/WindowsException'{0x00000000877e86e0}> (0x00000000877e86e0) 
thrown [s\src\hotspot\share\prims\jni.cpp, line 516]
Event: 4.151 Thread 0x00000226090b35d0 Exception <a 'sun/nio/fs/WindowsException'{0x00000000877e8ad0}> (0x00000000877e8ad0) 
thrown [s\src\hotspot\share\prims\jni.cpp, line 516]
Event: 4.203 Thread 0x0000022679636320 Exception <a 'java/lang/NoSuchMethodError'{0x000000008bbbe638}: 'java.lang.Object java.lang.invoke.DirectMethodHandle$Holder.newInvokeSpecial(java.lang.Object, java.lang.Object, int, java.lang.Object, java.lang.Object)'> (0x000000008bbbe638) 
thrown [s\src\hotspot\share\interpreter\linkResolver.cpp, line 759]
Event: 4.205 Thread 0x0000022679636320 Exception <a 'java/lang/NoSuchMethodError'{0x0000000087d425e8}: 'java.lang.Object java.lang.invoke.DirectMethodHandle$Holder.invokeSpecial(java.lang.Object, java.lang.Object, int, java.lang.Object, int, java.lang.Object)'> (0x0000000087d425e8) 
thrown [s\src\hotspot\share\interpreter\linkResolver.cpp, line 759]
Event: 4.206 Thread 0x0000022679636320 Exception <a 'java/lang/NoSuchMethodError'{0x0000000087d4a3e8}: 'java.lang.Object java.lang.invoke.DirectMethodHandle$Holder.newInvokeSpecial(java.lang.Object, java.lang.Object, int, java.lang.Object, int)'> (0x0000000087d4a3e8) 
thrown [s\src\hotspot\share\interpreter\linkResolver.cpp, line 759]
Event: 4.206 Thread 0x0000022679636320 Exception <a 'java/lang/NoSuchMethodError'{0x0000000087d4e4e8}: 'java.lang.Object java.lang.invoke.DirectMethodHandle$Holder.invokeSpecial(java.lang.Object, java.lang.Object, java.lang.Object, int, java.lang.Object, int)'> (0x0000000087d4e4e8) 
thrown [s\src\hotspot\share\interpreter\linkResolver.cpp, line 759]
Event: 4.781 Thread 0x0000022609171a80 Exception <a 'java/lang/NoSuchMethodError'{0x000000008c1f4970}: 'java.lang.Object java.lang.invoke.DirectMethodHandle$Holder.invokeStatic(java.lang.Object, java.lang.Object, java.lang.Object, int, java.lang.Object, java.lang.Object)'> (0x000000008c1f4970) 
thrown [s\src\hotspot\share\interpreter\linkResolver.cpp, line 759]
Event: 4.799 Thread 0x000002260916d250 Exception <a 'java/lang/NoSuchMethodError'{0x000000008befdd28}: 'java.lang.Object java.lang.invoke.DirectMethodHandle$Holder.invokeStatic(java.lang.Object, int, java.lang.Object)'> (0x000000008befdd28) 
thrown [s\src\hotspot\share\interpreter\linkResolver.cpp, line 759]
Event: 4.954 Thread 0x000002260916d250 Exception <a 'java/lang/NoSuchMethodError'{0x000000008d3656f8}: 'int java.lang.invoke.DirectMethodHandle$Holder.invokeStatic(java.lang.Object)'> (0x000000008d3656f8) 
thrown [s\src\hotspot\share\interpreter\linkResolver.cpp, line 759]
Event: 4.954 Thread 0x000002260916d250 Exception <a 'java/lang/NoSuchMethodError'{0x000000008d368da0}: 'int java.lang.invoke.DirectMethodHandle$Holder.invokeStaticInit(java.lang.Object)'> (0x000000008d368da0) 
thrown [s\src\hotspot\share\interpreter\linkResolver.cpp, line 759]

VM Operations (20 events):
Event: 5.278 Executing VM operation: HandshakeAllThreads done
Event: 5.304 Executing VM operation: G1Concurrent
Event: 5.305 Executing VM operation: G1Concurrent done
Event: 5.316 Executing VM operation: G1CollectForAllocation
Event: 5.316 Executing VM operation: G1CollectForAllocation done
Event: 5.316 Executing VM operation: G1CollectForAllocation
Event: 5.321 Executing VM operation: G1CollectForAllocation done
Event: 5.323 Executing VM operation: G1CollectForAllocation
Event: 5.323 Executing VM operation: G1CollectForAllocation done
Event: 5.323 Executing VM operation: G1CollectForAllocation
Event: 5.328 Executing VM operation: G1CollectForAllocation done
Event: 5.372 Executing VM operation: G1CollectForAllocation
Event: 5.381 Executing VM operation: G1CollectForAllocation done
Event: 5.381 Executing VM operation: G1CollectForAllocation
Event: 5.384 Executing VM operation: G1CollectForAllocation done
Event: 5.436 Executing VM operation: G1CollectForAllocation
Event: 5.436 Executing VM operation: G1CollectForAllocation done
Event: 5.436 Executing VM operation: G1CollectForAllocation
Event: 5.442 Executing VM operation: G1CollectForAllocation done
Event: 5.502 Executing VM operation: G1CollectForAllocation

Events (20 events):
Event: 4.994 loading class jdk/internal/vm/annotation/ForceInline
Event: 4.994 loading class jdk/internal/vm/annotation/ForceInline done
Event: 5.015 loading class java/util/ServiceConfigurationError
Event: 5.015 loading class java/util/ServiceConfigurationError done
Event: 5.018 loading class java/util/stream/Nodes$SpinedNodeBuilder
Event: 5.018 loading class java/util/stream/Nodes$SpinedNodeBuilder done
Event: 5.128 loading class java/util/zip/GZIPOutputStream
Event: 5.128 loading class java/util/zip/DeflaterOutputStream
Event: 5.128 loading class java/util/zip/DeflaterOutputStream done
Event: 5.129 loading class java/util/zip/GZIPOutputStream done
Event: 5.157 loading class java/util/zip/GZIPInputStream
Event: 5.157 loading class java/util/zip/GZIPInputStream done
Event: 5.299 loading class java/net/SocketTimeoutException
Event: 5.299 loading class java/io/InterruptedIOException
Event: 5.299 loading class java/io/InterruptedIOException done
Event: 5.299 loading class java/net/SocketTimeoutException done
Event: 5.299 loading class java/net/ProtocolException
Event: 5.299 loading class java/net/ProtocolException done
Event: 5.499 loading class java/io/FilenameFilter
Event: 5.499 loading class java/io/FilenameFilter done


Dynamic libraries:
0x00007ff6c92d0000 - 0x00007ff6c92de000 	c:\Users\lcdan\.vscode\extensions\redhat.java-1.10.0-win32-x64\jre\17.0.4-win32-x86_64\bin\java.exe
0x00007ffddb6d0000 - 0x00007ffddb8c8000 	C:\WINDOWS\SYSTEM32\ntdll.dll
0x00007ffdd97b0000 - 0x00007ffdd986d000 	C:\WINDOWS\System32\KERNEL32.DLL
0x00007ffdd8df0000 - 0x00007ffdd90be000 	C:\WINDOWS\System32\KERNELBASE.dll
0x00007ffdd92d0000 - 0x00007ffdd93d0000 	C:\WINDOWS\System32\ucrtbase.dll
0x00007ffdc0fe0000 - 0x00007ffdc0ff9000 	c:\Users\lcdan\.vscode\extensions\redhat.java-1.10.0-win32-x64\jre\17.0.4-win32-x86_64\bin\VCRUNTIME140.dll
0x00007ffdc0fc0000 - 0x00007ffdc0fd8000 	c:\Users\lcdan\.vscode\extensions\redhat.java-1.10.0-win32-x64\jre\17.0.4-win32-x86_64\bin\jli.dll
0x00007ffdda170000 - 0x00007ffdda310000 	C:\WINDOWS\System32\USER32.dll
0x00007ffdd95a0000 - 0x00007ffdd95c2000 	C:\WINDOWS\System32\win32u.dll
0x00007ffdb44a0000 - 0x00007ffdb473a000 	C:\WINDOWS\WinSxS\amd64_microsoft.windows.common-controls_6595b64144ccf1df_6.0.19041.1110_none_60b5254171f9507e\COMCTL32.dll
0x00007ffddb3e0000 - 0x00007ffddb40a000 	C:\WINDOWS\System32\GDI32.dll
0x00007ffddb5f0000 - 0x00007ffddb68e000 	C:\WINDOWS\System32\msvcrt.dll
0x00007ffdd95d0000 - 0x00007ffdd96db000 	C:\WINDOWS\System32\gdi32full.dll
0x00007ffdd9200000 - 0x00007ffdd929d000 	C:\WINDOWS\System32\msvcp_win.dll
0x00007ffdd98d0000 - 0x00007ffdd9900000 	C:\WINDOWS\System32\IMM32.DLL
0x00007ffdd18e0000 - 0x00007ffdd18ec000 	c:\Users\lcdan\.vscode\extensions\redhat.java-1.10.0-win32-x64\jre\17.0.4-win32-x86_64\bin\vcruntime140_1.dll
0x00007ffd9c0b0000 - 0x00007ffd9c141000 	c:\Users\lcdan\.vscode\extensions\redhat.java-1.10.0-win32-x64\jre\17.0.4-win32-x86_64\bin\msvcp140.dll
0x00007ffd44810000 - 0x00007ffd45456000 	c:\Users\lcdan\.vscode\extensions\redhat.java-1.10.0-win32-x64\jre\17.0.4-win32-x86_64\bin\server\jvm.dll
0x00007ffdd9900000 - 0x00007ffdd99ae000 	C:\WINDOWS\System32\ADVAPI32.dll
0x00007ffddb140000 - 0x00007ffddb1dc000 	C:\WINDOWS\System32\sechost.dll
0x00007ffdda680000 - 0x00007ffdda7a5000 	C:\WINDOWS\System32\RPCRT4.dll
0x00007ffddb370000 - 0x00007ffddb378000 	C:\WINDOWS\System32\PSAPI.DLL
0x00007ffdb7a80000 - 0x00007ffdb7a89000 	C:\WINDOWS\SYSTEM32\WSOCK32.dll
0x00007ffddb0d0000 - 0x00007ffddb13b000 	C:\WINDOWS\System32\WS2_32.dll
0x00007ffdce730000 - 0x00007ffdce73a000 	C:\WINDOWS\SYSTEM32\VERSION.dll
0x00007ffdb5ea0000 - 0x00007ffdb5ec7000 	C:\WINDOWS\SYSTEM32\WINMM.dll
0x00007ffdd7670000 - 0x00007ffdd7682000 	C:\WINDOWS\SYSTEM32\kernel.appcore.dll
0x00007ffdd00c0000 - 0x00007ffdd00ca000 	c:\Users\lcdan\.vscode\extensions\redhat.java-1.10.0-win32-x64\jre\17.0.4-win32-x86_64\bin\jimage.dll
0x00007ffdd6be0000 - 0x00007ffdd6dc4000 	C:\WINDOWS\SYSTEM32\DBGHELP.DLL
0x00007ffdbc180000 - 0x00007ffdbc1ac000 	C:\WINDOWS\SYSTEM32\dbgcore.DLL
0x00007ffdd90c0000 - 0x00007ffdd9142000 	C:\WINDOWS\System32\bcryptPrimitives.dll
0x00007ffdb7dd0000 - 0x00007ffdb7df5000 	c:\Users\lcdan\.vscode\extensions\redhat.java-1.10.0-win32-x64\jre\17.0.4-win32-x86_64\bin\java.dll
0x00007ffdc0fa0000 - 0x00007ffdc0fb8000 	c:\Users\lcdan\.vscode\extensions\redhat.java-1.10.0-win32-x64\jre\17.0.4-win32-x86_64\bin\zip.dll
0x00007ffdd9a20000 - 0x00007ffdda163000 	C:\WINDOWS\System32\SHELL32.dll
0x00007ffdd6eb0000 - 0x00007ffdd7645000 	C:\WINDOWS\SYSTEM32\windows.storage.dll
0x00007ffdda320000 - 0x00007ffdda674000 	C:\WINDOWS\System32\combase.dll
0x00007ffdd8850000 - 0x00007ffdd8880000 	C:\WINDOWS\SYSTEM32\Wldp.dll
0x00007ffddb1e0000 - 0x00007ffddb28d000 	C:\WINDOWS\System32\SHCORE.dll
0x00007ffddb380000 - 0x00007ffddb3d5000 	C:\WINDOWS\System32\shlwapi.dll
0x00007ffdd8d30000 - 0x00007ffdd8d4f000 	C:\WINDOWS\SYSTEM32\profapi.dll
0x00007ffdb8070000 - 0x00007ffdb8089000 	C:\Users\lcdan\.vscode\extensions\redhat.java-1.10.0-win32-x64\jre\17.0.4-win32-x86_64\bin\net.dll
0x00007ffdd0d30000 - 0x00007ffdd0e3a000 	C:\WINDOWS\SYSTEM32\WINHTTP.dll
0x00007ffdd85b0000 - 0x00007ffdd861a000 	C:\WINDOWS\system32\mswsock.dll
0x00007ffdb6ab0000 - 0x00007ffdb6ac5000 	C:\Users\lcdan\.vscode\extensions\redhat.java-1.10.0-win32-x64\jre\17.0.4-win32-x86_64\bin\nio.dll
0x00007ffdcff00000 - 0x00007ffdcff10000 	c:\Users\lcdan\.vscode\extensions\redhat.java-1.10.0-win32-x64\jre\17.0.4-win32-x86_64\bin\verify.dll
0x00007ffdc0f40000 - 0x00007ffdc0f49000 	C:\Users\lcdan\.vscode\extensions\redhat.java-1.10.0-win32-x64\jre\17.0.4-win32-x86_64\bin\management.dll
0x00007ffda0bb0000 - 0x00007ffda0bbb000 	C:\Users\lcdan\.vscode\extensions\redhat.java-1.10.0-win32-x64\jre\17.0.4-win32-x86_64\bin\management_ext.dll
0x00007ffdb1ee0000 - 0x00007ffdb1ef7000 	C:\WINDOWS\system32\napinsp.dll
0x00007ffdb1ec0000 - 0x00007ffdb1edb000 	C:\WINDOWS\system32\pnrpnsp.dll
0x00007ffdd1020000 - 0x00007ffdd1035000 	C:\WINDOWS\system32\wshbth.dll
0x00007ffdd14c0000 - 0x00007ffdd14dd000 	C:\WINDOWS\system32\NLAapi.dll
0x00007ffdd8250000 - 0x00007ffdd828b000 	C:\WINDOWS\SYSTEM32\IPHLPAPI.DLL
0x00007ffdd8290000 - 0x00007ffdd835a000 	C:\WINDOWS\SYSTEM32\DNSAPI.dll
0x00007ffdd99b0000 - 0x00007ffdd99b8000 	C:\WINDOWS\System32\NSI.dll
0x00007ffdb1e30000 - 0x00007ffdb1e42000 	C:\WINDOWS\System32\winrnr.dll
0x00007ffdcd0b0000 - 0x00007ffdcd0ba000 	C:\Windows\System32\rasadhlp.dll
0x00007ffdcb080000 - 0x00007ffdcb100000 	C:\WINDOWS\System32\fwpuclnt.dll
0x00007ffdd92a0000 - 0x00007ffdd92c7000 	C:\WINDOWS\System32\bcrypt.dll
0x00007ffdd87a0000 - 0x00007ffdd87b8000 	C:\WINDOWS\SYSTEM32\CRYPTSP.dll
0x00007ffdd7ec0000 - 0x00007ffdd7ef4000 	C:\WINDOWS\system32\rsaenh.dll
0x00007ffdd8cb0000 - 0x00007ffdd8cde000 	C:\WINDOWS\SYSTEM32\USERENV.dll
0x00007ffdd87c0000 - 0x00007ffdd87cc000 	C:\WINDOWS\SYSTEM32\CRYPTBASE.dll
0x00007ffdcd0e0000 - 0x00007ffdcd0f7000 	C:\WINDOWS\SYSTEM32\dhcpcsvc6.DLL
0x00007ffdcd1f0000 - 0x00007ffdcd20d000 	C:\WINDOWS\SYSTEM32\dhcpcsvc.DLL

dbghelp: loaded successfully - version: 4.0.5 - missing functions: none
symbol engine: initialized successfully - sym options: 0x614 - pdb path: .;c:\Users\lcdan\.vscode\extensions\redhat.java-1.10.0-win32-x64\jre\17.0.4-win32-x86_64\bin;C:\WINDOWS\SYSTEM32;C:\WINDOWS\WinSxS\amd64_microsoft.windows.common-controls_6595b64144ccf1df_6.0.19041.1110_none_60b5254171f9507e;c:\Users\lcdan\.vscode\extensions\redhat.java-1.10.0-win32-x64\jre\17.0.4-win32-x86_64\bin\server

VM Arguments:
jvm_args: -Dsts.lsp.client=vscode -Dsts.log.file=/dev/null -XX:TieredStopAtLevel=1 -Xlog:jni+resolve=off -Dspring.config.location=file:c:\Users\lcdan\.vscode\extensions\pivotal.vscode-spring-boot-1.39.0\language-server\BOOT-INF\classes\application.properties 
java_command: org.springframework.ide.vscode.boot.app.BootLanguageServerBootApp
java_class_path (initial): c:\Users\lcdan\.vscode\extensions\pivotal.vscode-spring-boot-1.39.0\language-server\BOOT-INF\classes;c:\Users\lcdan\.vscode\extensions\pivotal.vscode-spring-boot-1.39.0\language-server\BOOT-INF\lib\annotations-23.0.0.jar;c:\Users\lcdan\.vscode\extensions\pivotal.vscode-spring-boot-1.39.0\language-server\BOOT-INF\lib\antlr-runtime-3.5.2.jar;c:\Users\lcdan\.vscode\extensions\pivotal.vscode-spring-boot-1.39.0\language-server\BOOT-INF\lib\antlr4-4.9.3.jar;c:\Users\lcdan\.vscode\extensions\pivotal.vscode-spring-boot-1.39.0\language-server\BOOT-INF\lib\antlr4-runtime-4.9.3.jar;c:\Users\lcdan\.vscode\extensions\pivotal.vscode-spring-boot-1.39.0\language-server\BOOT-INF\lib\asm-9.3.jar;c:\Users\lcdan\.vscode\extensions\pivotal.vscode-spring-boot-1.39.0\language-server\BOOT-INF\lib\asm-analysis-9.3.jar;c:\Users\lcdan\.vscode\extensions\pivotal.vscode-spring-boot-1.39.0\language-server\BOOT-INF\lib\asm-tree-9.3.jar;c:\Users\lcdan\.vscode\extensions\pivotal.vscode-spring-boot-1.39.0\language-server\BOOT-INF\lib\asm-util-9.3.jar;c:\Users\lcdan\.vscode\extensions\pivotal.vscode-spring-boot-1.39.0\language-server\BOOT-INF\lib\byte-buddy-1.12.13.jar;c:\Users\lcdan\.vscode\extensions\pivotal.vscode-spring-boot-1.39.0\language-server\BOOT-INF\lib\caffeine-2.9.3.jar;c:\Users\lcdan\.vscode\extensions\pivotal.vscode-spring-boot-1.39.0\language-server\BOOT-INF\lib\checker-qual-3.12.0.jar;c:\Users\lcdan\.vscode\extensions\pivotal.vscode-spring-boot-1.39.0\language-server\BOOT-INF\lib\classgraph-4.8.149.jar;c:\Users\lcdan\.vscode\extensions\pivotal.vscode-spring-boot-1.39.0\language-server\BOOT-INF\lib\commons-codec-1.15.jar;c:\Users\lcdan\.vscode\extensions\pivotal.vscode-spring-boot-1.39.0\language-server\BOOT-INF\lib\commons-compress-1.21.jar;c:\Users\lcdan\.vscode\extensions\pivotal.vscode-spring-boot-1.39.0\language-server\BOOT-INF\lib\commons-exec-1.3.jar;c:\Users\lcdan\.vscode\extensions\pivotal.vscode-spring-boot-1.39.0\language-server\BOOT-INF\lib\com
Launcher Type: SUN_STANDARD

[Global flags]
     intx CICompilerCount                          = 4                                         {product} {ergonomic}
     uint ConcGCThreads                            = 2                                         {product} {ergonomic}
     uint G1ConcRefinementThreads                  = 8                                         {product} {ergonomic}
   size_t G1HeapRegionSize                         = 1048576                                   {product} {ergonomic}
    uintx GCDrainStackTargetSize                   = 64                                        {product} {ergonomic}
   size_t InitialHeapSize                          = 130023424                                 {product} {ergonomic}
   size_t MarkStackSize                            = 4194304                                   {product} {ergonomic}
   size_t MaxHeapSize                              = 2055208960                                {product} {ergonomic}
   size_t MaxNewSize                               = 1233125376                                {product} {ergonomic}
   size_t MinHeapDeltaBytes                        = 1048576                                   {product} {ergonomic}
   size_t MinHeapSize                              = 8388608                                   {product} {ergonomic}
    uintx NonProfiledCodeHeapSize                  = 0                                      {pd product} {ergonomic}
     bool ProfileInterpreter                       = false                                  {pd product} {command line}
    uintx ProfiledCodeHeapSize                     = 0                                      {pd product} {ergonomic}
   size_t SoftMaxHeapSize                          = 2055208960                             {manageable} {ergonomic}
     intx TieredStopAtLevel                        = 1                                         {product} {command line}
     bool UseCompressedClassPointers               = true                           {product lp64_product} {ergonomic}
     bool UseCompressedOops                        = true                           {product lp64_product} {ergonomic}
     bool UseG1GC                                  = true                                      {product} {ergonomic}
     bool UseLargePagesIndividualAllocation        = false                                  {pd product} {ergonomic}

Logging:
Log output configuration:
 #0: stdout all=warning,jni+resolve=off uptime,level,tags
 #1: stderr all=off uptime,level,tags

Environment Variables:
JAVA_HOME=C:\Program Files\Java\jdk-11.0.13
PATH=C:\Program Files\Common Files\Oracle\Java\javapath;C:\Program Files (x86)\Common Files\Oracle\Java\javapath;C:\WINDOWS\system32;C:\WINDOWS;C:\WINDOWS\System32\Wbem;C:\WINDOWS\System32\WindowsPowerShell\v1.0\;C:\WINDOWS\System32\OpenSSH\;C:\Program Files\nodejs\;C:\Program Files\Git\cmd;C:\Program Files\Git\mingw64\bin;C:\Program Files\Git\usr\bin;C:\Python\Python310\Scripts\;C:\Python\Python310\;C:\Users\lcdan\AppData\Local\Microsoft\WindowsApps;C:\Users\lcdan\AppData\Local\Programs\Microsoft VS Code\bin;C:\Users\lcdan\AppData\Roaming\npm;C:\Program Files\Java\jdk-11.0.13\bin;C:\Program Files\heroku\bin;C:\Users\lcdan\AppData\Local\GitHubDesktop\bin
USERNAME=Daniel
OS=Windows_NT
PROCESSOR_IDENTIFIER=Intel64 Family 6 Model 140 Stepping 1, GenuineIntel
TMP=C:\Users\lcdan\AppData\Local\Temp
TEMP=C:\Users\lcdan\AppData\Local\Temp



---------------  S Y S T E M  ---------------

OS:
 Windows 10 , 64 bit Build 19041 (10.0.19041.1889)
OS uptime: 3 days 12:50 hours

CPU: total 8 (initial active 8) (4 cores per cpu, 2 threads per core) family 6 model 140 stepping 1 microcode 0x8a, cx8, cmov, fxsr, ht, mmx, 3dnowpref, sse, sse2, sse3, ssse3, sse4.1, sse4.2, popcnt, lzcnt, tsc, tscinvbit, avx, avx2, aes, erms, clmul, bmi1, bmi2, adx, avx512f, avx512dq, avx512cd, avx512bw, avx512vl, sha, fma, vzeroupper, avx512_vpopcntdq, avx512_vpclmulqdq, avx512_vaes, avx512_vnni, clflush, clflushopt, clwb, avx512_vbmi2, avx512_vbmi

Memory: 4k page, system-wide physical 7834M (235M free)
TotalPageFile size 31386M (AvailPageFile size 155M)
current process WorkingSet (physical memory assigned to process): 353M, peak: 353M
current process commit charge ("private bytes"): 385M, peak: 831M

vm_info: OpenJDK 64-Bit Server VM (17.0.4+8) for windows-amd64 JRE (17.0.4+8), built on Jul 19 2022 16:05:16 by "temurin" with MS VC++ 16.7 (VS2019)

END.
